
 Node: 1
	Coordinates  : 0 0 10500 
	Disps: 3.84635e-14 3.40337 0.0361709 -0.000152411 4.18411e-19 -1.07558e-16 
	 unbalanced Load: 0 0 0 0 0 0 
	ID : 0 1 2 3 4 5 


 Node: 2
	Coordinates  : 0 0 13500 
	Disps: 1.77712e-13 3.83434 0.0377681 -6.44031e-05 3.66311e-17 3.49249e-17 
	 unbalanced Load: 0 0 0 0 0 0 
	ID : 6 7 8 9 10 11 


 Node: 3
	Coordinates  : 0 5000 10500 
	Disps: -1.98782e-13 3.40337 -0.0361709 -0.000152411 4.74801e-17 -1.46204e-17 
	 unbalanced Load: 0 0 0 0 0 0 
	ID : 12 13 14 15 16 17 


 Node: 4
	Coordinates  : 0 5000 13500 
	Disps: -1.02335e-13 3.83434 -0.0377681 -6.44031e-05 1.97579e-17 8.93154e-17 
	 unbalanced Load: 0 0 0 0 0 0 
	ID : 18 19 20 21 22 23 


 Node: 5
	Coordinates  : 6000 0 10500 
	Disps: 2.82534e-13 3.40337 0.0361709 -0.000152411 -1.11168e-17 1.21282e-17 
	 unbalanced Load: 0 0 0 0 0 0 
	ID : 24 25 26 27 28 29 


 Node: 6
	Coordinates  : 6000 0 13500 
	Disps: 1.35985e-13 3.83434 0.0377681 -6.44031e-05 -3.45159e-17 1.60143e-16 
	 unbalanced Load: 0 0 0 0 0 0 
	ID : 30 31 32 33 34 35 


 Node: 7
	Coordinates  : 6000 5000 10500 
	Disps: -1.30924e-13 3.40337 -0.0361709 -0.000152411 -3.93334e-17 -4.11911e-17 
	 unbalanced Load: 0 0 0 0 0 0 
	ID : 36 37 38 39 40 41 


 Node: 8
	Coordinates  : 6000 5000 13500 
	Disps: -3.78578e-13 3.83434 -0.0377681 -6.44031e-05 -2.73701e-17 6.03604e-17 
	 unbalanced Load: 0 0 0 0 0 0 
	ID : 42 43 44 45 46 47 


 Node: 9
	Coordinates  : 12000 0 10500 
	Disps: -5.48544e-14 3.40337 0.0361709 -0.000152411 1.55947e-17 1.00377e-16 
	 unbalanced Load: 0 0 0 0 0 0 
	ID : 48 49 50 51 52 53 


 Node: 10
	Coordinates  : 12000 0 13500 
	Disps: 2.84241e-13 3.83434 0.0377681 -6.44031e-05 7.32797e-17 -4.93507e-17 
	 unbalanced Load: 0 0 0 0 0 0 
	ID : 54 55 56 57 58 59 


 Node: 11
	Coordinates  : 12000 5000 10500 
	Disps: 1.16362e-13 3.40337 -0.0361709 -0.000152411 4.39581e-17 1.62225e-16 
	 unbalanced Load: 0 0 0 0 0 0 
	ID : 60 61 62 63 64 65 


 Node: 12
	Coordinates  : 12000 5000 13500 
	Disps: 1.31499e-13 3.83434 -0.0377681 -6.44031e-05 4.16879e-18 -7.51045e-17 
	 unbalanced Load: 0 0 0 0 0 0 
	ID : 66 67 68 69 70 71 


 Node: 13
	Coordinates  : 0 0 7500 
	Disps: 1.89197e-13 2.48092 0.0301044 -0.000260307 -2.60876e-17 2.28843e-16 
	 unbalanced Load: 0 0 0 0 0 0 
	ID : 72 73 74 75 76 77 


 Node: 14
	Coordinates  : 0 5000 7500 
	Disps: -3.77531e-13 2.48092 -0.0301044 -0.000260307 -2.33456e-17 4.46809e-16 
	 unbalanced Load: 0 0 0 0 0 0 
	ID : 78 79 80 81 82 83 


 Node: 15
	Coordinates  : 6000 0 7500 
	Disps: 2.60452e-13 2.48092 0.0301044 -0.000260307 1.77254e-17 8.945e-17 
	 unbalanced Load: 0 0 0 0 0 0 
	ID : 84 85 86 87 88 89 


 Node: 16
	Coordinates  : 6000 5000 7500 
	Disps: -9.05071e-14 2.48092 -0.0301044 -0.000260307 2.0831e-17 -1.49862e-16 
	 unbalanced Load: 0 0 0 0 0 0 
	ID : 90 91 92 93 94 95 


 Node: 17
	Coordinates  : 12000 0 7500 
	Disps: 1.71037e-13 2.48092 0.0301044 -0.000260307 -3.98217e-17 9.04012e-17 
	 unbalanced Load: 0 0 0 0 0 0 
	ID : 96 97 98 99 100 101 


 Node: 18
	Coordinates  : 12000 5000 7500 
	Disps: -1.64371e-13 2.48092 -0.0301044 -0.000260307 3.41558e-17 3.98692e-16 
	 unbalanced Load: 0 0 0 0 0 0 
	ID : 102 103 104 105 106 107 


 Node: 19
	Coordinates  : 0 0 4500 
	Disps: 1.68001e-13 1.14414 0.0159941 -0.00031136 3.78773e-17 -4.20507e-16 
	 unbalanced Load: 0 0 0 0 0 0 
	ID : 108 109 110 111 112 113 


 Node: 20
	Coordinates  : 0 5000 4500 
	Disps: -6.91193e-14 1.14414 -0.0159941 -0.00031136 -3.34106e-17 -3.92517e-15 
	 unbalanced Load: 0 0 0 0 0 0 
	ID : 114 115 116 117 118 119 


 Node: 21
	Coordinates  : 6000 0 4500 
	Disps: 2.03712e-13 1.14414 0.0159941 -0.00031136 2.75966e-17 1.18911e-16 
	 unbalanced Load: 0 0 0 0 0 0 
	ID : 120 121 122 123 124 125 


 Node: 22
	Coordinates  : 6000 5000 4500 
	Disps: -2.93618e-13 1.14414 -0.0159941 -0.00031136 -2.8968e-17 -1.61669e-15 
	 unbalanced Load: 0 0 0 0 0 0 
	ID : 126 127 128 129 130 131 


 Node: 23
	Coordinates  : 12000 0 4500 
	Disps: 1.68547e-13 1.14414 0.0159941 -0.00031136 4.18899e-17 2.38049e-17 
	 unbalanced Load: 0 0 0 0 0 0 
	ID : 132 133 134 135 136 137 


 Node: 24
	Coordinates  : 12000 5000 4500 
	Disps: -1.83648e-13 1.14414 -0.0159941 -0.00031136 -3.19732e-17 1.06624e-15 
	 unbalanced Load: 0 0 0 0 0 0 
	ID : 138 139 140 141 142 143 


 Node: 25
	Coordinates  : 0 0 0 
	Disps: -2.66509e-14 -9.64529e-15 1.67936e-14 7.63775e-18 -5.28835e-18 -2.82918e-16 
	 unbalanced Load: 0 0 0 0 0 0 
	ID : 144 145 146 147 148 149 


 Node: 26
	Coordinates  : 0 5000 0 
	Disps: -1.04817e-14 4.12081e-15 5.9487e-15 -4.17128e-17 1.42834e-17 5.04114e-16 
	 unbalanced Load: 0 0 0 0 0 0 
	ID : 150 151 152 153 154 155 


 Node: 27
	Coordinates  : 6000 0 0 
	Disps: -2.4172e-14 -2.03235e-14 4.99555e-15 -2.41242e-17 6.17419e-19 4.74375e-17 
	 unbalanced Load: 0 0 0 0 0 0 
	ID : 156 157 158 159 160 161 


 Node: 28
	Coordinates  : 6000 5000 0 
	Disps: -3.26889e-16 -2.39229e-14 -4.08401e-16 1.038e-17 2.87115e-17 -4.17913e-17 
	 unbalanced Load: 0 0 0 0 0 0 
	ID : 162 163 164 165 166 167 


 Node: 29
	Coordinates  : 12000 0 0 
	Disps: -2.06482e-14 -5.52365e-14 -3.42263e-15 -5.65205e-17 -2.46173e-17 -2.73103e-17 
	 unbalanced Load: 0 0 0 0 0 0 
	ID : 168 169 170 171 172 173 


 Node: 30
	Coordinates  : 12000 5000 0 
	Disps: -2.02091e-15 -6.66544e-14 -6.75824e-15 -8.75684e-18 6.99555e-18 -2.30208e-17 
	 unbalanced Load: 0 0 0 0 0 0 
	ID : 174 175 176 177 178 179 


 Node: 31
	Coordinates  : 6000 2500 13500 
	Disps: 1.71308e-14 3.83434 0 0 0 3.67236e-17 
	 unbalanced Load: 1.197e-12 19550 0 0 0 0 
	ID : 180 181 182 183 184 185 


 Node: 32
	Coordinates  : 6000 2500 10500 
	Disps: 1.53053e-13 3.40337 0 0 0 2.98774e-17 
	 unbalanced Load: 2.237e-12 36530 0 0 0 0 
	ID : 186 187 188 189 190 191 


 Node: 33
	Coordinates  : 6000 2500 7500 
	Disps: 1.31695e-13 2.48092 0 0 0 4.05532e-17 
	 unbalanced Load: 1.991e-12 32520 0 0 0 0 
	ID : 192 193 194 195 196 197 


 Node: 34
	Coordinates  : 6000 2500 4500 
	Disps: -1.7128e-14 1.14414 0 0 0 6.34169e-17 
	 unbalanced Load: 2.107e-12 34420 0 0 0 0 
	ID : 198 199 200 201 202 203 


 Node: 35
	Coordinates  : 6000 2500 13500 
	Disps: 1.71308e-14 3.83434 0 0 0 3.67236e-17 
	 unbalanced Load: 0 0 0 0 0 0 
	ID : 204 205 206 207 208 209 


 Node: 36
	Coordinates  : 6000 2500 10500 
	Disps: 1.53053e-13 3.40337 0 0 0 2.98774e-17 
	 unbalanced Load: 0 0 0 0 0 0 
	ID : 210 211 212 213 214 215 


 Node: 37
	Coordinates  : 6000 2500 7500 
	Disps: 1.31695e-13 2.48092 0 0 0 4.05532e-17 
	 unbalanced Load: 0 0 0 0 0 0 
	ID : 216 217 218 219 220 221 


 Node: 38
	Coordinates  : 6000 2500 4500 
	Disps: -1.7128e-14 1.14414 0 0 0 6.34169e-17 
	 unbalanced Load: 0 0 0 0 0 0 
	ID : 222 223 224 225 226 227 


ElasticBeam3d: 1
	Connected Nodes: 1 2 
	CoordTransf: 1
	mass density:  0, cMass: 0
	End 1 Forces (P Mz Vy My Vz T): -2768.45 2.85387e+06 3258.33 4.70381e-06 -2.57801e-09 -2.31827e-06
	End 2 Forces (P Mz Vy My Vz T): 2768.45 6.92113e+06 -3258.33 3.03024e-06 2.57801e-09 2.31827e-06

ElasticBeam3d: 2
	Connected Nodes: 3 4 
	CoordTransf: 2
	mass density:  0, cMass: 0
	End 1 Forces (P Mz Vy My Vz T): 2768.45 2.85387e+06 3258.33 -8.44381e-07 1.35859e-10 -1.69109e-06
	End 2 Forces (P Mz Vy My Vz T): -2768.45 6.92113e+06 -3258.33 4.36804e-07 -1.35859e-10 1.69109e-06

ElasticBeam3d: 3
	Connected Nodes: 5 6 
	CoordTransf: 3
	mass density:  0, cMass: 0
	End 1 Forces (P Mz Vy My Vz T): -2768.45 2.85387e+06 3258.33 -4.15011e-06 2.40627e-09 -2.40829e-06
	End 2 Forces (P Mz Vy My Vz T): 2768.45 6.92113e+06 -3258.33 -3.06872e-06 -2.40627e-09 2.40829e-06

ElasticBeam3d: 4
	Connected Nodes: 7 8 
	CoordTransf: 4
	mass density:  0, cMass: 0
	End 1 Forces (P Mz Vy My Vz T): 2768.45 2.85387e+06 3258.33 -6.54481e-06 4.5475e-09 -1.6523e-06
	End 2 Forces (P Mz Vy My Vz T): -2768.45 6.92113e+06 -3258.33 -7.09769e-06 -4.5475e-09 1.6523e-06

ElasticBeam3d: 5
	Connected Nodes: 9 10 
	CoordTransf: 5
	mass density:  0, cMass: 0
	End 1 Forces (P Mz Vy My Vz T): -2768.45 2.85387e+06 3258.33 1.08432e-05 -6.3402e-09 2.43615e-06
	End 2 Forces (P Mz Vy My Vz T): 2768.45 6.92113e+06 -3258.33 8.17734e-06 6.3402e-09 -2.43615e-06

ElasticBeam3d: 6
	Connected Nodes: 11 12 
	CoordTransf: 6
	mass density:  0, cMass: 0
	End 1 Forces (P Mz Vy My Vz T): 2768.45 2.85387e+06 3258.33 -3.55617e-06 1.75782e-09 3.86148e-06
	End 2 Forces (P Mz Vy My Vz T): -2768.45 6.92113e+06 -3258.33 -1.7173e-06 -1.75782e-09 -3.86148e-06

ElasticBeam3d: 7
	Connected Nodes: 2 6 
	CoordTransf: 7
	mass density:  0, cMass: 0
	End 1 Forces (P Mz Vy My Vz T): 5.42458e-08 -4.52773e-06 -7.8576e-10 2.97241e-06 -6.58921e-11 3.16104e-06
	End 2 Forces (P Mz Vy My Vz T): -5.42458e-08 -1.86832e-07 7.8576e-10 -2.57706e-06 6.58921e-11 -3.16104e-06

ElasticBeam3d: 8
	Connected Nodes: 6 10 
	CoordTransf: 8
	mass density:  0, cMass: 0
	End 1 Forces (P Mz Vy My Vz T): -1.92733e-07 1.54812e-05 3.94999e-09 -4.67259e-07 -1.24559e-09 -4.7079e-06
	End 2 Forces (P Mz Vy My Vz T): 1.92733e-07 8.21874e-06 -3.94999e-09 7.9408e-06 1.24559e-09 4.7079e-06

ElasticBeam3d: 9
	Connected Nodes: 4 8 
	CoordTransf: 9
	mass density:  0, cMass: 0
	End 1 Forces (P Mz Vy My Vz T): 3.59116e-07 9.4927e-07 1.49128e-10 4.94612e-07 4.47793e-10 -1.50023e-06
	End 2 Forces (P Mz Vy My Vz T): -3.59116e-07 -5.45043e-08 -1.49128e-10 -3.18137e-06 -4.47793e-10 1.50023e-06

ElasticBeam3d: 10
	Connected Nodes: 8 12 
	CoordTransf: 10
	mass density:  0, cMass: 0
	End 1 Forces (P Mz Vy My Vz T): -6.63099e-07 -2.20583e-06 -1.51796e-09 -3.94079e-06 9.0359e-10 2.32409e-06
	End 2 Forces (P Mz Vy My Vz T): 6.63099e-07 -6.90194e-06 1.51796e-09 -1.48075e-06 -9.0359e-10 -2.32409e-06

ElasticBeam3d: 11
	Connected Nodes: 2 4 
	CoordTransf: 11
	mass density:  0, cMass: 0
	End 1 Forces (P Mz Vy My Vz T): 3.42926e-08 -4.60879e-08 3.8131e-11 6.92113e+06 -2768.45 5.77555e-08
	End 2 Forces (P Mz Vy My Vz T): -3.42926e-08 2.36743e-07 -3.8131e-11 6.92113e+06 2768.45 -5.77555e-08

ElasticBeam3d: 12
	Connected Nodes: 6 8 
	CoordTransf: 12
	mass density:  0, cMass: 0
	End 1 Forces (P Mz Vy My Vz T): 2.6672e-07 3.73927e-07 4.57968e-11 6.92113e+06 -2768.45 -2.44594e-08
	End 2 Forces (P Mz Vy My Vz T): -2.6672e-07 -1.44943e-07 -4.57968e-11 6.92113e+06 2768.45 2.44594e-08

ElasticBeam3d: 13
	Connected Nodes: 10 12 
	CoordTransf: 13
	mass density:  0, cMass: 0
	End 1 Forces (P Mz Vy My Vz T): -1.77698e-07 -1.38035e-06 -5.78922e-10 6.92113e+06 -2768.45 2.36561e-07
	End 2 Forces (P Mz Vy My Vz T): 1.77698e-07 -1.51427e-06 5.78922e-10 6.92113e+06 2768.45 -2.36561e-07

ElasticBeam3d: 14
	Connected Nodes: 13 1 
	CoordTransf: 14
	mass density:  0, cMass: 0
	End 1 Forces (P Mz Vy My Vz T): -10515.3 1.15268e+07 9346.67 -4.57422e-06 3.45781e-09 5.47342e-06
	End 2 Forces (P Mz Vy My Vz T): 10515.3 1.65132e+07 -9346.67 -5.79919e-06 -3.45781e-09 -5.47342e-06

ElasticBeam3d: 15
	Connected Nodes: 14 3 
	CoordTransf: 15
	mass density:  0, cMass: 0
	End 1 Forces (P Mz Vy My Vz T): 10515.3 1.15268e+07 9346.67 8.22442e-06 -4.39187e-09 7.50772e-06
	End 2 Forces (P Mz Vy My Vz T): -10515.3 1.65132e+07 -9346.67 4.9512e-06 4.39187e-09 -7.50772e-06

ElasticBeam3d: 16
	Connected Nodes: 15 5 
	CoordTransf: 16
	mass density:  0, cMass: 0
	End 1 Forces (P Mz Vy My Vz T): -10515.3 1.15268e+07 9346.67 -1.04072e-07 -3.74933e-10 1.25807e-06
	End 2 Forces (P Mz Vy My Vz T): 10515.3 1.65132e+07 -9346.67 1.22887e-06 3.74933e-10 -1.25807e-06

ElasticBeam3d: 17
	Connected Nodes: 16 7 
	CoordTransf: 17
	mass density:  0, cMass: 0
	End 1 Forces (P Mz Vy My Vz T): 10515.3 1.15268e+07 9346.67 -1.9755e-06 3.90164e-10 -1.76814e-06
	End 2 Forces (P Mz Vy My Vz T): -10515.3 1.65132e+07 -9346.67 8.05004e-07 -3.90164e-10 1.76814e-06

ElasticBeam3d: 18
	Connected Nodes: 17 9 
	CoordTransf: 18
	mass density:  0, cMass: 0
	End 1 Forces (P Mz Vy My Vz T): -10515.3 1.15268e+07 9346.67 -7.47954e-06 5.84005e-09 -1.62305e-07
	End 2 Forces (P Mz Vy My Vz T): 10515.3 1.65132e+07 -9346.67 -1.00406e-05 -5.84005e-09 1.62305e-07

ElasticBeam3d: 19
	Connected Nodes: 18 11 
	CoordTransf: 19
	mass density:  0, cMass: 0
	End 1 Forces (P Mz Vy My Vz T): 10515.3 1.15268e+07 9346.67 7.78552e-06 -5.03934e-09 3.84747e-06
	End 2 Forces (P Mz Vy My Vz T): -10515.3 1.65132e+07 -9346.67 7.3325e-06 5.03934e-09 -3.84747e-06

ElasticBeam3d: 20
	Connected Nodes: 1 5 
	CoordTransf: 20
	mass density:  0, cMass: 0
	End 1 Forces (P Mz Vy My Vz T): -3.17292e-07 -3.87319e-06 -5.99546e-10 -9.34444e-07 4.6144e-10 1.80119e-07
	End 2 Forces (P Mz Vy My Vz T): 3.17292e-07 2.75915e-07 5.99546e-10 -1.83419e-06 -4.6144e-10 -1.80119e-07

ElasticBeam3d: 21
	Connected Nodes: 5 9 
	CoordTransf: 21
	mass density:  0, cMass: 0
	End 1 Forces (P Mz Vy My Vz T): 4.38605e-07 -1.10129e-05 -3.16109e-09 -1.18356e-06 4.72706e-11 5.1922e-08
	End 2 Forces (P Mz Vy My Vz T): -4.38605e-07 -7.95363e-06 3.16109e-09 8.99937e-07 -4.72706e-11 -5.1922e-08

ElasticBeam3d: 22
	Connected Nodes: 3 7 
	CoordTransf: 22
	mass density:  0, cMass: 0
	End 1 Forces (P Mz Vy My Vz T): -8.82155e-08 -1.46499e-05 -5.03683e-09 3.94568e-06 -1.86652e-10 1.25899e-07
	End 2 Forces (P Mz Vy My Vz T): 8.82155e-08 -1.55711e-05 5.03683e-09 -2.82577e-06 1.86652e-10 -1.25899e-07

ElasticBeam3d: 23
	Connected Nodes: 7 11 
	CoordTransf: 23
	mass density:  0, cMass: 0
	End 1 Forces (P Mz Vy My Vz T): -3.21472e-07 6.38572e-06 3.30386e-09 -2.81742e-06 -1.43649e-10 1.89768e-07
	End 2 Forces (P Mz Vy My Vz T): 3.21472e-07 1.34375e-05 -3.30386e-09 3.67932e-06 1.43649e-10 -1.89768e-07

ElasticBeam3d: 24
	Connected Nodes: 1 3 
	CoordTransf: 24
	mass density:  0, cMass: 0
	End 1 Forces (P Mz Vy My Vz T): 2.8785e-07 -1.93483e-06 -6.77278e-10 1.93671e+07 -7746.84 -1.61088e-07
	End 2 Forces (P Mz Vy My Vz T): -2.8785e-07 -1.45156e-06 6.77278e-10 1.93671e+07 7746.84 1.61088e-07

ElasticBeam3d: 25
	Connected Nodes: 5 7 
	CoordTransf: 25
	mass density:  0, cMass: 0
	End 1 Forces (P Mz Vy My Vz T): -4.0389e-07 -1.37805e-06 -6.06673e-10 1.93671e+07 -7746.84 9.65829e-08
	End 2 Forces (P Mz Vy My Vz T): 4.0389e-07 -1.65531e-06 6.06673e-10 1.93671e+07 7746.84 -9.65829e-08

ElasticBeam3d: 26
	Connected Nodes: 9 11 
	CoordTransf: 26
	mass density:  0, cMass: 0
	End 1 Forces (P Mz Vy My Vz T): 4.48921e-07 2.42168e-06 1.03299e-09 1.93671e+07 -7746.84 -9.70856e-08
	End 2 Forces (P Mz Vy My Vz T): -4.48921e-07 2.74329e-06 -1.03299e-09 1.93671e+07 7746.84 9.70856e-08

ElasticBeam3d: 27
	Connected Nodes: 19 13 
	CoordTransf: 27
	mass density:  0, cMass: 0
	End 1 Forces (P Mz Vy My Vz T): -24457.9 2.09703e+07 14766.7 -1.31578e-06 -1.08193e-10 -1.05653e-05
	End 2 Forces (P Mz Vy My Vz T): 24457.9 2.33297e+07 -14766.7 1.64036e-06 1.08193e-10 1.05653e-05

ElasticBeam3d: 28
	Connected Nodes: 20 14 
	CoordTransf: 28
	mass density:  0, cMass: 0
	End 1 Forces (P Mz Vy My Vz T): 24457.9 2.09703e+07 14766.7 -1.00862e-05 6.87918e-09 -7.11345e-05
	End 2 Forces (P Mz Vy My Vz T): -24457.9 2.33297e+07 -14766.7 -1.05513e-05 -6.87918e-09 7.11345e-05

ElasticBeam3d: 29
	Connected Nodes: 21 15 
	CoordTransf: 29
	mass density:  0, cMass: 0
	End 1 Forces (P Mz Vy My Vz T): -24457.9 2.09703e+07 14766.7 -7.47649e-07 3.46367e-10 4.79349e-07
	End 2 Forces (P Mz Vy My Vz T): 24457.9 2.33297e+07 -14766.7 -2.91452e-07 -3.46367e-10 -4.79349e-07

ElasticBeam3d: 30
	Connected Nodes: 22 16 
	CoordTransf: 30
	mass density:  0, cMass: 0
	End 1 Forces (P Mz Vy My Vz T): 24457.9 2.09703e+07 14766.7 1.11016e-05 -6.63389e-09 -2.3866e-05
	End 2 Forces (P Mz Vy My Vz T): -24457.9 2.33297e+07 -14766.7 8.8001e-06 6.63389e-09 2.3866e-05

ElasticBeam3d: 31
	Connected Nodes: 23 17 
	CoordTransf: 31
	mass density:  0, cMass: 0
	End 1 Forces (P Mz Vy My Vz T): -24457.9 2.09703e+07 14766.7 -1.91648e-06 1.8889e-11 -1.08356e-06
	End 2 Forces (P Mz Vy My Vz T): 24457.9 2.33297e+07 -14766.7 1.85982e-06 -1.8889e-11 1.08356e-06

ElasticBeam3d: 32
	Connected Nodes: 24 18 
	CoordTransf: 32
	mass density:  0, cMass: 0
	End 1 Forces (P Mz Vy My Vz T): 24457.9 2.09703e+07 14766.7 2.26769e-06 -4.93074e-10 1.08613e-05
	End 2 Forces (P Mz Vy My Vz T): -24457.9 2.33297e+07 -14766.7 -7.88466e-07 4.93074e-10 -1.08613e-05

ElasticBeam3d: 33
	Connected Nodes: 13 15 
	CoordTransf: 33
	mass density:  0, cMass: 0
	End 1 Forces (P Mz Vy My Vz T): -9.26317e-08 1.12467e-05 2.94352e-09 -2.92455e-06 4.05282e-10 2.65584e-07
	End 2 Forces (P Mz Vy My Vz T): 9.26317e-08 6.41443e-06 -2.94352e-09 4.9286e-07 -4.05282e-10 -2.65584e-07

ElasticBeam3d: 34
	Connected Nodes: 15 17 
	CoordTransf: 34
	mass density:  0, cMass: 0
	End 1 Forces (P Mz Vy My Vz T): 1.16241e-07 1.13448e-05 3.78711e-09 -8.77839e-07 1.04073e-09 9.64923e-08
	End 2 Forces (P Mz Vy My Vz T): -1.16241e-07 1.13778e-05 -3.78711e-09 -5.36651e-06 -1.04073e-09 -9.64923e-08

ElasticBeam3d: 35
	Connected Nodes: 14 16 
	CoordTransf: 35
	mass density:  0, cMass: 0
	End 1 Forces (P Mz Vy My Vz T): -3.73131e-07 1.834e-05 2.66591e-09 -2.33629e-06 2.04467e-10 4.99922e-07
	End 2 Forces (P Mz Vy My Vz T): 3.73131e-07 -2.34459e-06 -2.66591e-09 1.10949e-06 -2.04467e-10 -4.99922e-07

ElasticBeam3d: 36
	Connected Nodes: 16 18 
	CoordTransf: 36
	mass density:  0, cMass: 0
	End 1 Forces (P Mz Vy My Vz T): 9.6023e-08 2.57645e-06 4.02825e-09 5.70447e-06 -2.07471e-09 -8.89567e-07
	End 2 Forces (P Mz Vy My Vz T): -9.6023e-08 2.1593e-05 -4.02825e-09 6.7438e-06 2.07471e-09 8.89567e-07

ElasticBeam3d: 37
	Connected Nodes: 13 14 
	CoordTransf: 37
	mass density:  0, cMass: 0
	End 1 Forces (P Mz Vy My Vz T): -1.29203e-07 2.93518e-06 1.40076e-09 3.48565e+07 -13942.6 -9.38542e-09
	End 2 Forces (P Mz Vy My Vz T): 1.29203e-07 4.06861e-06 -1.40076e-09 3.48565e+07 13942.6 9.38542e-09

ElasticBeam3d: 38
	Connected Nodes: 15 16 
	CoordTransf: 38
	mass density:  0, cMass: 0
	End 1 Forces (P Mz Vy My Vz T): -1.16733e-07 -9.43998e-07 -6.26484e-10 3.48565e+07 -13942.6 -1.06304e-08
	End 2 Forces (P Mz Vy My Vz T): 1.16733e-07 -2.18842e-06 6.26484e-10 3.48565e+07 13942.6 1.06304e-08

ElasticBeam3d: 39
	Connected Nodes: 17 18 
	CoordTransf: 39
	mass density:  0, cMass: 0
	End 1 Forces (P Mz Vy My Vz T): -2.4559e-07 1.9669e-06 1.10738e-09 3.48565e+07 -13942.6 -2.53218e-07
	End 2 Forces (P Mz Vy My Vz T): 2.4559e-07 3.57002e-06 -1.10738e-09 3.48565e+07 13942.6 2.53218e-07

ElasticBeam3d: 40
	Connected Nodes: 25 19 
	CoordTransf: 40
	mass density:  0, cMass: 0
	End 1 Forces (P Mz Vy My Vz T): -41584.6 7.04186e+07 20503.3 1.59849e-05 -5.60799e-09 7.55534e-06
	End 2 Forces (P Mz Vy My Vz T): 41584.6 2.18464e+07 -20503.3 9.25105e-06 5.60799e-09 -7.55534e-06

ElasticBeam3d: 41
	Connected Nodes: 26 20 
	CoordTransf: 41
	mass density:  0, cMass: 0
	End 1 Forces (P Mz Vy My Vz T): 41584.6 7.04186e+07 20503.3 -5.34266e-06 7.21121e-10 0.000243222
	End 2 Forces (P Mz Vy My Vz T): -41584.6 2.18464e+07 -20503.3 2.09761e-06 -7.21121e-10 -0.000243222

ElasticBeam3d: 42
	Connected Nodes: 27 21 
	CoordTransf: 42
	mass density:  0, cMass: 0
	End 1 Forces (P Mz Vy My Vz T): -41584.6 7.04186e+07 20503.3 1.92022e-05 -7.59903e-09 -3.92477e-06
	End 2 Forces (P Mz Vy My Vz T): 41584.6 2.18464e+07 -20503.3 1.49934e-05 7.59903e-09 3.92477e-06

ElasticBeam3d: 43
	Connected Nodes: 28 22 
	CoordTransf: 43
	mass density:  0, cMass: 0
	End 1 Forces (P Mz Vy My Vz T): 41584.6 7.04186e+07 20503.3 -3.49412e-05 1.35299e-08 8.6481e-05
	End 2 Forces (P Mz Vy My Vz T): -41584.6 2.18464e+07 -20503.3 -2.59432e-05 -1.35299e-08 -8.6481e-05

ElasticBeam3d: 44
	Connected Nodes: 29 23 
	CoordTransf: 44
	mass density:  0, cMass: 0
	End 1 Forces (P Mz Vy My Vz T): -41584.6 7.04186e+07 20503.3 2.08221e-05 -6.94869e-09 -2.80685e-06
	End 2 Forces (P Mz Vy My Vz T): 41584.6 2.18464e+07 -20503.3 1.0447e-05 6.94869e-09 2.80685e-06

ElasticBeam3d: 45
	Connected Nodes: 30 24 
	CoordTransf: 45
	mass density:  0, cMass: 0
	End 1 Forces (P Mz Vy My Vz T): 41584.6 7.04186e+07 20503.3 -1.6084e-05 5.79755e-09 -5.98136e-05
	End 2 Forces (P Mz Vy My Vz T): -41584.6 2.18464e+07 -20503.3 -1.00049e-05 -5.79755e-09 5.98136e-05

ElasticBeam3d: 46
	Connected Nodes: 19 21 
	CoordTransf: 46
	mass density:  0, cMass: 0
	End 1 Forces (P Mz Vy My Vz T): -4.64237e-08 -1.95677e-05 -3.40591e-09 7.69119e-06 -2.43008e-09 -1.76443e-07
	End 2 Forces (P Mz Vy My Vz T): 4.64237e-08 -8.67824e-07 3.40591e-09 6.88929e-06 2.43008e-09 1.76443e-07

ElasticBeam3d: 47
	Connected Nodes: 21 23 
	CoordTransf: 47
	mass density:  0, cMass: 0
	End 1 Forces (P Mz Vy My Vz T): 4.57134e-08 -5.19767e-06 -2.28206e-09 7.1629e-06 -2.57344e-09 1.25164e-06
	End 2 Forces (P Mz Vy My Vz T): -4.57134e-08 -8.49468e-06 2.28206e-09 8.27777e-06 2.57344e-09 -1.25164e-06

ElasticBeam3d: 48
	Connected Nodes: 20 22 
	CoordTransf: 48
	mass density:  0, cMass: 0
	End 1 Forces (P Mz Vy My Vz T): 2.91848e-07 -0.000334556 -9.81807e-08 -7.74462e-06 2.52379e-09 1.64404e-06
	End 2 Forces (P Mz Vy My Vz T): -2.91848e-07 -0.000254529 9.81807e-08 -7.39809e-06 -2.52379e-09 -1.64404e-06

ElasticBeam3d: 49
	Connected Nodes: 22 24 
	CoordTransf: 49
	mass density:  0, cMass: 0
	End 1 Forces (P Mz Vy My Vz T): -1.4296e-07 -7.71056e-05 -1.02005e-08 -7.24998e-06 2.45573e-09 3.42777e-07
	End 2 Forces (P Mz Vy My Vz T): 1.4296e-07 1.59024e-05 1.02005e-08 -7.48439e-06 -2.45573e-09 -3.42777e-07

ElasticBeam3d: 50
	Connected Nodes: 19 20 
	CoordTransf: 50
	mass density:  0, cMass: 0
	End 1 Forces (P Mz Vy My Vz T): -1.247e-08 -2.5524e-05 -1.38544e-08 4.28167e+07 -17126.7 2.44012e-07
	End 2 Forces (P Mz Vy My Vz T): 1.247e-08 -4.37482e-05 1.38544e-08 4.28167e+07 17126.7 -2.44012e-07

ElasticBeam3d: 51
	Connected Nodes: 21 22 
	CoordTransf: 51
	mass density:  0, cMass: 0
	End 1 Forces (P Mz Vy My Vz T): -5.44871e-07 -8.72176e-06 -5.29372e-09 4.28167e+07 -17126.7 1.93616e-07
	End 2 Forces (P Mz Vy My Vz T): 5.44871e-07 -1.77469e-05 5.29372e-09 4.28167e+07 17126.7 -1.93616e-07

ElasticBeam3d: 52
	Connected Nodes: 23 24 
	CoordTransf: 52
	mass density:  0, cMass: 0
	End 1 Forces (P Mz Vy My Vz T): 8.14016e-09 4.69315e-06 2.96139e-09 4.28167e+07 -17126.7 2.52827e-07
	End 2 Forces (P Mz Vy My Vz T): -8.14016e-09 1.01138e-05 -2.96139e-09 4.28167e+07 17126.7 -2.52827e-07
