
 Node: 1
	Coordinates  : 0 0 0 
	Disps: 0 0 0 0 0 0 
	Velocities   : 0 0 0 0 0 0 
	commitAccels: 0 0 0 0 0 0 
	 unbalanced Load: 0 0 0 0 0 0 
	 Eigenvectors: 
0 0 0 
0 0 0 
0 0 0 
0 0 0 
0 0 0 
0 0 0 

	ID : -1 -1 -1 -1 -1 -1 


 Node: 2
	Coordinates  : 0 4 0 
	Disps: 1.63827e-06 0 0 0 0 -7.62611e-07 
	Velocities   : -7.99071e-05 0 0 0 0 3.72606e-05 
	commitAccels: -0.00459069 0 0 0 0 0.00133172 
	 unbalanced Load: 2.02322e+09 0 0 0 0 0 
	Mass : 
2.7e+08 0 0 0 0 0 
0 2.7e+08 0 0 0 0 
0 0 2.7e+08 0 0 0 
0 0 0 0 0 0 
0 0 0 0 0 0 
0 0 0 0 0 0 

	 Rayleigh Factor: alphaM: 23.5015
	 Rayleigh Forces: 507042 0 0 0 0 0 
	 Eigenvectors: 
5.43168e-27 -4.35406e-25 7.4305e-23 
9.28127e-06 -2.26918e-05 2.98429e-05 
-6.25592e-25 -8.1954e-24 8.51512e-23 
1.46367e-25 -2.41216e-24 2.32131e-23 
0 0 0 
-2.07768e-26 2.44718e-25 -2.53676e-23 

	ID : 0 1 2 3 4 5 


 Node: 3
	Coordinates  : 0 7 0 
	Disps: 4.58132e-06 0 0 0 0 -1.17073e-06 
	Velocities   : -0.000224039 0 0 0 0 5.74516e-05 
	commitAccels: -0.0052274 0 0 0 0 -0.00137708 
	 unbalanced Load: 1.94828e+09 0 0 0 0 0 
	Mass : 
2.6e+08 0 0 0 0 0 
0 2.6e+08 0 0 0 0 
0 0 2.6e+08 0 0 0 
0 0 0 0 0 0 
0 0 0 0 0 0 
0 0 0 0 0 0 

	 Rayleigh Factor: alphaM: 23.5015
	 Rayleigh Forces: 1.36896e+06 0 0 0 0 0 
	 Eigenvectors: 
7.08175e-26 -1.17874e-24 1.29038e-22 
1.6463e-05 -3.21207e-05 2.30424e-05 
1.7979e-24 -2.5878e-23 2.31996e-22 
-1.95233e-26 -7.95993e-24 4.90012e-23 
0 0 0 
-3.10058e-27 8.04353e-25 -7.8043e-24 

	ID : 6 7 8 9 10 11 


 Node: 4
	Coordinates  : 0 10 0 
	Disps: 8.56164e-06 0 0 0 0 -1.45772e-06 
	Velocities   : -0.000419837 0 0 0 0 7.18593e-05 
	commitAccels: 0.0056254 0 0 0 0 -0.00578208 
	 unbalanced Load: 1.87335e+09 0 0 0 0 0 
	Mass : 
2.5e+08 0 0 0 0 0 
0 2.5e+08 0 0 0 0 
0 0 2.5e+08 0 0 0 
0 0 0 0 0 0 
0 0 0 0 0 0 
0 0 0 0 0 0 

	 Rayleigh Factor: alphaM: 23.5015
	 Rayleigh Forces: 2.4667e+06 0 0 0 0 0 
	 Eigenvectors: 
1.03271e-25 -5.09767e-24 1.11436e-22 
2.34804e-05 -2.81894e-05 -1.10987e-05 
-2.42512e-24 -4.75281e-23 3.20906e-22 
3.14329e-25 -1.24636e-23 6.0052e-23 
0 0 0 
-3.92366e-26 9.92154e-25 6.43587e-24 

	ID : 12 13 14 15 16 17 


 Node: 5
	Coordinates  : 0 13 0 
	Disps: 1.32353e-05 0 0 0 0 -1.63727e-06 
	Velocities   : -0.000650724 0 0 0 0 8.10293e-05 
	commitAccels: 0.0289169 0 0 0 0 -0.00934059 
	 unbalanced Load: 1.79842e+09 0 0 0 0 0 
	Mass : 
2.4e+08 0 0 0 0 0 
0 2.4e+08 0 0 0 0 
0 0 2.4e+08 0 0 0 
0 0 0 0 0 0 
0 0 0 0 0 0 
0 0 0 0 0 0 

	 Rayleigh Factor: alphaM: 23.5015
	 Rayleigh Forces: 3.67032e+06 0 0 0 0 0 
	 Eigenvectors: 
5.3423e-25 -7.77209e-24 1.05622e-22 
2.98357e-05 -9.67525e-06 -3.60956e-05 
5.97809e-24 -7.72232e-23 5.15904e-22 
-5.98537e-26 -1.03959e-23 1.05103e-22 
0 0 0 
-4.72119e-26 1.06445e-24 1.0431e-23 

	ID : 18 19 20 21 22 23 


 Node: 6
	Coordinates  : 0 16 0 
	Disps: 1.83059e-05 0 0 0 0 -1.72765e-06 
	Velocities   : -0.000902048 0 0 0 0 8.57287e-05 
	commitAccels: 0.0599979 0 0 0 0 -0.0110328 
	 unbalanced Load: 1.64855e+09 0 0 0 0 0 
	Mass : 
2.2e+08 0 0 0 0 0 
0 2.2e+08 0 0 0 0 
0 0 2.2e+08 0 0 0 
0 0 0 0 0 0 
0 0 0 0 0 0 
0 0 0 0 0 0 

	 Rayleigh Factor: alphaM: 23.5015
	 Rayleigh Forces: 4.66388e+06 0 0 0 0 0 
	 Eigenvectors: 
-7.56813e-25 -1.3535e-23 4.69498e-23 
3.48814e-05 1.73145e-05 -1.41853e-05 
8.60744e-24 -1.41354e-22 9.63771e-22 
5.95978e-25 -9.8651e-24 1.02018e-22 
0 0 0 
-6.17718e-26 1.11904e-24 1.62763e-23 

	ID : 24 25 26 27 28 29 


 Node: 7
	Coordinates  : 0 19 0 
	Disps: 2.35417e-05 0 0 0 0 -1.7541e-06 
	Velocities   : -0.00116203 0 0 0 0 8.71245e-05 
	commitAccels: 0.0938765 0 0 0 0 -0.0114229 
	 unbalanced Load: 1.49868e+09 0 0 0 0 0 
	Mass : 
2e+08 0 0 0 0 0 
0 2e+08 0 0 0 0 
0 0 2e+08 0 0 0 
0 0 0 0 0 0 
0 0 0 0 0 0 
0 0 0 0 0 0 

	 Rayleigh Factor: alphaM: 23.5015
	 Rayleigh Forces: 5.46187e+06 0 0 0 0 0 
	 Eigenvectors: 
-1.15522e-25 -1.39289e-23 1.73065e-23 
3.78897e-05 3.90921e-05 3.41857e-05 
1.19168e-23 -1.35181e-22 1.32422e-21 
6.15506e-25 -1.26128e-23 1.17696e-22 
0 0 0 
-5.1737e-27 1.17105e-24 8.3533e-24 

	ID : 30 31 32 33 34 35 


ElasticBeam3d: 1
	Connected Nodes: 1 2 
	CoordTransf: 1
	mass density:  0, cMass: 0
	End 1 Forces (P Mz Vy My Vz T): 0 8.78732e+10 7.99237e+09 8.78732e+10 -7.99237e+09 -0
	End 2 Forces (P Mz Vy My Vz T): 0 -5.59037e+10 -7.99237e+09 -5.59037e+10 7.99237e+09 0

ElasticBeam3d: 2
	Connected Nodes: 2 3 
	CoordTransf: 1
	mass density:  0, cMass: 0
	End 1 Forces (P Mz Vy My Vz T): 0 5.59037e+10 6.49179e+09 5.59037e+10 -6.49179e+09 -0
	End 2 Forces (P Mz Vy My Vz T): 0 -3.64283e+10 -6.49179e+09 -3.64283e+10 6.49179e+09 0

ElasticBeam3d: 3
	Connected Nodes: 3 4 
	CoordTransf: 1
	mass density:  0, cMass: 0
	End 1 Forces (P Mz Vy My Vz T): 0 3.64283e+10 5.04742e+09 3.64283e+10 -5.04742e+09 -0
	End 2 Forces (P Mz Vy My Vz T): 0 -2.12861e+10 -5.04742e+09 -2.12861e+10 5.04742e+09 0

ElasticBeam3d: 4
	Connected Nodes: 4 5 
	CoordTransf: 1
	mass density:  0, cMass: 0
	End 1 Forces (P Mz Vy My Vz T): 0 2.12861e+10 3.65943e+09 2.12861e+10 -3.65943e+09 -0
	End 2 Forces (P Mz Vy My Vz T): 0 -1.03078e+10 -3.65943e+09 -1.03078e+10 3.65943e+09 0

ElasticBeam3d: 5
	Connected Nodes: 5 6 
	CoordTransf: 1
	mass density:  0, cMass: 0
	End 1 Forces (P Mz Vy My Vz T): 0 1.03078e+10 2.32784e+09 1.03078e+10 -2.32784e+09 -0
	End 2 Forces (P Mz Vy My Vz T): 0 -3.32426e+09 -2.32784e+09 -3.32426e+09 2.32784e+09 0

ElasticBeam3d: 6
	Connected Nodes: 6 7 
	CoordTransf: 1
	mass density:  0, cMass: 0
	End 1 Forces (P Mz Vy My Vz T): 0 3.32426e+09 1.10809e+09 3.32426e+09 -1.10809e+09 -0
	End 2 Forces (P Mz Vy My Vz T): 0 0.00105381 -1.10809e+09 0.00105381 1.10809e+09 0
