
 Node: 1
	Coordinates  : 4500 5000 10500 
	Disps: 264.437 0.0962253 4.91238 0.000332968 0.0113947 -1.66428e-06 
	 unbalanced Load: 0 0 0 0 0 0 
	ID : 0 1 2 3 4 5 


 Node: 2
	Coordinates  : 4500 5000 13500 
	Disps: 302.156 0.0310612 5.38324 0.000169705 0.00883024 -1.39046e-06 
	 unbalanced Load: 0 0 0 0 0 0 
	ID : 6 7 8 9 10 11 


 Node: 3
	Coordinates  : 4500 0 10500 
	Disps: 264.437 -0.0962253 4.91238 -0.000332968 0.0113947 1.66428e-06 
	 unbalanced Load: 0 0 0 0 0 0 
	ID : 12 13 14 15 16 17 


 Node: 4
	Coordinates  : 4500 0 13500 
	Disps: 302.156 -0.0310612 5.38324 -0.000169705 0.00883024 1.39046e-06 
	 unbalanced Load: 0 0 0 0 0 0 
	ID : 18 19 20 21 22 23 


 Node: 5
	Coordinates  : 0 0 10500 
	Disps: 258.511 -0.0440043 7.38146 -9.16199e-05 0.0196312 -7.85686e-06 
	 unbalanced Load: 105220 0 0 0 0 0 
	ID : 24 25 26 27 28 29 


 Node: 6
	Coordinates  : 0 0 13500 
	Disps: 300.004 -0.0420979 8.67344 -0.000240535 0.00498766 1.73186e-06 
	 unbalanced Load: 135283 0 0 0 0 0 
	ID : 30 31 32 33 34 35 


 Node: 7
	Coordinates  : 0 5000 10500 
	Disps: 258.511 0.0440043 7.38146 9.16199e-05 0.0196312 7.85686e-06 
	 unbalanced Load: 105220 0 0 0 0 0 
	ID : 36 37 38 39 40 41 


 Node: 8
	Coordinates  : 0 5000 13500 
	Disps: 300.004 0.0420979 8.67344 0.000240535 0.00498766 -1.73186e-06 
	 unbalanced Load: 135283 0 0 0 0 0 
	ID : 42 43 44 45 46 47 


 Node: 9
	Coordinates  : 4500 0 7500 
	Disps: 197.382 -0.0828919 3.69047 -0.000248275 0.0219494 -6.21549e-07 
	 unbalanced Load: 0 0 0 0 0 0 
	ID : 48 49 50 51 52 53 


 Node: 10
	Coordinates  : 4500 5000 7500 
	Disps: 197.382 0.0828919 3.69047 0.000248275 0.0219494 6.21549e-07 
	 unbalanced Load: 0 0 0 0 0 0 
	ID : 54 55 56 57 58 59 


 Node: 11
	Coordinates  : 0 0 7500 
	Disps: 187.943 -0.0391607 6.51257 -0.000101144 0.0252935 -6.12208e-06 
	 unbalanced Load: 75157 0 0 0 0 0 
	ID : 60 61 62 63 64 65 


 Node: 12
	Coordinates  : 0 5000 7500 
	Disps: 187.943 0.0391607 6.51257 0.000101144 0.0252935 6.12208e-06 
	 unbalanced Load: 75157 0 0 0 0 0 
	ID : 66 67 68 69 70 71 


 Node: 13
	Coordinates  : 9000 0 7500 
	Disps: 206.954 -0.042333 6.35109 -6.6848e-05 0.0232755 6.07536e-06 
	 unbalanced Load: 0 0 0 0 0 0 
	ID : 72 73 74 75 76 77 


 Node: 14
	Coordinates  : 9000 0 10500 
	Disps: 270.802 -0.03583 6.80886 -0.000176581 0.0189931 9.15398e-06 
	 unbalanced Load: 0 0 0 0 0 0 
	ID : 78 79 80 81 82 83 


 Node: 15
	Coordinates  : 9000 5000 7500 
	Disps: 206.954 0.042333 6.35109 6.6848e-05 0.0232755 -6.07536e-06 
	 unbalanced Load: 0 0 0 0 0 0 
	ID : 84 85 86 87 88 89 


 Node: 16
	Coordinates  : 9000 5000 10500 
	Disps: 270.802 0.03583 6.80886 0.000176581 0.0189931 -9.15398e-06 
	 unbalanced Load: 0 0 0 0 0 0 
	ID : 90 91 92 93 94 95 


 Node: 17
	Coordinates  : 4500 0 4500 
	Disps: 116.229 -0.107176 3.09996 -0.000329571 0.0241165 -2.72822e-06 
	 unbalanced Load: 0 0 0 0 0 0 
	ID : 96 97 98 99 100 101 


 Node: 18
	Coordinates  : 4500 5000 4500 
	Disps: 116.229 0.107176 3.09996 0.000329571 0.0241165 2.72822e-06 
	 unbalanced Load: 0 0 0 0 0 0 
	ID : 102 103 104 105 106 107 


 Node: 19
	Coordinates  : 0 0 4500 
	Disps: 106.147 -0.0273731 5.74787 -0.000157813 0.0263518 -1.18878e-05 
	 unbalanced Load: 45094.2 0 0 0 0 0 
	ID : 108 109 110 111 112 113 


 Node: 20
	Coordinates  : 0 5000 4500 
	Disps: 106.147 0.0273731 5.74787 0.000157813 0.0263518 1.18878e-05 
	 unbalanced Load: 45094.2 0 0 0 0 0 
	ID : 114 115 116 117 118 119 


 Node: 21
	Coordinates  : 9000 0 4500 
	Disps: 127.159 -0.0498237 5.86732 -0.00011383 0.0287257 8.83093e-06 
	 unbalanced Load: 0 0 0 0 0 0 
	ID : 120 121 122 123 124 125 


 Node: 22
	Coordinates  : 9000 5000 4500 
	Disps: 127.159 0.0498237 5.86732 0.00011383 0.0287257 -8.83093e-06 
	 unbalanced Load: 0 0 0 0 0 0 
	ID : 126 127 128 129 130 131 


 Node: 23
	Coordinates  : 4500 0 0 
	Disps: 0 0 0 0 0 0 
	 unbalanced Load: 0 0 0 0 0 0 
	ID : -1 -1 -1 -1 -1 -1 


 Node: 24
	Coordinates  : 4500 5000 0 
	Disps: 0 0 0 0 0 0 
	 unbalanced Load: 0 0 0 0 0 0 
	ID : -1 -1 -1 -1 -1 -1 


 Node: 25
	Coordinates  : 0 0 0 
	Disps: 0 0 0 0 0 0 
	 unbalanced Load: 0 0 0 0 0 0 
	ID : -1 -1 -1 -1 -1 -1 


 Node: 26
	Coordinates  : 0 5000 0 
	Disps: 0 0 0 0 0 0 
	 unbalanced Load: 0 0 0 0 0 0 
	ID : -1 -1 -1 -1 -1 -1 


 Node: 27
	Coordinates  : 9000 0 0 
	Disps: 0 0 0 0 0 0 
	 unbalanced Load: 0 0 0 0 0 0 
	ID : -1 -1 -1 -1 -1 -1 


 Node: 28
	Coordinates  : 9000 5000 0 
	Disps: 0 0 0 0 0 0 
	 unbalanced Load: 0 0 0 0 0 0 
	ID : -1 -1 -1 -1 -1 -1 


Element: 1 Type: ForceBeamColumn3d 	Connected Nodes: 1 2 
	Number of Sections: 4	Mass density: 0
Lobatto
	End 1 Forces (P MZ VY MY VZ T): 119255 1.71933e+07 9965.95 1.18798e+08 -94112 9.12732e-11
	End 2 Forces (P MZ VY MY VZ T): -119255 1.27045e+07 -9965.95 1.63538e+08 94112 -9.12732e-11

Element: 2 Type: ForceBeamColumn3d 	Connected Nodes: 3 4 
	Number of Sections: 4	Mass density: 0
Lobatto
	End 1 Forces (P MZ VY MY VZ T): 119255 -1.71933e+07 -9965.95 1.18798e+08 -94112 -9.12732e-11
	End 2 Forces (P MZ VY MY VZ T): -119255 -1.27045e+07 9965.95 1.63538e+08 94112 9.12732e-11

Element: 3 Type: ForceBeamColumn3d 	Connected Nodes: 5 6 
	Number of Sections: 4	Mass density: 0
Lobatto
	End 1 Forces (P MZ VY MY VZ T): -34874.3 -8.20836e+06 -6340.6 -5.66802e+07 -42191.1 3.19624e-09
	End 2 Forces (P MZ VY MY VZ T): 34874.3 -1.08135e+07 6340.6 1.83254e+08 42191.1 -3.19624e-09

Element: 4 Type: ForceBeamColumn3d 	Connected Nodes: 7 8 
	Number of Sections: 4	Mass density: 0
Lobatto
	End 1 Forces (P MZ VY MY VZ T): -34874.3 8.20836e+06 6340.6 -5.66802e+07 -42191.1 -3.19624e-09
	End 2 Forces (P MZ VY MY VZ T): 34874.3 1.08135e+07 -6340.6 1.83254e+08 42191.1 3.19624e-09

Element: 5 Type: ForceBeamColumn3d 	Connected Nodes: 6 8 
	Number of Sections: 4	Mass density: 0
Lobatto
	End 1 Forces (P MZ VY MY VZ T): 6345.15 10796.7 -4.99065e-11 -1.08135e+07 23205 -1.04083e-21
	End 2 Forces (P MZ VY MY VZ T): -6345.15 -10796.7 4.99065e-11 1.08135e+07 23205 1.04083e-21

Element: 6 Type: ForceBeamColumn3d 	Connected Nodes: 4 2 
	Number of Sections: 4	Mass density: 0
Lobatto
	End 1 Forces (P MZ VY MY VZ T): 9963.97 9773.61 -4.13889e-11 -1.27045e+07 23205 -4.16334e-21
	End 2 Forces (P MZ VY MY VZ T): -9963.97 -9773.61 4.13889e-11 1.27045e+07 23205 4.16334e-21

Element: 7 Type: ForceBeamColumn3d 	Connected Nodes: 8 2 
	Number of Sections: 4	Mass density: 0
Lobatto
	End 1 Forces (P MZ VY MY VZ T): 92612.6 10796.7 4.57119 1.83254e+08 -58079.3 -1.57399e-08
	End 2 Forces (P MZ VY MY VZ T): -92612.6 9773.61 -4.57119 1.63538e+08 96050.3 1.57399e-08

Element: 8 Type: ForceBeamColumn3d 	Connected Nodes: 6 4 
	Number of Sections: 4	Mass density: 0
Lobatto
	End 1 Forces (P MZ VY MY VZ T): 92612.6 -10796.7 -4.57119 1.83254e+08 -58079.3 1.57399e-08
	End 2 Forces (P MZ VY MY VZ T): -92612.6 -9773.61 4.57119 1.63538e+08 96050.3 -1.57399e-08

Element: 9 Type: ForceBeamColumn3d 	Connected Nodes: 9 3 
	Number of Sections: 4	Mass density: 0
Lobatto
	End 1 Forces (P MZ VY MY VZ T): 207197 -1.48505e+07 -8289.06 1.46743e+08 -132901 7.61942e-10
	End 2 Forces (P MZ VY MY VZ T): -207197 -1.00167e+07 8289.06 2.51959e+08 132901 -7.61942e-10

Element: 10 Type: ForceBeamColumn3d 	Connected Nodes: 10 1 
	Number of Sections: 4	Mass density: 0
Lobatto
	End 1 Forces (P MZ VY MY VZ T): 207197 1.48505e+07 8289.06 1.46743e+08 -132901 -7.61942e-10
	End 2 Forces (P MZ VY MY VZ T): -207197 1.00167e+07 -8289.06 2.51959e+08 132901 7.61942e-10

Element: 11 Type: ForceBeamColumn3d 	Connected Nodes: 11 5 
	Number of Sections: 4	Mass density: 0
Lobatto
	End 1 Forces (P MZ VY MY VZ T): -76969.5 -6.40506e+06 -4715.55 1.42709e+07 -98828.5 -5.78259e-10
	End 2 Forces (P MZ VY MY VZ T): 76969.5 -7.74159e+06 4715.55 2.82215e+08 98828.5 5.78259e-10

Element: 12 Type: ForceBeamColumn3d 	Connected Nodes: 12 7 
	Number of Sections: 4	Mass density: 0
Lobatto
	End 1 Forces (P MZ VY MY VZ T): -76969.5 6.40506e+06 4715.55 1.42709e+07 -98828.5 5.78259e-10
	End 2 Forces (P MZ VY MY VZ T): 76969.5 7.74159e+06 -4715.55 2.82215e+08 98828.5 -5.78259e-10

Element: 13 Type: ForceBeamColumn3d 	Connected Nodes: 13 14 
	Number of Sections: 4	Mass density: 0
Lobatto
	End 1 Forces (P MZ VY MY VZ T): 122916 -9.27665e+06 -7323.33 -1.0361e+08 -14216.1 1.02621e-09
	End 2 Forces (P MZ VY MY VZ T): -122916 -1.26933e+07 7323.33 1.46259e+08 14216.1 -1.02621e-09

Element: 14 Type: ForceBeamColumn3d 	Connected Nodes: 15 16 
	Number of Sections: 4	Mass density: 0
Lobatto
	End 1 Forces (P MZ VY MY VZ T): 122916 9.27665e+06 7323.33 -1.0361e+08 -14216.1 -1.02621e-09
	End 2 Forces (P MZ VY MY VZ T): -122916 1.26933e+07 -7323.33 1.46259e+08 14216.1 1.02621e-09

Element: 15 Type: ForceBeamColumn3d 	Connected Nodes: 7 1 
	Number of Sections: 4	Mass density: 0
Lobatto
	End 1 Forces (P MZ VY MY VZ T): 47257 -46851.5 -31.1182 2.25534e+08 -65300.2 5.36328e-08
	End 2 Forces (P MZ VY MY VZ T): -47257 -93180.6 31.1182 1.53751e+08 103271 -5.36328e-08

Element: 16 Type: ForceBeamColumn3d 	Connected Nodes: 1 16 
	Number of Sections: 4	Mass density: 0
Lobatto
	End 1 Forces (P MZ VY MY VZ T): 11600.1 103078 35.58 2.17006e+08 -61739.9 -3.47525e-08
	End 2 Forces (P MZ VY MY VZ T): -11600.1 57032.3 -35.58 1.46259e+08 99710.9 3.47525e-08

Element: 17 Type: ForceBeamColumn3d 	Connected Nodes: 3 14 
	Number of Sections: 4	Mass density: 0
Lobatto
	End 1 Forces (P MZ VY MY VZ T): 11600.1 -103078 -35.58 2.17006e+08 -61739.9 3.47525e-08
	End 2 Forces (P MZ VY MY VZ T): -11600.1 -57032.3 35.58 1.46259e+08 99710.9 -3.47525e-08

Element: 18 Type: ForceBeamColumn3d 	Connected Nodes: 5 3 
	Number of Sections: 4	Mass density: 0
Lobatto
	End 1 Forces (P MZ VY MY VZ T): 47257 46851.5 31.1182 2.25534e+08 -65300.2 -5.36328e-08
	End 2 Forces (P MZ VY MY VZ T): -47257 93180.6 -31.1182 1.53751e+08 103271 5.36328e-08

Element: 19 Type: ForceBeamColumn3d 	Connected Nodes: 3 1 
	Number of Sections: 4	Mass density: 0
Lobatto
	End 1 Forces (P MZ VY MY VZ T): -1613.7 9897.26 -2.77007e-11 -2.721e+07 46410 -3.46945e-22
	End 2 Forces (P MZ VY MY VZ T): 1613.7 -9897.26 2.77007e-11 2.721e+07 46410 3.46945e-22

Element: 20 Type: ForceBeamColumn3d 	Connected Nodes: 14 16 
	Number of Sections: 4	Mass density: 0
Lobatto
	End 1 Forces (P MZ VY MY VZ T): 7288.01 57032.3 5.17291e-11 -1.26933e+07 23205 1.38778e-21
	End 2 Forces (P MZ VY MY VZ T): -7288.01 -57032.3 -5.17291e-11 1.26933e+07 23205 -1.38778e-21

Element: 21 Type: ForceBeamColumn3d 	Connected Nodes: 5 7 
	Number of Sections: 4	Mass density: 0
Lobatto
	End 1 Forces (P MZ VY MY VZ T): -1656.03 -46851.5 -4.55097e-11 -1.59499e+07 23205 6.93889e-22
	End 2 Forces (P MZ VY MY VZ T): 1656.03 46851.5 4.55097e-11 1.59499e+07 23205 -6.93889e-22

Element: 22 Type: ForceBeamColumn3d 	Connected Nodes: 17 9 
	Number of Sections: 4	Mass density: 0
Lobatto
	End 1 Forces (P MZ VY MY VZ T): 292562 -1.80305e+07 -10885 2.07615e+08 -146389 7.02223e-10
	End 2 Forces (P MZ VY MY VZ T): -292562 -1.46246e+07 10885 2.31553e+08 146389 -7.02223e-10

Element: 23 Type: ForceBeamColumn3d 	Connected Nodes: 18 10 
	Number of Sections: 4	Mass density: 0
Lobatto
	End 1 Forces (P MZ VY MY VZ T): 292562 1.80305e+07 10885 2.07615e+08 -146389 -7.02223e-10
	End 2 Forces (P MZ VY MY VZ T): -292562 1.46246e+07 -10885 2.31553e+08 146389 7.02223e-10

Element: 24 Type: ForceBeamColumn3d 	Connected Nodes: 19 11 
	Number of Sections: 4	Mass density: 0
Lobatto
	End 1 Forces (P MZ VY MY VZ T): -119353 -1.0297e+07 -6433.92 1.58609e+08 -123465 1.92189e-09
	End 2 Forces (P MZ VY MY VZ T): 119353 -9.00472e+06 6433.92 2.11785e+08 123465 -1.92189e-09

Element: 25 Type: ForceBeamColumn3d 	Connected Nodes: 20 12 
	Number of Sections: 4	Mass density: 0
Lobatto
	End 1 Forces (P MZ VY MY VZ T): -119353 1.0297e+07 6433.92 1.58609e+08 -123465 -1.92189e-09
	End 2 Forces (P MZ VY MY VZ T): 119353 9.00472e+06 -6433.92 2.11785e+08 123465 1.92189e-09

Element: 26 Type: ForceBeamColumn3d 	Connected Nodes: 21 13 
	Number of Sections: 4	Mass density: 0
Lobatto
	End 1 Forces (P MZ VY MY VZ T): 248696 -9.32301e+06 -5586.47 -8.47271e+07 -57088.3 -9.18524e-10
	End 2 Forces (P MZ VY MY VZ T): -248696 -7.43639e+06 5586.47 2.55992e+08 57088.3 9.18524e-10

Element: 27 Type: ForceBeamColumn3d 	Connected Nodes: 22 15 
	Number of Sections: 4	Mass density: 0
Lobatto
	End 1 Forces (P MZ VY MY VZ T): 248696 9.32301e+06 5586.47 -8.47271e+07 -57088.3 9.18524e-10
	End 2 Forces (P MZ VY MY VZ T): -248696 7.43639e+06 -5586.47 2.55992e+08 57088.3 -9.18524e-10

Element: 28 Type: ForceBeamColumn3d 	Connected Nodes: 12 10 
	Number of Sections: 4	Mass density: 0
Lobatto
	End 1 Forces (P MZ VY MY VZ T): 49079 -36556.9 -22.2327 2.26056e+08 -65588.3 3.26958e-08
	End 2 Forces (P MZ VY MY VZ T): -49079 -63490 22.2327 1.54526e+08 103559 -3.26958e-08

Element: 29 Type: ForceBeamColumn3d 	Connected Nodes: 10 15 
	Number of Sections: 4	Mass density: 0
Lobatto
	End 1 Forces (P MZ VY MY VZ T): 38873.2 59801.1 21.3398 2.2377e+08 -64603.8 -4.03171e-08
	End 2 Forces (P MZ VY MY VZ T): -38873.2 36227.9 -21.3398 1.52382e+08 102575 4.03171e-08

Element: 30 Type: ForceBeamColumn3d 	Connected Nodes: 9 13 
	Number of Sections: 4	Mass density: 0
Lobatto
	End 1 Forces (P MZ VY MY VZ T): 38873.2 -59801.1 -21.3398 2.2377e+08 -64603.8 4.03171e-08
	End 2 Forces (P MZ VY MY VZ T): -38873.2 -36227.9 21.3398 1.52382e+08 102575 -4.03171e-08

Element: 31 Type: ForceBeamColumn3d 	Connected Nodes: 11 9 
	Number of Sections: 4	Mass density: 0
Lobatto
	End 1 Forces (P MZ VY MY VZ T): 49079 36556.9 22.2327 2.26056e+08 -65588.3 -3.26958e-08
	End 2 Forces (P MZ VY MY VZ T): -49079 63490 -22.2327 1.54526e+08 103559 3.26958e-08

Element: 32 Type: ForceBeamColumn3d 	Connected Nodes: 9 10 
	Number of Sections: 4	Mass density: 0
Lobatto
	End 1 Forces (P MZ VY MY VZ T): 2642.85 -3688.93 2.39768e-11 -2.94752e+07 46410 1.38778e-21
	End 2 Forces (P MZ VY MY VZ T): -2642.85 3688.93 -2.39768e-11 2.94752e+07 46410 -1.38778e-21

Element: 33 Type: ForceBeamColumn3d 	Connected Nodes: 13 15 
	Number of Sections: 4	Mass density: 0
Lobatto
	End 1 Forces (P MZ VY MY VZ T): -1757.85 36227.9 -1.71407e-11 -1.6713e+07 23205 1.38778e-21
	End 2 Forces (P MZ VY MY VZ T): 1757.85 -36227.9 1.71407e-11 1.6713e+07 23205 -1.38778e-21

Element: 34 Type: ForceBeamColumn3d 	Connected Nodes: 11 12 
	Number of Sections: 4	Mass density: 0
Lobatto
	End 1 Forces (P MZ VY MY VZ T): 1696.48 -36556.9 2.1758e-11 -1.54098e+07 23205 6.93889e-22
	End 2 Forces (P MZ VY MY VZ T): -1696.48 36556.9 -2.1758e-11 1.54098e+07 23205 -6.93889e-22

Element: 35 Type: ForceBeamColumn3d 	Connected Nodes: 23 17 
	Number of Sections: 4	Mass density: 0
Lobatto
	End 1 Forces (P MZ VY MY VZ T): 372663 -1.31131e+06 -2465.62 2.79384e+08 -104402 -6.06271e-10
	End 2 Forces (P MZ VY MY VZ T): -372663 -9.78397e+06 2465.62 1.90425e+08 104402 6.06271e-10

Element: 36 Type: ForceBeamColumn3d 	Connected Nodes: 24 18 
	Number of Sections: 4	Mass density: 0
Lobatto
	End 1 Forces (P MZ VY MY VZ T): 372663 1.31131e+06 2465.62 2.79384e+08 -104402 6.06271e-10
	End 2 Forces (P MZ VY MY VZ T): -372663 9.78397e+06 -2465.62 1.90425e+08 104402 -6.06271e-10

Element: 37 Type: ForceBeamColumn3d 	Connected Nodes: 25 19 
	Number of Sections: 4	Mass density: 0
Lobatto
	End 1 Forces (P MZ VY MY VZ T): -163495 -1.79214e+06 -1439.06 3.83177e+08 -101014 -2.64172e-09
	End 2 Forces (P MZ VY MY VZ T): 163495 -4.68361e+06 1439.06 7.13857e+07 101014 2.64172e-09

Element: 38 Type: ForceBeamColumn3d 	Connected Nodes: 26 20 
	Number of Sections: 4	Mass density: 0
Lobatto
	End 1 Forces (P MZ VY MY VZ T): -163495 1.79214e+06 1439.06 3.83177e+08 -101014 2.64172e-09
	End 2 Forces (P MZ VY MY VZ T): 163495 4.68361e+06 -1439.06 7.13857e+07 101014 -2.64172e-09

Element: 39 Type: ForceBeamColumn3d 	Connected Nodes: 27 21 
	Number of Sections: 4	Mass density: 0
Lobatto
	End 1 Forces (P MZ VY MY VZ T): 381499 -481436 -1470.13 5.20581e+08 -171896 1.96243e-09
	End 2 Forces (P MZ VY MY VZ T): -381499 -6.13416e+06 1470.13 2.52951e+08 171896 -1.96243e-09

Element: 40 Type: ForceBeamColumn3d 	Connected Nodes: 28 22 
	Number of Sections: 4	Mass density: 0
Lobatto
	End 1 Forces (P MZ VY MY VZ T): 381499 481436 1470.13 5.20581e+08 -171896 -1.96243e-09
	End 2 Forces (P MZ VY MY VZ T): -381499 6.13416e+06 -1470.13 2.52951e+08 171896 1.96243e-09

Element: 41 Type: ForceBeamColumn3d 	Connected Nodes: 20 18 
	Number of Sections: 4	Mass density: 0
Lobatto
	End 1 Forces (P MZ VY MY VZ T): 66943.8 -58191.7 -35.7982 2.29994e+08 -67347.7 3.81686e-08
	End 2 Forces (P MZ VY MY VZ T): -66943.8 -102900 35.7982 1.58505e+08 105319 -3.81686e-08

Element: 42 Type: ForceBeamColumn3d 	Connected Nodes: 18 22 
	Number of Sections: 4	Mass density: 0
Lobatto
	End 1 Forces (P MZ VY MY VZ T): 110642 86658 30.2909 2.39535e+08 -71627.5 -4.79424e-08
	End 2 Forces (P MZ VY MY VZ T): -110642 49651.3 -30.2909 1.68224e+08 109598 4.79424e-08

Element: 43 Type: ForceBeamColumn3d 	Connected Nodes: 17 21 
	Number of Sections: 4	Mass density: 0
Lobatto
	End 1 Forces (P MZ VY MY VZ T): 110642 -86658 -30.2909 2.39535e+08 -71627.5 4.79424e-08
	End 2 Forces (P MZ VY MY VZ T): -110642 -49651.3 30.2909 1.68224e+08 109598 -4.79424e-08

Element: 44 Type: ForceBeamColumn3d 	Connected Nodes: 19 17 
	Number of Sections: 4	Mass density: 0
Lobatto
	End 1 Forces (P MZ VY MY VZ T): 66943.8 58191.7 35.7982 2.29994e+08 -67347.7 -3.81686e-08
	End 2 Forces (P MZ VY MY VZ T): -66943.8 102900 -35.7982 1.58505e+08 105319 3.81686e-08

Element: 45 Type: ForceBeamColumn3d 	Connected Nodes: 17 18 
	Number of Sections: 4	Mass density: 0
Lobatto
	End 1 Forces (P MZ VY MY VZ T): -8364.58 -16242.4 1.07633e-11 -2.78145e+07 46410 0
	End 2 Forces (P MZ VY MY VZ T): 8364.58 16242.4 -1.07633e-11 2.78145e+07 46410 -0

Element: 46 Type: ForceBeamColumn3d 	Connected Nodes: 21 22 
	Number of Sections: 4	Mass density: 0
Lobatto
	End 1 Forces (P MZ VY MY VZ T): -4151.47 49651.3 -6.03759e-12 -1.54572e+07 23205 6.93889e-22
	End 2 Forces (P MZ VY MY VZ T): 4151.47 -49651.3 6.03759e-12 1.54572e+07 23205 -6.93889e-22

DispBeamColumn3d, element id:  47
	Connected external nodes:  19 20 
	CoordTransf: 47
	mass density:  0, cMass: 0
	End 1 Forces (P Mz Vy My Vz T): -5030.13 -58191.7 8.01228e-12 -1.49806e+07 23205 -0
	End 2 Forces (P Mz Vy My Vz T): 5030.13 58191.7 -8.01228e-12 1.49806e+07 23205 0
Number of sections: 4
Legendre
