
 Node: 1
	Coordinates  : 3000 3000 4000 
	Disps: -57.7589 -4.60222e-13 -49.4213 -7.07524e-17 -0.0151722 -2.66849e-16 
	 unbalanced Load: 0 0 0 0 0 0 
	Mass : 
0.9002 0 0 0 0 0 
0 0.9002 0 0 0 0 
0 0 0 0 0 0 
0 0 0 0 0 0 
0 0 0 0 0 0 
0 0 0 0 0 0 

	 Rayleigh Factor: alphaM: 0
	 Rayleigh Forces: 0 0 0 0 0 0 
	ID : 0 1 2 3 4 5 


 Node: 2
	Coordinates  : 3000 3000 8000 
	Disps: -124.987 -2.33639e-13 -47.9428 -5.38822e-17 -0.0157413 -1.79863e-16 
	 unbalanced Load: -1.69474e+06 0 -500000 0 0 0 
	Mass : 
0.4896 0 0 0 0 0 
0 0.4896 0 0 0 0 
0 0 0 0 0 0 
0 0 0 0 0 0 
0 0 0 0 0 0 
0 0 0 0 0 0 

	 Rayleigh Factor: alphaM: 0
	 Rayleigh Forces: 0 0 0 0 0 0 
	ID : 6 7 8 9 10 11 


 Node: 3
	Coordinates  : 0 3000 4000 
	Disps: -57.8767 1.79968e-13 -90.0391 1.75467e-17 -0.0148229 -1.52497e-16 
	 unbalanced Load: 0 0 0 0 0 0 
	Mass : 
0.9002 0 0 0 0 0 
0 0.9002 0 0 0 0 
0 0 0 0 0 0 
0 0 0 0 0 0 
0 0 0 0 0 0 
0 0 0 0 0 0 

	 Rayleigh Factor: alphaM: 0
	 Rayleigh Forces: 0 0 0 0 0 0 
	ID : 12 13 14 15 16 17 


 Node: 4
	Coordinates  : 0 3000 8000 
	Disps: -125.018 3.71686e-13 -92.2109 -8.321e-17 -0.0158308 -2.32835e-16 
	 unbalanced Load: -1.69474e+06 0 -500000 0 0 0 
	Mass : 
0.4896 0 0 0 0 0 
0 0.4896 0 0 0 0 
0 0 0 0 0 0 
0 0 0 0 0 0 
0 0 0 0 0 0 
0 0 0 0 0 0 

	 Rayleigh Factor: alphaM: 0
	 Rayleigh Forces: 0 0 0 0 0 0 
	ID : 18 19 20 21 22 23 


 Node: 5
	Coordinates  : 0 0 4000 
	Disps: -57.8767 1.64502e-13 -90.0391 -9.21595e-17 -0.0148229 -1.88534e-16 
	 unbalanced Load: 0 0 0 0 0 0 
	Mass : 
0.9002 0 0 0 0 0 
0 0.9002 0 0 0 0 
0 0 0 0 0 0 
0 0 0 0 0 0 
0 0 0 0 0 0 
0 0 0 0 0 0 

	 Rayleigh Factor: alphaM: 0
	 Rayleigh Forces: 0 0 0 0 0 0 
	ID : 24 25 26 27 28 29 


 Node: 6
	Coordinates  : 0 0 8000 
	Disps: -125.018 3.97261e-13 -92.2109 -5.50094e-17 -0.0158308 -1.6336e-16 
	 unbalanced Load: -1.69474e+06 0 -500000 0 0 0 
	Mass : 
0.4896 0 0 0 0 0 
0 0.4896 0 0 0 0 
0 0 0 0 0 0 
0 0 0 0 0 0 
0 0 0 0 0 0 
0 0 0 0 0 0 

	 Rayleigh Factor: alphaM: 0
	 Rayleigh Forces: 0 0 0 0 0 0 
	ID : 30 31 32 33 34 35 


 Node: 7
	Coordinates  : 3000 0 4000 
	Disps: -57.7589 -4.70592e-13 -49.4213 -7.93545e-17 -0.0151722 -2.46636e-16 
	 unbalanced Load: 0 0 0 0 0 0 
	Mass : 
0.9002 0 0 0 0 0 
0 0.9002 0 0 0 0 
0 0 0 0 0 0 
0 0 0 0 0 0 
0 0 0 0 0 0 
0 0 0 0 0 0 

	 Rayleigh Factor: alphaM: 0
	 Rayleigh Forces: 0 0 0 0 0 0 
	ID : 36 37 38 39 40 41 


 Node: 8
	Coordinates  : 3000 0 8000 
	Disps: -124.987 -2.21558e-13 -47.9428 -2.40385e-17 -0.0157413 -2.29321e-16 
	 unbalanced Load: -1.69474e+06 0 -500000 0 0 0 
	Mass : 
0.4896 0 0 0 0 0 
0 0.4896 0 0 0 0 
0 0 0 0 0 0 
0 0 0 0 0 0 
0 0 0 0 0 0 
0 0 0 0 0 0 

	 Rayleigh Factor: alphaM: 0
	 Rayleigh Forces: 0 0 0 0 0 0 
	ID : 42 43 44 45 46 47 


 Node: 9
	Coordinates  : 3000 3000 0 
	Disps: 0 0 0 0 0 0 
	 unbalanced Load: 0 0 0 0 0 0 
	Mass : 
0.4106 0 0 0 0 0 
0 0.4106 0 0 0 0 
0 0 0 0 0 0 
0 0 0 0 0 0 
0 0 0 0 0 0 
0 0 0 0 0 0 

	 Rayleigh Factor: alphaM: 0
	 Rayleigh Forces: 0 0 0 0 0 0 
	ID : -1 -1 -1 -1 -1 -1 


 Node: 10
	Coordinates  : 0 3000 0 
	Disps: 0 0 0 0 0 0 
	 unbalanced Load: 0 0 0 0 0 0 
	Mass : 
0.4106 0 0 0 0 0 
0 0.4106 0 0 0 0 
0 0 0 0 0 0 
0 0 0 0 0 0 
0 0 0 0 0 0 
0 0 0 0 0 0 

	 Rayleigh Factor: alphaM: 0
	 Rayleigh Forces: 0 0 0 0 0 0 
	ID : -1 -1 -1 -1 -1 -1 


 Node: 11
	Coordinates  : 0 0 0 
	Disps: 0 0 0 0 0 0 
	 unbalanced Load: 0 0 0 0 0 0 
	Mass : 
0.4106 0 0 0 0 0 
0 0.4106 0 0 0 0 
0 0 0 0 0 0 
0 0 0 0 0 0 
0 0 0 0 0 0 
0 0 0 0 0 0 

	 Rayleigh Factor: alphaM: 0
	 Rayleigh Forces: 0 0 0 0 0 0 
	ID : -1 -1 -1 -1 -1 -1 


 Node: 12
	Coordinates  : 3000 0 0 
	Disps: 0 0 0 0 0 0 
	 unbalanced Load: 0 0 0 0 0 0 
	Mass : 
0.4106 0 0 0 0 0 
0 0.4106 0 0 0 0 
0 0 0 0 0 0 
0 0 0 0 0 0 
0 0 0 0 0 0 
0 0 0 0 0 0 

	 Rayleigh Factor: alphaM: 0
	 Rayleigh Forces: 0 0 0 0 0 0 
	ID : -1 -1 -1 -1 -1 -1 


 Node: 13
	Coordinates  : 3000 3000 4800 
	Disps: -70.5039 -4.08111e-13 -49.1256 -5.93645e-17 -0.0165822 -2.49452e-16 
	 unbalanced Load: 0 0 0 0 0 0 
	ID : 48 49 50 51 52 53 


 Node: 14
	Coordinates  : 3000 3000 5600 
	Disps: -84.1176 -3.62703e-13 -48.8299 -5.43594e-17 -0.0173441 -2.32055e-16 
	 unbalanced Load: 0 0 0 0 0 0 
	ID : 54 55 56 57 58 59 


 Node: 15
	Coordinates  : 3000 3000 6400 
	Disps: -98.0817 -3.1983e-13 -48.5342 -5.34308e-17 -0.017458 -2.14657e-16 
	 unbalanced Load: 0 0 0 0 0 0 
	ID : 60 61 62 63 64 65 


 Node: 16
	Coordinates  : 3000 3000 7200 
	Disps: -111.878 -2.76863e-13 -48.2385 -5.35754e-17 -0.0169237 -1.9726e-16 
	 unbalanced Load: 0 0 0 0 0 0 
	ID : 66 67 68 69 70 71 


 Node: 17
	Coordinates  : 0 3000 4800 
	Disps: -70.4224 1.79826e-13 -90.4735 -1.64794e-17 -0.0164247 -1.68565e-16 
	 unbalanced Load: 0 0 0 0 0 0 
	ID : 72 73 74 75 76 77 


 Node: 18
	Coordinates  : 0 3000 5600 
	Disps: -83.9695 2.04982e-13 -90.9078 -4.53553e-17 -0.0173263 -1.84632e-16 
	 unbalanced Load: 0 0 0 0 0 0 
	ID : 78 79 80 81 82 83 


 Node: 19
	Coordinates  : 0 3000 6400 
	Disps: -97.9578 2.49744e-13 -91.3422 -6.47162e-17 -0.0175279 -2.007e-16 
	 unbalanced Load: 0 0 0 0 0 0 
	ID : 84 85 86 87 88 89 


 Node: 20
	Coordinates  : 0 3000 7200 
	Disps: -111.827 3.0724e-13 -91.7765 -7.70155e-17 -0.0170294 -2.16768e-16 
	 unbalanced Load: 0 0 0 0 0 0 
	ID : 90 91 92 93 94 95 


 Node: 21
	Coordinates  : 0 0 4800 
	Disps: -70.4224 2.28584e-13 -90.4735 -6.96166e-17 -0.0164247 -1.83499e-16 
	 unbalanced Load: 0 0 0 0 0 0 
	ID : 96 97 98 99 100 101 


 Node: 22
	Coordinates  : 0 0 5600 
	Disps: -83.9695 2.78063e-13 -90.9078 -5.44184e-17 -0.0173263 -1.78464e-16 
	 unbalanced Load: 0 0 0 0 0 0 
	ID : 102 103 104 105 106 107 


 Node: 23
	Coordinates  : 0 0 6400 
	Disps: -97.9578 3.18554e-13 -91.3422 -4.84351e-17 -0.0175279 -1.7343e-16 
	 unbalanced Load: 0 0 0 0 0 0 
	ID : 108 109 110 111 112 113 


 Node: 24
	Coordinates  : 0 0 7200 
	Disps: -111.827 3.56207e-13 -91.7765 -4.79723e-17 -0.0170294 -1.68395e-16 
	 unbalanced Load: 0 0 0 0 0 0 
	ID : 114 115 116 117 118 119 


 Node: 25
	Coordinates  : 3000 0 4800 
	Disps: -70.5039 -4.06723e-13 -49.1256 -8.01488e-17 -0.0165822 -2.43173e-16 
	 unbalanced Load: 0 0 0 0 0 0 
	ID : 120 121 122 123 124 125 


 Node: 26
	Coordinates  : 3000 0 5600 
	Disps: -84.1176 -3.45176e-13 -48.8299 -7.26654e-17 -0.0173441 -2.3971e-16 
	 unbalanced Load: 0 0 0 0 0 0 
	ID : 126 127 128 129 130 131 


 Node: 27
	Coordinates  : 3000 0 6400 
	Disps: -98.0817 -2.90992e-13 -48.5342 -6.11368e-17 -0.017458 -2.36247e-16 
	 unbalanced Load: 0 0 0 0 0 0 
	ID : 132 133 134 135 136 137 


 Node: 28
	Coordinates  : 3000 0 7200 
	Disps: -111.878 -2.48686e-13 -48.2385 -4.36514e-17 -0.0169237 -2.32784e-16 
	 unbalanced Load: 0 0 0 0 0 0 
	ID : 138 139 140 141 142 143 


 Node: 29
	Coordinates  : 0 600 8000 
	Disps: -125.018 3.81036e-13 -92.2109 9.33545e-17 -0.0158308 -8.04568e-17 
	 unbalanced Load: 0 0 0 0 0 0 
	Mass : 
0.09759 0 0 0 0 0 
0 0.09759 0 0 0 0 
0 0 0 0 0 0 
0 0 0 0 0 0 
0 0 0 0 0 0 
0 0 0 0 0 0 

	 Rayleigh Factor: alphaM: 0
	 Rayleigh Forces: 0 0 0 0 0 0 
	ID : 144 145 146 147 148 149 


 Node: 30
	Coordinates  : 0 1200 8000 
	Disps: -125.018 3.80396e-13 -92.2109 -2.49741e-18 -0.0158308 -3.82825e-16 
	 unbalanced Load: 0 0 0 0 0 0 
	Mass : 
0.1115 0 0 0 0 0 
0 0.1115 0 0 0 0 
0 0 0 0 0 0 
0 0 0 0 0 0 
0 0 0 0 0 0 
0 0 0 0 0 0 

	 Rayleigh Factor: alphaM: 0
	 Rayleigh Forces: 0 0 0 0 0 0 
	ID : 150 151 152 153 154 155 


 Node: 31
	Coordinates  : 0 1800 8000 
	Disps: -125.018 3.7973e-13 -92.2109 -6.61825e-17 -0.0158308 -3.59534e-16 
	 unbalanced Load: 0 0 0 0 0 0 
	Mass : 
0.1115 0 0 0 0 0 
0 0.1115 0 0 0 0 
0 0 0 0 0 0 
0 0 0 0 0 0 
0 0 0 0 0 0 
0 0 0 0 0 0 

	 Rayleigh Factor: alphaM: 0
	 Rayleigh Forces: 0 0 0 0 0 0 
	ID : 156 157 158 159 160 161 


 Node: 32
	Coordinates  : 0 2400 8000 
	Disps: -125.018 3.71081e-13 -92.2109 -4.70122e-17 -0.0158308 -3.76573e-16 
	 unbalanced Load: 0 0 0 0 0 0 
	Mass : 
0.09759 0 0 0 0 0 
0 0.09759 0 0 0 0 
0 0 0 0 0 0 
0 0 0 0 0 0 
0 0 0 0 0 0 
0 0 0 0 0 0 

	 Rayleigh Factor: alphaM: 0
	 Rayleigh Forces: 0 0 0 0 0 0 
	ID : 162 163 164 165 166 167 


 Node: 33
	Coordinates  : 3000 600 8000 
	Disps: -124.987 -2.24864e-13 -47.9428 -9.0229e-17 -0.0157413 -3.80139e-16 
	 unbalanced Load: 0 0 0 0 0 0 
	Mass : 
0.09759 0 0 0 0 0 
0 0.09759 0 0 0 0 
0 0 0 0 0 0 
0 0 0 0 0 0 
0 0 0 0 0 0 
0 0 0 0 0 0 

	 Rayleigh Factor: alphaM: 0
	 Rayleigh Forces: 0 0 0 0 0 0 
	ID : 168 169 170 171 172 173 


 Node: 34
	Coordinates  : 3000 1200 8000 
	Disps: -124.987 -2.24095e-13 -47.9428 -1.57516e-16 -0.0157413 -3.34695e-16 
	 unbalanced Load: 0 0 0 0 0 0 
	Mass : 
0.1115 0 0 0 0 0 
0 0.1115 0 0 0 0 
0 0 0 0 0 0 
0 0 0 0 0 0 
0 0 0 0 0 0 
0 0 0 0 0 0 

	 Rayleigh Factor: alphaM: 0
	 Rayleigh Forces: 0 0 0 0 0 0 
	ID : 174 175 176 177 178 179 


 Node: 35
	Coordinates  : 3000 1800 8000 
	Disps: -124.987 -2.37942e-13 -47.9428 -1.56379e-16 -0.0157413 -2.72639e-16 
	 unbalanced Load: 0 0 0 0 0 0 
	Mass : 
0.1115 0 0 0 0 0 
0 0.1115 0 0 0 0 
0 0 0 0 0 0 
0 0 0 0 0 0 
0 0 0 0 0 0 
0 0 0 0 0 0 

	 Rayleigh Factor: alphaM: 0
	 Rayleigh Forces: 0 0 0 0 0 0 
	ID : 180 181 182 183 184 185 


 Node: 36
	Coordinates  : 3000 2400 8000 
	Disps: -124.987 -2.36257e-13 -47.9428 -6.07961e-17 -0.0157413 -2.67475e-16 
	 unbalanced Load: 0 0 0 0 0 0 
	Mass : 
0.09759 0 0 0 0 0 
0 0.09759 0 0 0 0 
0 0 0 0 0 0 
0 0 0 0 0 0 
0 0 0 0 0 0 
0 0 0 0 0 0 

	 Rayleigh Factor: alphaM: 0
	 Rayleigh Forces: 0 0 0 0 0 0 
	ID : 186 187 188 189 190 191 


 Node: 37
	Coordinates  : 600 0 8000 
	Disps: -125.012 2.9217e-13 -83.0392 -4.88152e-17 -0.0148241 -1.86228e-16 
	 unbalanced Load: 0 0 0 0 0 0 
	Mass : 
0.1706 0 0 0 0 0 
0 0.1706 0 0 0 0 
0 0 0 0 0 0 
0 0 0 0 0 0 
0 0 0 0 0 0 
0 0 0 0 0 0 

	 Rayleigh Factor: alphaM: 0
	 Rayleigh Forces: 0 0 0 0 0 0 
	ID : 192 193 194 195 196 197 


 Node: 38
	Coordinates  : 1200 0 8000 
	Disps: -125.006 1.7485e-13 -74.3231 -4.26211e-17 -0.0143117 -2.0383e-16 
	 unbalanced Load: 0 0 0 0 0 0 
	Mass : 
0.1892 0 0 0 0 0 
0 0.1892 0 0 0 0 
0 0 0 0 0 0 
0 0 0 0 0 0 
0 0 0 0 0 0 
0 0 0 0 0 0 

	 Rayleigh Factor: alphaM: 0
	 Rayleigh Forces: 0 0 0 0 0 0 
	ID : 198 199 200 201 202 203 


 Node: 39
	Coordinates  : 1800 0 8000 
	Disps: -124.999 4.83944e-14 -65.7662 -3.64269e-17 -0.0142939 -2.16934e-16 
	 unbalanced Load: 0 0 0 0 0 0 
	Mass : 
0.1892 0 0 0 0 0 
0 0.1892 0 0 0 0 
0 0 0 0 0 0 
0 0 0 0 0 0 
0 0 0 0 0 0 
0 0 0 0 0 0 

	 Rayleigh Factor: alphaM: 0
	 Rayleigh Forces: 0 0 0 0 0 0 
	ID : 204 205 206 207 208 209 


 Node: 40
	Coordinates  : 2400 0 8000 
	Disps: -124.993 -8.46227e-14 -57.0716 -3.02327e-17 -0.0147704 -2.25686e-16 
	 unbalanced Load: 0 0 0 0 0 0 
	Mass : 
0.1706 0 0 0 0 0 
0 0.1706 0 0 0 0 
0 0 0 0 0 0 
0 0 0 0 0 0 
0 0 0 0 0 0 
0 0 0 0 0 0 

	 Rayleigh Factor: alphaM: 0
	 Rayleigh Forces: 0 0 0 0 0 0 
	ID : 210 211 212 213 214 215 


 Node: 41
	Coordinates  : 600 3000 8000 
	Disps: -125.012 2.36637e-13 -83.0392 -7.73445e-17 -0.0148241 -2.17881e-16 
	 unbalanced Load: 0 0 0 0 0 0 
	Mass : 
0.1706 0 0 0 0 0 
0 0.1706 0 0 0 0 
0 0 0 0 0 0 
0 0 0 0 0 0 
0 0 0 0 0 0 
0 0 0 0 0 0 

	 Rayleigh Factor: alphaM: 0
	 Rayleigh Forces: 0 0 0 0 0 0 
	ID : 216 217 218 219 220 221 


 Node: 42
	Coordinates  : 1200 3000 8000 
	Disps: -125.006 1.09929e-13 -74.3231 -7.14789e-17 -0.0143117 -2.04952e-16 
	 unbalanced Load: 0 0 0 0 0 0 
	Mass : 
0.1892 0 0 0 0 0 
0 0.1892 0 0 0 0 
0 0 0 0 0 0 
0 0 0 0 0 0 
0 0 0 0 0 0 
0 0 0 0 0 0 

	 Rayleigh Factor: alphaM: 0
	 Rayleigh Forces: 0 0 0 0 0 0 
	ID : 222 223 224 225 226 227 


 Node: 43
	Coordinates  : 1800 3000 8000 
	Disps: -124.999 -9.8282e-15 -65.7662 -6.56133e-17 -0.0142939 -1.94576e-16 
	 unbalanced Load: 0 0 0 0 0 0 
	Mass : 
0.1892 0 0 0 0 0 
0 0.1892 0 0 0 0 
0 0 0 0 0 0 
0 0 0 0 0 0 
0 0 0 0 0 0 
0 0 0 0 0 0 

	 Rayleigh Factor: alphaM: 0
	 Rayleigh Forces: 0 0 0 0 0 0 
	ID : 228 229 230 231 232 233 


 Node: 44
	Coordinates  : 2400 3000 8000 
	Disps: -124.993 -1.24049e-13 -57.0716 -5.97478e-17 -0.0147704 -1.86399e-16 
	 unbalanced Load: 0 0 0 0 0 0 
	Mass : 
0.1706 0 0 0 0 0 
0 0.1706 0 0 0 0 
0 0 0 0 0 0 
0 0 0 0 0 0 
0 0 0 0 0 0 
0 0 0 0 0 0 

	 Rayleigh Factor: alphaM: 0
	 Rayleigh Forces: 0 0 0 0 0 0 
	ID : 234 235 236 237 238 239 


 Node: 45
	Coordinates  : 3000 3000 800 
	Disps: -8.75891 -4.69411e-14 -5.3182 1.6914e-16 -0.0223097 -5.33699e-17 
	 unbalanced Load: 0 0 0 0 0 0 
	ID : 240 241 242 243 244 245 


 Node: 46
	Coordinates  : 3000 3000 1600 
	Disps: -24.0907 -1.60037e-13 -16.3838 8.63191e-17 -0.0164813 -1.0674e-16 
	 unbalanced Load: 0 0 0 0 0 0 
	ID : 246 247 248 249 250 251 


 Node: 47
	Coordinates  : 3000 3000 2400 
	Disps: -35.8965 -3.85135e-13 -27.4536 2.94449e-16 -0.013515 -1.6011e-16 
	 unbalanced Load: 0 0 0 0 0 0 
	ID : 252 253 254 255 256 257 


 Node: 48
	Coordinates  : 3000 3000 3200 
	Disps: -46.4858 -5.53888e-13 -38.5233 -6.48253e-17 -0.0134402 -2.1348e-16 
	 unbalanced Load: 0 0 0 0 0 0 
	ID : 258 259 260 261 262 263 


 Node: 49
	Coordinates  : 0 3000 800 
	Disps: -4.12185 -5.16087e-14 -18.0078 -1.43467e-16 -0.00974 -3.04994e-17 
	 unbalanced Load: 0 0 0 0 0 0 
	ID : 264 265 266 267 268 269 


 Node: 50
	Coordinates  : 0 3000 1600 
	Disps: -14.6806 1.14501e-13 -36.0157 -2.35516e-16 -0.0160923 -6.09988e-17 
	 unbalanced Load: 0 0 0 0 0 0 
	ID : 270 271 272 273 274 275 


 Node: 51
	Coordinates  : 0 3000 2400 
	Disps: -28.9661 3.20084e-13 -54.0235 -2.30573e-16 -0.0190569 -9.14982e-17 
	 unbalanced Load: 0 0 0 0 0 0 
	ID : 276 277 278 279 280 281 


 Node: 52
	Coordinates  : 0 3000 3200 
	Disps: -44.2682 3.29343e-13 -72.0313 2.08638e-16 -0.0186337 -1.21998e-16 
	 unbalanced Load: 0 0 0 0 0 0 
	ID : 282 283 284 285 286 287 


 Node: 53
	Coordinates  : 0 0 800 
	Disps: -4.12185 -5.81118e-14 -18.0078 -2.05765e-16 -0.00974 -3.77068e-17 
	 unbalanced Load: 0 0 0 0 0 0 
	ID : 288 289 290 291 292 293 


 Node: 54
	Coordinates  : 0 0 1600 
	Disps: -14.6806 9.45267e-14 -36.0157 -1.93141e-16 -0.0160923 -7.54136e-17 
	 unbalanced Load: 0 0 0 0 0 0 
	ID : 294 295 296 297 298 299 


 Node: 55
	Coordinates  : 0 0 2400 
	Disps: -28.9661 2.55576e-13 -54.0235 -1.43412e-16 -0.0190569 -1.1312e-16 
	 unbalanced Load: 0 0 0 0 0 0 
	ID : 300 301 302 303 304 305 


 Node: 56
	Coordinates  : 0 0 3200 
	Disps: -44.2682 2.87478e-13 -72.0313 1.09309e-16 -0.0186337 -1.50827e-16 
	 unbalanced Load: 0 0 0 0 0 0 
	ID : 306 307 308 309 310 311 


 Node: 57
	Coordinates  : 3000 0 800 
	Disps: -8.75891 -4.97942e-14 -5.3182 1.11638e-16 -0.0223097 -4.93273e-17 
	 unbalanced Load: 0 0 0 0 0 0 
	ID : 312 313 314 315 316 317 


 Node: 58
	Coordinates  : 3000 0 1600 
	Disps: -24.0907 -1.22284e-13 -16.3838 2.11041e-16 -0.0164813 -9.86545e-17 
	 unbalanced Load: 0 0 0 0 0 0 
	ID : 318 319 320 321 322 323 


 Node: 59
	Coordinates  : 3000 0 2400 
	Disps: -35.8965 -3.30677e-13 -27.4536 2.41905e-16 -0.013515 -1.47982e-16 
	 unbalanced Load: 0 0 0 0 0 0 
	ID : 324 325 326 327 328 329 


 Node: 60
	Coordinates  : 3000 0 3200 
	Disps: -46.4858 -4.5651e-13 -38.5233 1.12171e-16 -0.0134402 -1.97309e-16 
	 unbalanced Load: 0 0 0 0 0 0 
	ID : 330 331 332 333 334 335 


 Node: 61
	Coordinates  : 0 600 4000 
	Disps: -57.8767 1.78509e-13 -90.0391 -1.76517e-17 -0.0148229 -7.622e-18 
	 unbalanced Load: 0 0 0 0 0 0 
	Mass : 
0.09759 0 0 0 0 0 
0 0.09759 0 0 0 0 
0 0 0 0 0 0 
0 0 0 0 0 0 
0 0 0 0 0 0 
0 0 0 0 0 0 

	 Rayleigh Factor: alphaM: 0
	 Rayleigh Forces: 0 0 0 0 0 0 
	ID : 336 337 338 339 340 341 


 Node: 62
	Coordinates  : 0 1200 4000 
	Disps: -57.8767 1.70667e-13 -90.0391 -1.96468e-17 -0.0148229 -3.502e-17 
	 unbalanced Load: 0 0 0 0 0 0 
	Mass : 
0.1115 0 0 0 0 0 
0 0.1115 0 0 0 0 
0 0 0 0 0 0 
0 0 0 0 0 0 
0 0 0 0 0 0 
0 0 0 0 0 0 

	 Rayleigh Factor: alphaM: 0
	 Rayleigh Forces: 0 0 0 0 0 0 
	ID : 342 343 344 345 346 347 


 Node: 63
	Coordinates  : 0 1800 4000 
	Disps: -57.8767 1.80574e-13 -90.0391 7.14269e-17 -0.0148229 -1.41572e-16 
	 unbalanced Load: 0 0 0 0 0 0 
	Mass : 
0.1115 0 0 0 0 0 
0 0.1115 0 0 0 0 
0 0 0 0 0 0 
0 0 0 0 0 0 
0 0 0 0 0 0 
0 0 0 0 0 0 

	 Rayleigh Factor: alphaM: 0
	 Rayleigh Forces: 0 0 0 0 0 0 
	ID : 348 349 350 351 352 353 


 Node: 64
	Coordinates  : 0 2400 4000 
	Disps: -57.8767 1.92359e-13 -90.0391 -4.20943e-17 -0.0148229 -2.00153e-16 
	 unbalanced Load: 0 0 0 0 0 0 
	Mass : 
0.09759 0 0 0 0 0 
0 0.09759 0 0 0 0 
0 0 0 0 0 0 
0 0 0 0 0 0 
0 0 0 0 0 0 
0 0 0 0 0 0 

	 Rayleigh Factor: alphaM: 0
	 Rayleigh Forces: 0 0 0 0 0 0 
	ID : 354 355 356 357 358 359 


 Node: 65
	Coordinates  : 3000 600 4000 
	Disps: -57.7589 -4.64612e-13 -49.4213 -1.04189e-16 -0.0151722 -1.29069e-16 
	 unbalanced Load: 0 0 0 0 0 0 
	Mass : 
0.09759 0 0 0 0 0 
0 0.09759 0 0 0 0 
0 0 0 0 0 0 
0 0 0 0 0 0 
0 0 0 0 0 0 
0 0 0 0 0 0 

	 Rayleigh Factor: alphaM: 0
	 Rayleigh Forces: 0 0 0 0 0 0 
	ID : 360 361 362 363 364 365 


 Node: 66
	Coordinates  : 3000 1200 4000 
	Disps: -57.7589 -4.58547e-13 -49.4213 -1.2529e-16 -0.0151722 -4.16593e-17 
	 unbalanced Load: 0 0 0 0 0 0 
	Mass : 
0.1115 0 0 0 0 0 
0 0.1115 0 0 0 0 
0 0 0 0 0 0 
0 0 0 0 0 0 
0 0 0 0 0 0 
0 0 0 0 0 0 

	 Rayleigh Factor: alphaM: 0
	 Rayleigh Forces: 0 0 0 0 0 0 
	ID : 366 367 368 369 370 371 


 Node: 67
	Coordinates  : 3000 1800 4000 
	Disps: -57.7589 -4.69967e-13 -49.4213 -6.22534e-17 -0.0151722 -1.12023e-16 
	 unbalanced Load: 0 0 0 0 0 0 
	Mass : 
0.1115 0 0 0 0 0 
0 0.1115 0 0 0 0 
0 0 0 0 0 0 
0 0 0 0 0 0 
0 0 0 0 0 0 
0 0 0 0 0 0 

	 Rayleigh Factor: alphaM: 0
	 Rayleigh Forces: 0 0 0 0 0 0 
	ID : 372 373 374 375 376 377 


 Node: 68
	Coordinates  : 3000 2400 4000 
	Disps: -57.7589 -4.44687e-13 -49.4213 -9.49036e-17 -0.0151722 -9.99395e-17 
	 unbalanced Load: 0 0 0 0 0 0 
	Mass : 
0.09759 0 0 0 0 0 
0 0.09759 0 0 0 0 
0 0 0 0 0 0 
0 0 0 0 0 0 
0 0 0 0 0 0 
0 0 0 0 0 0 

	 Rayleigh Factor: alphaM: 0
	 Rayleigh Forces: 0 0 0 0 0 0 
	ID : 378 379 380 381 382 383 


 Node: 69
	Coordinates  : 600 0 4000 
	Disps: -57.8531 4.97638e-14 -81.5794 -8.95985e-17 -0.0134928 -1.94511e-16 
	 unbalanced Load: 0 0 0 0 0 0 
	Mass : 
0.3259 0 0 0 0 0 
0 0.3259 0 0 0 0 
0 0 0 0 0 0 
0 0 0 0 0 0 
0 0 0 0 0 0 
0 0 0 0 0 0 

	 Rayleigh Factor: alphaM: 0
	 Rayleigh Forces: 0 0 0 0 0 0 
	ID : 384 385 386 387 388 389 


 Node: 70
	Coordinates  : 1200 0 4000 
	Disps: -57.8296 -6.94339e-14 -73.7078 -8.70375e-17 -0.0128627 -2.03347e-16 
	 unbalanced Load: 0 0 0 0 0 0 
	Mass : 
0.3445 0 0 0 0 0 
0 0.3445 0 0 0 0 
0 0 0 0 0 0 
0 0 0 0 0 0 
0 0 0 0 0 0 
0 0 0 0 0 0 

	 Rayleigh Factor: alphaM: 0
	 Rayleigh Forces: 0 0 0 0 0 0 
	ID : 390 391 392 393 394 395 


 Node: 71
	Coordinates  : 1800 0 4000 
	Disps: -57.806 -1.94728e-13 -66.0042 -8.44765e-17 -0.0129326 -2.14694e-16 
	 unbalanced Load: 0 0 0 0 0 0 
	Mass : 
0.3445 0 0 0 0 0 
0 0.3445 0 0 0 0 
0 0 0 0 0 0 
0 0 0 0 0 0 
0 0 0 0 0 0 
0 0 0 0 0 0 

	 Rayleigh Factor: alphaM: 0
	 Rayleigh Forces: 0 0 0 0 0 0 
	ID : 396 397 398 399 400 401 


 Node: 72
	Coordinates  : 2400 0 4000 
	Disps: -57.7825 -3.27755e-13 -58.0487 -8.19155e-17 -0.0137024 -2.29151e-16 
	 unbalanced Load: 0 0 0 0 0 0 
	Mass : 
0.3259 0 0 0 0 0 
0 0.3259 0 0 0 0 
0 0 0 0 0 0 
0 0 0 0 0 0 
0 0 0 0 0 0 
0 0 0 0 0 0 

	 Rayleigh Factor: alphaM: 0
	 Rayleigh Forces: 0 0 0 0 0 0 
	ID : 402 403 404 405 406 407 


 Node: 73
	Coordinates  : 600 3000 4000 
	Disps: -57.8531 8.05762e-14 -81.5794 -1.13163e-19 -0.0134928 -1.7879e-16 
	 unbalanced Load: 0 0 0 0 0 0 
	Mass : 
0.3259 0 0 0 0 0 
0 0.3259 0 0 0 0 
0 0 0 0 0 0 
0 0 0 0 0 0 
0 0 0 0 0 0 
0 0 0 0 0 0 

	 Rayleigh Factor: alphaM: 0
	 Rayleigh Forces: 0 0 0 0 0 0 
	ID : 408 409 410 411 412 413 


 Node: 74
	Coordinates  : 1200 3000 4000 
	Disps: -57.8296 -3.42625e-14 -73.7078 -1.7773e-17 -0.0128627 -2.03577e-16 
	 unbalanced Load: 0 0 0 0 0 0 
	Mass : 
0.3445 0 0 0 0 0 
0 0.3445 0 0 0 0 
0 0 0 0 0 0 
0 0 0 0 0 0 
0 0 0 0 0 0 
0 0 0 0 0 0 

	 Rayleigh Factor: alphaM: 0
	 Rayleigh Forces: 0 0 0 0 0 0 
	ID : 414 415 416 417 418 419 


 Node: 75
	Coordinates  : 1800 3000 4000 
	Disps: -57.806 -1.63363e-13 -66.0042 -3.54328e-17 -0.0129326 -2.26489e-16 
	 unbalanced Load: 0 0 0 0 0 0 
	Mass : 
0.3445 0 0 0 0 0 
0 0.3445 0 0 0 0 
0 0 0 0 0 0 
0 0 0 0 0 0 
0 0 0 0 0 0 
0 0 0 0 0 0 

	 Rayleigh Factor: alphaM: 0
	 Rayleigh Forces: 0 0 0 0 0 0 
	ID : 420 421 422 423 424 425 


 Node: 76
	Coordinates  : 2400 3000 4000 
	Disps: -57.7825 -3.05729e-13 -58.0487 -5.30926e-17 -0.0137024 -2.47612e-16 
	 unbalanced Load: 0 0 0 0 0 0 
	Mass : 
0.3259 0 0 0 0 0 
0 0.3259 0 0 0 0 
0 0 0 0 0 0 
0 0 0 0 0 0 
0 0 0 0 0 0 
0 0 0 0 0 0 

	 Rayleigh Factor: alphaM: 0
	 Rayleigh Forces: 0 0 0 0 0 0 
	ID : 426 427 428 429 430 431 


 Node: 77
	Coordinates  : 600 3000 4800 
	Disps: -70.542 8.34427e-14 -82.1966 -7.55595e-18 -0.0149377 -1.67418e-16 
	 unbalanced Load: 0 0 0 0 0 0 
	ID : 432 433 434 435 436 437 


 Node: 78
	Coordinates  : 1200 3000 5600 
	Disps: -83.5035 -7.22465e-15 -74.1319 -3.76603e-17 -0.0155636 -1.78587e-16 
	 unbalanced Load: 0 0 0 0 0 0 
	ID : 438 439 440 441 442 443 


 Node: 79
	Coordinates  : 1800 3000 6400 
	Disps: -97.1333 -8.76065e-14 -65.5568 -4.47476e-17 -0.0164773 -1.89459e-16 
	 unbalanced Load: 0 0 0 0 0 0 
	ID : 444 445 446 447 448 449 


 Node: 80
	Coordinates  : 2400 3000 7200 
	Disps: -111.207 -1.64206e-13 -56.6395 -4.80497e-17 -0.0165838 -1.8561e-16 
	 unbalanced Load: 0 0 0 0 0 0 
	ID : 450 451 452 453 454 455 


 Node: 81
	Coordinates  : 600 0 4800 
	Disps: -70.542 1.17385e-13 -82.1966 -7.29955e-17 -0.0149377 -1.99861e-16 
	 unbalanced Load: 0 0 0 0 0 0 
	ID : 456 457 458 459 460 461 


 Node: 82
	Coordinates  : 1200 0 5600 
	Disps: -83.5035 4.74576e-14 -74.1319 -6.52216e-17 -0.0155636 -2.02646e-16 
	 unbalanced Load: 0 0 0 0 0 0 
	ID : 462 463 464 465 466 467 


 Node: 83
	Coordinates  : 1800 0 6400 
	Disps: -97.1333 -2.99058e-14 -65.5568 -5.04675e-17 -0.0164773 -2.11651e-16 
	 unbalanced Load: 0 0 0 0 0 0 
	ID : 468 469 470 471 472 473 


 Node: 84
	Coordinates  : 2400 0 7200 
	Disps: -111.207 -1.19852e-13 -56.6395 -4.25407e-17 -0.0165838 -2.1652e-16 
	 unbalanced Load: 0 0 0 0 0 0 
	ID : 474 475 476 477 478 479 


 Node: 85
	Coordinates  : 2400 0 4800 
	Disps: -70.5595 -2.65674e-13 -57.4821 -6.97501e-17 -0.0150815 -2.29798e-16 
	 unbalanced Load: 0 0 0 0 0 0 
	ID : 480 481 482 483 484 485 


 Node: 86
	Coordinates  : 1800 0 5600 
	Disps: -83.5271 -7.67779e-14 -65.6682 -6.55194e-17 -0.0155896 -2.16989e-16 
	 unbalanced Load: 0 0 0 0 0 0 
	ID : 486 487 488 489 490 491 


 Node: 87
	Coordinates  : 1200 0 6400 
	Disps: -97.1175 9.57297e-14 -74.33 -6.00389e-17 -0.0165339 -1.99875e-16 
	 unbalanced Load: 0 0 0 0 0 0 
	ID : 492 493 494 495 496 497 


 Node: 88
	Coordinates  : 600 0 7200 
	Disps: -111.208 2.53862e-13 -83.3759 -5.43535e-17 -0.0166956 -1.7924e-16 
	 unbalanced Load: 0 0 0 0 0 0 
	ID : 498 499 500 501 502 503 


 Node: 89
	Coordinates  : 600 0 800 
	Disps: -3.57652 -2.19781e-14 -25.5934 1.75698e-16 0.0189616 -1.94163e-16 
	 unbalanced Load: 0 0 0 0 0 0 
	ID : 504 505 506 507 508 509 


 Node: 90
	Coordinates  : 1200 0 1600 
	Disps: -6.45108 -1.56412e-13 -51.7132 -8.96187e-17 0.0017549 -5.75646e-17 
	 unbalanced Load: 0 0 0 0 0 0 
	ID : 510 511 512 513 514 515 


 Node: 91
	Coordinates  : 1800 0 2400 
	Disps: -26.2112 -2.35037e-13 -55.4413 4.55923e-17 -0.016927 -2.20203e-16 
	 unbalanced Load: 0 0 0 0 0 0 
	ID : 516 517 518 519 520 521 


 Node: 92
	Coordinates  : 2400 0 3200 
	Disps: -42.336 -4.22084e-13 -52.1681 -4.5595e-16 -0.0136129 9.5882e-17 
	 unbalanced Load: 0 0 0 0 0 0 
	ID : 522 523 524 525 526 527 


 Node: 93
	Coordinates  : 2400 0 800 
	Disps: -0.821573 -1.38576e-13 -19.3629 1.41071e-16 -0.0208045 6.38024e-17 
	 unbalanced Load: 0 0 0 0 0 0 
	ID : 528 529 530 531 532 533 


 Node: 94
	Coordinates  : 1800 0 1600 
	Disps: -11.7219 -1.58072e-13 -45.6877 6.20986e-18 -0.0244804 -7.93443e-17 
	 unbalanced Load: 0 0 0 0 0 0 
	ID : 534 535 536 537 538 539 


 Node: 95
	Coordinates  : 1200 0 2400 
	Disps: -25.0051 -5.5028e-14 -64.7388 -2.3699e-16 -0.021855 -2.85627e-16 
	 unbalanced Load: 0 0 0 0 0 0 
	ID : 540 541 542 543 544 545 


 Node: 96
	Coordinates  : 600 0 3200 
	Disps: -42.645 6.80155e-14 -78.5633 2.49544e-16 -0.0224545 7.35083e-17 
	 unbalanced Load: 0 0 0 0 0 0 
	ID : 546 547 548 549 550 551 


 Node: 97
	Coordinates  : 2400 3000 4800 
	Disps: -70.5595 -2.74676e-13 -57.4821 -3.72788e-17 -0.0150815 -2.21514e-16 
	 unbalanced Load: 0 0 0 0 0 0 
	ID : 552 553 554 555 556 557 


 Node: 98
	Coordinates  : 1800 3000 5600 
	Disps: -83.5271 -1.2221e-13 -65.6682 -3.86898e-17 -0.0155896 -2.02343e-16 
	 unbalanced Load: 0 0 0 0 0 0 
	ID : 558 559 560 561 562 563 


 Node: 99
	Coordinates  : 1200 3000 6400 
	Disps: -97.1175 2.68784e-14 -74.33 -4.18974e-17 -0.0165339 -1.96077e-16 
	 unbalanced Load: 0 0 0 0 0 0 
	ID : 564 565 566 567 568 569 


 Node: 100
	Coordinates  : 600 3000 7200 
	Disps: -111.208 1.82899e-13 -83.3759 -5.55618e-17 -0.0166956 -2.09212e-16 
	 unbalanced Load: 0 0 0 0 0 0 
	ID : 570 571 572 573 574 575 


 Node: 101
	Coordinates  : 600 3000 800 
	Disps: -3.57652 1.69738e-13 -25.5934 1.02492e-16 0.0189616 -1.22651e-16 
	 unbalanced Load: 0 0 0 0 0 0 
	ID : 576 577 578 579 580 581 


 Node: 102
	Coordinates  : 1200 3000 1600 
	Disps: -6.45108 -7.75079e-15 -51.7132 1.42932e-16 0.0017549 -1.98764e-16 
	 unbalanced Load: 0 0 0 0 0 0 
	ID : 582 583 584 585 586 587 


 Node: 103
	Coordinates  : 1800 3000 2400 
	Disps: -26.2112 -1.17488e-13 -55.4413 -7.87607e-17 -0.016927 -9.64777e-17 
	 unbalanced Load: 0 0 0 0 0 0 
	ID : 588 589 590 591 592 593 


 Node: 104
	Coordinates  : 2400 3000 3200 
	Disps: -42.336 -2.53104e-13 -52.1681 7.93571e-17 -0.0136129 -2.97249e-16 
	 unbalanced Load: 0 0 0 0 0 0 
	ID : 594 595 596 597 598 599 


 Node: 105
	Coordinates  : 2400 3000 800 
	Disps: -0.821573 -1.49251e-13 -19.3629 6.86152e-17 -0.0208045 2.04598e-17 
	 unbalanced Load: 0 0 0 0 0 0 
	ID : 600 601 602 603 604 605 


 Node: 106
	Coordinates  : 1800 3000 1600 
	Disps: -11.7219 -1.76379e-13 -45.6877 -1.13538e-16 -0.0244804 -1.47157e-16 
	 unbalanced Load: 0 0 0 0 0 0 
	ID : 606 607 608 609 610 611 


 Node: 107
	Coordinates  : 1200 3000 2400 
	Disps: -25.0051 8.68751e-15 -64.7388 -1.68973e-16 -0.021855 -2.21864e-16 
	 unbalanced Load: 0 0 0 0 0 0 
	ID : 612 613 614 615 616 617 


 Node: 108
	Coordinates  : 600 3000 3200 
	Disps: -42.645 1.84771e-13 -78.5633 -5.54664e-18 -0.0224545 -1.34556e-16 
	 unbalanced Load: 0 0 0 0 0 0 
	ID : 618 619 620 621 622 623 


 Node: 109
	Coordinates  : 1500 3000 6000 
	Disps: -90.2231 -4.75581e-14 -69.9204 -4.03301e-17 -0.0160682 -1.93458e-16 
	 unbalanced Load: 0 0 0 0 0 0 
	ID : 624 625 626 627 628 629 


 Node: 110
	Coordinates  : 1500 0 6000 
	Disps: -90.2231 1.09116e-14 -69.9204 -5.80051e-17 -0.0160682 -2.06536e-16 
	 unbalanced Load: 0 0 0 0 0 0 
	ID : 630 631 632 633 634 635 


 Node: 111
	Coordinates  : 1500 0 2000 
	Disps: -16.6672 -1.63641e-13 -58.189 -3.39807e-17 -0.0204115 -1.30488e-16 
	 unbalanced Load: 0 0 0 0 0 0 
	ID : 636 637 638 639 640 641 


 Node: 112
	Coordinates  : 1500 3000 2000 
	Disps: -16.6672 -1.04518e-13 -58.189 -2.46352e-17 -0.0204115 -9.59804e-17 
	 unbalanced Load: 0 0 0 0 0 0 
	ID : 642 643 644 645 646 647 


DispBeamColumn3d, element id:  1
	Connected external nodes:  1 13 
	CoordTransf: 1
	mass density:  0, cMass: 0
	End 1 Forces (P Mz Vy My Vz T): -1.80838e+06 -2.83821e-07 -1.20233e-10 -2.75092e+08 128517 -8.70956e-09
	End 2 Forces (P Mz Vy My Vz T): 1.80838e+06 1.87635e-07 1.20233e-10 1.72278e+08 -128517 8.70956e-09
Number of sections: 3
Legendre

DispBeamColumn3d, element id:  2
	Connected external nodes:  13 14 
	CoordTransf: 2
	mass density:  0, cMass: 0
	End 1 Forces (P Mz Vy My Vz T): -1.80838e+06 -2.04092e-07 -1.0821e-10 -1.72278e+08 128517 -8.70956e-09
	End 2 Forces (P Mz Vy My Vz T): 1.80838e+06 1.17524e-07 1.0821e-10 6.94648e+07 -128517 8.70956e-09
Number of sections: 3
Legendre

DispBeamColumn3d, element id:  3
	Connected external nodes:  14 15 
	CoordTransf: 3
	mass density:  0, cMass: 0
	End 1 Forces (P Mz Vy My Vz T): -1.80838e+06 -1.14037e-07 -8.26603e-11 -6.94648e+07 128517 -8.70956e-09
	End 2 Forces (P Mz Vy My Vz T): 1.80838e+06 4.79092e-08 8.26603e-11 -3.33488e+07 -128517 8.70956e-09
Number of sections: 3
Legendre

DispBeamColumn3d, element id:  4
	Connected external nodes:  15 16 
	CoordTransf: 4
	mass density:  0, cMass: 0
	End 1 Forces (P Mz Vy My Vz T): -1.80838e+06 -4.73739e-08 -9.61866e-11 3.33488e+07 128517 -8.70956e-09
	End 2 Forces (P Mz Vy My Vz T): 1.80838e+06 -2.95753e-08 9.61866e-11 -1.36163e+08 -128517 8.70956e-09
Number of sections: 3
Legendre

DispBeamColumn3d, element id:  5
	Connected external nodes:  16 2 
	CoordTransf: 5
	mass density:  0, cMass: 0
	End 1 Forces (P Mz Vy My Vz T): -1.80838e+06 4.0653e-08 -1.11779e-10 1.36163e+08 128517 -8.70956e-09
	End 2 Forces (P Mz Vy My Vz T): 1.80838e+06 -1.30076e-07 1.11779e-10 -2.38976e+08 -128517 8.70956e-09
Number of sections: 3
Legendre

DispBeamColumn3d, element id:  6
	Connected external nodes:  3 17 
	CoordTransf: 6
	mass density:  0, cMass: 0
	End 1 Forces (P Mz Vy My Vz T): 2.65635e+06 1.12059e-06 2.40466e-10 -3.0963e+08 138826 8.04388e-09
	End 2 Forces (P Mz Vy My Vz T): -2.65635e+06 -9.28217e-07 -2.40466e-10 1.98569e+08 -138826 -8.04388e-09
Number of sections: 3
Legendre

DispBeamColumn3d, element id:  7
	Connected external nodes:  17 18 
	CoordTransf: 7
	mass density:  0, cMass: 0
	End 1 Forces (P Mz Vy My Vz T): 2.65635e+06 9.39484e-07 3.44168e-10 -1.98569e+08 138826 8.04388e-09
	End 2 Forces (P Mz Vy My Vz T): -2.65635e+06 -6.6415e-07 -3.44168e-10 8.75078e+07 -138826 -8.04388e-09
Number of sections: 3
Legendre

DispBeamColumn3d, element id:  8
	Connected external nodes:  18 19 
	CoordTransf: 8
	mass density:  0, cMass: 0
	End 1 Forces (P Mz Vy My Vz T): 2.65635e+06 7.03968e-07 2.56999e-10 -8.75078e+07 138826 8.04388e-09
	End 2 Forces (P Mz Vy My Vz T): -2.65635e+06 -4.98369e-07 -2.56999e-10 -2.35534e+07 -138826 -8.04388e-09
Number of sections: 3
Legendre

DispBeamColumn3d, element id:  9
	Connected external nodes:  19 20 
	CoordTransf: 9
	mass density:  0, cMass: 0
	End 1 Forces (P Mz Vy My Vz T): 2.65635e+06 4.87776e-07 2.70525e-10 2.35534e+07 138826 8.04388e-09
	End 2 Forces (P Mz Vy My Vz T): -2.65635e+06 -2.71356e-07 -2.70525e-10 -1.34615e+08 -138826 -8.04388e-09
Number of sections: 3
Legendre

DispBeamColumn3d, element id:  10
	Connected external nodes:  20 4 
	CoordTransf: 10
	mass density:  0, cMass: 0
	End 1 Forces (P Mz Vy My Vz T): 2.65635e+06 2.67092e-07 2.67519e-10 1.34615e+08 138826 8.04388e-09
	End 2 Forces (P Mz Vy My Vz T): -2.65635e+06 -5.30764e-08 -2.67519e-10 -2.45676e+08 -138826 -8.04388e-09
Number of sections: 3
Legendre

DispBeamColumn3d, element id:  11
	Connected external nodes:  5 21 
	CoordTransf: 11
	mass density:  0, cMass: 0
	End 1 Forces (P Mz Vy My Vz T): 2.65635e+06 -7.60572e-07 -2.61883e-10 -3.0963e+08 138826 -2.52055e-09
	End 2 Forces (P Mz Vy My Vz T): -2.65635e+06 5.51066e-07 2.61883e-10 1.98569e+08 -138826 2.52055e-09
Number of sections: 3
Legendre

DispBeamColumn3d, element id:  12
	Connected external nodes:  21 22 
	CoordTransf: 12
	mass density:  0, cMass: 0
	End 1 Forces (P Mz Vy My Vz T): 2.65635e+06 -5.40016e-07 -2.60004e-10 -1.98569e+08 138826 -2.52055e-09
	End 2 Forces (P Mz Vy My Vz T): -2.65635e+06 3.32012e-07 2.60004e-10 8.75078e+07 -138826 2.52055e-09
Number of sections: 3
Legendre

DispBeamColumn3d, element id:  13
	Connected external nodes:  22 23 
	CoordTransf: 13
	mass density:  0, cMass: 0
	End 1 Forces (P Mz Vy My Vz T): 2.65635e+06 -3.34053e-07 -2.82548e-10 -8.75078e+07 138826 -2.52055e-09
	End 2 Forces (P Mz Vy My Vz T): -2.65635e+06 1.08015e-07 2.82548e-10 -2.35534e+07 -138826 2.52055e-09
Number of sections: 3
Legendre

DispBeamColumn3d, element id:  14
	Connected external nodes:  23 24 
	CoordTransf: 14
	mass density:  0, cMass: 0
	End 1 Forces (P Mz Vy My Vz T): 2.65635e+06 -1.00981e-07 -2.61507e-10 2.35534e+07 138826 -2.52055e-09
	End 2 Forces (P Mz Vy My Vz T): -2.65635e+06 -1.08225e-07 2.61507e-10 -1.34615e+08 -138826 2.52055e-09
Number of sections: 3
Legendre

DispBeamColumn3d, element id:  15
	Connected external nodes:  24 6 
	CoordTransf: 15
	mass density:  0, cMass: 0
	End 1 Forces (P Mz Vy My Vz T): 2.65635e+06 1.08433e-07 -2.43472e-10 1.34615e+08 138826 -2.52055e-09
	End 2 Forces (P Mz Vy My Vz T): -2.65635e+06 -3.03211e-07 2.43472e-10 -2.45676e+08 -138826 2.52055e-09
Number of sections: 3
Legendre

DispBeamColumn3d, element id:  16
	Connected external nodes:  7 25 
	CoordTransf: 16
	mass density:  0, cMass: 0
	End 1 Forces (P Mz Vy My Vz T): -1.80838e+06 3.9455e-08 1.71332e-10 -2.75092e+08 128517 -1.7337e-09
	End 2 Forces (P Mz Vy My Vz T): 1.80838e+06 9.76109e-08 -1.71332e-10 1.72278e+08 -128517 1.7337e-09
Number of sections: 3
Legendre

DispBeamColumn3d, element id:  17
	Connected external nodes:  25 26 
	CoordTransf: 17
	mass density:  0, cMass: 0
	End 1 Forces (P Mz Vy My Vz T): -1.80838e+06 -1.13504e-07 1.8035e-10 -1.72278e+08 128517 -1.7337e-09
	End 2 Forces (P Mz Vy My Vz T): 1.80838e+06 2.57784e-07 -1.8035e-10 6.94648e+07 -128517 1.7337e-09
Number of sections: 3
Legendre

DispBeamColumn3d, element id:  18
	Connected external nodes:  26 27 
	CoordTransf: 18
	mass density:  0, cMass: 0
	End 1 Forces (P Mz Vy My Vz T): -1.80838e+06 -2.68103e-07 1.8035e-10 -6.94648e+07 128517 -1.7337e-09
	End 2 Forces (P Mz Vy My Vz T): 1.80838e+06 4.12383e-07 -1.8035e-10 -3.33488e+07 -128517 1.7337e-09
Number of sections: 3
Legendre

DispBeamColumn3d, element id:  19
	Connected external nodes:  27 28 
	CoordTransf: 19
	mass density:  0, cMass: 0
	End 1 Forces (P Mz Vy My Vz T): -1.80838e+06 -4.11021e-07 1.87113e-10 3.33488e+07 128517 -1.7337e-09
	End 2 Forces (P Mz Vy My Vz T): 1.80838e+06 5.60711e-07 -1.87113e-10 -1.36163e+08 -128517 1.7337e-09
Number of sections: 3
Legendre

DispBeamColumn3d, element id:  20
	Connected external nodes:  28 8 
	CoordTransf: 20
	mass density:  0, cMass: 0
	End 1 Forces (P Mz Vy My Vz T): -1.80838e+06 -5.63754e-07 1.79411e-10 1.36163e+08 128517 -1.7337e-09
	End 2 Forces (P Mz Vy My Vz T): 1.80838e+06 7.07282e-07 -1.79411e-10 -2.38976e+08 -128517 1.7337e-09
Number of sections: 3
Legendre

DispBeamColumn3d, element id:  21
	Connected external nodes:  6 29 
	CoordTransf: 21
	mass density:  0, cMass: 0
	End 1 Forces (P Mz Vy My Vz T): 9.58818e-10 -2.64097e-06 -8.63324e-09 5.52021e-06 -2.25762e-08 -1.38951e-08
	End 2 Forces (P Mz Vy My Vz T): -9.58818e-10 -2.53897e-06 8.63324e-09 8.02549e-06 2.25762e-08 1.38951e-08
Number of sections: 3
Legendre

DispBeamColumn3d, element id:  22
	Connected external nodes:  29 30 
	CoordTransf: 22
	mass density:  0, cMass: 0
	End 1 Forces (P Mz Vy My Vz T): 6.45945e-09 -6.54368e-07 -9.69248e-10 -1.57599e-05 4.92713e-08 -1.6211e-08
	End 2 Forces (P Mz Vy My Vz T): -6.45945e-09 7.2819e-08 9.69248e-10 -1.38029e-05 -4.92713e-08 1.6211e-08
Number of sections: 3
Legendre

DispBeamColumn3d, element id:  23
	Connected external nodes:  30 31 
	CoordTransf: 23
	mass density:  0, cMass: 0
	End 1 Forces (P Mz Vy My Vz T): -1.82113e-09 3.8915e-06 1.73836e-08 1.14063e-05 -3.4985e-08 -1.38951e-08
	End 2 Forces (P Mz Vy My Vz T): 1.82113e-09 6.53865e-06 -1.73836e-08 9.58471e-06 3.4985e-08 1.38951e-08
Number of sections: 3
Legendre

DispBeamColumn3d, element id:  24
	Connected external nodes:  31 32 
	CoordTransf: 24
	mass density:  0, cMass: 0
	End 1 Forces (P Mz Vy My Vz T): 1.19799e-08 1.90114e-06 9.11407e-09 -6.54792e-06 2.34169e-08 -1.6211e-08
	End 2 Forces (P Mz Vy My Vz T): -1.19799e-08 3.56731e-06 -9.11407e-09 -7.50223e-06 -2.34169e-08 1.6211e-08
Number of sections: 3
Legendre

DispBeamColumn3d, element id:  25
	Connected external nodes:  32 4 
	CoordTransf: 25
	mass density:  0, cMass: 0
	End 1 Forces (P Mz Vy My Vz T): -1.39818e-08 -2.80694e-06 -8.30607e-09 3.99818e-06 -1.53062e-08 -1.38951e-08
	End 2 Forces (P Mz Vy My Vz T): 1.39818e-08 -2.1767e-06 8.30607e-09 5.18556e-06 1.53062e-08 1.38951e-08
Number of sections: 3
Legendre

DispBeamColumn3d, element id:  26
	Connected external nodes:  8 33 
	CoordTransf: 26
	mass density:  0, cMass: 0
	End 1 Forces (P Mz Vy My Vz T): 5.07622e-09 -8.84225e-07 -5.72956e-09 1.71273e-06 -1.25812e-09 -1.38951e-08
	End 2 Forces (P Mz Vy My Vz T): -5.07622e-09 -2.55351e-06 5.72956e-09 -9.57855e-07 1.25812e-09 1.38951e-08
Number of sections: 3
Legendre

DispBeamColumn3d, element id:  27
	Connected external nodes:  33 34 
	CoordTransf: 27
	mass density:  0, cMass: 0
	End 1 Forces (P Mz Vy My Vz T): -3.90679e-09 1.67738e-06 3.76252e-09 4.70788e-06 -1.83882e-08 -1.38951e-08
	End 2 Forces (P Mz Vy My Vz T): 3.90679e-09 5.80135e-07 -3.76252e-09 6.32502e-06 1.83882e-08 1.38951e-08
Number of sections: 3
Legendre

DispBeamColumn3d, element id:  28
	Connected external nodes:  34 35 
	CoordTransf: 28
	mass density:  0, cMass: 0
	End 1 Forces (P Mz Vy My Vz T): -2.8291e-09 -2.48135e-06 -1.04534e-08 -6.65505e-06 2.31389e-08 -1.6211e-08
	End 2 Forces (P Mz Vy My Vz T): 2.8291e-09 -3.79066e-06 1.04534e-08 -7.22831e-06 -2.31389e-08 1.6211e-08
Number of sections: 3
Legendre

DispBeamColumn3d, element id:  29
	Connected external nodes:  35 36 
	CoordTransf: 29
	mass density:  0, cMass: 0
	End 1 Forces (P Mz Vy My Vz T): 1.41635e-09 -6.2188e-06 -1.66989e-08 -5.57496e-07 -3.98621e-10 -1.38951e-08
	End 2 Forces (P Mz Vy My Vz T): -1.41635e-09 -3.80053e-06 1.66989e-08 7.96668e-07 3.98621e-10 1.38951e-08
Number of sections: 3
Legendre

DispBeamColumn3d, element id:  30
	Connected external nodes:  36 2 
	CoordTransf: 30
	mass density:  0, cMass: 0
	End 1 Forces (P Mz Vy My Vz T): 6.05144e-09 2.55384e-06 6.1343e-09 3.75518e-06 -1.19188e-08 -1.38951e-08
	End 2 Forces (P Mz Vy My Vz T): -6.05144e-09 1.12674e-06 -6.1343e-09 3.39611e-06 1.19188e-08 1.38951e-08
Number of sections: 3
Legendre

DispBeamColumn3d, element id:  31
	Connected external nodes:  6 37 
	CoordTransf: 31
	mass density:  0, cMass: 0
	End 1 Forces (P Mz Vy My Vz T): -51167.3 9.67656e-07 2.98579e-10 -2.65225e+08 174294 -4.13463e-09
	End 2 Forces (P Mz Vy My Vz T): 51167.3 -7.88508e-07 -2.98579e-10 1.60648e+08 -174294 4.13463e-09
Number of sections: 3
Legendre

DispBeamColumn3d, element id:  32
	Connected external nodes:  37 38 
	CoordTransf: 32
	mass density:  0, cMass: 0
	End 1 Forces (P Mz Vy My Vz T): -51167.3 7.80775e-07 3.08599e-10 -1.60648e+08 174294 -4.13463e-09
	End 2 Forces (P Mz Vy My Vz T): 51167.3 -5.95616e-07 -3.08599e-10 5.6072e+07 -174294 4.13463e-09
Number of sections: 3
Legendre

DispBeamColumn3d, element id:  33
	Connected external nodes:  38 39 
	CoordTransf: 33
	mass density:  0, cMass: 0
	End 1 Forces (P Mz Vy My Vz T): -51167.3 5.97981e-07 3.05593e-10 -5.6072e+07 174294 -4.13463e-09
	End 2 Forces (P Mz Vy My Vz T): 51167.3 -4.14625e-07 -3.05593e-10 -4.85043e+07 -174294 4.13463e-09
Number of sections: 3
Legendre

DispBeamColumn3d, element id:  34
	Connected external nodes:  39 40 
	CoordTransf: 34
	mass density:  0, cMass: 0
	End 1 Forces (P Mz Vy My Vz T): -51167.3 4.14805e-07 3.04591e-10 4.85043e+07 174294 -4.13463e-09
	End 2 Forces (P Mz Vy My Vz T): 51167.3 -2.3205e-07 -3.04591e-10 -1.53081e+08 -174294 4.13463e-09
Number of sections: 3
Legendre

DispBeamColumn3d, element id:  35
	Connected external nodes:  40 8 
	CoordTransf: 35
	mass density:  0, cMass: 0
	End 1 Forces (P Mz Vy My Vz T): -51167.3 2.30813e-07 3.07597e-10 1.53081e+08 174294 -4.13463e-09
	End 2 Forces (P Mz Vy My Vz T): 51167.3 -4.62552e-08 -3.07597e-10 -2.57657e+08 -174294 4.13463e-09
Number of sections: 3
Legendre

DispBeamColumn3d, element id:  36
	Connected external nodes:  4 41 
	CoordTransf: 36
	mass density:  0, cMass: 0
	End 1 Forces (P Mz Vy My Vz T): -51167.3 -6.20322e-07 -1.46284e-10 -2.65225e+08 174294 -3.91527e-09
	End 2 Forces (P Mz Vy My Vz T): 51167.3 5.32552e-07 1.46284e-10 1.60648e+08 -174294 3.91527e-09
Number of sections: 3
Legendre

DispBeamColumn3d, element id:  37
	Connected external nodes:  41 42 
	CoordTransf: 37
	mass density:  0, cMass: 0
	End 1 Forces (P Mz Vy My Vz T): -51167.3 -5.29197e-07 -1.40773e-10 -1.60648e+08 174294 -3.91527e-09
	End 2 Forces (P Mz Vy My Vz T): 51167.3 4.44733e-07 1.40773e-10 5.6072e+07 -174294 3.91527e-09
Number of sections: 3
Legendre

DispBeamColumn3d, element id:  38
	Connected external nodes:  42 43 
	CoordTransf: 38
	mass density:  0, cMass: 0
	End 1 Forces (P Mz Vy My Vz T): -51167.3 -4.44677e-07 -1.50292e-10 -5.6072e+07 174294 -3.91527e-09
	End 2 Forces (P Mz Vy My Vz T): 51167.3 3.54502e-07 1.50292e-10 -4.85043e+07 -174294 3.91527e-09
Number of sections: 3
Legendre

DispBeamColumn3d, element id:  39
	Connected external nodes:  43 44 
	CoordTransf: 39
	mass density:  0, cMass: 0
	End 1 Forces (P Mz Vy My Vz T): -51167.3 -3.56352e-07 -1.46785e-10 4.85043e+07 174294 -3.91527e-09
	End 2 Forces (P Mz Vy My Vz T): 51167.3 2.68281e-07 1.46785e-10 -1.53081e+08 -174294 3.91527e-09
Number of sections: 3
Legendre

DispBeamColumn3d, element id:  40
	Connected external nodes:  44 2 
	CoordTransf: 40
	mass density:  0, cMass: 0
	End 1 Forces (P Mz Vy My Vz T): -51167.3 -2.6559e-07 -1.33258e-10 1.53081e+08 174294 -3.91527e-09
	End 2 Forces (P Mz Vy My Vz T): 51167.3 1.85635e-07 1.33258e-10 -2.57657e+08 -174294 3.91527e-09
Number of sections: 3
Legendre

DispBeamColumn3d, element id:  41
	Connected external nodes:  3 77 
	CoordTransf: 41
	mass density:  0, cMass: 0
	End 1 Forces (P Mz Vy My Vz T): 2.70776e+06 -2.01513e-07 -7.57469e-11 -1.99574e+06 7249.2 2.45385e-09
	End 2 Forces (P Mz Vy My Vz T): -2.70776e+06 1.25766e-07 7.57469e-11 -5.25346e+06 -7249.2 -2.45385e-09
Number of sections: 3
Legendre

DispBeamColumn3d, element id:  42
	Connected external nodes:  77 78 
	CoordTransf: 42
	mass density:  0, cMass: 0
	End 1 Forces (P Mz Vy My Vz T): 2.70776e+06 -1.26098e-07 -6.49259e-11 5.25346e+06 7249.2 2.45385e-09
	End 2 Forces (P Mz Vy My Vz T): -2.70776e+06 6.1172e-08 6.49259e-11 -1.25027e+07 -7249.2 -2.45385e-09
Number of sections: 3
Legendre

DispBeamColumn3d, element id:  43
	Connected external nodes:  78 109 
	CoordTransf: 43
	mass density:  0, cMass: 0
	End 1 Forces (P Mz Vy My Vz T): 2.70776e+06 -4.64921e-08 -5.77119e-11 1.25027e+07 7249.2 2.45385e-09
	End 2 Forces (P Mz Vy My Vz T): -2.70776e+06 1.76362e-08 5.77119e-11 -1.61273e+07 -7249.2 -2.45385e-09
Number of sections: 3
Legendre

DispBeamColumn3d, element id:  44
	Connected external nodes:  109 79 
	CoordTransf: 44
	mass density:  0, cMass: 0
	End 1 Forces (P Mz Vy My Vz T): 2.6777e+06 -1.17651e-08 -1.4428e-11 1.49719e+07 -13461.1 -9.9808e-11
	End 2 Forces (P Mz Vy My Vz T): -2.6777e+06 4.55108e-09 1.4428e-11 -8.24134e+06 13461.1 9.9808e-11
Number of sections: 3
Legendre

DispBeamColumn3d, element id:  45
	Connected external nodes:  79 80 
	CoordTransf: 45
	mass density:  0, cMass: 0
	End 1 Forces (P Mz Vy My Vz T): 2.6777e+06 -1.08584e-08 -1.20233e-11 8.24134e+06 -13461.1 -9.9808e-11
	End 2 Forces (P Mz Vy My Vz T): -2.6777e+06 -1.16495e-09 1.20233e-11 5.21977e+06 13461.1 9.9808e-11
Number of sections: 3
Legendre

DispBeamColumn3d, element id:  46
	Connected external nodes:  80 2 
	CoordTransf: 46
	mass density:  0, cMass: 0
	End 1 Forces (P Mz Vy My Vz T): 2.6777e+06 -1.82227e-08 -2.04396e-11 -5.21977e+06 -13461.1 -9.9808e-11
	End 2 Forces (P Mz Vy My Vz T): -2.6777e+06 -2.21697e-09 2.04396e-11 1.86809e+07 13461.1 9.9808e-11
Number of sections: 3
Legendre

DispBeamColumn3d, element id:  47
	Connected external nodes:  5 81 
	CoordTransf: 47
	mass density:  0, cMass: 0
	End 1 Forces (P Mz Vy My Vz T): 2.70776e+06 1.87688e-07 5.29026e-11 -1.99574e+06 7249.2 -2.21451e-10
	End 2 Forces (P Mz Vy My Vz T): -2.70776e+06 -1.34786e-07 -5.29026e-11 -5.25346e+06 -7249.2 2.21451e-10
Number of sections: 3
Legendre

DispBeamColumn3d, element id:  48
	Connected external nodes:  81 82 
	CoordTransf: 48
	mass density:  0, cMass: 0
	End 1 Forces (P Mz Vy My Vz T): 2.70776e+06 1.0861e-07 2.8856e-11 5.25346e+06 7249.2 -2.21451e-10
	End 2 Forces (P Mz Vy My Vz T): -2.70776e+06 -7.97538e-08 -2.8856e-11 -1.25027e+07 -7249.2 2.21451e-10
Number of sections: 3
Legendre

DispBeamColumn3d, element id:  49
	Connected external nodes:  82 110 
	CoordTransf: 49
	mass density:  0, cMass: 0
	End 1 Forces (P Mz Vy My Vz T): 2.70776e+06 4.82217e-08 1.4428e-11 1.25027e+07 7249.2 -2.21451e-10
	End 2 Forces (P Mz Vy My Vz T): -2.70776e+06 -4.10077e-08 -1.4428e-11 -1.61273e+07 -7249.2 2.21451e-10
Number of sections: 3
Legendre

DispBeamColumn3d, element id:  50
	Connected external nodes:  110 83 
	CoordTransf: 50
	mass density:  0, cMass: 0
	End 1 Forces (P Mz Vy My Vz T): 2.6777e+06 3.58951e-08 -7.21399e-11 1.49719e+07 -13461.1 -7.82312e-11
	End 2 Forces (P Mz Vy My Vz T): -2.6777e+06 -7.19651e-08 7.21399e-11 -8.24134e+06 13461.1 7.82312e-11
Number of sections: 3
Legendre

DispBeamColumn3d, element id:  51
	Connected external nodes:  83 84 
	CoordTransf: 51
	mass density:  0, cMass: 0
	End 1 Forces (P Mz Vy My Vz T): 2.6777e+06 6.99944e-08 -4.56886e-11 8.24134e+06 -13461.1 -7.82312e-11
	End 2 Forces (P Mz Vy My Vz T): -2.6777e+06 -1.15683e-07 4.56886e-11 5.21977e+06 13461.1 7.82312e-11
Number of sections: 3
Legendre

DispBeamColumn3d, element id:  52
	Connected external nodes:  84 8 
	CoordTransf: 52
	mass density:  0, cMass: 0
	End 1 Forces (P Mz Vy My Vz T): 2.6777e+06 1.35559e-07 -5.89143e-11 -5.21977e+06 -13461.1 -7.82312e-11
	End 2 Forces (P Mz Vy My Vz T): -2.6777e+06 -1.94473e-07 5.89143e-11 1.86809e+07 13461.1 7.82312e-11
Number of sections: 3
Legendre

DispBeamColumn3d, element id:  53
	Connected external nodes:  7 85 
	CoordTransf: 53
	mass density:  0, cMass: 0
	End 1 Forces (P Mz Vy My Vz T): -2.51679e+06 4.68431e-08 6.97353e-11 5.53188e+06 -8492.69 -7.00609e-10
	End 2 Forces (P Mz Vy My Vz T): 2.51679e+06 2.28922e-08 -6.97353e-11 2.96081e+06 8492.69 7.00609e-10
Number of sections: 3
Legendre

DispBeamColumn3d, element id:  54
	Connected external nodes:  85 86 
	CoordTransf: 54
	mass density:  0, cMass: 0
	End 1 Forces (P Mz Vy My Vz T): -2.51679e+06 -9.23585e-09 6.61283e-11 -2.96081e+06 -8492.69 -7.00609e-10
	End 2 Forces (P Mz Vy My Vz T): 2.51679e+06 7.53641e-08 -6.61283e-11 1.14535e+07 8492.69 7.00609e-10
Number of sections: 3
Legendre

DispBeamColumn3d, element id:  55
	Connected external nodes:  86 110 
	CoordTransf: 55
	mass density:  0, cMass: 0
	End 1 Forces (P Mz Vy My Vz T): -2.51679e+06 -6.75913e-08 1.25043e-10 -1.14535e+07 -8492.69 -7.00609e-10
	End 2 Forces (P Mz Vy My Vz T): 2.51679e+06 1.30113e-07 -1.25043e-10 1.56998e+07 8492.69 7.00609e-10
Number of sections: 3
Legendre

DispBeamColumn3d, element id:  56
	Connected external nodes:  110 87 
	CoordTransf: 56
	mass density:  0, cMass: 0
	End 1 Forces (P Mz Vy My Vz T): -2.48849e+06 -1.23948e-07 -5.0498e-11 -1.68552e+07 14561.7 -1.19041e-09
	End 2 Forces (P Mz Vy My Vz T): 2.48849e+06 9.86989e-08 5.0498e-11 9.57435e+06 -14561.7 1.19041e-09
Number of sections: 3
Legendre

DispBeamColumn3d, element id:  57
	Connected external nodes:  87 88 
	CoordTransf: 57
	mass density:  0, cMass: 0
	End 1 Forces (P Mz Vy My Vz T): -2.48849e+06 -9.53156e-08 -7.69493e-11 -9.57435e+06 14561.7 -1.19041e-09
	End 2 Forces (P Mz Vy My Vz T): 2.48849e+06 1.83663e-08 7.69493e-11 -4.9874e+06 -14561.7 1.19041e-09
Number of sections: 3
Legendre

DispBeamColumn3d, element id:  58
	Connected external nodes:  88 6 
	CoordTransf: 58
	mass density:  0, cMass: 0
	End 1 Forces (P Mz Vy My Vz T): -2.48849e+06 -2.88937e-08 -5.4105e-11 4.9874e+06 14561.7 -1.19041e-09
	End 2 Forces (P Mz Vy My Vz T): 2.48849e+06 -2.52113e-08 5.4105e-11 -1.95491e+07 -14561.7 1.19041e-09
Number of sections: 3
Legendre

DispBeamColumn3d, element id:  59
	Connected external nodes:  1 97 
	CoordTransf: 59
	mass density:  0, cMass: 0
	End 1 Forces (P Mz Vy My Vz T): -2.51679e+06 -3.99838e-07 -1.69529e-10 5.53188e+06 -8492.69 -1.47095e-09
	End 2 Forces (P Mz Vy My Vz T): 2.51679e+06 2.3031e-07 1.69529e-10 2.96081e+06 8492.69 1.47095e-09
Number of sections: 3
Legendre

DispBeamColumn3d, element id:  60
	Connected external nodes:  97 98 
	CoordTransf: 60
	mass density:  0, cMass: 0
	End 1 Forces (P Mz Vy My Vz T): -2.51679e+06 -2.17065e-07 -1.49089e-10 -2.96081e+06 -8492.69 -1.47095e-09
	End 2 Forces (P Mz Vy My Vz T): 2.51679e+06 6.7976e-08 1.49089e-10 1.14535e+07 8492.69 1.47095e-09
Number of sections: 3
Legendre

DispBeamColumn3d, element id:  61
	Connected external nodes:  98 109 
	CoordTransf: 61
	mass density:  0, cMass: 0
	End 1 Forces (P Mz Vy My Vz T): -2.51679e+06 -6.81229e-08 -1.63517e-10 -1.14535e+07 -8492.69 -1.47095e-09
	End 2 Forces (P Mz Vy My Vz T): 2.51679e+06 -1.36357e-08 1.63517e-10 1.56998e+07 8492.69 1.47095e-09
Number of sections: 3
Legendre

DispBeamColumn3d, element id:  62
	Connected external nodes:  109 99 
	CoordTransf: 62
	mass density:  0, cMass: 0
	End 1 Forces (P Mz Vy My Vz T): -2.48849e+06 2.00205e-08 -1.10615e-10 -1.68552e+07 14561.7 2.09911e-10
	End 2 Forces (P Mz Vy My Vz T): 2.48849e+06 -7.53278e-08 1.10615e-10 9.57435e+06 -14561.7 -2.09911e-10
Number of sections: 3
Legendre

DispBeamColumn3d, element id:  63
	Connected external nodes:  99 100 
	CoordTransf: 63
	mass density:  0, cMass: 0
	End 1 Forces (P Mz Vy My Vz T): -2.48849e+06 6.03608e-08 -1.14222e-10 -9.57435e+06 14561.7 2.09911e-10
	End 2 Forces (P Mz Vy My Vz T): 2.48849e+06 -1.74582e-07 1.14222e-10 -4.9874e+06 -14561.7 -2.09911e-10
Number of sections: 3
Legendre

DispBeamColumn3d, element id:  64
	Connected external nodes:  100 4 
	CoordTransf: 64
	mass density:  0, cMass: 0
	End 1 Forces (P Mz Vy My Vz T): -2.48849e+06 1.65637e-07 -8.17586e-11 4.9874e+06 14561.7 2.09911e-10
	End 2 Forces (P Mz Vy My Vz T): 2.48849e+06 -2.47396e-07 8.17586e-11 -1.95491e+07 -14561.7 -2.09911e-10
Number of sections: 3
Legendre

DispBeamColumn3d, element id:  65
	Connected external nodes:  9 45 
	CoordTransf: 65
	mass density:  0, cMass: 0
	End 1 Forces (P Mz Vy My Vz T): -6.42383e+06 -4.07022e-07 -8.41633e-11 -1.29882e+08 61321.1 2.67183e-08
	End 2 Forces (P Mz Vy My Vz T): 6.42383e+06 3.39692e-07 8.41633e-11 8.08246e+07 -61321.1 -2.67183e-08
Number of sections: 3
Legendre

DispBeamColumn3d, element id:  66
	Connected external nodes:  45 46 
	CoordTransf: 66
	mass density:  0, cMass: 0
	End 1 Forces (P Mz Vy My Vz T): -6.42383e+06 -2.7442e-07 7.81516e-11 -8.08246e+07 61321.1 2.67183e-08
	End 2 Forces (P Mz Vy My Vz T): 6.42383e+06 3.36941e-07 -7.81516e-11 3.17678e+07 -61321.1 -2.67183e-08
Number of sections: 3
Legendre

DispBeamColumn3d, element id:  67
	Connected external nodes:  46 47 
	CoordTransf: 67
	mass density:  0, cMass: 0
	End 1 Forces (P Mz Vy My Vz T): -6.42383e+06 -2.79928e-07 -1.8035e-10 -3.17678e+07 61321.1 2.67183e-08
	End 2 Forces (P Mz Vy My Vz T): 6.42383e+06 1.35648e-07 1.8035e-10 -1.72891e+07 -61321.1 -2.67183e-08
Number of sections: 3
Legendre

DispBeamColumn3d, element id:  68
	Connected external nodes:  47 48 
	CoordTransf: 68
	mass density:  0, cMass: 0
	End 1 Forces (P Mz Vy My Vz T): -6.42383e+06 -2.37935e-07 -2.10408e-10 1.72891e+07 61321.1 2.67183e-08
	End 2 Forces (P Mz Vy My Vz T): 6.42383e+06 6.96084e-08 2.10408e-10 -6.6346e+07 -61321.1 -2.67183e-08
Number of sections: 3
Legendre

DispBeamColumn3d, element id:  69
	Connected external nodes:  48 1 
	CoordTransf: 69
	mass density:  0, cMass: 0
	End 1 Forces (P Mz Vy My Vz T): -6.42383e+06 -1.75374e-07 -2.46478e-10 6.6346e+07 61321.1 2.67183e-08
	End 2 Forces (P Mz Vy My Vz T): 6.42383e+06 -2.18089e-08 2.46478e-10 -1.15403e+08 -61321.1 -2.67183e-08
Number of sections: 3
Legendre

DispBeamColumn3d, element id:  70
	Connected external nodes:  10 49 
	CoordTransf: 70
	mass density:  0, cMass: 0
	End 1 Forces (P Mz Vy My Vz T): 7.10949e+06 -1.18251e-09 -3.607e-11 -1.81384e+06 671.771 1.52688e-08
	End 2 Forces (P Mz Vy My Vz T): -7.10949e+06 -2.76735e-08 3.607e-11 1.27642e+06 -671.771 -1.52688e-08
Number of sections: 3
Legendre

DispBeamColumn3d, element id:  71
	Connected external nodes:  49 50 
	CoordTransf: 71
	mass density:  0, cMass: 0
	End 1 Forces (P Mz Vy My Vz T): 7.10949e+06 2.56197e-10 1.20233e-11 -1.27642e+06 671.771 1.52688e-08
	End 2 Forces (P Mz Vy My Vz T): -7.10949e+06 9.36246e-09 -1.20233e-11 739001 -671.771 -1.52688e-08
Number of sections: 3
Legendre

DispBeamColumn3d, element id:  72
	Connected external nodes:  50 51 
	CoordTransf: 72
	mass density:  0, cMass: 0
	End 1 Forces (P Mz Vy My Vz T): 7.10949e+06 2.42427e-09 3.607e-11 -739001 671.771 1.52688e-08
	End 2 Forces (P Mz Vy My Vz T): -7.10949e+06 2.64317e-08 -3.607e-11 201584 -671.771 -1.52688e-08
Number of sections: 3
Legendre

DispBeamColumn3d, element id:  73
	Connected external nodes:  51 52 
	CoordTransf: 73
	mass density:  0, cMass: 0
	End 1 Forces (P Mz Vy My Vz T): 7.10949e+06 -1.58867e-08 1.20233e-11 -201584 671.771 1.52688e-08
	End 2 Forces (P Mz Vy My Vz T): -7.10949e+06 2.55054e-08 -1.20233e-11 -335833 -671.771 -1.52688e-08
Number of sections: 3
Legendre

DispBeamColumn3d, element id:  74
	Connected external nodes:  52 3 
	CoordTransf: 74
	mass density:  0, cMass: 0
	End 1 Forces (P Mz Vy My Vz T): 7.10949e+06 -1.5729e-08 0 335833 671.771 1.52688e-08
	End 2 Forces (P Mz Vy My Vz T): -7.10949e+06 1.5729e-08 0 -873250 -671.771 -1.52688e-08
Number of sections: 3
Legendre

DispBeamColumn3d, element id:  75
	Connected external nodes:  11 53 
	CoordTransf: 75
	mass density:  0, cMass: 0
	End 1 Forces (P Mz Vy My Vz T): 7.10949e+06 -6.66196e-09 -6.01166e-11 -1.81384e+06 671.771 1.8877e-08
	End 2 Forces (P Mz Vy My Vz T): -7.10949e+06 -4.14313e-08 6.01166e-11 1.27642e+06 -671.771 -1.8877e-08
Number of sections: 3
Legendre

DispBeamColumn3d, element id:  76
	Connected external nodes:  53 54 
	CoordTransf: 76
	mass density:  0, cMass: 0
	End 1 Forces (P Mz Vy My Vz T): 7.10949e+06 2.56197e-10 1.20233e-11 -1.27642e+06 671.771 1.8877e-08
	End 2 Forces (P Mz Vy My Vz T): -7.10949e+06 9.36246e-09 -1.20233e-11 739001 -671.771 -1.8877e-08
Number of sections: 3
Legendre

DispBeamColumn3d, element id:  77
	Connected external nodes:  54 55 
	CoordTransf: 77
	mass density:  0, cMass: 0
	End 1 Forces (P Mz Vy My Vz T): 7.10949e+06 3.28174e-09 1.8035e-11 -739001 671.771 1.8877e-08
	End 2 Forces (P Mz Vy My Vz T): -7.10949e+06 1.11462e-08 -1.8035e-11 201584 -671.771 -1.8877e-08
Number of sections: 3
Legendre

DispBeamColumn3d, element id:  78
	Connected external nodes:  55 56 
	CoordTransf: 78
	mass density:  0, cMass: 0
	End 1 Forces (P Mz Vy My Vz T): 7.10949e+06 1.08604e-08 2.40466e-11 -201584 671.771 1.8877e-08
	End 2 Forces (P Mz Vy My Vz T): -7.10949e+06 8.37689e-09 -2.40466e-11 -335833 -671.771 -1.8877e-08
Number of sections: 3
Legendre

DispBeamColumn3d, element id:  79
	Connected external nodes:  56 5 
	CoordTransf: 79
	mass density:  0, cMass: 0
	End 1 Forces (P Mz Vy My Vz T): 7.10949e+06 -3.22266e-08 -3.607e-11 335833 671.771 1.8877e-08
	End 2 Forces (P Mz Vy My Vz T): -7.10949e+06 3.37062e-09 3.607e-11 -873250 -671.771 -1.8877e-08
Number of sections: 3
Legendre

DispBeamColumn3d, element id:  80
	Connected external nodes:  12 57 
	CoordTransf: 80
	mass density:  0, cMass: 0
	End 1 Forces (P Mz Vy My Vz T): -6.42383e+06 -3.15132e-07 -8.41633e-11 -1.29882e+08 61321.1 2.46945e-08
	End 2 Forces (P Mz Vy My Vz T): 6.42383e+06 2.47801e-07 8.41633e-11 8.08246e+07 -61321.1 -2.46945e-08
Number of sections: 3
Legendre

DispBeamColumn3d, element id:  81
	Connected external nodes:  57 58 
	CoordTransf: 81
	mass density:  0, cMass: 0
	End 1 Forces (P Mz Vy My Vz T): -6.42383e+06 -2.84039e-07 5.4105e-11 -8.08246e+07 61321.1 2.46945e-08
	End 2 Forces (P Mz Vy My Vz T): 6.42383e+06 3.27323e-07 -5.4105e-11 3.17678e+07 -61321.1 -2.46945e-08
Number of sections: 3
Legendre

DispBeamColumn3d, element id:  82
	Connected external nodes:  58 59 
	CoordTransf: 82
	mass density:  0, cMass: 0
	End 1 Forces (P Mz Vy My Vz T): -6.42383e+06 -3.64014e-07 1.0821e-10 -3.17678e+07 61321.1 2.46945e-08
	End 2 Forces (P Mz Vy My Vz T): 6.42383e+06 4.50582e-07 -1.0821e-10 -1.72891e+07 -61321.1 -2.46945e-08
Number of sections: 3
Legendre

DispBeamColumn3d, element id:  83
	Connected external nodes:  59 60 
	CoordTransf: 83
	mass density:  0, cMass: 0
	End 1 Forces (P Mz Vy My Vz T): -6.42383e+06 -2.28604e-07 3.2463e-10 1.72891e+07 61321.1 2.46945e-08
	End 2 Forces (P Mz Vy My Vz T): 6.42383e+06 4.88308e-07 -3.2463e-10 -6.6346e+07 -61321.1 -2.46945e-08
Number of sections: 3
Legendre

DispBeamColumn3d, element id:  84
	Connected external nodes:  60 7 
	CoordTransf: 84
	mass density:  0, cMass: 0
	End 1 Forces (P Mz Vy My Vz T): -6.42383e+06 -4.56151e-07 -7.81516e-11 6.6346e+07 61321.1 2.46945e-08
	End 2 Forces (P Mz Vy My Vz T): 6.42383e+06 3.93629e-07 7.81516e-11 -1.15403e+08 -61321.1 -2.46945e-08
Number of sections: 3
Legendre

DispBeamColumn3d, element id:  85
	Connected external nodes:  5 61 
	CoordTransf: 85
	mass density:  0, cMass: 0
	End 1 Forces (P Mz Vy My Vz T): 2.53773e-08 -3.33745e-06 -1.11708e-08 5.61644e-06 -2.02834e-08 -1.38951e-08
	End 2 Forces (P Mz Vy My Vz T): -2.53773e-08 -3.36501e-06 1.11708e-08 6.55359e-06 2.02834e-08 1.38951e-08
Number of sections: 3
Legendre

DispBeamColumn3d, element id:  86
	Connected external nodes:  61 62 
	CoordTransf: 86
	mass density:  0, cMass: 0
	End 1 Forces (P Mz Vy My Vz T): 2.47231e-09 3.19902e-07 2.38321e-09 -3.14286e-06 2.13984e-09 -1.38951e-08
	End 2 Forces (P Mz Vy My Vz T): -2.47231e-09 1.11003e-06 -2.38321e-09 1.85895e-06 -2.13984e-09 1.38951e-08
Number of sections: 3
Legendre

DispBeamColumn3d, element id:  87
	Connected external nodes:  62 63 
	CoordTransf: 87
	mass density:  0, cMass: 0
	End 1 Forces (P Mz Vy My Vz T): 5.29509e-09 9.01005e-07 1.93864e-09 1.66203e-06 -1.01293e-08 -1.50531e-08
	End 2 Forces (P Mz Vy My Vz T): -5.29509e-09 2.62182e-07 -1.93864e-09 4.41557e-06 1.01293e-08 1.50531e-08
Number of sections: 3
Legendre

DispBeamColumn3d, element id:  88
	Connected external nodes:  63 64 
	CoordTransf: 88
	mass density:  0, cMass: 0
	End 1 Forces (P Mz Vy My Vz T): 2.3815e-09 -2.44862e-06 -8.90656e-09 2.76674e-06 -2.25927e-08 -1.38951e-08
	End 2 Forces (P Mz Vy My Vz T): -2.3815e-09 -2.89532e-06 8.90656e-09 1.07889e-05 2.25927e-08 1.38951e-08
Number of sections: 3
Legendre

DispBeamColumn3d, element id:  89
	Connected external nodes:  64 3 
	CoordTransf: 89
	mass density:  0, cMass: 0
	End 1 Forces (P Mz Vy My Vz T): -4.078e-09 4.0501e-06 1.27043e-08 -1.23626e-05 2.98266e-08 -1.50531e-08
	End 2 Forces (P Mz Vy My Vz T): 4.078e-09 3.57245e-06 -1.27043e-08 -5.53336e-06 -2.98266e-08 1.50531e-08
Number of sections: 3
Legendre

DispBeamColumn3d, element id:  90
	Connected external nodes:  7 65 
	CoordTransf: 90
	mass density:  0, cMass: 0
	End 1 Forces (P Mz Vy My Vz T): 6.607e-09 -7.35547e-07 -4.48957e-09 -7.19013e-07 8.77346e-09 -1.50531e-08
	End 2 Forces (P Mz Vy My Vz T): -6.607e-09 -1.95819e-06 4.48957e-09 -4.54506e-06 -8.77346e-09 1.50531e-08
Number of sections: 3
Legendre

DispBeamColumn3d, element id:  91
	Connected external nodes:  65 66 
	CoordTransf: 91
	mass density:  0, cMass: 0
	End 1 Forces (P Mz Vy My Vz T): -3.06363e-09 -2.08657e-06 -5.15344e-09 6.58992e-06 -2.355e-08 -1.50531e-08
	End 2 Forces (P Mz Vy My Vz T): 3.06363e-09 -1.00549e-06 5.15344e-09 7.54005e-06 2.355e-08 1.50531e-08
Number of sections: 3
Legendre

DispBeamColumn3d, element id:  92
	Connected external nodes:  66 67 
	CoordTransf: 92
	mass density:  0, cMass: 0
	End 1 Forces (P Mz Vy My Vz T): 1.02546e-08 2.30442e-06 4.18258e-09 -5.02371e-06 1.45197e-08 -1.50531e-08
	End 2 Forces (P Mz Vy My Vz T): -1.02546e-08 2.05132e-07 -4.18258e-09 -3.6881e-06 -1.45197e-08 1.50531e-08
Number of sections: 3
Legendre

DispBeamColumn3d, element id:  93
	Connected external nodes:  67 68 
	CoordTransf: 93
	mass density:  0, cMass: 0
	End 1 Forces (P Mz Vy My Vz T): 1.34403e-08 2.14857e-06 5.88724e-09 1.19975e-06 5.94666e-09 -1.50531e-08
	End 2 Forces (P Mz Vy My Vz T): -1.34403e-08 1.38378e-06 -5.88724e-09 -4.76775e-06 -5.94666e-09 1.50531e-08
Number of sections: 3
Legendre

DispBeamColumn3d, element id:  94
	Connected external nodes:  68 1 
	CoordTransf: 94
	mass density:  0, cMass: 0
	End 1 Forces (P Mz Vy My Vz T): -1.31014e-08 -1.93322e-06 -3.53496e-09 2.16646e-06 -8.3296e-09 -1.38951e-08
	End 2 Forces (P Mz Vy My Vz T): 1.31014e-08 -1.87756e-07 3.53496e-09 2.8313e-06 8.3296e-09 1.38951e-08
Number of sections: 3
Legendre

DispBeamColumn3d, element id:  95
	Connected external nodes:  5 69 
	CoordTransf: 95
	mass density:  0, cMass: 0
	End 1 Forces (P Mz Vy My Vz T): -192061 1.89441e-07 -1.7033e-10 -3.55356e+08 246754 -1.70946e-09
	End 2 Forces (P Mz Vy My Vz T): 192061 -2.91639e-07 1.7033e-10 2.07304e+08 -246754 1.70946e-09
Number of sections: 3
Legendre

DispBeamColumn3d, element id:  96
	Connected external nodes:  69 70 
	CoordTransf: 96
	mass density:  0, cMass: 0
	End 1 Forces (P Mz Vy My Vz T): -192061 2.95554e-07 -1.51293e-10 -2.07304e+08 246754 -1.70946e-09
	End 2 Forces (P Mz Vy My Vz T): 192061 -3.8633e-07 1.51293e-10 5.92512e+07 -246754 1.70946e-09
Number of sections: 3
Legendre

DispBeamColumn3d, element id:  97
	Connected external nodes:  70 71 
	CoordTransf: 97
	mass density:  0, cMass: 0
	End 1 Forces (P Mz Vy My Vz T): -192061 3.90337e-07 -1.61313e-10 -5.92512e+07 246754 -1.70946e-09
	End 2 Forces (P Mz Vy My Vz T): 192061 -4.87124e-07 1.61313e-10 -8.88013e+07 -246754 1.70946e-09
Number of sections: 3
Legendre

DispBeamColumn3d, element id:  98
	Connected external nodes:  71 72 
	CoordTransf: 98
	mass density:  0, cMass: 0
	End 1 Forces (P Mz Vy My Vz T): -192061 4.90258e-07 -1.7033e-10 8.88013e+07 246754 -1.70946e-09
	End 2 Forces (P Mz Vy My Vz T): 192061 -5.92456e-07 1.7033e-10 -2.36854e+08 -246754 1.70946e-09
Number of sections: 3
Legendre

DispBeamColumn3d, element id:  99
	Connected external nodes:  72 7 
	CoordTransf: 99
	mass density:  0, cMass: 0
	End 1 Forces (P Mz Vy My Vz T): -192061 5.8869e-07 -1.88365e-10 2.36854e+08 246754 -1.70946e-09
	End 2 Forces (P Mz Vy My Vz T): 192061 -7.01709e-07 1.88365e-10 -3.84907e+08 -246754 1.70946e-09
Number of sections: 3
Legendre

DispBeamColumn3d, element id:  100
	Connected external nodes:  3 73 
	CoordTransf: 100
	mass density:  0, cMass: 0
	End 1 Forces (P Mz Vy My Vz T): -192061 1.07181e-06 1.46284e-10 -3.55356e+08 246754 1.17879e-08
	End 2 Forces (P Mz Vy My Vz T): 192061 -9.84036e-07 -1.46284e-10 2.07304e+08 -246754 -1.17879e-08
Number of sections: 3
Legendre

DispBeamColumn3d, element id:  101
	Connected external nodes:  73 74 
	CoordTransf: 101
	mass density:  0, cMass: 0
	End 1 Forces (P Mz Vy My Vz T): -192061 9.92666e-07 1.28249e-10 -2.07304e+08 246754 1.17879e-08
	End 2 Forces (P Mz Vy My Vz T): 192061 -9.15717e-07 -1.28249e-10 5.92512e+07 -246754 -1.17879e-08
Number of sections: 3
Legendre

DispBeamColumn3d, element id:  102
	Connected external nodes:  74 75 
	CoordTransf: 102
	mass density:  0, cMass: 0
	End 1 Forces (P Mz Vy My Vz T): -192061 9.15428e-07 1.20734e-10 -5.92512e+07 246754 1.17879e-08
	End 2 Forces (P Mz Vy My Vz T): 192061 -8.42987e-07 -1.20734e-10 -8.88013e+07 -246754 -1.17879e-08
Number of sections: 3
Legendre

DispBeamColumn3d, element id:  103
	Connected external nodes:  75 76 
	CoordTransf: 103
	mass density:  0, cMass: 0
	End 1 Forces (P Mz Vy My Vz T): -192061 8.43099e-07 1.38769e-10 8.88013e+07 246754 1.17879e-08
	End 2 Forces (P Mz Vy My Vz T): 192061 -7.59837e-07 -1.38769e-10 -2.36854e+08 -246754 -1.17879e-08
Number of sections: 3
Legendre

DispBeamColumn3d, element id:  104
	Connected external nodes:  76 1 
	CoordTransf: 104
	mass density:  0, cMass: 0
	End 1 Forces (P Mz Vy My Vz T): -192061 7.53361e-07 9.21788e-11 2.36854e+08 246754 1.17879e-08
	End 2 Forces (P Mz Vy My Vz T): 192061 -6.98054e-07 -9.21788e-11 -3.84907e+08 -246754 -1.17879e-08
Number of sections: 3
Legendre

DispBeamColumn3d, element id:  105
	Connected external nodes:  11 89 
	CoordTransf: 105
	mass density:  0, cMass: 0
	End 1 Forces (P Mz Vy My Vz T): 2.96946e+06 -2.07345e-09 1.24077e-27 -525507 513.06 4.53645e-09
	End 2 Forces (P Mz Vy My Vz T): -2.96946e+06 2.07345e-09 -1.24077e-27 12446.9 -513.06 -4.53645e-09
Number of sections: 3
Legendre

DispBeamColumn3d, element id:  106
	Connected external nodes:  89 90 
	CoordTransf: 106
	mass density:  0, cMass: 0
	End 1 Forces (P Mz Vy My Vz T): 2.96946e+06 -5.03495e-09 -2.40466e-12 -12446.9 513.06 4.53645e-09
	End 2 Forces (P Mz Vy My Vz T): -2.96946e+06 2.63028e-09 2.40466e-12 -500613 -513.06 -4.53645e-09
Number of sections: 3
Legendre

DispBeamColumn3d, element id:  107
	Connected external nodes:  90 111 
	CoordTransf: 107
	mass density:  0, cMass: 0
	End 1 Forces (P Mz Vy My Vz T): 2.96946e+06 4.32751e-09 1.4428e-11 500613 513.06 4.53645e-09
	End 2 Forces (P Mz Vy My Vz T): -2.96946e+06 2.88648e-09 -1.4428e-11 -757143 -513.06 -4.53645e-09
Number of sections: 3
Legendre

DispBeamColumn3d, element id:  108
	Connected external nodes:  111 91 
	CoordTransf: 108
	mass density:  0, cMass: 0
	End 1 Forces (P Mz Vy My Vz T): 2.93766e+06 3.58079e-09 4.80933e-12 -116143 69.1311 4.36793e-09
	End 2 Forces (P Mz Vy My Vz T): -2.93766e+06 -1.17613e-09 -4.80933e-12 81577.4 -69.1311 -4.36793e-09
Number of sections: 3
Legendre

DispBeamColumn3d, element id:  109
	Connected external nodes:  91 92 
	CoordTransf: 109
	mass density:  0, cMass: 0
	End 1 Forces (P Mz Vy My Vz T): 2.93766e+06 5.1428e-09 1.4428e-11 -81577.4 69.1311 4.36793e-09
	End 2 Forces (P Mz Vy My Vz T): -2.93766e+06 9.28519e-09 -1.4428e-11 12446.2 -69.1311 -4.36793e-09
Number of sections: 3
Legendre

DispBeamColumn3d, element id:  110
	Connected external nodes:  92 7 
	CoordTransf: 110
	mass density:  0, cMass: 0
	End 1 Forces (P Mz Vy My Vz T): 2.93766e+06 1.23716e-08 2.1642e-11 -12446.2 69.1311 4.36793e-09
	End 2 Forces (P Mz Vy My Vz T): -2.93766e+06 9.27038e-09 -2.1642e-11 -56684.9 -69.1311 -4.36793e-09
Number of sections: 3
Legendre

DispBeamColumn3d, element id:  111
	Connected external nodes:  12 93 
	CoordTransf: 111
	mass density:  0, cMass: 0
	End 1 Forces (P Mz Vy My Vz T): -2.57696e+06 -7.24652e-08 -5.53072e-11 -2.85648e+07 53.9314 3.05397e-09
	End 2 Forces (P Mz Vy My Vz T): 2.57696e+06 1.7158e-08 5.53072e-11 2.85109e+07 -53.9314 -3.05397e-09
Number of sections: 3
Legendre

DispBeamColumn3d, element id:  112
	Connected external nodes:  93 94 
	CoordTransf: 112
	mass density:  0, cMass: 0
	End 1 Forces (P Mz Vy My Vz T): -2.57696e+06 4.30885e-09 -1.68326e-11 -2.85109e+07 53.9314 3.05397e-09
	End 2 Forces (P Mz Vy My Vz T): 2.57696e+06 -2.11415e-08 1.68326e-11 2.84569e+07 -53.9314 -3.05397e-09
Number of sections: 3
Legendre

DispBeamColumn3d, element id:  113
	Connected external nodes:  94 111 
	CoordTransf: 113
	mass density:  0, cMass: 0
	End 1 Forces (P Mz Vy My Vz T): -2.57696e+06 1.79348e-08 -6.73306e-11 -2.84569e+07 53.9314 3.05397e-09
	End 2 Forces (P Mz Vy My Vz T): 2.57696e+06 -5.16001e-08 6.73306e-11 2.843e+07 -53.9314 -3.05397e-09
Number of sections: 3
Legendre

DispBeamColumn3d, element id:  114
	Connected external nodes:  111 95 
	CoordTransf: 114
	mass density:  0, cMass: 0
	End 1 Forces (P Mz Vy My Vz T): -2.56763e+06 6.14725e-08 -2.8856e-11 -2.93032e+07 30460.9 4.19174e-10
	End 2 Forces (P Mz Vy My Vz T): 2.56763e+06 -7.59005e-08 2.8856e-11 1.40728e+07 -30460.9 -4.19174e-10
Number of sections: 3
Legendre

DispBeamColumn3d, element id:  115
	Connected external nodes:  95 96 
	CoordTransf: 115
	mass density:  0, cMass: 0
	End 1 Forces (P Mz Vy My Vz T): -2.56763e+06 7.14582e-08 -3.9677e-11 -1.40728e+07 30460.9 4.19174e-10
	End 2 Forces (P Mz Vy My Vz T): 2.56763e+06 -1.11135e-07 3.9677e-11 -1.6388e+07 -30460.9 -4.19174e-10
Number of sections: 3
Legendre

DispBeamColumn3d, element id:  116
	Connected external nodes:  96 5 
	CoordTransf: 116
	mass density:  0, cMass: 0
	End 1 Forces (P Mz Vy My Vz T): -2.56763e+06 1.07564e-07 -4.08693e-11 1.6388e+07 30460.9 4.19174e-10
	End 2 Forces (P Mz Vy My Vz T): 2.56763e+06 -1.48433e-07 4.08693e-11 -4.68489e+07 -30460.9 -4.19174e-10
Number of sections: 3
Legendre

DispBeamColumn3d, element id:  117
	Connected external nodes:  10 101 
	CoordTransf: 117
	mass density:  0, cMass: 0
	End 1 Forces (P Mz Vy My Vz T): 2.96946e+06 5.63332e-09 9.61866e-12 -525507 513.06 3.32895e-09
	End 2 Forces (P Mz Vy My Vz T): -2.96946e+06 3.98533e-09 -9.61866e-12 12446.9 -513.06 -3.32895e-09
Number of sections: 3
Legendre

DispBeamColumn3d, element id:  118
	Connected external nodes:  101 102 
	CoordTransf: 118
	mass density:  0, cMass: 0
	End 1 Forces (P Mz Vy My Vz T): 2.96946e+06 6.17035e-10 2.06795e-28 -12446.9 513.06 3.32895e-09
	End 2 Forces (P Mz Vy My Vz T): -2.96946e+06 -6.17035e-10 -2.06795e-28 -500613 -513.06 -3.32895e-09
Number of sections: 3
Legendre

DispBeamColumn3d, element id:  119
	Connected external nodes:  102 112 
	CoordTransf: 119
	mass density:  0, cMass: 0
	End 1 Forces (P Mz Vy My Vz T): 2.96946e+06 -2.2562e-10 1.4428e-11 500613 513.06 3.32895e-09
	End 2 Forces (P Mz Vy My Vz T): -2.96946e+06 7.43961e-09 -1.4428e-11 -757143 -513.06 -3.32895e-09
Number of sections: 3
Legendre

DispBeamColumn3d, element id:  120
	Connected external nodes:  112 103 
	CoordTransf: 120
	mass density:  0, cMass: 0
	End 1 Forces (P Mz Vy My Vz T): 2.93766e+06 2.88105e-09 1.4428e-11 -116143 69.1311 5.97567e-09
	End 2 Forces (P Mz Vy My Vz T): -2.93766e+06 4.33295e-09 -1.4428e-11 81577.4 -69.1311 -5.97567e-09
Number of sections: 3
Legendre

DispBeamColumn3d, element id:  121
	Connected external nodes:  103 104 
	CoordTransf: 121
	mass density:  0, cMass: 0
	End 1 Forces (P Mz Vy My Vz T): 2.93766e+06 -6.88052e-09 -9.61866e-12 -81577.4 69.1311 5.97567e-09
	End 2 Forces (P Mz Vy My Vz T): -2.93766e+06 -2.73813e-09 9.61866e-12 12446.2 -69.1311 -5.97567e-09
Number of sections: 3
Legendre

DispBeamColumn3d, element id:  122
	Connected external nodes:  104 1 
	CoordTransf: 122
	mass density:  0, cMass: 0
	End 1 Forces (P Mz Vy My Vz T): 2.93766e+06 1.30422e-09 2.40466e-12 -12446.2 69.1311 5.97567e-09
	End 2 Forces (P Mz Vy My Vz T): -2.93766e+06 1.10044e-09 -2.40466e-12 -56684.9 -69.1311 -5.97567e-09
Number of sections: 3
Legendre

DispBeamColumn3d, element id:  123
	Connected external nodes:  9 105 
	CoordTransf: 123
	mass density:  0, cMass: 0
	End 1 Forces (P Mz Vy My Vz T): -2.57696e+06 1.07339e-07 6.73307e-11 -2.85648e+07 53.9314 2.25419e-09
	End 2 Forces (P Mz Vy My Vz T): 2.57696e+06 -4.0008e-08 -6.73307e-11 2.85109e+07 -53.9314 -2.25419e-09
Number of sections: 3
Legendre

DispBeamColumn3d, element id:  124
	Connected external nodes:  105 106 
	CoordTransf: 124
	mass density:  0, cMass: 0
	End 1 Forces (P Mz Vy My Vz T): -2.57696e+06 8.0317e-08 1.25043e-10 -2.85109e+07 53.9314 2.25419e-09
	End 2 Forces (P Mz Vy My Vz T): 2.57696e+06 4.47256e-08 -1.25043e-10 2.84569e+07 -53.9314 -2.25419e-09
Number of sections: 3
Legendre

DispBeamColumn3d, element id:  125
	Connected external nodes:  106 112 
	CoordTransf: 125
	mass density:  0, cMass: 0
	End 1 Forces (P Mz Vy My Vz T): -2.57696e+06 -4.15469e-08 8.17586e-11 -2.84569e+07 53.9314 2.25419e-09
	End 2 Forces (P Mz Vy My Vz T): 2.57696e+06 8.24262e-08 -8.17586e-11 2.843e+07 -53.9314 -2.25419e-09
Number of sections: 3
Legendre

DispBeamColumn3d, element id:  126
	Connected external nodes:  112 107 
	CoordTransf: 126
	mass density:  0, cMass: 0
	End 1 Forces (P Mz Vy My Vz T): -2.56763e+06 -6.83315e-08 7.69493e-11 -2.93032e+07 30460.9 2.56391e-09
	End 2 Forces (P Mz Vy My Vz T): 2.56763e+06 1.06806e-07 -7.69493e-11 1.40728e+07 -30460.9 -2.56391e-09
Number of sections: 3
Legendre

DispBeamColumn3d, element id:  127
	Connected external nodes:  107 108 
	CoordTransf: 127
	mass density:  0, cMass: 0
	End 1 Forces (P Mz Vy My Vz T): -2.56763e+06 -1.08287e-07 6.13189e-11 -1.40728e+07 30460.9 2.56391e-09
	End 2 Forces (P Mz Vy My Vz T): 2.56763e+06 1.69606e-07 -6.13189e-11 -1.6388e+07 -30460.9 -2.56391e-09
Number of sections: 3
Legendre

DispBeamColumn3d, element id:  128
	Connected external nodes:  108 3 
	CoordTransf: 128
	mass density:  0, cMass: 0
	End 1 Forces (P Mz Vy My Vz T): -2.56763e+06 -1.9416e-07 6.4936e-11 1.6388e+07 30460.9 2.56391e-09
	End 2 Forces (P Mz Vy My Vz T): 2.56763e+06 2.59096e-07 -6.4936e-11 -4.68489e+07 -30460.9 -2.56391e-09
Number of sections: 3
Legendre
