
 Node: 1
	Coordinates  : 4500 5000 10500 
	Disps: 0 0 0 0 0 0 
	Velocities   : 0 0 0 0 0 0 
	commitAccels: 0 0 0 0 0 0 
	Mass : 
8.604 0 0 0 0 0 
0 8.604 0 0 0 0 
0 0 8.604 0 0 0 
0 0 0 0 0 0 
0 0 0 0 0 0 
0 0 0 0 0 0 

	 Rayleigh Factor: alphaM: 0
	 Rayleigh Forces: 0 0 0 0 0 0 
	 Eigenvectors: 
-0.00896764 0.108823 -0.0686901 0.0673037 -0.0431129 0.025083 -0.00580894 0.00448998 0.00968996 -0.00971323 0.00552368 0.112941 
-0.109862 -6.33342e-15 0.0373654 -0.0426492 -0.0817126 0.0641906 -5.23216e-16 -0.00184416 0.0373234 0.073981 0.0417385 -1.75207e-16 
0.00157078 -0.000270173 -0.000318211 0.00272082 -0.000435096 -0.00789947 0.00385929 -0.000945848 -0.00328586 0.00717016 0.00378779 0.00923073 
3.23407e-06 2.12142e-19 -9.99659e-07 1.02598e-05 -1.12031e-06 -2.60146e-05 5.29396e-20 4.37312e-06 -2.39919e-06 3.15248e-05 1.42498e-05 6.92202e-20 
-5.34913e-08 2.97054e-06 -1.64682e-06 3.18375e-06 1.69752e-06 -4.95752e-07 -2.03617e-05 1.23649e-05 1.49178e-05 -4.18467e-07 -2.82954e-06 -1.61462e-05 
4.50775e-06 -2.42588e-18 2.597e-05 3.73369e-06 8.35733e-07 3.63321e-06 8.2996e-20 -5.00718e-06 -1.6554e-06 3.79586e-06 -1.38104e-05 -1.30229e-19 

	ID : 126 127 128 129 130 131 


 Node: 2
	Coordinates  : 4500 5000 13500 
	Disps: 0 0 0 0 0 0 
	Velocities   : 0 0 0 0 0 0 
	commitAccels: 0 0 0 0 0 0 
	Mass : 
4.302 0 0 0 0 0 
0 4.302 0 0 0 0 
0 0 4.302 0 0 0 
0 0 0 0 0 0 
0 0 0 0 0 0 
0 0 0 0 0 0 

	 Rayleigh Factor: alphaM: 0
	 Rayleigh Forces: 0 0 0 0 0 0 
	 Eigenvectors: 
-0.00916858 0.125515 -0.0791975 0.0884332 -0.0237415 0.0198118 -0.168384 0.108391 0.127697 -0.011233 -0.0198335 -0.115282 
-0.121107 -7.23456e-15 0.0413478 -0.0963852 -0.075427 0.167328 -4.9754e-16 -0.0212536 0.0222712 -0.181228 -0.0651808 -1.66531e-16 
0.00162162 -0.000350135 -0.000282686 0.002917 -0.0005952 -0.00841291 0.00481722 -0.00143884 -0.00374356 0.0088466 0.0046521 0.0109934 
1.68093e-06 1.24807e-19 -4.77395e-07 7.27933e-06 -1.04916e-06 -1.39359e-05 1.60738e-20 1.32616e-06 2.07521e-06 3.56304e-05 1.51299e-05 2.03346e-20 
-6.03311e-08 3.22193e-06 -1.66749e-06 3.34107e-06 3.14483e-06 -2.15244e-07 -3.11915e-05 1.72798e-05 2.14339e-05 -1.49257e-06 -4.73658e-06 -4.3762e-05 
3.25861e-06 -2.95157e-18 3.11066e-05 -2.00538e-05 -1.57241e-05 8.79657e-06 3.09379e-19 -3.52091e-05 -8.37779e-06 -1.55357e-05 -3.68939e-06 3.31189e-19 

	ID : 120 121 122 123 124 125 


 Node: 3
	Coordinates  : 4500 0 10500 
	Disps: 0 0 0 0 0 0 
	Velocities   : 0 0 0 0 0 0 
	commitAccels: 0 0 0 0 0 0 
	Mass : 
8.604 0 0 0 0 0 
0 8.604 0 0 0 0 
0 0 8.604 0 0 0 
0 0 0 0 0 0 
0 0 0 0 0 0 
0 0 0 0 0 0 

	 Rayleigh Factor: alphaM: 0
	 Rayleigh Forces: 0 0 0 0 0 0 
	 Eigenvectors: 
0.00896764 0.108823 0.0686901 -0.0673037 0.0431129 -0.025083 -0.00580894 -0.00448998 -0.00968996 0.00971323 -0.00552368 0.112941 
-0.109862 -6.34031e-15 0.0373654 -0.0426492 -0.0817126 0.0641906 -4.98299e-16 -0.00184416 0.0373234 0.073981 0.0417385 -1.57861e-16 
-0.00157078 -0.000270173 0.000318211 -0.00272082 0.000435096 0.00789947 0.00385929 0.000945848 0.00328586 -0.00717016 -0.00378779 0.00923073 
3.23407e-06 2.148e-19 -9.99659e-07 1.02598e-05 -1.12031e-06 -2.60146e-05 5.64336e-20 4.37312e-06 -2.39919e-06 3.15248e-05 1.42498e-05 6.84545e-20 
5.34913e-08 2.97054e-06 1.64682e-06 -3.18375e-06 -1.69752e-06 4.95752e-07 -2.03617e-05 -1.23649e-05 -1.49178e-05 4.18467e-07 2.82954e-06 -1.61462e-05 
4.50775e-06 -2.41804e-18 2.597e-05 3.73369e-06 8.35733e-07 3.63321e-06 9.23266e-20 -5.00718e-06 -1.6554e-06 3.79586e-06 -1.38104e-05 -1.21123e-19 

	ID : 114 115 116 117 118 119 


 Node: 4
	Coordinates  : 4500 0 13500 
	Disps: 0 0 0 0 0 0 
	Velocities   : 0 0 0 0 0 0 
	commitAccels: 0 0 0 0 0 0 
	Mass : 
4.302 0 0 0 0 0 
0 4.302 0 0 0 0 
0 0 4.302 0 0 0 
0 0 0 0 0 0 
0 0 0 0 0 0 
0 0 0 0 0 0 

	 Rayleigh Factor: alphaM: 0
	 Rayleigh Forces: 0 0 0 0 0 0 
	 Eigenvectors: 
0.00916858 0.125515 0.0791975 -0.0884332 0.0237415 -0.0198118 -0.168384 -0.108391 -0.127697 0.011233 0.0198335 -0.115282 
-0.121107 -7.20691e-15 0.0413478 -0.0963852 -0.075427 0.167328 -2.25189e-16 -0.0212536 0.0222712 -0.181228 -0.0651808 -1.75204e-16 
-0.00162162 -0.000350135 0.000282686 -0.002917 0.0005952 0.00841291 0.00481722 0.00143884 0.00374356 -0.0088466 -0.0046521 0.0109934 
1.68093e-06 1.28224e-19 -4.77395e-07 7.27933e-06 -1.04916e-06 -1.39359e-05 1.59613e-20 1.32616e-06 2.07521e-06 3.56304e-05 1.51299e-05 2.88039e-20 
6.03311e-08 3.22193e-06 1.66749e-06 -3.34107e-06 -3.14483e-06 2.15244e-07 -3.11915e-05 -1.72798e-05 -2.14339e-05 1.49257e-06 4.73658e-06 -4.3762e-05 
3.25861e-06 -2.95117e-18 3.11066e-05 -2.00538e-05 -1.57241e-05 8.79657e-06 3.01332e-19 -3.52091e-05 -8.37779e-06 -1.55357e-05 -3.68939e-06 3.34789e-19 

	ID : 90 91 92 93 94 95 


 Node: 5
	Coordinates  : 0 0 10500 
	Disps: 0 0 0 0 0 0 
	Velocities   : 0 0 0 0 0 0 
	commitAccels: 0 0 0 0 0 0 
	Mass : 
4.302 0 0 0 0 0 
0 4.302 0 0 0 0 
0 0 4.302 0 0 0 
0 0 0 0 0 0 
0 0 0 0 0 0 
0 0 0 0 0 0 

	 Rayleigh Factor: alphaM: 0
	 Rayleigh Forces: 0 0 0 0 0 0 
	 Eigenvectors: 
0.00892671 0.108847 0.0687324 -0.0675438 0.0424859 -0.0249706 -0.00669665 -0.00493724 -0.0102426 0.00968599 -0.00499588 0.108694 
-0.116647 5.20661e-15 -0.0909435 -0.030843 0.112902 -0.0199634 4.34115e-16 -0.0105062 -0.00650462 0.0198804 0.017959 6.04529e-16 
-0.00138165 0.00119266 -0.000442688 -0.00165775 0.0019588 0.00271364 -0.00476062 0.003244 -0.00860653 0.000742574 5.68442e-05 -0.00209049 
4.17402e-06 -1.77285e-19 3.38225e-06 2.5361e-06 -7.84587e-06 -1.31701e-05 1.89577e-19 -3.00009e-05 2.69154e-05 -2.24792e-06 2.32429e-06 4.48153e-20 
3.21272e-07 6.36695e-06 3.61183e-06 -5.45302e-06 -1.5584e-06 -2.25451e-07 -3.39977e-05 -2.09373e-05 -2.48015e-05 3.09794e-06 1.88874e-06 6.31778e-06 
2.12081e-06 -2.71262e-18 2.70032e-05 -1.74502e-05 -1.39691e-05 1.97513e-06 1.08811e-19 2.37165e-06 1.25059e-06 5.67394e-06 2.99243e-06 -1.83165e-19 

	ID : 78 79 80 81 82 83 


 Node: 6
	Coordinates  : 0 0 13500 
	Disps: 0 0 0 0 0 0 
	Velocities   : 0 0 0 0 0 0 
	commitAccels: 0 0 0 0 0 0 
	Mass : 
4.302 0 0 0 0 0 
0 4.302 0 0 0 0 
0 0 4.302 0 0 0 
0 0 0 0 0 0 
0 0 0 0 0 0 
0 0 0 0 0 0 

	 Rayleigh Factor: alphaM: 0
	 Rayleigh Forces: 0 0 0 0 0 0 
	 Eigenvectors: 
0.00916786 0.125563 0.0792291 -0.0885082 0.0237113 -0.0198248 -0.168583 -0.10851 -0.127845 0.0112768 0.0198548 -0.11499 
-0.131223 5.8509e-15 -0.103876 -0.0387537 0.147041 0.0392002 -5.06539e-16 0.140899 -0.138234 0.014514 -0.0121233 -2.37975e-16 
-0.00145105 0.00127337 -0.000455006 -0.00181383 0.00202848 0.00311439 -0.00572605 0.00355963 -0.0100096 0.000612713 -3.26969e-05 -0.00368574 
1.98128e-06 -6.72365e-20 1.52693e-06 1.48603e-06 -4.47793e-06 -8.04508e-06 1.06991e-19 -1.89378e-05 1.83133e-05 1.93385e-06 4.53883e-06 1.14769e-19 
-6.37772e-09 2.0891e-06 1.08836e-06 -2.62749e-06 -3.01069e-06 3.89915e-07 -2.63793e-05 -1.46707e-05 -1.84181e-05 7.27971e-07 4.8639e-06 -4.97838e-05 
2.80229e-06 -3.00233e-18 3.13119e-05 -2.41206e-05 -1.85608e-05 8.47649e-06 3.60571e-19 -3.38284e-05 -7.85906e-06 -1.51659e-05 -4.73089e-07 2.97096e-19 

	ID : 42 43 44 45 46 47 


 Node: 7
	Coordinates  : 0 5000 10500 
	Disps: 0 0 0 0 0 0 
	Velocities   : 0 0 0 0 0 0 
	commitAccels: 0 0 0 0 0 0 
	Mass : 
4.302 0 0 0 0 0 
0 4.302 0 0 0 0 
0 0 4.302 0 0 0 
0 0 0 0 0 0 
0 0 0 0 0 0 
0 0 0 0 0 0 

	 Rayleigh Factor: alphaM: 0
	 Rayleigh Forces: 0 0 0 0 0 0 
	 Eigenvectors: 
-0.00892671 0.108847 -0.0687324 0.0675438 -0.0424859 0.0249706 -0.00669665 0.00493724 0.0102426 -0.00968599 0.00499588 0.108694 
-0.116647 5.18146e-15 -0.0909435 -0.030843 0.112902 -0.0199634 3.78116e-16 -0.0105062 -0.00650462 0.0198804 0.017959 6.17973e-16 
0.00138165 0.00119266 0.000442688 0.00165775 -0.0019588 -0.00271364 -0.00476062 -0.003244 0.00860653 -0.000742574 -5.68442e-05 -0.00209049 
4.17402e-06 -1.81133e-19 3.38225e-06 2.5361e-06 -7.84587e-06 -1.31701e-05 1.84336e-19 -3.00009e-05 2.69154e-05 -2.24792e-06 2.32429e-06 5.179e-20 
-3.21272e-07 6.36695e-06 -3.61183e-06 5.45302e-06 1.5584e-06 2.25451e-07 -3.39977e-05 2.09373e-05 2.48015e-05 -3.09794e-06 -1.88874e-06 6.31778e-06 
2.12081e-06 -2.70076e-18 2.70032e-05 -1.74502e-05 -1.39691e-05 1.97513e-06 7.13559e-20 2.37165e-06 1.25059e-06 5.67394e-06 2.99243e-06 -1.70566e-19 

	ID : 108 109 110 111 112 113 


 Node: 8
	Coordinates  : 0 5000 13500 
	Disps: 0 0 0 0 0 0 
	Velocities   : 0 0 0 0 0 0 
	commitAccels: 0 0 0 0 0 0 
	Mass : 
4.302 0 0 0 0 0 
0 4.302 0 0 0 0 
0 0 4.302 0 0 0 
0 0 0 0 0 0 
0 0 0 0 0 0 
0 0 0 0 0 0 

	 Rayleigh Factor: alphaM: 0
	 Rayleigh Forces: 0 0 0 0 0 0 
	 Eigenvectors: 
-0.00916786 0.125563 -0.0792291 0.0885082 -0.0237113 0.0198248 -0.168583 0.10851 0.127845 -0.0112768 -0.0198548 -0.11499 
-0.131223 5.86206e-15 -0.103876 -0.0387537 0.147041 0.0392002 -5.27356e-16 0.140899 -0.138234 0.014514 -0.0121233 -2.71802e-16 
0.00145105 0.00127337 0.000455006 0.00181383 -0.00202848 -0.00311439 -0.00572605 -0.00355963 0.0100096 -0.000612713 3.26969e-05 -0.00368574 
1.98128e-06 -7.61023e-20 1.52693e-06 1.48603e-06 -4.47793e-06 -8.04508e-06 1.06038e-19 -1.89378e-05 1.83133e-05 1.93385e-06 4.53883e-06 1.21652e-19 
6.37772e-09 2.0891e-06 -1.08836e-06 2.62749e-06 3.01069e-06 -3.89915e-07 -2.63793e-05 1.46707e-05 1.84181e-05 -7.27971e-07 -4.8639e-06 -4.97838e-05 
2.80229e-06 -3.00403e-18 3.13119e-05 -2.41206e-05 -1.85608e-05 8.47649e-06 3.01755e-19 -3.38284e-05 -7.85906e-06 -1.51659e-05 -4.73089e-07 3.13613e-19 

	ID : 84 85 86 87 88 89 


 Node: 9
	Coordinates  : 4500 0 7500 
	Disps: 0 0 0 0 0 0 
	Velocities   : 0 0 0 0 0 0 
	commitAccels: 0 0 0 0 0 0 
	Mass : 
8.604 0 0 0 0 0 
0 8.604 0 0 0 0 
0 0 8.604 0 0 0 
0 0 0 0 0 0 
0 0 0 0 0 0 
0 0 0 0 0 0 

	 Rayleigh Factor: alphaM: 0
	 Rayleigh Forces: 0 0 0 0 0 0 
	 Eigenvectors: 
0.00734915 0.083487 0.0537333 -0.0477675 0.0419831 -0.0222019 0.0813351 0.0521602 0.0572133 -0.00251513 -0.0038636 -0.0027666 
-0.0896423 -5.11386e-15 0.0309331 0.00379902 -0.0829319 -0.0832681 -8.3592e-17 0.0300097 -0.00537359 0.104926 0.0489695 2.53276e-16 
-0.00139866 -0.00018928 0.000318836 -0.00211302 0.000183155 0.00626724 0.00273122 0.000540192 0.00266233 -0.00399208 -0.00211156 0.00672332 
4.8775e-06 2.78171e-19 -1.52472e-06 6.34393e-06 9.31074e-07 -2.24472e-05 6.54465e-20 4.48209e-06 -9.81582e-06 -2.16744e-05 -1.29557e-05 1.12264e-20 
2.99903e-07 4.65687e-06 2.56329e-06 -3.04928e-06 1.36295e-06 -8.50198e-07 -6.1298e-06 -3.6172e-06 -5.11717e-06 1.23945e-06 -2.86623e-07 1.87084e-05 
3.61762e-06 -1.94284e-18 2.06796e-05 6.36508e-06 4.05317e-06 4.63557e-06 -8.33269e-20 1.44697e-05 -1.25786e-06 -2.52159e-06 4.01501e-06 -8.6737e-21 

	ID : 72 73 74 75 76 77 


 Node: 10
	Coordinates  : 4500 5000 7500 
	Disps: 0 0 0 0 0 0 
	Velocities   : 0 0 0 0 0 0 
	commitAccels: 0 0 0 0 0 0 
	Mass : 
8.604 0 0 0 0 0 
0 8.604 0 0 0 0 
0 0 8.604 0 0 0 
0 0 0 0 0 0 
0 0 0 0 0 0 
0 0 0 0 0 0 

	 Rayleigh Factor: alphaM: 0
	 Rayleigh Forces: 0 0 0 0 0 0 
	 Eigenvectors: 
-0.00734915 0.083487 -0.0537333 0.0477675 -0.0419831 0.0222019 0.0813351 -0.0521602 -0.0572133 0.00251513 0.0038636 -0.0027666 
-0.0896423 -5.12516e-15 0.0309331 0.00379902 -0.0829319 -0.0832681 -7.3021e-17 0.0300097 -0.00537359 0.104926 0.0489695 2.41119e-16 
0.00139866 -0.00018928 -0.000318836 0.00211302 -0.000183155 -0.00626724 0.00273122 -0.000540192 -0.00266233 0.00399208 0.00211156 0.00672332 
4.8775e-06 2.83829e-19 -1.52472e-06 6.34393e-06 9.31074e-07 -2.24472e-05 1.01313e-19 4.48209e-06 -9.81582e-06 -2.16744e-05 -1.29557e-05 8.99955e-21 
-2.99903e-07 4.65687e-06 -2.56329e-06 3.04928e-06 -1.36295e-06 8.50198e-07 -6.1298e-06 3.6172e-06 5.11717e-06 -1.23945e-06 2.86623e-07 1.87084e-05 
3.61762e-06 -1.94759e-18 2.06796e-05 6.36508e-06 4.05317e-06 4.63557e-06 -7.70535e-20 1.44697e-05 -1.25786e-06 -2.52159e-06 4.01501e-06 -1.87587e-20 

	ID : 102 103 104 105 106 107 


 Node: 11
	Coordinates  : 0 0 7500 
	Disps: 0 0 0 0 0 0 
	Velocities   : 0 0 0 0 0 0 
	commitAccels: 0 0 0 0 0 0 
	Mass : 
4.302 0 0 0 0 0 
0 4.302 0 0 0 0 
0 0 4.302 0 0 0 
0 0 0 0 0 0 
0 0 0 0 0 0 
0 0 0 0 0 0 

	 Rayleigh Factor: alphaM: 0
	 Rayleigh Forces: 0 0 0 0 0 0 
	 Eigenvectors: 
0.00731448 0.0834748 0.0537414 -0.0478781 0.0416102 -0.0222659 0.0813985 0.0522975 0.0570579 -0.00234971 -0.00391241 -0.00194533 
-0.0937661 4.12935e-15 -0.0721591 -0.0191547 0.0762253 -0.0730722 1.28131e-15 -0.13061 0.0979555 -0.00835124 0.0093991 2.41697e-16 
-0.00122081 0.00103767 -0.000395087 -0.00138331 0.001723 0.00201415 -0.00350596 0.0024793 -0.00644225 0.000757481 0.000157029 -0.000939537 
6.24857e-06 -2.71689e-19 4.84201e-06 2.77297e-06 -8.02218e-06 -8.14903e-06 8.40151e-20 -1.70149e-05 1.54625e-05 -8.3947e-06 -4.95124e-06 -1.42615e-19 
6.46375e-07 8.93684e-06 5.23593e-06 -5.9768e-06 2.13346e-06 -1.6956e-06 -1.61966e-05 -1.0458e-05 -1.28166e-05 3.47345e-06 -1.4723e-06 4.15742e-05 
1.56785e-06 -2.17604e-18 2.15102e-05 -1.05592e-05 -1.06545e-05 -5.81976e-06 -8.69268e-20 2.3598e-05 3.29991e-07 8.44416e-06 1.0583e-06 -3.81017e-21 

	ID : 36 37 38 39 40 41 


 Node: 12
	Coordinates  : 0 5000 7500 
	Disps: 0 0 0 0 0 0 
	Velocities   : 0 0 0 0 0 0 
	commitAccels: 0 0 0 0 0 0 
	Mass : 
4.302 0 0 0 0 0 
0 4.302 0 0 0 0 
0 0 4.302 0 0 0 
0 0 0 0 0 0 
0 0 0 0 0 0 
0 0 0 0 0 0 

	 Rayleigh Factor: alphaM: 0
	 Rayleigh Forces: 0 0 0 0 0 0 
	 Eigenvectors: 
-0.00731448 0.0834748 -0.0537414 0.0478781 -0.0416102 0.0222659 0.0813985 -0.0522975 -0.0570579 0.00234971 0.00391241 -0.00194533 
-0.0937661 4.1178e-15 -0.0721591 -0.0191547 0.0762253 -0.0730722 1.33227e-15 -0.13061 0.0979555 -0.00835124 0.0093991 2.27359e-16 
0.00122081 0.00103767 0.000395087 0.00138331 -0.001723 -0.00201415 -0.00350596 -0.0024793 0.00644225 -0.000757481 -0.000157029 -0.000939537 
6.24857e-06 -2.66398e-19 4.84201e-06 2.77297e-06 -8.02218e-06 -8.14903e-06 1.22079e-19 -1.70149e-05 1.54625e-05 -8.3947e-06 -4.95124e-06 -1.51933e-19 
-6.46375e-07 8.93684e-06 -5.23593e-06 5.9768e-06 -2.13346e-06 1.6956e-06 -1.61966e-05 1.0458e-05 1.28166e-05 -3.47345e-06 1.4723e-06 4.15742e-05 
1.56785e-06 -2.17386e-18 2.15102e-05 -1.05592e-05 -1.06545e-05 -5.81976e-06 -8.86208e-20 2.3598e-05 3.29991e-07 8.44416e-06 1.0583e-06 -8.15338e-21 

	ID : 60 61 62 63 64 65 


 Node: 13
	Coordinates  : 9000 0 7500 
	Disps: 0 0 0 0 0 0 
	Velocities   : 0 0 0 0 0 0 
	commitAccels: 0 0 0 0 0 0 
	Mass : 
4.302 0 0 0 0 0 
0 4.302 0 0 0 0 
0 0 4.302 0 0 0 
0 0 0 0 0 0 
0 0 0 0 0 0 
0 0 0 0 0 0 

	 Rayleigh Factor: alphaM: 0
	 Rayleigh Forces: 0 0 0 0 0 0 
	 Eigenvectors: 
0.00737861 0.0835036 0.0537069 -0.047647 0.0421829 -0.0220565 0.0803888 0.0512997 0.0565427 -0.00265533 -0.00367649 -0.00479516 
-0.0583811 -1.16419e-14 0.111101 0.139489 0.068863 0.0214372 8.21825e-17 -0.0118969 -0.00879181 -0.0381186 0.0717139 -2.6183e-18 
-0.000712074 -0.000911181 0.000637266 0.00170941 0.000568231 0.00144975 0.00181629 0.000156421 0.00172579 0.00335819 -0.00752302 -0.00219003 
3.4911e-06 6.70235e-19 -6.34809e-06 -6.26562e-06 -4.13149e-06 -7.66074e-06 3.73224e-20 5.99243e-06 -2.96927e-06 -2.77583e-05 5.18483e-05 6.45416e-21 
6.22327e-07 8.96326e-06 5.27844e-06 -6.17314e-06 1.86361e-06 -1.4742e-06 -1.76467e-05 -1.142e-05 -1.372e-05 3.12641e-06 -1.19549e-06 3.73698e-05 
4.90135e-06 -1.81947e-18 1.84532e-05 4.50411e-06 2.70357e-05 5.04528e-06 4.89294e-20 3.02054e-06 1.0873e-05 -1.14614e-05 1.06217e-06 -2.24006e-20 

	ID : 30 31 32 33 34 35 


 Node: 14
	Coordinates  : 9000 0 10500 
	Disps: 0 0 0 0 0 0 
	Velocities   : 0 0 0 0 0 0 
	commitAccels: 0 0 0 0 0 0 
	Mass : 
4.302 0 0 0 0 0 
0 4.302 0 0 0 0 
0 0 4.302 0 0 0 
0 0 0 0 0 0 
0 0 0 0 0 0 
0 0 0 0 0 0 

	 Rayleigh Factor: alphaM: 0
	 Rayleigh Forces: 0 0 0 0 0 0 
	 Eigenvectors: 
0.00900213 0.108702 0.0685279 -0.0667966 0.0438098 -0.02516 -0.00369159 -0.00307601 -0.00804571 0.00952629 -0.00604418 0.116023 
-0.0696879 -1.38434e-14 0.131952 0.156817 0.0827038 0.0555044 -4.92228e-17 -0.0402214 0.00404235 0.0880422 -0.188535 1.93061e-17 
-0.000768173 -0.00101195 0.000666703 0.00183463 0.000646259 0.00166219 0.00234308 0.000327382 0.0021721 0.00388465 -0.00891007 -0.00238541 
1.77227e-06 3.19886e-19 -2.9913e-06 -2.33266e-06 -2.06044e-06 -6.12575e-06 3.26902e-21 4.35467e-06 -2.48021e-06 -1.92385e-05 4.28252e-05 8.36298e-21 
3.06884e-07 6.01804e-06 3.32367e-06 -4.77709e-06 7.89363e-08 -2.10355e-07 -2.33642e-05 -1.45e-05 -1.71144e-05 2.51215e-06 -3.70394e-07 3.50414e-05 
6.02848e-06 -2.20607e-18 2.2439e-05 7.1072e-06 3.02955e-05 -4.29905e-06 2.10964e-19 -2.49198e-06 -1.12786e-06 -8.18697e-07 -1.98329e-05 -1.7195e-19 

	ID : 66 67 68 69 70 71 


 Node: 15
	Coordinates  : 9000 5000 7500 
	Disps: 0 0 0 0 0 0 
	Velocities   : 0 0 0 0 0 0 
	commitAccels: 0 0 0 0 0 0 
	Mass : 
4.302 0 0 0 0 0 
0 4.302 0 0 0 0 
0 0 4.302 0 0 0 
0 0 0 0 0 0 
0 0 0 0 0 0 
0 0 0 0 0 0 

	 Rayleigh Factor: alphaM: 0
	 Rayleigh Forces: 0 0 0 0 0 0 
	 Eigenvectors: 
-0.00737861 0.0835036 -0.0537069 0.047647 -0.0421829 0.0220565 0.0803888 -0.0512997 -0.0565427 0.00265533 0.00367649 -0.00479516 
-0.0583811 -1.16489e-14 0.111101 0.139489 0.068863 0.0214372 6.13116e-17 -0.0118969 -0.00879181 -0.0381186 0.0717139 4.33518e-17 
0.000712074 -0.000911181 -0.000637266 -0.00170941 -0.000568231 -0.00144975 0.00181629 -0.000156421 -0.00172579 -0.00335819 0.00752302 -0.00219003 
3.4911e-06 6.70486e-19 -6.34809e-06 -6.26562e-06 -4.13149e-06 -7.66074e-06 -5.71747e-21 5.99243e-06 -2.96927e-06 -2.77583e-05 5.18483e-05 1.25951e-20 
-6.22327e-07 8.96326e-06 -5.27844e-06 6.17314e-06 -1.86361e-06 1.4742e-06 -1.76467e-05 1.142e-05 1.372e-05 -3.12641e-06 1.19549e-06 3.73698e-05 
4.90135e-06 -1.82137e-18 1.84532e-05 4.50411e-06 2.70357e-05 5.04528e-06 6.29716e-20 3.02054e-06 1.0873e-05 -1.14614e-05 1.06217e-06 -1.85339e-20 

	ID : 54 55 56 57 58 59 


 Node: 16
	Coordinates  : 9000 5000 10500 
	Disps: 0 0 0 0 0 0 
	Velocities   : 0 0 0 0 0 0 
	commitAccels: 0 0 0 0 0 0 
	Mass : 
4.302 0 0 0 0 0 
0 4.302 0 0 0 0 
0 0 4.302 0 0 0 
0 0 0 0 0 0 
0 0 0 0 0 0 
0 0 0 0 0 0 

	 Rayleigh Factor: alphaM: 0
	 Rayleigh Forces: 0 0 0 0 0 0 
	 Eigenvectors: 
-0.00900213 0.108702 -0.0685279 0.0667966 -0.0438098 0.02516 -0.00369159 0.00307601 0.00804571 -0.00952629 0.00604418 0.116023 
-0.0696879 -1.38542e-14 0.131952 0.156817 0.0827038 0.0555044 8.1532e-17 -0.0402214 0.00404235 0.0880422 -0.188535 -3.59882e-17 
0.000768173 -0.00101195 -0.000666703 -0.00183463 -0.000646259 -0.00166219 0.00234308 -0.000327382 -0.0021721 -0.00388465 0.00891007 -0.00238541 
1.77227e-06 3.19474e-19 -2.9913e-06 -2.33266e-06 -2.06044e-06 -6.12575e-06 1.20305e-20 4.35467e-06 -2.48021e-06 -1.92385e-05 4.28252e-05 7.51588e-21 
-3.06884e-07 6.01804e-06 -3.32367e-06 4.77709e-06 -7.89363e-08 2.10355e-07 -2.33642e-05 1.45e-05 1.71144e-05 -2.51215e-06 3.70394e-07 3.50414e-05 
6.02848e-06 -2.19208e-18 2.2439e-05 7.1072e-06 3.02955e-05 -4.29905e-06 1.99576e-19 -2.49198e-06 -1.12786e-06 -8.18697e-07 -1.98329e-05 -1.63055e-19 

	ID : 96 97 98 99 100 101 


 Node: 17
	Coordinates  : 4500 0 4500 
	Disps: 0 0 0 0 0 0 
	Velocities   : 0 0 0 0 0 0 
	commitAccels: 0 0 0 0 0 0 
	Mass : 
8.604 0 0 0 0 0 
0 8.604 0 0 0 0 
0 0 8.604 0 0 0 
0 0 0 0 0 0 
0 0 0 0 0 0 
0 0 0 0 0 0 

	 Rayleigh Factor: alphaM: 0
	 Rayleigh Forces: 0 0 0 0 0 0 
	 Eigenvectors: 
0.00453843 0.0487541 0.0323385 -0.0264006 0.0284835 -0.0140576 0.0910213 0.0597407 0.0677109 -0.00929342 0.00165695 -0.0991662 
-0.0607248 -3.46596e-15 0.0213583 0.0212605 -0.0668069 -0.14555 1.75858e-16 0.0445224 -0.0522979 -0.105366 -0.0817642 -1.67392e-16 
-0.00102112 -0.000112436 0.000253182 -0.00125341 -3.18426e-05 0.00365595 0.0016384 0.000356792 0.00164184 -0.00189585 -0.00100633 0.0041087 
6.7134e-06 3.79557e-19 -2.2585e-06 2.47887e-07 5.15334e-06 2.26682e-06 7.80031e-21 -1.01142e-06 -2.18709e-06 -1.68074e-05 -9.68321e-06 -3.26112e-20 
3.03627e-07 4.06287e-06 2.38112e-06 -2.43024e-06 1.80571e-06 -9.65604e-07 1.58865e-06 1.18852e-06 8.02372e-07 1.09587e-07 -1.27927e-08 4.03727e-06 
2.27458e-06 -1.2449e-18 1.32642e-05 5.17508e-06 3.5013e-06 4.19474e-06 -1.24884e-19 1.86098e-05 -1.74642e-06 -7.01108e-06 1.65026e-05 1.56916e-19 

	ID : 24 25 26 27 28 29 


 Node: 18
	Coordinates  : 4500 5000 4500 
	Disps: 0 0 0 0 0 0 
	Velocities   : 0 0 0 0 0 0 
	commitAccels: 0 0 0 0 0 0 
	Mass : 
8.604 0 0 0 0 0 
0 8.604 0 0 0 0 
0 0 8.604 0 0 0 
0 0 0 0 0 0 
0 0 0 0 0 0 
0 0 0 0 0 0 

	 Rayleigh Factor: alphaM: 0
	 Rayleigh Forces: 0 0 0 0 0 0 
	 Eigenvectors: 
-0.00453843 0.0487541 -0.0323385 0.0264006 -0.0284835 0.0140576 0.0910213 -0.0597407 -0.0677109 0.00929342 -0.00165695 -0.0991662 
-0.0607248 -3.46599e-15 0.0213583 0.0212605 -0.0668069 -0.14555 1.94397e-16 0.0445224 -0.0522979 -0.105366 -0.0817642 -1.69145e-16 
0.00102112 -0.000112436 -0.000253182 0.00125341 3.18426e-05 -0.00365595 0.0016384 -0.000356792 -0.00164184 0.00189585 0.00100633 0.0041087 
6.7134e-06 3.81679e-19 -2.2585e-06 2.47887e-07 5.15334e-06 2.26682e-06 1.44244e-20 -1.01142e-06 -2.18709e-06 -1.68074e-05 -9.68321e-06 -3.5998e-20 
-3.03627e-07 4.06287e-06 -2.38112e-06 2.43024e-06 -1.80571e-06 9.65604e-07 1.58865e-06 -1.18852e-06 -8.02372e-07 -1.09587e-07 1.27927e-08 4.03727e-06 
2.27458e-06 -1.24461e-18 1.32642e-05 5.17508e-06 3.5013e-06 4.19474e-06 -1.43731e-19 1.86098e-05 -1.74642e-06 -7.01108e-06 1.65026e-05 1.55857e-19 

	ID : 48 49 50 51 52 53 


 Node: 19
	Coordinates  : 0 0 4500 
	Disps: 0 0 0 0 0 0 
	Velocities   : 0 0 0 0 0 0 
	commitAccels: 0 0 0 0 0 0 
	Mass : 
4.302 0 0 0 0 0 
0 4.302 0 0 0 0 
0 0 4.302 0 0 0 
0 0 0 0 0 0 
0 0 0 0 0 0 
0 0 0 0 0 0 

	 Rayleigh Factor: alphaM: 0
	 Rayleigh Forces: 0 0 0 0 0 0 
	 Eigenvectors: 
0.00449282 0.0485499 0.0322147 -0.0263789 0.0280624 -0.0141365 0.0901888 0.0593136 0.0668226 -0.00912413 0.00129336 -0.0969951 
-0.0612882 2.68587e-15 -0.0468134 -0.00897695 0.0426109 -0.0808542 1.19696e-15 -0.150259 0.11774 -0.0401629 -0.0156192 -4.39769e-16 
-0.000882856 0.000731086 -0.000289382 -0.000925189 0.00121173 0.00107616 -0.00200569 0.00135183 -0.00364746 0.00047147 0.000128867 -0.000511367 
8.52626e-06 -3.59433e-19 6.37366e-06 1.93266e-06 -6.98775e-06 5.43219e-06 -1.0355e-19 9.60732e-06 -6.75216e-06 -1.26213e-06 -2.2279e-06 -6.11397e-20 
1.01734e-06 1.18999e-05 7.3784e-06 -6.55308e-06 5.84136e-06 -3.20106e-06 1.18423e-05 7.33798e-06 7.79506e-06 -8.14805e-08 -7.26574e-07 2.1235e-06 
8.25376e-07 -1.38523e-18 1.36293e-05 -4.73044e-06 -7.14736e-06 -8.92248e-06 -1.27531e-19 2.72251e-05 -2.78952e-06 -3.51617e-06 -6.50479e-06 1.36589e-19 

	ID : 6 7 8 9 10 11 


 Node: 20
	Coordinates  : 0 5000 4500 
	Disps: 0 0 0 0 0 0 
	Velocities   : 0 0 0 0 0 0 
	commitAccels: 0 0 0 0 0 0 
	Mass : 
4.302 0 0 0 0 0 
0 4.302 0 0 0 0 
0 0 4.302 0 0 0 
0 0 0 0 0 0 
0 0 0 0 0 0 
0 0 0 0 0 0 

	 Rayleigh Factor: alphaM: 0
	 Rayleigh Forces: 0 0 0 0 0 0 
	 Eigenvectors: 
-0.00449282 0.0485499 -0.0322147 0.0263789 -0.0280624 0.0141365 0.0901888 -0.0593136 -0.0668226 0.00912413 -0.00129336 -0.0969951 
-0.0612882 2.69503e-15 -0.0468134 -0.00897695 0.0426109 -0.0808542 1.20346e-15 -0.150259 0.11774 -0.0401629 -0.0156192 -4.32397e-16 
0.000882856 0.000731086 0.000289382 0.000925189 -0.00121173 -0.00107616 -0.00200569 -0.00135183 0.00364746 -0.00047147 -0.000128867 -0.000511367 
8.52626e-06 -3.56435e-19 6.37366e-06 1.93266e-06 -6.98775e-06 5.43219e-06 -1.33752e-19 9.60732e-06 -6.75216e-06 -1.26213e-06 -2.2279e-06 -5.02143e-20 
-1.01734e-06 1.18999e-05 -7.3784e-06 6.55308e-06 -5.84136e-06 3.20106e-06 1.18423e-05 -7.33798e-06 -7.79506e-06 8.14805e-08 7.26574e-07 2.1235e-06 
8.25376e-07 -1.38193e-18 1.36293e-05 -4.73044e-06 -7.14736e-06 -8.92248e-06 -1.40555e-19 2.72251e-05 -2.78952e-06 -3.51617e-06 -6.50479e-06 1.45692e-19 

	ID : 18 19 20 21 22 23 


 Node: 21
	Coordinates  : 9000 0 4500 
	Disps: 0 0 0 0 0 0 
	Velocities   : 0 0 0 0 0 0 
	commitAccels: 0 0 0 0 0 0 
	Mass : 
4.302 0 0 0 0 0 
0 4.302 0 0 0 0 
0 0 4.302 0 0 0 
0 0 0 0 0 0 
0 0 0 0 0 0 
0 0 0 0 0 0 

	 Rayleigh Factor: alphaM: 0
	 Rayleigh Forces: 0 0 0 0 0 0 
	 Eigenvectors: 
0.00454398 0.04855 0.0321739 -0.0262052 0.0285923 -0.0138424 0.090267 0.0589568 0.0671917 -0.00910597 0.00177031 -0.0967495 
-0.0390416 -7.81249e-15 0.0745818 0.0986024 0.0455929 -0.00352215 -2.71593e-17 0.0082774 -0.0161969 -0.124403 0.218263 3.83921e-17 
-0.000537579 -0.000655998 0.00050235 0.00131186 0.000401275 0.000950334 0.000999608 4.58648e-06 0.000968791 0.00202595 -0.00450329 -0.00135799 
5.34017e-06 1.03961e-18 -9.88821e-06 -1.23219e-05 -6.0463e-06 -2.55819e-06 -2.51595e-20 1.59764e-06 2.03017e-07 -1.19403e-06 3.05256e-07 -2.69308e-21 
1.00245e-06 1.18857e-05 7.37893e-06 -6.60932e-06 5.89698e-06 -2.99216e-06 1.2155e-05 7.3475e-06 8.12498e-06 -3.73958e-07 -6.89522e-07 2.93226e-06 
3.2459e-06 -1.1613e-18 1.17485e-05 2.50329e-06 1.89153e-05 9.52898e-06 -3.63695e-20 4.58086e-06 1.55513e-05 -4.74893e-06 2.15656e-05 1.41136e-19 

	ID : 0 1 2 3 4 5 


 Node: 22
	Coordinates  : 9000 5000 4500 
	Disps: 0 0 0 0 0 0 
	Velocities   : 0 0 0 0 0 0 
	commitAccels: 0 0 0 0 0 0 
	Mass : 
4.302 0 0 0 0 0 
0 4.302 0 0 0 0 
0 0 4.302 0 0 0 
0 0 0 0 0 0 
0 0 0 0 0 0 
0 0 0 0 0 0 

	 Rayleigh Factor: alphaM: 0
	 Rayleigh Forces: 0 0 0 0 0 0 
	 Eigenvectors: 
-0.00454398 0.04855 -0.0321739 0.0262052 -0.0285923 0.0138424 0.090267 -0.0589568 -0.0671917 0.00910597 -0.00177031 -0.0967495 
-0.0390416 -7.80051e-15 0.0745818 0.0986024 0.0455929 -0.00352215 1.17636e-17 0.0082774 -0.0161969 -0.124403 0.218263 4.6903e-17 
0.000537579 -0.000655998 -0.00050235 -0.00131186 -0.000401275 -0.000950334 0.000999608 -4.58648e-06 -0.000968791 -0.00202595 0.00450329 -0.00135799 
5.34017e-06 1.03833e-18 -9.88821e-06 -1.23219e-05 -6.0463e-06 -2.55819e-06 6.46524e-21 1.59764e-06 2.03017e-07 -1.19403e-06 3.05256e-07 -4.75766e-21 
-1.00245e-06 1.18857e-05 -7.37893e-06 6.60932e-06 -5.89698e-06 2.99216e-06 1.2155e-05 -7.3475e-06 -8.12498e-06 3.73958e-07 6.89522e-07 2.93226e-06 
3.2459e-06 -1.15907e-18 1.17485e-05 2.50329e-06 1.89153e-05 9.52898e-06 -2.37169e-20 4.58086e-06 1.55513e-05 -4.74893e-06 2.15656e-05 1.33939e-19 

	ID : 12 13 14 15 16 17 


 Node: 23
	Coordinates  : 4500 0 0 
	Disps: 0 0 0 0 0 0 
	Velocities   : 0 0 0 0 0 0 
	commitAccels: 0 0 0 0 0 0 
	 Eigenvectors: 
0 0 0 0 0 0 0 0 0 0 0 0 
0 0 0 0 0 0 0 0 0 0 0 0 
0 0 0 0 0 0 0 0 0 0 0 0 
0 0 0 0 0 0 0 0 0 0 0 0 
0 0 0 0 0 0 0 0 0 0 0 0 
0 0 0 0 0 0 0 0 0 0 0 0 

	ID : -1 -1 -1 -1 -1 -1 


 Node: 24
	Coordinates  : 4500 5000 0 
	Disps: 0 0 0 0 0 0 
	Velocities   : 0 0 0 0 0 0 
	commitAccels: 0 0 0 0 0 0 
	 Eigenvectors: 
0 0 0 0 0 0 0 0 0 0 0 0 
0 0 0 0 0 0 0 0 0 0 0 0 
0 0 0 0 0 0 0 0 0 0 0 0 
0 0 0 0 0 0 0 0 0 0 0 0 
0 0 0 0 0 0 0 0 0 0 0 0 
0 0 0 0 0 0 0 0 0 0 0 0 

	ID : -1 -1 -1 -1 -1 -1 


 Node: 25
	Coordinates  : 0 0 0 
	Disps: 0 0 0 0 0 0 
	Velocities   : 0 0 0 0 0 0 
	commitAccels: 0 0 0 0 0 0 
	 Eigenvectors: 
0 0 0 0 0 0 0 0 0 0 0 0 
0 0 0 0 0 0 0 0 0 0 0 0 
0 0 0 0 0 0 0 0 0 0 0 0 
0 0 0 0 0 0 0 0 0 0 0 0 
0 0 0 0 0 0 0 0 0 0 0 0 
0 0 0 0 0 0 0 0 0 0 0 0 

	ID : -1 -1 -1 -1 -1 -1 


 Node: 26
	Coordinates  : 0 5000 0 
	Disps: 0 0 0 0 0 0 
	Velocities   : 0 0 0 0 0 0 
	commitAccels: 0 0 0 0 0 0 
	 Eigenvectors: 
0 0 0 0 0 0 0 0 0 0 0 0 
0 0 0 0 0 0 0 0 0 0 0 0 
0 0 0 0 0 0 0 0 0 0 0 0 
0 0 0 0 0 0 0 0 0 0 0 0 
0 0 0 0 0 0 0 0 0 0 0 0 
0 0 0 0 0 0 0 0 0 0 0 0 

	ID : -1 -1 -1 -1 -1 -1 


 Node: 27
	Coordinates  : 9000 0 0 
	Disps: 0 0 0 0 0 0 
	Velocities   : 0 0 0 0 0 0 
	commitAccels: 0 0 0 0 0 0 
	 Eigenvectors: 
0 0 0 0 0 0 0 0 0 0 0 0 
0 0 0 0 0 0 0 0 0 0 0 0 
0 0 0 0 0 0 0 0 0 0 0 0 
0 0 0 0 0 0 0 0 0 0 0 0 
0 0 0 0 0 0 0 0 0 0 0 0 
0 0 0 0 0 0 0 0 0 0 0 0 

	ID : -1 -1 -1 -1 -1 -1 


 Node: 28
	Coordinates  : 9000 5000 0 
	Disps: 0 0 0 0 0 0 
	Velocities   : 0 0 0 0 0 0 
	commitAccels: 0 0 0 0 0 0 
	 Eigenvectors: 
0 0 0 0 0 0 0 0 0 0 0 0 
0 0 0 0 0 0 0 0 0 0 0 0 
0 0 0 0 0 0 0 0 0 0 0 0 
0 0 0 0 0 0 0 0 0 0 0 0 
0 0 0 0 0 0 0 0 0 0 0 0 
0 0 0 0 0 0 0 0 0 0 0 0 

	ID : -1 -1 -1 -1 -1 -1 


ElasticBeam3d: 1
	Connected Nodes: 1 2 
	CoordTransf: 1
	mass density:  0, cMass: 0
	End 1 Forces (P Mz Vy My Vz T): 0 0 0 0 0 -0
	End 2 Forces (P Mz Vy My Vz T): 0 0 0 0 0 0

ElasticBeam3d: 2
	Connected Nodes: 3 4 
	CoordTransf: 2
	mass density:  0, cMass: 0
	End 1 Forces (P Mz Vy My Vz T): 0 0 0 0 0 -0
	End 2 Forces (P Mz Vy My Vz T): 0 0 0 0 0 0

ElasticBeam3d: 3
	Connected Nodes: 5 6 
	CoordTransf: 3
	mass density:  0, cMass: 0
	End 1 Forces (P Mz Vy My Vz T): 0 0 0 0 0 -0
	End 2 Forces (P Mz Vy My Vz T): 0 0 0 0 0 0

ElasticBeam3d: 4
	Connected Nodes: 7 8 
	CoordTransf: 4
	mass density:  0, cMass: 0
	End 1 Forces (P Mz Vy My Vz T): 0 0 0 0 0 -0
	End 2 Forces (P Mz Vy My Vz T): 0 0 0 0 0 0

ElasticBeam3d: 5
	Connected Nodes: 6 8 
	CoordTransf: 5
	mass density:  0, cMass: 0
	End 1 Forces (P Mz Vy My Vz T): 0 0 0 0 0 -0
	End 2 Forces (P Mz Vy My Vz T): 0 0 0 0 0 0

ElasticBeam3d: 6
	Connected Nodes: 4 2 
	CoordTransf: 6
	mass density:  0, cMass: 0
	End 1 Forces (P Mz Vy My Vz T): 0 0 0 0 0 -0
	End 2 Forces (P Mz Vy My Vz T): 0 0 0 0 0 0

ElasticBeam3d: 7
	Connected Nodes: 8 2 
	CoordTransf: 7
	mass density:  0, cMass: 0
	End 1 Forces (P Mz Vy My Vz T): 0 0 0 0 0 -0
	End 2 Forces (P Mz Vy My Vz T): 0 0 0 0 0 0

ElasticBeam3d: 8
	Connected Nodes: 6 4 
	CoordTransf: 8
	mass density:  0, cMass: 0
	End 1 Forces (P Mz Vy My Vz T): 0 0 0 0 0 -0
	End 2 Forces (P Mz Vy My Vz T): 0 0 0 0 0 0

ElasticBeam3d: 9
	Connected Nodes: 9 3 
	CoordTransf: 9
	mass density:  0, cMass: 0
	End 1 Forces (P Mz Vy My Vz T): 0 0 0 0 0 -0
	End 2 Forces (P Mz Vy My Vz T): 0 0 0 0 0 0

ElasticBeam3d: 10
	Connected Nodes: 10 1 
	CoordTransf: 10
	mass density:  0, cMass: 0
	End 1 Forces (P Mz Vy My Vz T): 0 0 0 0 0 -0
	End 2 Forces (P Mz Vy My Vz T): 0 0 0 0 0 0

ElasticBeam3d: 11
	Connected Nodes: 11 5 
	CoordTransf: 11
	mass density:  0, cMass: 0
	End 1 Forces (P Mz Vy My Vz T): 0 0 0 0 0 -0
	End 2 Forces (P Mz Vy My Vz T): 0 0 0 0 0 0

ElasticBeam3d: 12
	Connected Nodes: 12 7 
	CoordTransf: 12
	mass density:  0, cMass: 0
	End 1 Forces (P Mz Vy My Vz T): 0 0 0 0 0 -0
	End 2 Forces (P Mz Vy My Vz T): 0 0 0 0 0 0

ElasticBeam3d: 13
	Connected Nodes: 13 14 
	CoordTransf: 13
	mass density:  0, cMass: 0
	End 1 Forces (P Mz Vy My Vz T): 0 0 0 0 0 -0
	End 2 Forces (P Mz Vy My Vz T): 0 0 0 0 0 0

ElasticBeam3d: 14
	Connected Nodes: 15 16 
	CoordTransf: 14
	mass density:  0, cMass: 0
	End 1 Forces (P Mz Vy My Vz T): 0 0 0 0 0 -0
	End 2 Forces (P Mz Vy My Vz T): 0 0 0 0 0 0

ElasticBeam3d: 15
	Connected Nodes: 7 1 
	CoordTransf: 15
	mass density:  0, cMass: 0
	End 1 Forces (P Mz Vy My Vz T): 0 0 0 0 0 -0
	End 2 Forces (P Mz Vy My Vz T): 0 0 0 0 0 0

ElasticBeam3d: 16
	Connected Nodes: 1 16 
	CoordTransf: 16
	mass density:  0, cMass: 0
	End 1 Forces (P Mz Vy My Vz T): 0 0 0 0 0 -0
	End 2 Forces (P Mz Vy My Vz T): 0 0 0 0 0 0

ElasticBeam3d: 17
	Connected Nodes: 3 14 
	CoordTransf: 17
	mass density:  0, cMass: 0
	End 1 Forces (P Mz Vy My Vz T): 0 0 0 0 0 -0
	End 2 Forces (P Mz Vy My Vz T): 0 0 0 0 0 0

ElasticBeam3d: 18
	Connected Nodes: 5 3 
	CoordTransf: 18
	mass density:  0, cMass: 0
	End 1 Forces (P Mz Vy My Vz T): 0 0 0 0 0 -0
	End 2 Forces (P Mz Vy My Vz T): 0 0 0 0 0 0

ElasticBeam3d: 19
	Connected Nodes: 3 1 
	CoordTransf: 19
	mass density:  0, cMass: 0
	End 1 Forces (P Mz Vy My Vz T): 0 0 0 0 0 -0
	End 2 Forces (P Mz Vy My Vz T): 0 0 0 0 0 0

ElasticBeam3d: 20
	Connected Nodes: 14 16 
	CoordTransf: 20
	mass density:  0, cMass: 0
	End 1 Forces (P Mz Vy My Vz T): 0 0 0 0 0 -0
	End 2 Forces (P Mz Vy My Vz T): 0 0 0 0 0 0

ElasticBeam3d: 21
	Connected Nodes: 5 7 
	CoordTransf: 21
	mass density:  0, cMass: 0
	End 1 Forces (P Mz Vy My Vz T): 0 0 0 0 0 -0
	End 2 Forces (P Mz Vy My Vz T): 0 0 0 0 0 0

ElasticBeam3d: 22
	Connected Nodes: 17 9 
	CoordTransf: 22
	mass density:  0, cMass: 0
	End 1 Forces (P Mz Vy My Vz T): 0 0 0 0 0 -0
	End 2 Forces (P Mz Vy My Vz T): 0 0 0 0 0 0

ElasticBeam3d: 23
	Connected Nodes: 18 10 
	CoordTransf: 23
	mass density:  0, cMass: 0
	End 1 Forces (P Mz Vy My Vz T): 0 0 0 0 0 -0
	End 2 Forces (P Mz Vy My Vz T): 0 0 0 0 0 0

ElasticBeam3d: 24
	Connected Nodes: 19 11 
	CoordTransf: 24
	mass density:  0, cMass: 0
	End 1 Forces (P Mz Vy My Vz T): 0 0 0 0 0 -0
	End 2 Forces (P Mz Vy My Vz T): 0 0 0 0 0 0

ElasticBeam3d: 25
	Connected Nodes: 20 12 
	CoordTransf: 25
	mass density:  0, cMass: 0
	End 1 Forces (P Mz Vy My Vz T): 0 0 0 0 0 -0
	End 2 Forces (P Mz Vy My Vz T): 0 0 0 0 0 0

ElasticBeam3d: 26
	Connected Nodes: 21 13 
	CoordTransf: 26
	mass density:  0, cMass: 0
	End 1 Forces (P Mz Vy My Vz T): 0 0 0 0 0 -0
	End 2 Forces (P Mz Vy My Vz T): 0 0 0 0 0 0

ElasticBeam3d: 27
	Connected Nodes: 22 15 
	CoordTransf: 27
	mass density:  0, cMass: 0
	End 1 Forces (P Mz Vy My Vz T): 0 0 0 0 0 -0
	End 2 Forces (P Mz Vy My Vz T): 0 0 0 0 0 0

ElasticBeam3d: 28
	Connected Nodes: 12 10 
	CoordTransf: 28
	mass density:  0, cMass: 0
	End 1 Forces (P Mz Vy My Vz T): 0 0 0 0 0 -0
	End 2 Forces (P Mz Vy My Vz T): 0 0 0 0 0 0

ElasticBeam3d: 29
	Connected Nodes: 10 15 
	CoordTransf: 29
	mass density:  0, cMass: 0
	End 1 Forces (P Mz Vy My Vz T): 0 0 0 0 0 -0
	End 2 Forces (P Mz Vy My Vz T): 0 0 0 0 0 0

ElasticBeam3d: 30
	Connected Nodes: 9 13 
	CoordTransf: 30
	mass density:  0, cMass: 0
	End 1 Forces (P Mz Vy My Vz T): 0 0 0 0 0 -0
	End 2 Forces (P Mz Vy My Vz T): 0 0 0 0 0 0

ElasticBeam3d: 31
	Connected Nodes: 11 9 
	CoordTransf: 31
	mass density:  0, cMass: 0
	End 1 Forces (P Mz Vy My Vz T): 0 0 0 0 0 -0
	End 2 Forces (P Mz Vy My Vz T): 0 0 0 0 0 0

ElasticBeam3d: 32
	Connected Nodes: 9 10 
	CoordTransf: 32
	mass density:  0, cMass: 0
	End 1 Forces (P Mz Vy My Vz T): 0 0 0 0 0 -0
	End 2 Forces (P Mz Vy My Vz T): 0 0 0 0 0 0

ElasticBeam3d: 33
	Connected Nodes: 13 15 
	CoordTransf: 33
	mass density:  0, cMass: 0
	End 1 Forces (P Mz Vy My Vz T): 0 0 0 0 0 -0
	End 2 Forces (P Mz Vy My Vz T): 0 0 0 0 0 0

ElasticBeam3d: 34
	Connected Nodes: 11 12 
	CoordTransf: 34
	mass density:  0, cMass: 0
	End 1 Forces (P Mz Vy My Vz T): 0 0 0 0 0 -0
	End 2 Forces (P Mz Vy My Vz T): 0 0 0 0 0 0

ElasticBeam3d: 35
	Connected Nodes: 23 17 
	CoordTransf: 35
	mass density:  0, cMass: 0
	End 1 Forces (P Mz Vy My Vz T): 0 0 0 0 0 -0
	End 2 Forces (P Mz Vy My Vz T): 0 0 0 0 0 0

ElasticBeam3d: 36
	Connected Nodes: 24 18 
	CoordTransf: 36
	mass density:  0, cMass: 0
	End 1 Forces (P Mz Vy My Vz T): 0 0 0 0 0 -0
	End 2 Forces (P Mz Vy My Vz T): 0 0 0 0 0 0

ElasticBeam3d: 37
	Connected Nodes: 25 19 
	CoordTransf: 37
	mass density:  0, cMass: 0
	End 1 Forces (P Mz Vy My Vz T): 0 0 0 0 0 -0
	End 2 Forces (P Mz Vy My Vz T): 0 0 0 0 0 0

ElasticBeam3d: 38
	Connected Nodes: 26 20 
	CoordTransf: 38
	mass density:  0, cMass: 0
	End 1 Forces (P Mz Vy My Vz T): 0 0 0 0 0 -0
	End 2 Forces (P Mz Vy My Vz T): 0 0 0 0 0 0

ElasticBeam3d: 39
	Connected Nodes: 27 21 
	CoordTransf: 39
	mass density:  0, cMass: 0
	End 1 Forces (P Mz Vy My Vz T): 0 0 0 0 0 -0
	End 2 Forces (P Mz Vy My Vz T): 0 0 0 0 0 0

ElasticBeam3d: 40
	Connected Nodes: 28 22 
	CoordTransf: 40
	mass density:  0, cMass: 0
	End 1 Forces (P Mz Vy My Vz T): 0 0 0 0 0 -0
	End 2 Forces (P Mz Vy My Vz T): 0 0 0 0 0 0

ElasticBeam3d: 41
	Connected Nodes: 20 18 
	CoordTransf: 41
	mass density:  0, cMass: 0
	End 1 Forces (P Mz Vy My Vz T): 0 0 0 0 0 -0
	End 2 Forces (P Mz Vy My Vz T): 0 0 0 0 0 0

ElasticBeam3d: 42
	Connected Nodes: 18 22 
	CoordTransf: 42
	mass density:  0, cMass: 0
	End 1 Forces (P Mz Vy My Vz T): 0 0 0 0 0 -0
	End 2 Forces (P Mz Vy My Vz T): 0 0 0 0 0 0

ElasticBeam3d: 43
	Connected Nodes: 17 21 
	CoordTransf: 43
	mass density:  0, cMass: 0
	End 1 Forces (P Mz Vy My Vz T): 0 0 0 0 0 -0
	End 2 Forces (P Mz Vy My Vz T): 0 0 0 0 0 0

ElasticBeam3d: 44
	Connected Nodes: 19 17 
	CoordTransf: 44
	mass density:  0, cMass: 0
	End 1 Forces (P Mz Vy My Vz T): 0 0 0 0 0 -0
	End 2 Forces (P Mz Vy My Vz T): 0 0 0 0 0 0

ElasticBeam3d: 45
	Connected Nodes: 17 18 
	CoordTransf: 45
	mass density:  0, cMass: 0
	End 1 Forces (P Mz Vy My Vz T): 0 0 0 0 0 -0
	End 2 Forces (P Mz Vy My Vz T): 0 0 0 0 0 0

ElasticBeam3d: 46
	Connected Nodes: 21 22 
	CoordTransf: 46
	mass density:  0, cMass: 0
	End 1 Forces (P Mz Vy My Vz T): 0 0 0 0 0 -0
	End 2 Forces (P Mz Vy My Vz T): 0 0 0 0 0 0

ElasticBeam3d: 47
	Connected Nodes: 19 20 
	CoordTransf: 47
	mass density:  0, cMass: 0
	End 1 Forces (P Mz Vy My Vz T): 0 0 0 0 0 -0
	End 2 Forces (P Mz Vy My Vz T): 0 0 0 0 0 0
