
 Node: 1
	Coordinates  : 0 0 9500 
	Disps: 7.83388 -0.0222253 -0.00800312 2.41066e-08 0.00133355 0.000215552 
	Velocities   : 122.434 -1.33985 0.122918 0.000145277 0.0181431 -0.000361022 
	commitAccels: -714.358 -8.05299 -0.647843 -0.00507268 -0.300021 9.71206 
	 unbalanced Load: 513.765 0 0 0 0 0 
	Mass : 
7.609 0 0 0 0 0 
0 7.609 0 0 0 0 
0 0 7.609 0 0 0 
0 0 0 0 0 0 
0 0 0 0 0 0 
0 0 0 0 0 0 

	 Rayleigh Factor: alphaM: 0.605121
	 Rayleigh Forces: -563.733 6.16915 -0.565961 0 0 0 
	 Eigenvectors: 
-0.0404349 -0.00482252 
0.0031319 0.0426301 
-0.000164584 0.000263035 
-3.48096e-07 -4.74228e-06 
-4.67434e-06 -5.51483e-07 
-1.30714e-07 -7.50362e-07 

	ID : 0 1 2 3 4 5 


 Node: 2
	Coordinates  : 0 0 12500 
	Disps: 11.7563 -0.0369533 -0.0092933 1.23409e-06 0.00116625 0.000329531 
	Velocities   : 176.292 -1.76095 0.145178 0.000114844 0.0172015 0.000876172 
	commitAccels: -967.906 -8.75085 -0.691158 0.00572813 -0.629583 2.67864 
	 unbalanced Load: 513.765 0 0 0 0 0 
	Mass : 
7.609 0 0 0 0 0 
0 7.609 0 0 0 0 
0 0 7.609 0 0 0 
0 0 0 0 0 0 
0 0 0 0 0 0 
0 0 0 0 0 0 

	 Rayleigh Factor: alphaM: 0.605121
	 Rayleigh Forces: -811.714 8.10805 -0.668452 0 0 0 
	 Eigenvectors: 
-0.0539478 -0.00640766 
0.00414435 0.0564267 
-0.000188476 0.000300271 
-2.78004e-07 -3.79007e-06 
-3.77614e-06 -4.39701e-07 
-1.70036e-07 -9.99642e-07 

	ID : 6 7 8 9 10 11 


 Node: 3
	Coordinates  : 0 4000 9500 
	Disps: 6.36912 -0.0225249 -0.0304432 5.79886e-06 0.001052 0.000656936 
	Velocities   : 117.053 -1.34013 0.11371 0.000131868 0.0166437 0.00488694 
	commitAccels: -781.458 -8.04195 -0.653843 -0.0041188 -0.238179 -4.94536 
	 unbalanced Load: 677.907 0 0 0 0 0 
	Mass : 
10.04 0 0 0 0 0 
0 10.04 0 0 0 0 
0 0 10.04 0 0 0 
0 0 0 0 0 0 
0 0 0 0 0 0 
0 0 0 0 0 0 

	 Rayleigh Factor: alphaM: 0.605121
	 Rayleigh Forces: -711.145 8.14187 -0.690838 0 0 0 
	 Eigenvectors: 
-0.0400415 0.00164266 
0.00313375 0.04262 
-0.000169549 0.000178703 
-3.19458e-07 -4.35472e-06 
-4.63369e-06 1.91161e-07 
-8.22239e-07 -1.32236e-06 

	ID : 12 13 14 15 16 17 


 Node: 4
	Coordinates  : 0 4000 12500 
	Disps: 9.42557 -0.0363551 -0.0359125 6.52453e-06 0.000876967 0.00108701 
	Velocities   : 165.46 -1.75334 0.133569 0.000102472 0.015139 0.00656904 
	commitAccels: -1056.27 -8.88772 -0.729698 -0.00714799 0.0650391 -3.16929 
	 unbalanced Load: 677.907 0 0 0 0 0 
	Mass : 
10.04 0 0 0 0 0 
0 10.04 0 0 0 0 
0 0 10.04 0 0 0 
0 0 0 0 0 0 
0 0 0 0 0 0 
0 0 0 0 0 0 

	 Rayleigh Factor: alphaM: 0.605121
	 Rayleigh Forces: -1005.24 10.6523 -0.811487 0 0 0 
	 Eigenvectors: 
-0.0534351 0.00219632 
0.00414647 0.0564087 
-0.000194238 0.0002022 
-2.55371e-07 -3.48571e-06 
-3.74502e-06 1.55316e-07 
-1.09403e-06 -1.75594e-06 

	ID : 18 19 20 21 22 23 


 Node: 5
	Coordinates  : 0 7000 9500 
	Disps: 3.68331 -0.0227998 -0.000985205 5.86567e-06 0.000507685 0.0010273 
	Velocities   : 94.3189 -1.34069 0.118219 0.000140692 0.0141769 0.00854715 
	commitAccels: -615.756 -8.21296 -0.438037 0.00336552 -0.167372 -0.678285 
	 unbalanced Load: 457.857 0 0 0 0 0 
	Mass : 
6.781 0 0 0 0 0 
0 6.781 0 0 0 0 
0 0 6.781 0 0 0 
0 0 0 0 0 0 
0 0 0 0 0 0 
0 0 0 0 0 0 

	 Rayleigh Factor: alphaM: 0.605121
	 Rayleigh Forces: -387.021 5.50128 -0.485092 0 0 0 
	 Eigenvectors: 
-0.035568 0.00621943 
0.00313524 0.0426157 
-0.000197281 -0.000427679 
-3.42649e-07 -4.66763e-06 
-4.11607e-06 7.11426e-07 
-1.27542e-06 -8.28134e-07 

	ID : 24 25 26 27 28 29 


 Node: 6
	Coordinates  : 0 7000 12500 
	Disps: 5.02738 -0.0358335 -0.000990665 6.46494e-06 0.000289306 0.00165477 
	Velocities   : 136.728 -1.74662 0.138907 0.000107806 0.0136485 0.0105169 
	commitAccels: -818.144 -8.98305 -0.52809 -0.00613656 -0.200223 -0.000385009 
	 unbalanced Load: 457.857 0 0 0 0 0 
	Mass : 
6.781 0 0 0 0 0 
0 6.781 0 0 0 0 
0 0 6.781 0 0 0 
0 0 0 0 0 0 
0 0 0 0 0 0 
0 0 0 0 0 0 

	 Rayleigh Factor: alphaM: 0.605121
	 Rayleigh Forces: -561.041 7.16694 -0.569981 0 0 0 
	 Eigenvectors: 
-0.0474721 0.00826492 
0.00414876 0.0564073 
-0.00022564 -0.00048637 
-2.74028e-07 -3.73749e-06 
-3.32906e-06 5.67446e-07 
-1.69856e-06 -1.09673e-06 

	ID : 30 31 32 33 34 35 


 Node: 7
	Coordinates  : 5000 0 9500 
	Disps: 10.3964 0.0312328 -0.0568218 -1.13862e-05 0.00142003 0.000184164 
	Velocities   : 122.423 -0.0984837 0.0658139 1.22366e-05 0.0179266 -0.000263141 
	commitAccels: -713.629 2.72014 -0.223128 0.0163372 -2.04934 2.75258 
	 unbalanced Load: 696.138 0 0 0 0 0 
	Mass : 
10.31 0 0 0 0 0 
0 10.31 0 0 0 0 
0 0 10.31 0 0 0 
0 0 0 0 0 0 
0 0 0 0 0 0 
0 0 0 0 0 0 

	 Rayleigh Factor: alphaM: 0.605121
	 Rayleigh Forces: -763.774 0.61442 -0.4106 0 0 0 
	 Eigenvectors: 
-0.0404278 -0.00482821 
0.000333878 0.0416525 
-8.91286e-05 0.000265412 
-3.68733e-08 -4.63726e-06 
-4.3605e-06 -5.13957e-07 
-4.37128e-07 -1.62274e-06 

	ID : 36 37 38 39 40 41 


 Node: 8
	Coordinates  : 5000 0 12500 
	Disps: 14.3504 0.0431073 -0.0676956 -1.18636e-05 0.0010879 0.000305484 
	Velocities   : 176.305 -0.13485 0.0782145 8.75374e-06 0.0170443 0.000920187 
	commitAccels: -970.147 4.23951 -0.286485 -0.0256855 -0.263676 0.621854 
	 unbalanced Load: 696.138 0 0 0 0 0 
	Mass : 
10.31 0 0 0 0 0 
0 10.31 0 0 0 0 
0 0 10.31 0 0 0 
0 0 0 0 0 0 
0 0 0 0 0 0 
0 0 0 0 0 0 

	 Rayleigh Factor: alphaM: 0.605121
	 Rayleigh Forces: -1099.93 0.841303 -0.487965 0 0 0 
	 Eigenvectors: 
-0.0539331 -0.00641453 
0.000440702 0.0551424 
-0.000101598 0.00030297 
-2.91637e-08 -3.70776e-06 
-3.52487e-06 -4.09695e-07 
-5.77288e-07 -2.14942e-06 

	ID : 42 43 44 45 46 47 


 Node: 9
	Coordinates  : 5000 4000 9500 
	Disps: 8.87206 0.0314747 -0.0952982 8.37074e-07 0.00113854 0.000760629 
	Velocities   : 117.081 -0.0967505 0.0615963 9.9243e-06 0.0164431 0.00486353 
	commitAccels: -781.65 2.6922 -0.305887 0.0434501 0.409564 -3.50864 
	 unbalanced Load: 974.323 0 0 0 0 0 
	Mass : 
14.43 0 0 0 0 0 
0 14.43 0 0 0 0 
0 0 14.43 0 0 0 
0 0 0 0 0 0 
0 0 0 0 0 0 
0 0 0 0 0 0 

	 Rayleigh Factor: alphaM: 0.605121
	 Rayleigh Forces: -1022.34 0.844816 -0.537853 0 0 0 
	 Eigenvectors: 
-0.0400348 0.00163885 
0.000334933 0.041643 
-8.90038e-05 0.000170703 
-3.37113e-08 -4.25889e-06 
-4.32363e-06 1.78749e-07 
-7.66227e-07 -1.59655e-06 

	ID : 48 49 50 51 52 53 


 Node: 10
	Coordinates  : 5000 4000 12500 
	Disps: 11.9443 0.0443528 -0.11311 3.48071e-07 0.000793819 0.00119174 
	Velocities   : 165.487 -0.125551 0.0730958 4.34369e-06 0.0149917 0.00646024 
	commitAccels: -1057.58 3.93415 -0.385122 -0.123777 0.62703 2.17006 
	 unbalanced Load: 974.323 0 0 0 0 0 
	Mass : 
14.43 0 0 0 0 0 
0 14.43 0 0 0 0 
0 0 14.43 0 0 0 
0 0 0 0 0 0 
0 0 0 0 0 0 
0 0 0 0 0 0 

	 Rayleigh Factor: alphaM: 0.605121
	 Rayleigh Forces: -1445.01 1.0963 -0.638265 0 0 0 
	 Eigenvectors: 
-0.053421 0.0021911 
0.000442062 0.0551253 
-0.000101455 0.000193045 
-2.66146e-08 -3.41052e-06 
-3.4967e-06 1.45558e-07 
-1.01788e-06 -2.11619e-06 

	ID : 54 55 56 57 58 59 


 Node: 11
	Coordinates  : 5000 7000 9500 
	Disps: 5.79222 0.031316 -0.0434819 3.52275e-07 0.000573792 0.00117406 
	Velocities   : 94.2994 -0.0952426 0.0529383 9.07359e-06 0.0140097 0.00817705 
	commitAccels: -613.933 2.65964 -0.244899 -0.00800494 -0.803817 5.56366 
	 unbalanced Load: 602.419 0 0 0 0 0 
	Mass : 
8.922 0 0 0 0 0 
0 8.922 0 0 0 0 
0 0 8.922 0 0 0 
0 0 0 0 0 0 
0 0 0 0 0 0 
0 0 0 0 0 0 

	 Rayleigh Factor: alphaM: 0.605121
	 Rayleigh Forces: -509.112 0.514204 -0.285808 0 0 0 
	 Eigenvectors: 
-0.0355615 0.00622834 
0.000335634 0.0416344 
-8.39664e-05 -0.000428981 
-3.62294e-08 -4.56332e-06 
-3.8404e-06 6.62782e-07 
-9.45317e-07 -1.58867e-06 

	ID : 60 61 62 63 64 65 


 Node: 12
	Coordinates  : 5000 7000 12500 
	Disps: 7.1527 0.0455466 -0.0518242 -9.18597e-07 0.000215402 0.00179231 
	Velocities   : 136.715 -0.11435 0.0628995 3.09077e-06 0.0135166 0.0100183 
	commitAccels: -818.87 3.69573 -0.271299 -0.030193 -0.682134 -9.79039 
	 unbalanced Load: 602.419 0 0 0 0 0 
	Mass : 
8.922 0 0 0 0 0 
0 8.922 0 0 0 0 
0 0 8.922 0 0 0 
0 0 0 0 0 0 
0 0 0 0 0 0 
0 0 0 0 0 0 

	 Rayleigh Factor: alphaM: 0.605121
	 Rayleigh Forces: -738.11 0.617365 -0.339587 0 0 0 
	 Eigenvectors: 
-0.047459 0.00827583 
0.000443026 0.0551181 
-9.57169e-05 -0.000487865 
-2.86261e-08 -3.65556e-06 
-3.10832e-06 5.28412e-07 
-1.2559e-06 -2.10219e-06 

	ID : 66 67 68 69 70 71 


 Node: 13
	Coordinates  : 9000 0 9500 
	Disps: 12.9509 -0.0666979 -0.0532668 5.09333e-06 0.00146016 0.000163912 
	Velocities   : 122.373 2.21729 -0.18476 -0.000245957 0.0180689 -0.000312996 
	commitAccels: -712.759 7.55649 0.959103 -0.013222 0.532393 -13.4871 
	 unbalanced Load: 467.31 0 0 0 0 0 
	Mass : 
6.921 0 0 0 0 0 
0 6.921 0 0 0 0 
0 0 6.921 0 0 0 
0 0 0 0 0 0 
0 0 0 0 0 0 
0 0 0 0 0 0 

	 Rayleigh Factor: alphaM: 0.605121
	 Rayleigh Forces: -512.502 -9.28609 0.773782 0 0 0 
	 Eigenvectors: 
-0.0404241 -0.00483282 
-0.00222038 0.0304402 
0.000261958 0.000236435 
2.46128e-07 -3.39171e-06 
-4.6182e-06 -5.44995e-07 
-2.3873e-07 -2.44431e-06 

	ID : 72 73 74 75 76 77 


 Node: 14
	Coordinates  : 9000 0 12500 
	Disps: 16.8238 -0.0944274 -0.0633806 4.34413e-06 0.00106337 0.000283786 
	Velocities   : 176.248 2.9343 -0.219042 -0.000198557 0.0171882 0.000963049 
	commitAccels: -971.264 10.7433 1.10459 -0.000999671 -1.27905 -1.79544 
	 unbalanced Load: 467.31 0 0 0 0 0 
	Mass : 
6.921 0 0 0 0 0 
0 6.921 0 0 0 0 
0 0 6.921 0 0 0 
0 0 0 0 0 0 
0 0 0 0 0 0 
0 0 0 0 0 0 

	 Rayleigh Factor: alphaM: 0.605121
	 Rayleigh Forces: -738.134 -12.289 0.917357 0 0 0 
	 Eigenvectors: 
-0.0539326 -0.00642111 
-0.00293527 0.0403118 
0.000299483 0.000269965 
1.95858e-07 -2.71567e-06 
-3.73459e-06 -4.34635e-07 
-3.12623e-07 -3.24056e-06 

	ID : 78 79 80 81 82 83 


 Node: 15
	Coordinates  : 9000 4000 9500 
	Disps: 11.4942 -0.0670625 -0.0694706 1.0348e-05 0.0012021 0.000763523 
	Velocities   : 116.984 2.21996 -0.167798 -0.000226646 0.0165684 0.00484884 
	commitAccels: -780.612 7.49454 0.922724 -0.0109968 -0.0747976 16.2174 
	 unbalanced Load: 603.297 0 0 0 0 0 
	Mass : 
8.935 0 0 0 0 0 
0 8.935 0 0 0 0 
0 0 8.935 0 0 0 
0 0 0 0 0 0 
0 0 0 0 0 0 
0 0 0 0 0 0 

	 Rayleigh Factor: alphaM: 0.605121
	 Rayleigh Forces: -632.505 -12.0028 0.907242 0 0 0 
	 Eigenvectors: 
-0.0400271 0.00163571 
-0.00222355 0.0304333 
0.000263433 0.000111382 
2.25654e-07 -3.11591e-06 
-4.57712e-06 1.8885e-07 
-8.24831e-07 -1.85435e-06 

	ID : 84 85 86 87 88 89 


 Node: 16
	Coordinates  : 9000 4000 12500 
	Disps: 14.5086 -0.093371 -0.0824687 9.58425e-06 0.000750692 0.00119901 
	Velocities   : 165.377 2.94643 -0.197556 -0.000184802 0.0151208 0.00654885 
	commitAccels: -1056.11 10.5106 1.02056 0.0147467 -0.107004 0.514802 
	 unbalanced Load: 603.297 0 0 0 0 0 
	Mass : 
8.935 0 0 0 0 0 
0 8.935 0 0 0 0 
0 0 8.935 0 0 0 
0 0 0 0 0 0 
0 0 0 0 0 0 
0 0 0 0 0 0 

	 Rayleigh Factor: alphaM: 0.605121
	 Rayleigh Forces: -894.152 -15.9306 1.06814 0 0 0 
	 Eigenvectors: 
-0.0534152 0.00218714 
-0.00293923 0.0402995 
0.000301204 0.000125863 
1.79597e-07 -2.49914e-06 
-3.70308e-06 1.53802e-07 
-1.0968e-06 -2.45919e-06 

	ID : 90 91 92 93 94 95 


 Node: 17
	Coordinates  : 9000 7000 9500 
	Disps: 8.27892 -0.0672079 -0.0452156 1.04881e-05 0.000668112 0.00122072 
	Velocities   : 94.2763 2.22331 -0.18263 -0.000244916 0.0141187 0.00847415 
	commitAccels: -612.26 7.39344 0.621681 0.0280596 -0.0151501 -9.63815 
	 unbalanced Load: 420.856 0 0 0 0 0 
	Mass : 
6.233 0 0 0 0 0 
0 6.233 0 0 0 0 
0 0 6.233 0 0 0 
0 0 0 0 0 0 
0 0 0 0 0 0 
0 0 0 0 0 0 

	 Rayleigh Factor: alphaM: 0.605121
	 Rayleigh Forces: -355.584 -8.38572 0.68883 0 0 0 
	 Eigenvectors: 
-0.0355589 0.00623578 
-0.00222593 0.0304312 
0.000267835 -0.000368403 
2.42228e-07 -3.33872e-06 
-4.06704e-06 7.0303e-07 
-1.24728e-06 -2.24558e-06 

	ID : 96 97 98 99 100 101 


 Node: 18
	Coordinates  : 9000 7000 12500 
	Disps: 9.54291 -0.0920607 -0.05387 8.76884e-06 0.000135092 0.00185428 
	Velocities   : 136.677 2.96001 -0.215247 -0.000203216 0.0136272 0.0103993 
	commitAccels: -819.221 10.3494 0.757006 -0.0197778 0.501983 -8.09707 
	 unbalanced Load: 420.856 0 0 0 0 0 
	Mass : 
6.233 0 0 0 0 0 
0 6.233 0 0 0 0 
0 0 6.233 0 0 0 
0 0 0 0 0 0 
0 0 0 0 0 0 
0 0 0 0 0 0 

	 Rayleigh Factor: alphaM: 0.605121
	 Rayleigh Forces: -515.508 -11.1643 0.811853 0 0 0 
	 Eigenvectors: 
-0.0474594 0.0082863 
-0.00294262 0.0402998 
0.000306088 -0.000419341 
1.92895e-07 -2.67837e-06 
-3.2928e-06 5.60782e-07 
-1.65954e-06 -2.97237e-06 

	ID : 102 103 104 105 106 107 


 Node: 19
	Coordinates  : 0 0 6500 
	Disps: 4.03252 -0.0113993 -0.00605338 -9.28714e-07 0.00106973 0.000103935 
	Velocities   : 68.5231 -0.841919 0.0922602 0.000160799 0.0169982 -0.000681385 
	commitAccels: -422.303 -6.13268 -0.531064 -0.0112993 0.375464 5.45267 
	 unbalanced Load: 513.765 0 0 0 0 0 
	Mass : 
7.609 0 0 0 0 0 
0 7.609 0 0 0 0 
0 0 7.609 0 0 0 
0 0 0 0 0 0 
0 0 0 0 0 0 
0 0 0 0 0 0 

	 Rayleigh Factor: alphaM: 0.605121
	 Rayleigh Forces: -315.506 3.87651 -0.4248 0 0 0 
	 Eigenvectors: 
-0.0248693 -0.00297703 
0.00195132 0.0265516 
-0.000127071 0.000203862 
-3.77744e-07 -5.14333e-06 
-5.00038e-06 -5.95268e-07 
-8.35966e-08 -4.61719e-07 

	ID : 108 109 110 111 112 113 


 Node: 20
	Coordinates  : 0 4000 6500 
	Disps: 3.32226 -0.0118309 -0.022945 4.68196e-06 0.000863758 0.000308099 
	Velocities   : 66.6641 -0.844682 0.0858621 0.000147718 0.0161649 0.00289254 
	commitAccels: -452.087 -5.739 -0.471801 0.000758432 0.384498 2.79197 
	 unbalanced Load: 677.907 0 0 0 0 0 
	Mass : 
10.04 0 0 0 0 0 
0 10.04 0 0 0 0 
0 0 10.04 0 0 0 
0 0 0 0 0 0 
0 0 0 0 0 0 
0 0 0 0 0 0 

	 Rayleigh Factor: alphaM: 0.605121
	 Rayleigh Forces: -405.012 5.13179 -0.521648 0 0 0 
	 Eigenvectors: 
-0.0246196 0.00100781 
0.00195283 0.0265502 
-0.000130856 0.000139685 
-3.46423e-07 -4.71778e-06 
-4.95476e-06 2.03611e-07 
-5.07172e-07 -8.16971e-07 

	ID : 114 115 116 117 118 119 


 Node: 21
	Coordinates  : 0 7000 6500 
	Disps: 2.11896 -0.0120813 -0.000847871 4.80523e-06 0.000436916 0.000457426 
	Velocities   : 52.4908 -0.845698 0.0892174 0.00015789 0.013102 0.00539937 
	commitAccels: -371.343 -6.07574 -0.317289 0.000246113 0.169787 0.979573 
	 unbalanced Load: 457.857 0 0 0 0 0 
	Mass : 
6.781 0 0 0 0 0 
0 6.781 0 0 0 0 
0 0 6.781 0 0 0 
0 0 0 0 0 0 
0 0 0 0 0 0 
0 0 0 0 0 0 

	 Rayleigh Factor: alphaM: 0.605121
	 Rayleigh Forces: -215.387 3.47018 -0.366088 0 0 0 
	 Eigenvectors: 
-0.0218683 0.00383911 
0.00195375 0.0265474 
-0.000152526 -0.000332691 
-3.71235e-07 -5.05242e-06 
-4.39945e-06 7.67594e-07 
-7.85831e-07 -5.1274e-07 

	ID : 120 121 122 123 124 125 


 Node: 22
	Coordinates  : 5000 0 6500 
	Disps: 5.89854 0.0200008 -0.0424125 -1.09253e-05 0.00140928 7.97592e-05 
	Velocities   : 68.8084 -0.0574536 0.0484841 1.25742e-05 0.0165981 -0.000612723 
	commitAccels: -419.707 1.11468 -0.137028 -0.0015129 2.53363 -18.7449 
	 unbalanced Load: 696.138 0 0 0 0 0 
	Mass : 
10.31 0 0 0 0 0 
0 10.31 0 0 0 0 
0 0 10.31 0 0 0 
0 0 0 0 0 0 
0 0 0 0 0 0 
0 0 0 0 0 0 

	 Rayleigh Factor: alphaM: 0.605121
	 Rayleigh Forces: -429.282 0.358442 -0.302482 0 0 0 
	 Eigenvectors: 
-0.0248719 -0.00298149 
0.000208479 0.0259371 
-6.91194e-05 0.00020571 
-4.02178e-08 -5.02766e-06 
-4.66033e-06 -5.54597e-07 
-2.73033e-07 -1.00857e-06 

	ID : 126 127 128 129 130 131 


 Node: 23
	Coordinates  : 5000 4000 6500 
	Disps: 5.14311 0.019565 -0.071498 8.87823e-07 0.00118244 0.000379777 
	Velocities   : 66.9444 -0.0579626 0.0454623 1.11869e-05 0.0158055 0.0028794 
	commitAccels: -453.103 1.11718 -0.254027 -0.00399215 0.0488856 11.9269 
	 unbalanced Load: 974.323 0 0 0 0 0 
	Mass : 
14.43 0 0 0 0 0 
0 14.43 0 0 0 0 
0 0 14.43 0 0 0 
0 0 0 0 0 0 
0 0 0 0 0 0 
0 0 0 0 0 0 

	 Rayleigh Factor: alphaM: 0.605121
	 Rayleigh Forces: -584.552 0.506124 -0.396972 0 0 0 
	 Eigenvectors: 
-0.0246225 0.00100566 
0.000209179 0.0259361 
-6.90226e-05 0.000133501 
-3.68103e-08 -4.61232e-06 
-4.61892e-06 1.89998e-07 
-4.73968e-07 -9.90264e-07 

	ID : 132 133 134 135 136 137 


 Node: 24
	Coordinates  : 5000 7000 6500 
	Disps: 3.63561 0.0194115 -0.0324669 4.38365e-07 0.000726292 0.000533179 
	Velocities   : 52.6771 -0.0585133 0.0389926 1.20146e-05 0.0128049 0.00521124 
	commitAccels: -369.579 1.18827 -0.214531 0.00499321 0.564207 2.11782 
	 unbalanced Load: 602.419 0 0 0 0 0 
	Mass : 
8.922 0 0 0 0 0 
0 8.922 0 0 0 0 
0 0 8.922 0 0 0 
0 0 0 0 0 0 
0 0 0 0 0 0 
0 0 0 0 0 0 

	 Rayleigh Factor: alphaM: 0.605121
	 Rayleigh Forces: -284.398 0.315907 -0.210517 0 0 0 
	 Eigenvectors: 
-0.0218704 0.00384587 
0.000209615 0.0259305 
-6.51158e-05 -0.000333691 
-3.95145e-08 -4.93772e-06 
-4.10079e-06 7.1501e-07 
-5.84835e-07 -9.88228e-07 

	ID : 138 139 140 141 142 143 


 Node: 25
	Coordinates  : 9000 0 6500 
	Disps: 8.07297 -0.038679 -0.039997 4.74397e-06 0.00172126 8.37852e-05 
	Velocities   : 68.796 1.38134 -0.137535 -0.000267154 0.0167641 -0.000654545 
	commitAccels: -415.522 4.24087 0.741697 0.00616861 -0.517808 -14.5067 
	 unbalanced Load: 467.31 0 0 0 0 0 
	Mass : 
6.921 0 0 0 0 0 
0 6.921 0 0 0 0 
0 0 6.921 0 0 0 
0 0 0 0 0 0 
0 0 0 0 0 0 
0 0 0 0 0 0 

	 Rayleigh Factor: alphaM: 0.605121
	 Rayleigh Forces: -288.121 -5.78513 0.576003 0 0 0 
	 Eigenvectors: 
-0.0248685 -0.00298428 
-0.00138461 0.0189508 
0.000202581 0.000183184 
2.67642e-07 -3.67434e-06 
-4.93444e-06 -5.87905e-07 
-1.50862e-07 -1.51725e-06 

	ID : 144 145 146 147 148 149 


 Node: 26
	Coordinates  : 9000 4000 6500 
	Disps: 7.30225 -0.0391507 -0.0522223 9.88352e-06 0.00152078 0.000407024 
	Velocities   : 66.9022 1.3824 -0.12592 -0.000245108 0.0159565 0.00288673 
	commitAccels: -452.831 4.4 0.753199 -0.00989386 -0.372396 0.625577 
	 unbalanced Load: 603.297 0 0 0 0 0 
	Mass : 
8.935 0 0 0 0 0 
0 8.935 0 0 0 0 
0 0 8.935 0 0 0 
0 0 0 0 0 0 
0 0 0 0 0 0 
0 0 0 0 0 0 

	 Rayleigh Factor: alphaM: 0.605121
	 Rayleigh Forces: -361.724 -7.47431 0.680819 0 0 0 
	 Eigenvectors: 
-0.0246167 0.00100364 
-0.00138684 0.01895 
0.000203701 8.71803e-05 
2.45333e-07 -3.37142e-06 
-4.88839e-06 2.00695e-07 
-5.09334e-07 -1.14909e-06 

	ID : 150 151 152 153 154 155 


 Node: 27
	Coordinates  : 9000 7000 6500 
	Disps: 5.50596 -0.0394201 -0.033797 1.02382e-05 0.00110106 0.000700399 
	Velocities   : 52.6834 1.38349 -0.136822 -0.000263017 0.0129372 0.00539211 
	commitAccels: -366.637 3.76441 0.478357 -0.0139592 0.386632 2.16085 
	 unbalanced Load: 420.856 0 0 0 0 0 
	Mass : 
6.233 0 0 0 0 0 
0 6.233 0 0 0 0 
0 0 6.233 0 0 0 
0 0 0 0 0 0 
0 0 0 0 0 0 
0 0 0 0 0 0 

	 Rayleigh Factor: alphaM: 0.605121
	 Rayleigh Forces: -198.707 -5.21812 0.516056 0 0 0 
	 Eigenvectors: 
-0.0218679 0.00385042 
-0.00138832 0.0189487 
0.00020722 -0.000286298 
2.63094e-07 -3.60975e-06 
-4.34183e-06 7.58185e-07 
-7.69656e-07 -1.396e-06 

	ID : 156 157 158 159 160 161 


 Node: 28
	Coordinates  : 0 0 3500 
	Disps: 1.39304 -0.00495368 -0.00367225 -3.01567e-06 0.00066271 5.02208e-05 
	Velocities   : 23.3244 -0.341872 0.0538528 0.000142487 0.0119861 -0.000381061 
	commitAccels: -149.748 -2.72736 -0.0663071 0.00245907 -0.460129 0.555809 
	 unbalanced Load: 534.966 0 0 0 0 0 
	Mass : 
7.923 0 0 0 0 0 
0 7.923 0 0 0 0 
0 0 7.923 0 0 0 
0 0 0 0 0 0 
0 0 0 0 0 0 
0 0 0 0 0 0 

	 Rayleigh Factor: alphaM: 0.605121
	 Rayleigh Forces: -111.826 1.63906 -0.25819 0 0 0 
	 Eigenvectors: 
-0.00978023 -0.00117452 
0.000784591 0.0106712 
-7.50096e-05 0.000120874 
-3.29922e-07 -4.48895e-06 
-4.24835e-06 -5.09057e-07 
-3.50407e-08 -1.81237e-07 

	ID : 162 163 164 165 166 167 


 Node: 29
	Coordinates  : 0 4000 3500 
	Disps: 1.15202 -0.00406346 -0.0135488 4.39232e-06 0.000547695 7.37322e-05 
	Velocities   : 23.0754 -0.344591 0.0504415 0.000128025 0.0117258 0.00102106 
	commitAccels: -155.943 -2.75282 -0.351243 -0.00517689 -0.504856 -7.14933 
	 unbalanced Load: 699.514 0 0 0 0 0 
	Mass : 
10.36 0 0 0 0 0 
0 10.36 0 0 0 0 
0 0 10.36 0 0 0 
0 0 0 0 0 0 
0 0 0 0 0 0 
0 0 0 0 0 0 

	 Rayleigh Factor: alphaM: 0.605121
	 Rayleigh Forces: -144.661 2.16026 -0.316221 0 0 0 
	 Eigenvectors: 
-0.00967735 0.000395122 
0.00078935 0.0107267 
-7.72242e-05 8.33876e-05 
-2.96047e-07 -4.02792e-06 
-4.20692e-06 1.72123e-07 
-2.00229e-07 -3.22603e-07 

	ID : 168 169 170 171 172 173 


 Node: 30
	Coordinates  : 0 7000 3500 
	Disps: 0.897308 -0.00387187 -0.000812064 4.08051e-06 0.000363795 8.11201e-05 
	Velocities   : 17.8113 -0.344476 0.0522754 0.000140121 0.00916204 0.00200142 
	commitAccels: -134.309 -2.78749 -0.176676 0.00774477 -0.653552 6.28154 
	 unbalanced Load: 478.991 0 0 0 0 0 
	Mass : 
7.094 0 0 0 0 0 
0 7.094 0 0 0 0 
0 0 7.094 0 0 0 
0 0 0 0 0 0 
0 0 0 0 0 0 
0 0 0 0 0 0 

	 Rayleigh Factor: alphaM: 0.605121
	 Rayleigh Forces: -76.4592 1.47874 -0.224404 0 0 0 
	 Eigenvectors: 
-0.0085974 0.00151479 
0.000787949 0.0107014 
-9.01669e-05 -0.000197853 
-3.23083e-07 -4.39284e-06 
-3.73538e-06 6.56414e-07 
-3.09518e-07 -2.02615e-07 

	ID : 174 175 176 177 178 179 


 Node: 31
	Coordinates  : 5000 0 3500 
	Disps: 2.04513 0.00678855 -0.0244584 -1.30471e-05 0.000981104 1.64041e-05 
	Velocities   : 24.2679 -0.0210553 0.0266118 9.45413e-06 0.011806 -0.000267813 
	commitAccels: -153.063 0.168919 -0.253293 3.38249e-05 -1.29491 -8.39678 
	 unbalanced Load: 717.744 0 0 0 0 0 
	Mass : 
10.63 0 0 0 0 0 
0 10.63 0 0 0 0 
0 0 10.63 0 0 0 
0 0 0 0 0 0 
0 0 0 0 0 0 
0 0 0 0 0 0 

	 Rayleigh Factor: alphaM: 0.605121
	 Rayleigh Forces: -156.102 0.135437 -0.171179 0 0 0 
	 Eigenvectors: 
-0.00983297 -0.00118267 
8.40183e-05 0.0104209 
-4.09496e-05 0.000121969 
-3.52749e-08 -4.38605e-06 
-3.89649e-06 -4.66899e-07 
-1.10106e-07 -4.04049e-07 

	ID : 180 181 182 183 184 185 


 Node: 32
	Coordinates  : 5000 4000 3500 
	Disps: 1.84945 0.00894499 -0.0416231 2.42635e-06 0.000849554 0.00010656 
	Velocities   : 23.9167 -0.0210497 0.024993 8.53429e-06 0.0115561 0.00102949 
	commitAccels: -161.156 0.183522 -0.110992 -0.00114391 -0.468144 4.15828 
	 unbalanced Load: 995.254 0 0 0 0 0 
	Mass : 
14.74 0 0 0 0 0 
0 14.74 0 0 0 0 
0 0 14.74 0 0 0 
0 0 0 0 0 0 
0 0 0 0 0 0 
0 0 0 0 0 0 

	 Rayleigh Factor: alphaM: 0.605121
	 Rayleigh Forces: -213.324 0.187752 -0.222925 0 0 0 
	 Eigenvectors: 
-0.00972966 0.000396249 
8.47638e-05 0.0104753 
-4.08917e-05 7.97301e-05 
-3.16252e-08 -3.93638e-06 
-3.85973e-06 1.57958e-07 
-1.8908e-07 -3.96637e-07 

	ID : 186 187 188 189 190 191 


 Node: 33
	Coordinates  : 5000 7000 3500 
	Disps: 1.39279 0.00957653 -0.0185765 1.10732e-06 0.000621312 0.000136862 
	Velocities   : 18.4933 -0.0209285 0.0213781 9.46785e-06 0.00901127 0.00178171 
	commitAccels: -137.807 0.181368 -0.121465 -0.00260586 -1.75262 -4.01585 
	 unbalanced Load: 623.621 0 0 0 0 0 
	Mass : 
9.236 0 0 0 0 0 
0 9.236 0 0 0 0 
0 0 9.236 0 0 0 
0 0 0 0 0 0 
0 0 0 0 0 0 
0 0 0 0 0 0 

	 Rayleigh Factor: alphaM: 0.605121
	 Rayleigh Forces: -103.357 0.116967 -0.11948 0 0 0 
	 Eigenvectors: 
-0.00864362 0.00152575 
8.4757e-05 0.0104496 
-3.85804e-05 -0.000198435 
-3.45735e-08 -4.29116e-06 
-3.42634e-06 6.01996e-07 
-2.33192e-07 -3.96979e-07 

	ID : 192 193 194 195 196 197 


 Node: 34
	Coordinates  : 9000 0 3500 
	Disps: 2.99866 -0.0154249 -0.0234037 1.64325e-06 0.00145454 1.85652e-05 
	Velocities   : 24.0237 0.555564 -0.0785197 -0.000233343 0.0120493 -0.000356392 
	commitAccels: -148.039 1.40425 0.425415 -0.00308843 -0.174163 19.1687 
	 unbalanced Load: 488.512 0 0 0 0 0 
	Mass : 
7.235 0 0 0 0 0 
0 7.235 0 0 0 0 
0 0 7.235 0 0 0 
0 0 0 0 0 0 
0 0 0 0 0 0 
0 0 0 0 0 0 

	 Rayleigh Factor: alphaM: 0.605121
	 Rayleigh Forces: -105.177 -2.43229 0.343763 0 0 0 
	 Eigenvectors: 
-0.00980561 -0.00118071 
-0.000557213 0.00761316 
0.000119749 0.000108558 
2.34144e-07 -3.20407e-06 
-4.18464e-06 -5.0209e-07 
-6.18577e-08 -6.05724e-07 

	ID : 198 199 200 201 202 203 


 Node: 35
	Coordinates  : 9000 4000 3500 
	Disps: 2.73894 -0.0145304 -0.0305527 8.55698e-06 0.00132409 0.000158105 
	Velocities   : 23.6796 0.558889 -0.0723882 -0.000209223 0.0117838 0.00105393 
	commitAccels: -159.579 1.49883 0.429916 0.013716 -0.328754 -4.89931 
	 unbalanced Load: 624.431 0 0 0 0 0 
	Mass : 
9.248 0 0 0 0 0 
0 9.248 0 0 0 0 
0 0 9.248 0 0 0 
0 0 0 0 0 0 
0 0 0 0 0 0 
0 0 0 0 0 0 

	 Rayleigh Factor: alphaM: 0.605121
	 Rayleigh Forces: -132.515 -3.12763 0.405096 0 0 0 
	 Eigenvectors: 
-0.0097019 0.000394367 
-0.000561091 0.00765274 
0.000120402 5.21089e-05 
2.1006e-07 -2.87577e-06 
-4.14294e-06 1.69185e-07 
-2.01951e-07 -4.5859e-07 

	ID : 204 205 206 207 208 209 


 Node: 36
	Coordinates  : 9000 7000 3500 
	Disps: 2.06222 -0.0142597 -0.0196591 8.54778e-06 0.00100328 0.000248461 
	Velocities   : 18.2981 0.557985 -0.0786403 -0.000228625 0.00920785 0.00204501 
	commitAccels: -134.532 1.42244 0.225497 0.0140705 -0.18333 18.9786 
	 unbalanced Load: 441.99 0 0 0 0 0 
	Mass : 
6.546 0 0 0 0 0 
0 6.546 0 0 0 0 
0 0 6.546 0 0 0 
0 0 0 0 0 0 
0 0 0 0 0 0 
0 0 0 0 0 0 

	 Rayleigh Factor: alphaM: 0.605121
	 Rayleigh Forces: -72.4811 -2.21025 0.311504 0 0 0 
	 Eigenvectors: 
-0.00861971 0.00152362 
-0.000560438 0.007635 
0.000122555 -0.000170093 
2.29415e-07 -3.13576e-06 
-3.67966e-06 6.4759e-07 
-3.04573e-07 -5.59174e-07 

	ID : 210 211 212 213 214 215 


 Node: 37
	Coordinates  : 0 0 0 
	Disps: 0 0 0 0 0 0 
	Velocities   : 0 0 0 0 0 0 
	commitAccels: 0 0 0 0 0 0 
	 unbalanced Load: 148.073 0 0 0 0 0 
	Mass : 
2.193 0 0 0 0 0 
0 2.193 0 0 0 0 
0 0 2.193 0 0 0 
0 0 0 0 0 0 
0 0 0 0 0 0 
0 0 0 0 0 0 

	 Rayleigh Factor: alphaM: 0.605121
	 Rayleigh Forces: 0 0 0 0 0 0 
	 Eigenvectors: 
0 0 
0 0 
0 0 
0 0 
0 0 
0 0 

	ID : -1 -1 -1 -1 -1 -1 


 Node: 38
	Coordinates  : 0 4000 0 
	Disps: 0 0 0 0 0 0 
	Velocities   : 0 0 0 0 0 0 
	commitAccels: 0 0 0 0 0 0 
	 unbalanced Load: 148.073 0 0 0 0 0 
	Mass : 
2.193 0 0 0 0 0 
0 2.193 0 0 0 0 
0 0 2.193 0 0 0 
0 0 0 0 0 0 
0 0 0 0 0 0 
0 0 0 0 0 0 

	 Rayleigh Factor: alphaM: 0.605121
	 Rayleigh Forces: 0 0 0 0 0 0 
	 Eigenvectors: 
0 0 
0 0 
0 0 
0 0 
0 0 
0 0 

	ID : -1 -1 -1 -1 -1 -1 


 Node: 39
	Coordinates  : 0 7000 0 
	Disps: 0 0 0 0 0 0 
	Velocities   : 0 0 0 0 0 0 
	commitAccels: 0 0 0 0 0 0 
	 unbalanced Load: 148.073 0 0 0 0 0 
	Mass : 
2.193 0 0 0 0 0 
0 2.193 0 0 0 0 
0 0 2.193 0 0 0 
0 0 0 0 0 0 
0 0 0 0 0 0 
0 0 0 0 0 0 

	 Rayleigh Factor: alphaM: 0.605121
	 Rayleigh Forces: 0 0 0 0 0 0 
	 Eigenvectors: 
0 0 
0 0 
0 0 
0 0 
0 0 
0 0 

	ID : -1 -1 -1 -1 -1 -1 


 Node: 40
	Coordinates  : 5000 0 0 
	Disps: 0 0 0 0 0 0 
	Velocities   : 0 0 0 0 0 0 
	commitAccels: 0 0 0 0 0 0 
	 unbalanced Load: 148.073 0 0 0 0 0 
	Mass : 
2.193 0 0 0 0 0 
0 2.193 0 0 0 0 
0 0 2.193 0 0 0 
0 0 0 0 0 0 
0 0 0 0 0 0 
0 0 0 0 0 0 

	 Rayleigh Factor: alphaM: 0.605121
	 Rayleigh Forces: 0 0 0 0 0 0 
	 Eigenvectors: 
0 0 
0 0 
0 0 
0 0 
0 0 
0 0 

	ID : -1 -1 -1 -1 -1 -1 


 Node: 41
	Coordinates  : 5000 4000 0 
	Disps: 0 0 0 0 0 0 
	Velocities   : 0 0 0 0 0 0 
	commitAccels: 0 0 0 0 0 0 
	 unbalanced Load: 148.073 0 0 0 0 0 
	Mass : 
2.193 0 0 0 0 0 
0 2.193 0 0 0 0 
0 0 2.193 0 0 0 
0 0 0 0 0 0 
0 0 0 0 0 0 
0 0 0 0 0 0 

	 Rayleigh Factor: alphaM: 0.605121
	 Rayleigh Forces: 0 0 0 0 0 0 
	 Eigenvectors: 
0 0 
0 0 
0 0 
0 0 
0 0 
0 0 

	ID : -1 -1 -1 -1 -1 -1 


 Node: 42
	Coordinates  : 5000 7000 0 
	Disps: 0 0 0 0 0 0 
	Velocities   : 0 0 0 0 0 0 
	commitAccels: 0 0 0 0 0 0 
	 unbalanced Load: 148.073 0 0 0 0 0 
	Mass : 
2.193 0 0 0 0 0 
0 2.193 0 0 0 0 
0 0 2.193 0 0 0 
0 0 0 0 0 0 
0 0 0 0 0 0 
0 0 0 0 0 0 

	 Rayleigh Factor: alphaM: 0.605121
	 Rayleigh Forces: 0 0 0 0 0 0 
	 Eigenvectors: 
0 0 
0 0 
0 0 
0 0 
0 0 
0 0 

	ID : -1 -1 -1 -1 -1 -1 


 Node: 43
	Coordinates  : 9000 0 0 
	Disps: 0 0 0 0 0 0 
	Velocities   : 0 0 0 0 0 0 
	commitAccels: 0 0 0 0 0 0 
	 unbalanced Load: 148.073 0 0 0 0 0 
	Mass : 
2.193 0 0 0 0 0 
0 2.193 0 0 0 0 
0 0 2.193 0 0 0 
0 0 0 0 0 0 
0 0 0 0 0 0 
0 0 0 0 0 0 

	 Rayleigh Factor: alphaM: 0.605121
	 Rayleigh Forces: 0 0 0 0 0 0 
	 Eigenvectors: 
0 0 
0 0 
0 0 
0 0 
0 0 
0 0 

	ID : -1 -1 -1 -1 -1 -1 


 Node: 44
	Coordinates  : 9000 4000 0 
	Disps: 0 0 0 0 0 0 
	Velocities   : 0 0 0 0 0 0 
	commitAccels: 0 0 0 0 0 0 
	 unbalanced Load: 148.073 0 0 0 0 0 
	Mass : 
2.193 0 0 0 0 0 
0 2.193 0 0 0 0 
0 0 2.193 0 0 0 
0 0 0 0 0 0 
0 0 0 0 0 0 
0 0 0 0 0 0 

	 Rayleigh Factor: alphaM: 0.605121
	 Rayleigh Forces: 0 0 0 0 0 0 
	 Eigenvectors: 
0 0 
0 0 
0 0 
0 0 
0 0 
0 0 

	ID : -1 -1 -1 -1 -1 -1 


 Node: 45
	Coordinates  : 9000 7000 0 
	Disps: 0 0 0 0 0 0 
	Velocities   : 0 0 0 0 0 0 
	commitAccels: 0 0 0 0 0 0 
	 unbalanced Load: 148.073 0 0 0 0 0 
	Mass : 
2.193 0 0 0 0 0 
0 2.193 0 0 0 0 
0 0 2.193 0 0 0 
0 0 0 0 0 0 
0 0 0 0 0 0 
0 0 0 0 0 0 

	 Rayleigh Factor: alphaM: 0.605121
	 Rayleigh Forces: 0 0 0 0 0 0 
	 Eigenvectors: 
0 0 
0 0 
0 0 
0 0 
0 0 
0 0 

	ID : -1 -1 -1 -1 -1 -1 


 Node: 46
	Coordinates  : 0 0 15500 
	Disps: 14.7618 -0.056773 -0.00994193 3.19163e-06 0.000778693 0.000460821 
	Velocities   : 225.747 -2.07519 0.159375 8.01457e-05 0.0154499 0.00277509 
	commitAccels: -1165.46 -8.30432 -0.759795 0.00197368 -0.0642302 3.85349 
	 unbalanced Load: 513.765 0 0 0 0 0 
	Mass : 
7.609 0 0 0 0 0 
0 7.609 0 0 0 0 
0 0 7.609 0 0 0 
0 0 0 0 0 0 
0 0 0 0 0 0 
0 0 0 0 0 0 

	 Rayleigh Factor: alphaM: 0.605121
	 Rayleigh Forces: -1039.42 9.55495 -0.733822 0 0 0 
	 Eigenvectors: 
-0.064144 -0.00758436 
0.00489771 0.0667049 
-0.000201354 0.000319987 
-1.90557e-07 -2.60397e-06 
-2.64163e-06 -3.01112e-07 
-1.98431e-07 -1.18631e-06 

	ID : 216 217 218 219 220 221 


 Node: 47
	Coordinates  : 0 4000 15500 
	Disps: 11.5774 -0.0514298 -0.0394059 6.22701e-06 0.000496311 0.00153608 
	Velocities   : 208.179 -2.05616 0.146025 7.23172e-05 0.0131279 0.00788683 
	commitAccels: -1236.34 -8.65677 -0.73241 0.0448086 0.819404 1.11691 
	 unbalanced Load: 677.907 0 0 0 0 0 
	Mass : 
10.04 0 0 0 0 0 
0 10.04 0 0 0 0 
0 0 10.04 0 0 0 
0 0 0 0 0 0 
0 0 0 0 0 0 
0 0 0 0 0 0 

	 Rayleigh Factor: alphaM: 0.605121
	 Rayleigh Forces: -1264.77 12.492 -0.887161 0 0 0 
	 Eigenvectors: 
-0.063547 0.00261758 
0.00490165 0.0667016 
-0.000207584 0.000213803 
-1.78284e-07 -2.44032e-06 
-2.62189e-06 1.10143e-07 
-1.29729e-06 -2.07683e-06 

	ID : 222 223 224 225 226 227 


 Node: 48
	Coordinates  : 0 7000 15500 
	Disps: 5.40417 -0.0480504 -0.000901741 5.2519e-06 -9.80911e-05 0.00229888 
	Velocities   : 176.222 -2.03835 0.151835 7.18559e-05 0.0124047 0.0113177 
	commitAccels: -971.897 -8.96889 -0.605882 0.0167925 0.0463496 -5.07674 
	 unbalanced Load: 457.857 0 0 0 0 0 
	Mass : 
6.781 0 0 0 0 0 
0 6.781 0 0 0 0 
0 0 6.781 0 0 0 
0 0 0 0 0 0 
0 0 0 0 0 0 
0 0 0 0 0 0 

	 Rayleigh Factor: alphaM: 0.605121
	 Rayleigh Forces: -723.098 8.36404 -0.623029 0 0 0 
	 Eigenvectors: 
-0.0564668 0.00978335 
0.00490363 0.0666891 
-0.000240809 -0.000516588 
-1.88471e-07 -2.57754e-06 
-2.33327e-06 3.88258e-07 
-2.01574e-06 -1.29286e-06 

	ID : 228 229 230 231 232 233 


 Node: 49
	Coordinates  : 5000 0 15500 
	Disps: 17.0121 0.0532955 -0.0750228 -9.83437e-06 0.000564958 0.000441984 
	Velocities   : 225.815 -0.162459 0.085988 6.98786e-06 0.0152801 0.00275467 
	commitAccels: -1166.19 4.73158 -0.34954 0.0197694 0.125346 17.2646 
	 unbalanced Load: 696.138 0 0 0 0 0 
	Mass : 
10.31 0 0 0 0 0 
0 10.31 0 0 0 0 
0 0 10.31 0 0 0 
0 0 0 0 0 0 
0 0 0 0 0 0 
0 0 0 0 0 0 

	 Rayleigh Factor: alphaM: 0.605121
	 Rayleigh Forces: -1408.81 1.01355 -0.536462 0 0 0 
	 Eigenvectors: 
-0.0641473 -0.00759512 
0.000518995 0.0651974 
-0.000108093 0.000322852 
-1.94952e-08 -2.54934e-06 
-2.50479e-06 -2.84796e-07 
-6.80822e-07 -2.54099e-06 

	ID : 234 235 236 237 238 239 


 Node: 50
	Coordinates  : 5000 4000 15500 
	Disps: 13.7914 0.0601389 -0.125022 -1.99767e-06 0.000332178 0.00156263 
	Velocities   : 208.236 -0.145574 0.0802198 4.61909e-06 0.0129849 0.00760725 
	commitAccels: -1237.37 4.27862 -0.36799 0.109849 -0.38443 -11.0848 
	 unbalanced Load: 974.323 0 0 0 0 0 
	Mass : 
14.43 0 0 0 0 0 
0 14.43 0 0 0 0 
0 0 14.43 0 0 0 
0 0 0 0 0 0 
0 0 0 0 0 0 
0 0 0 0 0 0 

	 Rayleigh Factor: alphaM: 0.605121
	 Rayleigh Forces: -1818.3 1.27114 -0.700471 0 0 0 
	 Eigenvectors: 
-0.0635509 0.00261211 
0.000520801 0.0651947 
-0.00010794 0.000204027 
-1.80811e-08 -2.3894e-06 
-2.48652e-06 1.04962e-07 
-1.20614e-06 -2.50226e-06 

	ID : 240 241 242 243 244 245 


 Node: 51
	Coordinates  : 5000 7000 15500 
	Disps: 7.2689 0.0675306 -0.0573868 -4.19232e-06 -0.000238912 0.00244185 
	Velocities   : 176.235 -0.114672 0.0690885 -6.93933e-07 0.0122661 0.010622 
	commitAccels: -972.93 4.23155 -0.321947 0.0815502 -0.870439 -7.97475 
	 unbalanced Load: 602.419 0 0 0 0 0 
	Mass : 
8.922 0 0 0 0 0 
0 8.922 0 0 0 0 
0 0 8.922 0 0 0 
0 0 0 0 0 0 
0 0 0 0 0 0 
0 0 0 0 0 0 

	 Rayleigh Factor: alphaM: 0.605121
	 Rayleigh Forces: -951.475 0.619101 -0.373001 0 0 0 
	 Eigenvectors: 
-0.0564696 0.00979973 
0.000521889 0.065176 
-0.000101839 -0.00051819 
-1.9168e-08 -2.523e-06 
-2.21307e-06 3.66946e-07 
-1.48836e-06 -2.48223e-06 

	ID : 246 247 248 249 250 251 


 Node: 52
	Coordinates  : 9000 0 15500 
	Disps: 19.4474 -0.119872 -0.0702838 4.07156e-06 0.000657379 0.000475229 
	Velocities   : 225.709 3.48113 -0.240832 -0.000141104 0.0153828 0.00284665 
	commitAccels: -1166.1 13.1111 1.19661 0.0262853 0.313625 -3.27696 
	 unbalanced Load: 467.31 0 0 0 0 0 
	Mass : 
6.921 0 0 0 0 0 
0 6.921 0 0 0 0 
0 0 6.921 0 0 0 
0 0 0 0 0 0 
0 0 0 0 0 0 
0 0 0 0 0 0 

	 Rayleigh Factor: alphaM: 0.605121
	 Rayleigh Forces: -945.278 -14.5791 1.00862 0 0 0 
	 Eigenvectors: 
-0.0641342 -0.00760157 
-0.00346443 0.0476829 
0.000319472 0.000287739 
1.33155e-07 -1.87235e-06 
-2.61811e-06 -2.98077e-07 
-3.65969e-07 -3.83326e-06 

	ID : 252 253 254 255 256 257 


 Node: 53
	Coordinates  : 9000 4000 15500 
	Disps: 16.14 -0.115039 -0.0911966 6.93336e-06 0.000314274 0.00161425 
	Velocities   : 208.108 3.49975 -0.216174 -0.00013554 0.013083 0.00770479 
	commitAccels: -1236.54 12.7786 1.09335 0.0627841 -0.58001 2.89998 
	 unbalanced Load: 603.297 0 0 0 0 0 
	Mass : 
8.935 0 0 0 0 0 
0 8.935 0 0 0 0 
0 0 8.935 0 0 0 
0 0 0 0 0 0 
0 0 0 0 0 0 
0 0 0 0 0 0 

	 Rayleigh Factor: alphaM: 0.605121
	 Rayleigh Forces: -1125.19 -18.9223 1.1688 0 0 0 
	 Eigenvectors: 
-0.0635317 0.00260685 
-0.00347023 0.0476813 
0.00032134 0.000132934 
1.24291e-07 -1.75597e-06 
-2.5981e-06 1.09431e-07 
-1.3001e-06 -2.90836e-06 

	ID : 258 259 260 261 262 263 


 Node: 54
	Coordinates  : 9000 7000 15500 
	Disps: 9.28323 -0.108686 -0.0597576 5.99478e-06 -0.000325099 0.0025543 
	Velocities   : 176.146 3.53237 -0.2355 -0.000146149 0.0123438 0.0112124 
	commitAccels: -973.557 12.2357 0.729898 0.00194166 -0.483399 -11.9863 
	 unbalanced Load: 420.856 0 0 0 0 0 
	Mass : 
6.233 0 0 0 0 0 
0 6.233 0 0 0 0 
0 0 6.233 0 0 0 
0 0 0 0 0 0 
0 0 0 0 0 0 
0 0 0 0 0 0 

	 Rayleigh Factor: alphaM: 0.605121
	 Rayleigh Forces: -664.372 -13.3231 0.888239 0 0 0 
	 Eigenvectors: 
-0.056459 0.00981042 
-0.00347375 0.047674 
0.000326417 -0.000445737 
1.31531e-07 -1.85364e-06 
-2.31277e-06 3.84194e-07 
-1.96806e-06 -3.50973e-06 

	ID : 264 265 266 267 268 269 


 Node: 55
	Coordinates  : 0 0 18500 
	Disps: 16.6814 -0.072773 -0.0101278 -6.46225e-06 0.000478645 0.00063183 
	Velocities   : 270.26 -2.28709 0.166224 5.45516e-05 0.0141783 0.00488922 
	commitAccels: -1318.51 -7.41876 -0.772659 0.0233646 0.00673555 -0.339851 
	 unbalanced Load: 386.826 0 0 0 0 0 
	Mass : 
5.729 0 0 0 0 0 
0 5.729 0 0 0 0 
0 0 5.729 0 0 0 
0 0 0 0 0 0 
0 0 0 0 0 0 
0 0 0 0 0 0 

	 Rayleigh Factor: alphaM: 0.605121
	 Rayleigh Forces: -936.92 7.92874 -0.576255 0 0 0 
	 Eigenvectors: 
-0.0710009 -0.00835733 
0.00538884 0.0734267 
-0.000206461 0.000327587 
-1.26095e-07 -1.72739e-06 
-1.81996e-06 -2.03711e-07 
-2.15453e-07 -1.31128e-06 

	ID : 270 271 272 273 274 275 


 Node: 56
	Coordinates  : 0 4000 18500 
	Disps: 12.6638 -0.0682724 -0.041096 9.16332e-06 0.000216188 0.00189351 
	Velocities   : 245.648 -2.26055 0.151943 4.62361e-05 0.0118766 0.00876238 
	commitAccels: -1346.86 -8.06791 -0.783948 -0.117802 -1.93153 -5.01502 
	 unbalanced Load: 551.239 0 0 0 0 0 
	Mass : 
8.164 0 0 0 0 0 
0 8.164 0 0 0 0 
0 0 8.164 0 0 0 
0 0 0 0 0 0 
0 0 0 0 0 0 
0 0 0 0 0 0 

	 Rayleigh Factor: alphaM: 0.605121
	 Rayleigh Forces: -1213.55 11.1676 -0.750632 0 0 0 
	 Eigenvectors: 
-0.0703548 0.00290581 
0.00539044 0.0733907 
-0.0002129 0.000217803 
-1.05483e-07 -1.4619e-06 
-1.80897e-06 7.70136e-08 
-1.43205e-06 -2.287e-06 

	ID : 276 277 278 279 280 281 


 Node: 57
	Coordinates  : 0 7000 18500 
	Disps: 4.72147 -0.0591568 -0.000887787 8.91853e-06 -0.000368898 0.00281337 
	Velocities   : 212.066 -2.2211 0.157932 4.57625e-05 0.0114323 0.0114803 
	commitAccels: -1093.85 -8.44702 -0.497519 -0.0413521 -0.294815 5.0712 
	 unbalanced Load: 330.919 0 0 0 0 0 
	Mass : 
4.901 0 0 0 0 0 
0 4.901 0 0 0 0 
0 0 4.901 0 0 0 
0 0 0 0 0 0 
0 0 0 0 0 0 
0 0 0 0 0 0 

	 Rayleigh Factor: alphaM: 0.605121
	 Rayleigh Forces: -628.925 6.58713 -0.468379 0 0 0 
	 Eigenvectors: 
-0.0625289 0.0107792 
0.0053942 0.0734007 
-0.000246753 -0.000527751 
-1.22976e-07 -1.70286e-06 
-1.61129e-06 2.6226e-07 
-2.22734e-06 -1.41834e-06 

	ID : 282 283 284 285 286 287 


 Node: 58
	Coordinates  : 5000 0 18500 
	Disps: 18.1234 0.0727073 -0.078896 -2.74479e-05 0.000109864 0.000511267 
	Velocities   : 269.848 -0.18496 0.0896285 5.12836e-06 0.0136033 0.00470589 
	commitAccels: -1315.57 4.87331 -0.337356 -0.0385008 -1.41641 -10.7782 
	 unbalanced Load: 569.334 0 0 0 0 0 
	Mass : 
8.432 0 0 0 0 0 
0 8.432 0 0 0 0 
0 0 8.432 0 0 0 
0 0 0 0 0 0 
0 0 0 0 0 0 
0 0 0 0 0 0 

	 Rayleigh Factor: alphaM: 0.605121
	 Rayleigh Forces: -1376.87 0.943736 -0.457319 0 0 0 
	 Eigenvectors: 
-0.07096 -0.00836306 
0.00056844 0.0717801 
-0.00011052 0.000330523 
-1.25757e-08 -1.69359e-06 
-1.55799e-06 -1.71217e-07 
-7.47511e-07 -2.79579e-06 

	ID : 288 289 290 291 292 293 


 Node: 59
	Coordinates  : 5000 4000 18500 
	Disps: 14.3044 0.0747568 -0.131126 5.91075e-06 -6.17477e-05 0.00193383 
	Velocities   : 245.324 -0.16515 0.0835228 5.0839e-06 0.0114072 0.00845111 
	commitAccels: -1345.01 4.48922 -0.416219 -0.0955045 -0.760861 9.29792 
	 unbalanced Load: 847.384 0 0 0 0 0 
	Mass : 
12.55 0 0 0 0 0 
0 12.55 0 0 0 0 
0 0 12.55 0 0 0 
0 0 0 0 0 0 
0 0 0 0 0 0 
0 0 0 0 0 0 

	 Rayleigh Factor: alphaM: 0.605121
	 Rayleigh Forces: -1863.06 1.2542 -0.634295 0 0 0 
	 Eigenvectors: 
-0.0703145 0.00289864 
0.000569985 0.0717451 
-0.000110366 0.000207781 
-9.94103e-09 -1.43379e-06 
-1.54935e-06 6.8034e-08 
-1.32903e-06 -2.75109e-06 

	ID : 294 295 296 297 298 299 


 Node: 60
	Coordinates  : 5000 7000 18500 
	Disps: 6.10354 0.0881306 -0.0600771 4.59266e-06 -0.000611462 0.00287018 
	Velocities   : 211.695 -0.106129 0.0719682 3.02624e-07 0.0109686 0.0107633 
	commitAccels: -1092.01 3.24558 -0.319334 -0.0754485 1.93844 1.79117 
	 unbalanced Load: 475.48 0 0 0 0 0 
	Mass : 
7.042 0 0 0 0 0 
0 7.042 0 0 0 0 
0 0 7.042 0 0 0 
0 0 0 0 0 0 
0 0 0 0 0 0 
0 0 0 0 0 0 

	 Rayleigh Factor: alphaM: 0.605121
	 Rayleigh Forces: -902.087 0.452244 -0.306676 0 0 0 
	 Eigenvectors: 
-0.062493 0.010789 
0.00057126 0.0717477 
-0.000104129 -0.000529409 
-1.16184e-08 -1.66864e-06 
-1.38132e-06 2.19353e-07 
-1.64045e-06 -2.72632e-06 

	ID : 300 301 302 303 304 305 


 Node: 61
	Coordinates  : 9000 0 18500 
	Disps: 21.094 -0.136301 -0.0736496 -6.17502e-06 0.000430582 0.000672962 
	Velocities   : 269.94 3.84962 -0.251238 -9.51955e-05 0.0139948 0.00486863 
	commitAccels: -1315.74 14.7759 1.23397 -0.0303638 -0.458955 -4.59266 
	 unbalanced Load: 340.372 0 0 0 0 0 
	Mass : 
5.041 0 0 0 0 0 
0 5.041 0 0 0 0 
0 0 5.041 0 0 0 
0 0 0 0 0 0 
0 0 0 0 0 0 
0 0 0 0 0 0 

	 Rayleigh Factor: alphaM: 0.605121
	 Rayleigh Forces: -823.429 -11.7429 0.76638 0 0 0 
	 Eigenvectors: 
-0.0709716 -0.00837251 
-0.00380593 0.0525246 
0.000327244 0.000294608 
8.73659e-08 -1.24885e-06 
-1.77872e-06 -1.95668e-07 
-3.98735e-07 -4.22158e-06 

	ID : 306 307 308 309 310 311 


 Node: 62
	Coordinates  : 9000 4000 18500 
	Disps: 16.7184 -0.129536 -0.0955168 8.0356e-06 7.09544e-05 0.00214603 
	Velocities   : 245.396 3.87736 -0.22501 -8.57588e-05 0.0117449 0.00880728 
	commitAccels: -1346.18 14.1984 1.08671 -0.258237 1.60379 2.8169 
	 unbalanced Load: 476.358 0 0 0 0 0 
	Mass : 
7.055 0 0 0 0 0 
0 7.055 0 0 0 0 
0 0 7.055 0 0 0 
0 0 0 0 0 0 
0 0 0 0 0 0 
0 0 0 0 0 0 

	 Rayleigh Factor: alphaM: 0.605121
	 Rayleigh Forces: -1047.63 -16.553 0.960598 0 0 0 
	 Eigenvectors: 
-0.0703192 0.0028943 
-0.00381011 0.0524998 
0.000329183 0.00013532 
7.19954e-08 -1.06008e-06 
-1.76718e-06 7.74228e-08 
-1.43373e-06 -3.19872e-06 

	ID : 312 313 314 315 316 317 


 Node: 63
	Coordinates  : 9000 7000 18500 
	Disps: 7.92365 -0.121342 -0.0627284 8.88377e-06 -0.000581708 0.00320526 
	Velocities   : 211.75 3.91709 -0.244952 -9.77355e-05 0.0112829 0.0114412 
	commitAccels: -1092.43 13.5249 0.902779 -0.134106 0.29026 -5.57963 
	 unbalanced Load: 293.917 0 0 0 0 0 
	Mass : 
4.353 0 0 0 0 0 
0 4.353 0 0 0 0 
0 0 4.353 0 0 0 
0 0 0 0 0 0 
0 0 0 0 0 0 
0 0 0 0 0 0 

	 Rayleigh Factor: alphaM: 0.605121
	 Rayleigh Forces: -557.769 -10.318 0.645226 0 0 0 
	 Eigenvectors: 
-0.0625042 0.0108036 
-0.00381495 0.0525086 
0.000334291 -0.000455591 
8.40483e-08 -1.23147e-06 
-1.57555e-06 2.50775e-07 
-2.17165e-06 -3.85533e-06 

	ID : 318 319 320 321 322 323 


Element: 1 Type: ForceBeamColumn3d 	Connected Nodes: 46 55 
	Number of Sections: 3	Mass density: 0
Lobatto
	End 1 Forces (P MZ VY MY VZ T): 2092.18 -4.37867e+06 -3859.57 -3.42978e+07 -6160.98 5.70029e-08
	End 2 Forces (P MZ VY MY VZ T): -2092.18 -7.20003e+06 3859.57 5.27807e+07 6160.98 -5.70029e-08

Element: 2 Type: ForceBeamColumn3d 	Connected Nodes: 47 56 
	Number of Sections: 3	Mass density: 0
Lobatto
	End 1 Forces (P MZ VY MY VZ T): 19023.1 1.29973e+06 1152.53 -3.58014e+07 -3231.01 1.19144e-07
	End 2 Forces (P MZ VY MY VZ T): -19023.1 2.15787e+06 -1152.53 4.54944e+07 3231.01 -1.19144e-07

Element: 3 Type: ForceBeamColumn3d 	Connected Nodes: 48 57 
	Number of Sections: 3	Mass density: 0
Lobatto
	End 1 Forces (P MZ VY MY VZ T): -157.065 2.27478e+06 1873.71 -3.44033e+07 -3261.91 1.715e-07
	End 2 Forces (P MZ VY MY VZ T): 157.065 3.34635e+06 -1873.71 4.41891e+07 3261.91 -1.715e-07

Element: 4 Type: ForceBeamColumn3d 	Connected Nodes: 49 58 
	Number of Sections: 3	Mass density: 0
Lobatto
	End 1 Forces (P MZ VY MY VZ T): 43595.9 -7.53711e+06 -6740.59 -3.87761e+07 -18174.3 2.30943e-08
	End 2 Forces (P MZ VY MY VZ T): -43595.9 -1.26847e+07 6740.59 9.32991e+07 18174.3 -2.30943e-08

Element: 5 Type: ForceBeamColumn3d 	Connected Nodes: 50 59 
	Number of Sections: 3	Mass density: 0
Lobatto
	End 1 Forces (P MZ VY MY VZ T): 68709 4.51786e+06 3782.32 -2.76401e+07 -19681 1.23735e-07
	End 2 Forces (P MZ VY MY VZ T): -68709 6.8291e+06 -3782.32 8.66832e+07 19681 -1.23735e-07

Element: 6 Type: ForceBeamColumn3d 	Connected Nodes: 51 60 
	Number of Sections: 3	Mass density: 0
Lobatto
	End 1 Forces (P MZ VY MY VZ T): 30281.9 4.5872e+06 3913.94 -2.37423e+07 -20211.8 1.42779e-07
	End 2 Forces (P MZ VY MY VZ T): -30281.9 7.15462e+06 -3913.94 8.43776e+07 20211.8 -1.42779e-07

Element: 7 Type: ForceBeamColumn3d 	Connected Nodes: 52 61 
	Number of Sections: 3	Mass density: 0
Lobatto
	End 1 Forces (P MZ VY MY VZ T): 37885.3 -3.92619e+06 -3615.65 -2.88818e+07 -2685.35 6.59109e-08
	End 2 Forces (P MZ VY MY VZ T): -37885.3 -6.92076e+06 3615.65 3.69379e+07 2685.35 -6.59109e-08

Element: 8 Type: ForceBeamColumn3d 	Connected Nodes: 53 62 
	Number of Sections: 3	Mass density: 0
Lobatto
	End 1 Forces (P MZ VY MY VZ T): 48627.4 2.04242e+06 1468.99 -3.51454e+07 -108.089 1.77259e-07
	End 2 Forces (P MZ VY MY VZ T): -48627.4 2.36455e+06 -1468.99 3.54697e+07 108.089 -1.77259e-07

Element: 9 Type: ForceBeamColumn3d 	Connected Nodes: 54 63 
	Number of Sections: 3	Mass density: 0
Lobatto
	End 1 Forces (P MZ VY MY VZ T): 33438.1 2.25345e+06 1783.74 -3.70619e+07 -116.044 2.16985e-07
	End 2 Forces (P MZ VY MY VZ T): -33438.1 3.09776e+06 -1783.74 3.741e+07 116.044 -2.16985e-07

Element: 10 Type: ForceBeamColumn3d 	Connected Nodes: 55 56 
	Number of Sections: 3	Mass density: 0
Lobatto
	End 1 Forces (P MZ VY MY VZ T): 3721.99 -461517 1321.14 -7.19995e+06 9880.74 -6.56141e-08
	End 2 Forces (P MZ VY MY VZ T): -3721.99 5.74607e+06 -1321.14 3.677e+06 8119.26 6.56141e-08

Element: 11 Type: ForceBeamColumn3d 	Connected Nodes: 56 57 
	Number of Sections: 3	Mass density: 0
Lobatto
	End 1 Forces (P MZ VY MY VZ T): 2427.48 -6.38324e+06 -2528.63 -1.51914e+06 4453.58 -1.95029e-07
	End 2 Forces (P MZ VY MY VZ T): -2427.48 -1.20265e+06 2528.63 3.34589e+06 5671.42 1.95029e-07

Element: 12 Type: ForceBeamColumn3d 	Connected Nodes: 58 59 
	Number of Sections: 3	Mass density: 0
Lobatto
	End 1 Forces (P MZ VY MY VZ T): 6706.51 -840511 1337.4 -1.26847e+07 18961.6 -4.2903e-08
	End 2 Forces (P MZ VY MY VZ T): -6706.51 6.19009e+06 -1337.4 8.83824e+06 17038.4 4.2903e-08

Element: 13 Type: ForceBeamColumn3d 	Connected Nodes: 59 60 
	Number of Sections: 3	Mass density: 0
Lobatto
	End 1 Forces (P MZ VY MY VZ T): 3241.28 -6.35582e+06 -2607.09 -2.00929e+06 8409.84 -1.83238e-07
	End 2 Forces (P MZ VY MY VZ T): -3241.28 -1.46545e+06 2607.09 7.15476e+06 11840.2 1.83238e-07

Element: 14 Type: ForceBeamColumn3d 	Connected Nodes: 61 62 
	Number of Sections: 3	Mass density: 0
Lobatto
	End 1 Forces (P MZ VY MY VZ T): 3703.15 -374573 1603.04 -6.92076e+06 9731.66 -8.9907e-08
	End 2 Forces (P MZ VY MY VZ T): -3703.15 6.78672e+06 -1603.04 3.99412e+06 8268.34 8.9907e-08

Element: 15 Type: ForceBeamColumn3d 	Connected Nodes: 62 63 
	Number of Sections: 3	Mass density: 0
Lobatto
	End 1 Forces (P MZ VY MY VZ T): 1953.16 -6.4757e+06 -2149.94 -1.62956e+06 4573.1 -2.17554e-07
	End 2 Forces (P MZ VY MY VZ T): -1953.16 25883.3 2149.94 3.09776e+06 5551.9 2.17554e-07

Element: 16 Type: ForceBeamColumn3d 	Connected Nodes: 55 58 
	Number of Sections: 3	Mass density: 0
Lobatto
	End 1 Forces (P MZ VY MY VZ T): 1958.02 461509 190.306 5.27807e+07 -7784.92 -4.19712e-09
	End 2 Forces (P MZ VY MY VZ T): -1958.02 490019 -190.306 5.36439e+07 34784.9 4.19712e-09

Element: 17 Type: ForceBeamColumn3d 	Connected Nodes: 58 61 
	Number of Sections: 3	Mass density: 0
Lobatto
	End 1 Forces (P MZ VY MY VZ T): -4891.49 350492 181.266 3.96552e+07 -10148.3 5.31821e-09
	End 2 Forces (P MZ VY MY VZ T): 4891.49 374573 -181.266 3.69379e+07 28148.3 -5.31821e-09

Element: 18 Type: ForceBeamColumn3d 	Connected Nodes: 56 59 
	Number of Sections: 3	Mass density: 0
Lobatto
	End 1 Forces (P MZ VY MY VZ T): 3090.75 637085 221.589 4.54944e+07 6456.13 -6.50515e-10
	End 2 Forces (P MZ VY MY VZ T): -3090.75 470860 -221.589 4.87874e+07 44168.9 6.50515e-10

Element: 19 Type: ForceBeamColumn3d 	Connected Nodes: 59 62 
	Number of Sections: 3	Mass density: 0
Lobatto
	End 1 Forces (P MZ VY MY VZ T): -4922.16 -305144 -154.048 3.78957e+07 -903.545 5.31214e-10
	End 2 Forces (P MZ VY MY VZ T): 4922.16 -311050 154.048 3.54697e+07 35779.1 -5.31214e-10

Element: 20 Type: ForceBeamColumn3d 	Connected Nodes: 57 60 
	Number of Sections: 3	Mass density: 0
Lobatto
	End 1 Forces (P MZ VY MY VZ T): 4174.9 1.20246e+06 603.651 4.41891e+07 -5826.4 -8.65175e-10
	End 2 Forces (P MZ VY MY VZ T): -4174.9 1.81579e+06 -603.651 4.40054e+07 29451.4 8.65175e-10

Element: 21 Type: ForceBeamColumn3d 	Connected Nodes: 60 63 
	Number of Sections: 3	Mass density: 0
Lobatto
	End 1 Forces (P MZ VY MY VZ T): -6388.46 -350303 -94.0671 4.03722e+07 -11007.8 1.07278e-09
	End 2 Forces (P MZ VY MY VZ T): 6388.46 -25965.4 94.0671 3.741e+07 27883.4 -1.07278e-09

Element: 22 Type: ForceBeamColumn3d 	Connected Nodes: 2 46 
	Number of Sections: 3	Mass density: 0
Lobatto
	End 1 Forces (P MZ VY MY VZ T): 7300.86 -3.93621e+06 -2433.44 -3.20021e+07 -16156.8 4.37633e-08
	End 2 Forces (P MZ VY MY VZ T): -7300.86 -3.36412e+06 2433.44 8.04726e+07 16156.8 -4.37633e-08

Element: 23 Type: ForceBeamColumn3d 	Connected Nodes: 4 47 
	Number of Sections: 3	Mass density: 0
Lobatto
	End 1 Forces (P MZ VY MY VZ T): 39321.3 1.16575e+06 748.186 -2.99526e+07 -16855.7 1.49689e-07
	End 2 Forces (P MZ VY MY VZ T): -39321.3 1.0788e+06 -748.186 8.05197e+07 16855.7 -1.49689e-07

Element: 24 Type: ForceBeamColumn3d 	Connected Nodes: 6 48 
	Number of Sections: 3	Mass density: 0
Lobatto
	End 1 Forces (P MZ VY MY VZ T): -1000.91 1.66109e+06 989.224 -3.14638e+07 -16500.3 2.14702e-07
	End 2 Forces (P MZ VY MY VZ T): 1000.91 1.30658e+06 -989.224 8.09648e+07 16500.3 -2.14702e-07

Element: 25 Type: ForceBeamColumn3d 	Connected Nodes: 8 49 
	Number of Sections: 3	Mass density: 0
Lobatto
	End 1 Forces (P MZ VY MY VZ T): 82473.5 -6.48816e+06 -4127.76 -2.56988e+07 -33456.3 4.55e-08
	End 2 Forces (P MZ VY MY VZ T): -82473.5 -5.89513e+06 4127.76 1.26068e+08 33456.3 -4.55e-08

Element: 26 Type: ForceBeamColumn3d 	Connected Nodes: 10 50 
	Number of Sections: 3	Mass density: 0
Lobatto
	End 1 Forces (P MZ VY MY VZ T): 134075 4.02909e+06 2457.55 -2.34968e+07 -28993.9 1.23627e-07
	End 2 Forces (P MZ VY MY VZ T): -134075 3.34355e+06 -2457.55 1.10479e+08 28993.9 -1.23627e-07

Element: 27 Type: ForceBeamColumn3d 	Connected Nodes: 12 51 
	Number of Sections: 3	Mass density: 0
Lobatto
	End 1 Forces (P MZ VY MY VZ T): 62611.1 4.44328e+06 2643.27 -2.4259e+07 -27777 2.16512e-07
	End 2 Forces (P MZ VY MY VZ T): -62611.1 3.48653e+06 -2643.27 1.0759e+08 27777 -2.16512e-07

Element: 28 Type: ForceBeamColumn3d 	Connected Nodes: 14 52 
	Number of Sections: 3	Mass density: 0
Lobatto
	End 1 Forces (P MZ VY MY VZ T): 77701 -3.51058e+06 -2366.94 -4.7237e+07 -7783.68 6.38143e-08
	End 2 Forces (P MZ VY MY VZ T): -77701 -3.59024e+06 2366.94 7.05881e+07 7783.68 -6.38143e-08

Element: 29 Type: ForceBeamColumn3d 	Connected Nodes: 16 53 
	Number of Sections: 3	Mass density: 0
Lobatto
	End 1 Forces (P MZ VY MY VZ T): 98239.8 1.24812e+06 573.836 -5.40094e+07 -6212.17 1.38412e-07
	End 2 Forces (P MZ VY MY VZ T): -98239.8 473391 -573.836 7.26458e+07 6212.17 -1.38412e-07

Element: 30 Type: ForceBeamColumn3d 	Connected Nodes: 18 54 
	Number of Sections: 3	Mass density: 0
Lobatto
	End 1 Forces (P MZ VY MY VZ T): 66270.2 1.93391e+06 1019.03 -5.981e+07 -4644.88 2.33341e-07
	End 2 Forces (P MZ VY MY VZ T): -66270.2 1.12318e+06 -1019.03 7.37446e+07 4644.88 -2.33341e-07

Element: 31 Type: ForceBeamColumn3d 	Connected Nodes: 46 47 
	Number of Sections: 3	Mass density: 0
Lobatto
	End 1 Forces (P MZ VY MY VZ T): -1485.63 -291544 1283.25 -7.74279e+06 10004.8 -7.05955e-08
	End 2 Forces (P MZ VY MY VZ T): 1485.63 5.42454e+06 -1283.25 3.72364e+06 7995.21 7.05955e-08

Element: 32 Type: ForceBeamColumn3d 	Connected Nodes: 47 48 
	Number of Sections: 3	Mass density: 0
Lobatto
	End 1 Forces (P MZ VY MY VZ T): -985.323 -5.10822e+06 -1610.65 -1.34511e+06 4317.08 -1.98134e-07
	End 2 Forces (P MZ VY MY VZ T): 985.323 276283 1610.65 3.58136e+06 5807.92 1.98134e-07

Element: 33 Type: ForceBeamColumn3d 	Connected Nodes: 49 50 
	Number of Sections: 3	Mass density: 0
Lobatto
	End 1 Forces (P MZ VY MY VZ T): -2612.03 -549469 1211.61 -1.34322e+07 19018 -5.81951e-08
	End 2 Forces (P MZ VY MY VZ T): 2612.03 5.39591e+06 -1211.61 9.36032e+06 16982 5.81951e-08

Element: 34 Type: ForceBeamColumn3d 	Connected Nodes: 50 51 
	Number of Sections: 3	Mass density: 0
Lobatto
	End 1 Forces (P MZ VY MY VZ T): -1312.09 -5.52464e+06 -1801.51 -1.49894e+06 7933.42 -1.90363e-07
	End 2 Forces (P MZ VY MY VZ T): 1312.09 120096 1801.51 8.07369e+06 12316.6 1.90363e-07

Element: 35 Type: ForceBeamColumn3d 	Connected Nodes: 52 53 
	Number of Sections: 3	Mass density: 0
Lobatto
	End 1 Forces (P MZ VY MY VZ T): -1278.04 -177105 1443.68 -7.51643e+06 9879.5 -8.57762e-08
	End 2 Forces (P MZ VY MY VZ T): 1278.04 5.95182e+06 -1443.68 3.99842e+06 8120.5 8.57762e-08

Element: 36 Type: ForceBeamColumn3d 	Connected Nodes: 53 54 
	Number of Sections: 3	Mass density: 0
Lobatto
	End 1 Forces (P MZ VY MY VZ T): -558.078 -6.05624e+06 -1957.45 -1.48261e+06 4431.16 -2.13124e-07
	End 2 Forces (P MZ VY MY VZ T): 558.078 183887 1957.45 3.37663e+06 5693.84 2.13124e-07

Element: 37 Type: ForceBeamColumn3d 	Connected Nodes: 46 49 
	Number of Sections: 3	Mass density: 0
Lobatto
	End 1 Forces (P MZ VY MY VZ T): -607.59 291544 135.448 4.61749e+07 -4791.3 -2.6052e-09
	End 2 Forces (P MZ VY MY VZ T): 607.59 385695 -135.448 4.52817e+07 31791.3 2.6052e-09

Element: 38 Type: ForceBeamColumn3d 	Connected Nodes: 49 52 
	Number of Sections: 3	Mass density: 0
Lobatto
	End 1 Forces (P MZ VY MY VZ T): -3704.25 163774 85.2198 4.201e+07 -11929 3.47648e-09
	End 2 Forces (P MZ VY MY VZ T): 3704.25 177105 -85.2198 4.17062e+07 29929 -3.47648e-09

Element: 39 Type: ForceBeamColumn3d 	Connected Nodes: 47 50 
	Number of Sections: 3	Mass density: 0
Lobatto
	End 1 Forces (P MZ VY MY VZ T): -4995.4 -316313 7.56441 4.47183e+07 7992.58 -1.64494e-09
	End 2 Forces (P MZ VY MY VZ T): 4995.4 354135 -7.56441 4.18813e+07 42632.4 1.64494e-09

Element: 40 Type: ForceBeamColumn3d 	Connected Nodes: 50 53 
	Number of Sections: 3	Mass density: 0
Lobatto
	End 1 Forces (P MZ VY MY VZ T): -748.42 -225235 -30.2036 4.09572e+07 -2176.61 2.23276e-09
	End 2 Forces (P MZ VY MY VZ T): 748.42 104420 30.2036 3.75005e+07 37052.2 -2.23276e-09

Element: 41 Type: ForceBeamColumn3d 	Connected Nodes: 48 51 
	Number of Sections: 3	Mass density: 0
Lobatto
	End 1 Forces (P MZ VY MY VZ T): -5457.71 -276283 -29.0126 4.65615e+07 -6648.67 -1.88884e-09
	End 2 Forces (P MZ VY MY VZ T): 5457.71 131220 29.0126 4.57444e+07 30273.7 1.88884e-09

Element: 42 Type: ForceBeamColumn3d 	Connected Nodes: 51 54 
	Number of Sections: 3	Mass density: 0
Lobatto
	End 1 Forces (P MZ VY MY VZ T): -3101.31 -250824 -108.678 3.81032e+07 -10258.7 2.54677e-09
	End 2 Forces (P MZ VY MY VZ T): 3101.31 -183887 108.678 3.66827e+07 27134.3 -2.54677e-09

Element: 43 Type: ForceBeamColumn3d 	Connected Nodes: 1 2 
	Number of Sections: 3	Mass density: 0
Lobatto
	End 1 Forces (P MZ VY MY VZ T): 14522 -3.7327e+06 -2370.59 2.32406e+07 -31678.1 3.79933e-08
	End 2 Forces (P MZ VY MY VZ T): -14522 -3.37908e+06 2370.59 7.17938e+07 31678.1 -3.79933e-08

Element: 44 Type: ForceBeamColumn3d 	Connected Nodes: 3 4 
	Number of Sections: 3	Mass density: 0
Lobatto
	End 1 Forces (P MZ VY MY VZ T): 61562 1.18298e+06 859.347 1.94401e+07 -29892.9 1.43358e-07
	End 2 Forces (P MZ VY MY VZ T): -61562 1.39506e+06 -859.347 7.02385e+07 29892.9 -1.43358e-07

Element: 45 Type: ForceBeamColumn3d 	Connected Nodes: 5 6 
	Number of Sections: 3	Mass density: 0
Lobatto
	End 1 Forces (P MZ VY MY VZ T): 61.4592 1.42505e+06 1008.41 9.18545e+06 -27249.3 2.09156e-07
	End 2 Forces (P MZ VY MY VZ T): -61.4592 1.60019e+06 -1008.41 7.25624e+07 27249.3 -2.09156e-07

Element: 46 Type: ForceBeamColumn3d 	Connected Nodes: 7 8 
	Number of Sections: 3	Mass density: 0
Lobatto
	End 1 Forces (P MZ VY MY VZ T): 122394 -6.29954e+06 -4246.19 4.63527e+06 -35219.7 4.044e-08
	End 2 Forces (P MZ VY MY VZ T): -122394 -6.43904e+06 4246.19 1.01024e+08 35219.7 -4.044e-08

Element: 47 Type: ForceBeamColumn3d 	Connected Nodes: 9 10 
	Number of Sections: 3	Mass density: 0
Lobatto
	End 1 Forces (P MZ VY MY VZ T): 200492 4.13e+06 2705.7 -2.2257e+06 -31863.6 1.43705e-07
	End 2 Forces (P MZ VY MY VZ T): -200492 3.98709e+06 -2705.7 9.78164e+07 31863.6 -1.43705e-07

Element: 48 Type: ForceBeamColumn3d 	Connected Nodes: 11 12 
	Number of Sections: 3	Mass density: 0
Lobatto
	End 1 Forces (P MZ VY MY VZ T): 93900 3.89124e+06 2470.35 -3.39865e+06 -32404.3 2.06082e-07
	End 2 Forces (P MZ VY MY VZ T): -93900 3.51982e+06 -2470.35 1.00612e+08 32404.3 -2.06082e-07

Element: 49 Type: ForceBeamColumn3d 	Connected Nodes: 13 14 
	Number of Sections: 3	Mass density: 0
Lobatto
	End 1 Forces (P MZ VY MY VZ T): 113839 -3.64929e+06 -2505.85 -3.34693e+07 -16072.4 3.9958e-08
	End 2 Forces (P MZ VY MY VZ T): -113839 -3.86825e+06 2505.85 8.16865e+07 16072.4 -3.9958e-08

Element: 50 Type: ForceBeamColumn3d 	Connected Nodes: 15 16 
	Number of Sections: 3	Mass density: 0
Lobatto
	End 1 Forces (P MZ VY MY VZ T): 146305 1.10569e+06 662.73 -4.20675e+07 -15624 1.45164e-07
	End 2 Forces (P MZ VY MY VZ T): -146305 882498 -662.73 8.89395e+07 15624 -1.45164e-07

Element: 51 Type: ForceBeamColumn3d 	Connected Nodes: 17 18 
	Number of Sections: 3	Mass density: 0
Lobatto
	End 1 Forces (P MZ VY MY VZ T): 97412.5 1.36796e+06 744.491 -6.10639e+07 -10854.3 2.11186e-07
	End 2 Forces (P MZ VY MY VZ T): -97412.5 865510 -744.491 9.36268e+07 10854.3 -2.11186e-07

Element: 52 Type: ForceBeamColumn3d 	Connected Nodes: 2 4 
	Number of Sections: 3	Mass density: 0
Lobatto
	End 1 Forces (P MZ VY MY VZ T): -68.9102 -228432 964.049 -7.3153e+06 9762.98 -7.23205e-08
	End 2 Forces (P MZ VY MY VZ T): 68.9102 4.08463e+06 -964.049 4.26339e+06 8237.02 7.23205e-08

Element: 53 Type: ForceBeamColumn3d 	Connected Nodes: 4 6 
	Number of Sections: 3	Mass density: 0
Lobatto
	End 1 Forces (P MZ VY MY VZ T): -89.4228 -4.09685e+06 -1304.47 -1.70258e+06 4542.94 -1.95887e-07
	End 2 Forces (P MZ VY MY VZ T): 89.4228 183434 1304.47 3.26128e+06 5582.06 1.95887e-07

Element: 54 Type: ForceBeamColumn3d 	Connected Nodes: 8 10 
	Number of Sections: 3	Mass density: 0
Lobatto
	End 1 Forces (P MZ VY MY VZ T): 84.5979 -350026 1061.37 -1.2927e+07 18730.9 -7.3521e-08
	End 2 Forces (P MZ VY MY VZ T): -84.5979 4.59552e+06 -1061.37 1.00035e+07 17269.1 7.3521e-08

Element: 55 Type: ForceBeamColumn3d 	Connected Nodes: 10 12 
	Number of Sections: 3	Mass density: 0
Lobatto
	End 1 Forces (P MZ VY MY VZ T): -98.7267 -4.30615e+06 -1416.45 -1.98755e+06 8133.15 -1.92806e-07
	End 2 Forces (P MZ VY MY VZ T): 98.7267 56815.4 1416.45 7.9631e+06 12116.9 1.92806e-07

Element: 56 Type: ForceBeamColumn3d 	Connected Nodes: 14 16 
	Number of Sections: 3	Mass density: 0
Lobatto
	End 1 Forces (P MZ VY MY VZ T): 121.485 -153243 1206.86 -7.37882e+06 9786.84 -7.81696e-08
	End 2 Forces (P MZ VY MY VZ T): -121.485 4.98068e+06 -1206.86 4.23144e+06 8213.16 7.81696e-08

Element: 57 Type: ForceBeamColumn3d 	Connected Nodes: 16 18 
	Number of Sections: 3	Mass density: 0
Lobatto
	End 1 Forces (P MZ VY MY VZ T): -195.28 -4.89821e+06 -1655.58 -2.10084e+06 4829.64 -2.052e-07
	End 2 Forces (P MZ VY MY VZ T): 195.28 -68542.5 1655.58 2.79942e+06 5295.36 2.052e-07

Element: 58 Type: ForceBeamColumn3d 	Connected Nodes: 2 8 
	Number of Sections: 3	Mass density: 0
Lobatto
	End 1 Forces (P MZ VY MY VZ T): -7725.36 228433 85.059 3.97917e+07 -2537.3 -2.61953e-09
	End 2 Forces (P MZ VY MY VZ T): 7725.36 196862 -85.059 4.03948e+07 29537.3 2.61953e-09

Element: 59 Type: ForceBeamColumn3d 	Connected Nodes: 8 14 
	Number of Sections: 3	Mass density: 0
Lobatto
	End 1 Forces (P MZ VY MY VZ T): 849.873 153256 76.6251 3.493e+07 -8344.87 4.05192e-09
	End 2 Forces (P MZ VY MY VZ T): -849.873 153245 -76.6251 3.44495e+07 26344.9 -4.05192e-09

Element: 60 Type: ForceBeamColumn3d 	Connected Nodes: 4 10 
	Number of Sections: 3	Mass density: 0
Lobatto
	End 1 Forces (P MZ VY MY VZ T): -5415.23 12225.7 14.6262 4.02859e+07 9466.96 -1.23529e-09
	End 2 Forces (P MZ VY MY VZ T): 5415.23 60905.3 -14.6262 3.89418e+07 41158 1.23529e-09

Element: 61 Type: ForceBeamColumn3d 	Connected Nodes: 10 16 
	Number of Sections: 3	Mass density: 0
Lobatto
	End 1 Forces (P MZ VY MY VZ T): 3471.87 -350339 -108.198 3.53778e+07 -139.199 2.30904e-09
	End 2 Forces (P MZ VY MY VZ T): -3471.87 -82454.4 108.198 3.49302e+07 35014.8 -2.30904e-09

Element: 62 Type: ForceBeamColumn3d 	Connected Nodes: 6 12 
	Number of Sections: 3	Mass density: 0
Lobatto
	End 1 Forces (P MZ VY MY VZ T): -4130.92 -183434 -36.8763 4.10986e+07 -4516.81 -1.47671e-09
	End 2 Forces (P MZ VY MY VZ T): 4130.92 -947.75 36.8763 4.0548e+07 28141.8 1.47671e-09

Element: 63 Type: ForceBeamColumn3d 	Connected Nodes: 12 18 
	Number of Sections: 3	Mass density: 0
Lobatto
	End 1 Forces (P MZ VY MY VZ T): -340.477 -55867.9 3.17927 3.58047e+07 -8967.57 2.42186e-09
	End 2 Forces (P MZ VY MY VZ T): 340.477 68585 -3.17927 3.38168e+07 25843.2 -2.42186e-09

Element: 64 Type: ForceBeamColumn3d 	Connected Nodes: 19 1 
	Number of Sections: 3	Mass density: 0
Lobatto
	End 1 Forces (P MZ VY MY VZ T): 21945.9 -3.51296e+06 -2249.15 9.23219e+07 -36026.4 3.72055e-08
	End 2 Forces (P MZ VY MY VZ T): -21945.9 -3.23449e+06 2249.15 1.57572e+07 36026.4 -3.72055e-08

Element: 65 Type: ForceBeamColumn3d 	Connected Nodes: 20 3 
	Number of Sections: 3	Mass density: 0
Lobatto
	End 1 Forces (P MZ VY MY VZ T): 84397.9 1.22895e+06 928.108 7.49691e+07 -31768.8 1.16279e-07
	End 2 Forces (P MZ VY MY VZ T): -84397.9 1.55537e+06 -928.108 2.03372e+07 31768.8 -1.16279e-07

Element: 66 Type: ForceBeamColumn3d 	Connected Nodes: 21 5 
	Number of Sections: 3	Mass density: 0
Lobatto
	End 1 Forces (P MZ VY MY VZ T): 1545.81 1.30938e+06 976.222 5.08308e+07 -27041.1 1.89959e-07
	End 2 Forces (P MZ VY MY VZ T): -1545.81 1.61929e+06 -976.222 3.02924e+07 27041.1 -1.89959e-07

Element: 67 Type: ForceBeamColumn3d 	Connected Nodes: 22 7 
	Number of Sections: 3	Mass density: 0
Lobatto
	End 1 Forces (P MZ VY MY VZ T): 162188 -6.09014e+06 -4104.99 7.14081e+07 -46565.7 3.48017e-08
	End 2 Forces (P MZ VY MY VZ T): -162188 -6.22483e+06 4104.99 6.82891e+07 46565.7 -3.48017e-08

Element: 68 Type: ForceBeamColumn3d 	Connected Nodes: 23 9 
	Number of Sections: 3	Mass density: 0
Lobatto
	End 1 Forces (P MZ VY MY VZ T): 267891 4.02198e+06 2676.38 6.17102e+07 -45387.6 1.26951e-07
	End 2 Forces (P MZ VY MY VZ T): -267891 4.00715e+06 -2676.38 7.44526e+07 45387.6 -1.26951e-07

Element: 69 Type: ForceBeamColumn3d 	Connected Nodes: 24 11 
	Number of Sections: 3	Mass density: 0
Lobatto
	End 1 Forces (P MZ VY MY VZ T): 123983 3.63762e+06 2416.69 3.46737e+07 -37868.4 2.13628e-07
	End 2 Forces (P MZ VY MY VZ T): -123983 3.61246e+06 -2416.69 7.89316e+07 37868.4 -2.13628e-07

Element: 70 Type: ForceBeamColumn3d 	Connected Nodes: 25 13 
	Number of Sections: 3	Mass density: 0
Lobatto
	End 1 Forces (P MZ VY MY VZ T): 149363 -3.72385e+06 -2448.53 -8.78327e+06 -19402.5 2.67089e-08
	End 2 Forces (P MZ VY MY VZ T): -149363 -3.62175e+06 2448.53 6.69909e+07 19402.5 -2.67089e-08

Element: 71 Type: ForceBeamColumn3d 	Connected Nodes: 26 15 
	Number of Sections: 3	Mass density: 0
Lobatto
	End 1 Forces (P MZ VY MY VZ T): 194144 606578 449.629 -1.66218e+07 -19746.9 1.18833e-07
	End 2 Forces (P MZ VY MY VZ T): -194144 742308 -449.629 7.58625e+07 19746.9 -1.18833e-07

Element: 72 Type: ForceBeamColumn3d 	Connected Nodes: 27 17 
	Number of Sections: 3	Mass density: 0
Lobatto
	End 1 Forces (P MZ VY MY VZ T): 128526 877758 609.519 -3.00326e+07 -21860.8 1.73441e-07
	End 2 Forces (P MZ VY MY VZ T): -128526 950801 -609.519 9.5615e+07 21860.8 -1.73441e-07

Element: 73 Type: ForceBeamColumn3d 	Connected Nodes: 1 3 
	Number of Sections: 3	Mass density: 0
Lobatto
	End 1 Forces (P MZ VY MY VZ T): -95.7682 -99593.4 601.463 -6.96708e+06 9569.87 -7.03864e-08
	End 2 Forces (P MZ VY MY VZ T): 95.7682 2.50544e+06 -601.463 4.6876e+06 8430.13 7.03864e-08

Element: 74 Type: ForceBeamColumn3d 	Connected Nodes: 3 5 
	Number of Sections: 3	Mass density: 0
Lobatto
	End 1 Forces (P MZ VY MY VZ T): -126.937 -2.72677e+06 -843.106 -1.94933e+06 4697.5 -1.81439e-07
	End 2 Forces (P MZ VY MY VZ T): 126.937 197451 843.106 3.04434e+06 5427.5 1.81439e-07

Element: 75 Type: ForceBeamColumn3d 	Connected Nodes: 7 9 
	Number of Sections: 3	Mass density: 0
Lobatto
	End 1 Forces (P MZ VY MY VZ T): -152.978 -206049 727.154 -1.25244e+07 18462.8 -7.03736e-08
	End 2 Forces (P MZ VY MY VZ T): 152.978 3.11467e+06 -727.154 1.0673e+07 17537.2 7.03736e-08

Element: 76 Type: ForceBeamColumn3d 	Connected Nodes: 9 11 
	Number of Sections: 3	Mass density: 0
Lobatto
	End 1 Forces (P MZ VY MY VZ T): -69.7972 -2.99115e+06 -921.616 -2.53584e+06 8469.05 -1.88248e-07
	End 2 Forces (P MZ VY MY VZ T): 69.7972 226298 921.616 7.5037e+06 11781 1.88248e-07

Element: 77 Type: ForceBeamColumn3d 	Connected Nodes: 13 15 
	Number of Sections: 3	Mass density: 0
Lobatto
	End 1 Forces (P MZ VY MY VZ T): -94.8549 -45416.3 863.967 -7.27105e+06 9709.37 -6.45149e-08
	End 2 Forces (P MZ VY MY VZ T): 94.8549 3.50128e+06 -863.967 4.43356e+06 8290.63 6.45149e-08

Element: 78 Type: ForceBeamColumn3d 	Connected Nodes: 15 17 
	Number of Sections: 3	Mass density: 0
Lobatto
	End 1 Forces (P MZ VY MY VZ T): -4.12435 -3.54911e+06 -1180.03 -2.58556e+06 5151.43 -1.77997e-07
	End 2 Forces (P MZ VY MY VZ T): 4.12435 9014.26 1180.03 2.31876e+06 4973.57 1.77997e-07

Element: 79 Type: ForceBeamColumn3d 	Connected Nodes: 1 7 
	Number of Sections: 3	Mass density: 0
Lobatto
	End 1 Forces (P MZ VY MY VZ T): 1394.37 99632.9 46.3626 3.89978e+07 -2141.97 -2.28207e-09
	End 2 Forces (P MZ VY MY VZ T): -1394.37 132180 -46.3626 3.9212e+07 29142 2.28207e-09

Element: 80 Type: ForceBeamColumn3d 	Connected Nodes: 7 13 
	Number of Sections: 3	Mass density: 0
Lobatto
	End 1 Forces (P MZ VY MY VZ T): -2235.37 73869.3 29.8216 3.37124e+07 -7808.48 4.11989e-09
	End 2 Forces (P MZ VY MY VZ T): 2235.37 45417 -29.8216 3.35215e+07 25808.5 -4.11989e-09

Element: 81 Type: ForceBeamColumn3d 	Connected Nodes: 3 9 
	Number of Sections: 3	Mass density: 0
Lobatto
	End 1 Forces (P MZ VY MY VZ T): 4087.89 221273 57.672 3.97773e+07 9713.84 -9.92357e-10
	End 2 Forces (P MZ VY MY VZ T): -4087.89 67087.2 -57.672 3.8216e+07 40911.2 9.92357e-10

Element: 82 Type: ForceBeamColumn3d 	Connected Nodes: 9 15 
	Number of Sections: 3	Mass density: 0
Lobatto
	End 1 Forces (P MZ VY MY VZ T): -427.554 -190608 -35.6949 3.40109e+07 486.32 2.37772e-09
	End 2 Forces (P MZ VY MY VZ T): 427.554 47828.1 35.6949 3.3795e+07 34389.3 -2.37772e-09

Element: 83 Type: ForceBeamColumn3d 	Connected Nodes: 5 11 
	Number of Sections: 3	Mass density: 0
Lobatto
	End 1 Forces (P MZ VY MY VZ T): 5168.99 -197451 -30.0911 3.94779e+07 -3940.64 -1.10268e-09
	End 2 Forces (P MZ VY MY VZ T): -5168.99 46995.2 30.0911 3.92878e+07 27565.6 1.10268e-09

Element: 84 Type: ForceBeamColumn3d 	Connected Nodes: 11 17 
	Number of Sections: 3	Mass density: 0
Lobatto
	End 1 Forces (P MZ VY MY VZ T): 6043.76 -273293 -70.5771 3.62451e+07 -9261.26 2.53395e-09
	End 2 Forces (P MZ VY MY VZ T): -6043.76 -9015.08 70.5771 3.45511e+07 26136.9 -2.53395e-09

Element: 85 Type: ForceBeamColumn3d 	Connected Nodes: 28 19 
	Number of Sections: 3	Mass density: 0
Lobatto
	End 1 Forces (P MZ VY MY VZ T): 26801.7 -3.72833e+06 -2282.25 7.02914e+07 -7486.48 1.79048e-08
	End 2 Forces (P MZ VY MY VZ T): -26801.7 -3.11842e+06 2282.25 -4.78319e+07 7486.48 -1.79048e-08

Element: 86 Type: ForceBeamColumn3d 	Connected Nodes: 29 20 
	Number of Sections: 3	Mass density: 0
Lobatto
	End 1 Forces (P MZ VY MY VZ T): 105762 1.57601e+06 1078.89 6.04595e+07 -9730.9 7.81224e-08
	End 2 Forces (P MZ VY MY VZ T): -105762 1.66066e+06 -1078.89 -3.12668e+07 9730.9 -7.81224e-08

Element: 87 Type: ForceBeamColumn3d 	Connected Nodes: 30 21 
	Number of Sections: 3	Mass density: 0
Lobatto
	End 1 Forces (P MZ VY MY VZ T): 403.041 1.31171e+06 945.076 1.62742e+07 -3775.89 1.25435e-07
	End 2 Forces (P MZ VY MY VZ T): -403.041 1.52351e+06 -945.076 -4.94656e+06 3775.89 -1.25435e-07

Element: 88 Type: ForceBeamColumn3d 	Connected Nodes: 31 22 
	Number of Sections: 3	Mass density: 0
Lobatto
	End 1 Forces (P MZ VY MY VZ T): 202088 -6.60904e+06 -4199.33 1.3581e+08 -49118.6 2.11183e-08
	End 2 Forces (P MZ VY MY VZ T): -202088 -5.98896e+06 4199.33 1.15458e+07 49118.6 -2.11183e-08

Element: 89 Type: ForceBeamColumn3d 	Connected Nodes: 32 23 
	Number of Sections: 3	Mass density: 0
Lobatto
	End 1 Forces (P MZ VY MY VZ T): 336267 4.54239e+06 2878.38 1.15887e+08 -45054.6 9.10722e-08
	End 2 Forces (P MZ VY MY VZ T): -336267 4.09276e+06 -2878.38 1.92772e+07 45054.6 -9.10722e-08

Element: 90 Type: ForceBeamColumn3d 	Connected Nodes: 33 24 
	Number of Sections: 3	Mass density: 0
Lobatto
	End 1 Forces (P MZ VY MY VZ T): 156347 3.46334e+06 2243.73 7.61432e+07 -40606.6 1.32106e-07
	End 2 Forces (P MZ VY MY VZ T): -156347 3.26784e+06 -2243.73 4.56764e+07 40606.6 -1.32106e-07

Element: 91 Type: ForceBeamColumn3d 	Connected Nodes: 34 25 
	Number of Sections: 3	Mass density: 0
Lobatto
	End 1 Forces (P MZ VY MY VZ T): 186772 -4.23955e+06 -2524.3 1.2415e+08 -56964.3 2.174e-08
	End 2 Forces (P MZ VY MY VZ T): -186772 -3.33336e+06 2524.3 4.67433e+07 56964.3 -2.174e-08

Element: 92 Type: ForceBeamColumn3d 	Connected Nodes: 35 26 
	Number of Sections: 3	Mass density: 0
Lobatto
	End 1 Forces (P MZ VY MY VZ T): 243909 648116 561.305 1.0997e+08 -54285.5 8.29733e-08
	End 2 Forces (P MZ VY MY VZ T): -243909 1.0358e+06 -561.305 5.28868e+07 54285.5 -8.29733e-08

Element: 93 Type: ForceBeamColumn3d 	Connected Nodes: 36 27 
	Number of Sections: 3	Mass density: 0
Lobatto
	End 1 Forces (P MZ VY MY VZ T): 159133 588869 557.251 9.32052e+07 -52678 1.50646e-07
	End 2 Forces (P MZ VY MY VZ T): -159133 1.08288e+06 -557.251 6.48287e+07 52678 -1.50646e-07

Element: 94 Type: ForceBeamColumn3d 	Connected Nodes: 19 20 
	Number of Sections: 3	Mass density: 0
Lobatto
	End 1 Forces (P MZ VY MY VZ T): 45.9782 -93750.2 260.887 -6.63147e+06 9388.88 -5.14929e-08
	End 2 Forces (P MZ VY MY VZ T): -45.9782 1.1373e+06 -260.887 5.07597e+06 8611.12 5.14929e-08

Element: 95 Type: ForceBeamColumn3d 	Connected Nodes: 20 21 
	Number of Sections: 3	Mass density: 0
Lobatto
	End 1 Forces (P MZ VY MY VZ T): -58.9556 -1.04293e+06 -300.803 -2.18658e+06 4847.05 -1.42281e-07
	End 2 Forces (P MZ VY MY VZ T): 58.9556 140517 300.803 2.83292e+06 5277.95 1.42281e-07

Element: 96 Type: ForceBeamColumn3d 	Connected Nodes: 22 23 
	Number of Sections: 3	Mass density: 0
Lobatto
	End 1 Forces (P MZ VY MY VZ T): 94.2057 -172896 360.576 -1.20791e+07 18185.4 -5.67101e-08
	End 2 Forces (P MZ VY MY VZ T): -94.2057 1.6152e+06 -360.576 1.13375e+07 17814.6 5.67101e-08

Element: 97 Type: ForceBeamColumn3d 	Connected Nodes: 23 24 
	Number of Sections: 3	Mass density: 0
Lobatto
	End 1 Forces (P MZ VY MY VZ T): -148.106 -1.69739e+06 -725.817 -3.22279e+06 8897.44 -1.5205e-07
	End 2 Forces (P MZ VY MY VZ T): 148.106 -480061 725.817 6.90548e+06 11352.6 1.5205e-07

Element: 98 Type: ForceBeamColumn3d 	Connected Nodes: 25 26 
	Number of Sections: 3	Mass density: 0
Lobatto
	End 1 Forces (P MZ VY MY VZ T): 63.3029 -26633.7 468.803 -7.05721e+06 9590.44 -5.01203e-08
	End 2 Forces (P MZ VY MY VZ T): -63.3029 1.90184e+06 -468.803 4.69544e+06 8409.56 5.01203e-08

Element: 99 Type: ForceBeamColumn3d 	Connected Nodes: 26 27 
	Number of Sections: 3	Mass density: 0
Lobatto
	End 1 Forces (P MZ VY MY VZ T): -50.6716 -2.22453e+06 -705.527 -3.05339e+06 5426.8 -1.39907e-07
	End 2 Forces (P MZ VY MY VZ T): 50.6716 107947 705.527 1.96048e+06 4698.2 1.39907e-07

Element: 100 Type: ForceBeamColumn3d 	Connected Nodes: 19 22 
	Number of Sections: 3	Mass density: 0
Lobatto
	End 1 Forces (P MZ VY MY VZ T): 32014.1 93896 37.8297 4.44899e+07 -4529.87 -1.99933e-09
	End 2 Forces (P MZ VY MY VZ T): -32014.1 95252.5 -37.8297 4.56594e+07 31529.9 1.99933e-09

Element: 101 Type: ForceBeamColumn3d 	Connected Nodes: 22 25 
	Number of Sections: 3	Mass density: 0
Lobatto
	End 1 Forces (P MZ VY MY VZ T): 34176.1 77643.9 26.0687 3.72944e+07 -9813.62 3.91733e-09
	End 2 Forces (P MZ VY MY VZ T): -34176.1 26630.9 -26.0687 3.796e+07 27813.6 -3.91733e-09

Element: 102 Type: ForceBeamColumn3d 	Connected Nodes: 20 23 
	Number of Sections: 3	Mass density: 0
Lobatto
	End 1 Forces (P MZ VY MY VZ T): 25972 -94206 24.3568 4.37023e+07 7910.37 -7.58827e-10
	End 2 Forces (P MZ VY MY VZ T): -25972 215990 -24.3568 4.33084e+07 42714.6 7.58827e-10

Element: 103 Type: ForceBeamColumn3d 	Connected Nodes: 23 26 
	Number of Sections: 3	Mass density: 0
Lobatto
	End 1 Forces (P MZ VY MY VZ T): 31698.2 -133808 47.2358 3.76791e+07 -1048.22 2.24893e-09
	End 2 Forces (P MZ VY MY VZ T): -31698.2 322751 -47.2358 3.6265e+07 35923.8 -2.24893e-09

Element: 104 Type: ForceBeamColumn3d 	Connected Nodes: 21 24 
	Number of Sections: 3	Mass density: 0
Lobatto
	End 1 Forces (P MZ VY MY VZ T): 26219.4 -140537 19.462 4.58842e+07 -6418.73 -8.73373e-10
	End 2 Forces (P MZ VY MY VZ T): -26219.4 237846 -19.462 4.52719e+07 30043.7 8.73373e-10

Element: 105 Type: ForceBeamColumn3d 	Connected Nodes: 24 27 
	Number of Sections: 3	Mass density: 0
Lobatto
	End 1 Forces (P MZ VY MY VZ T): 27690.2 242232 33.5803 3.50782e+07 -9030.76 2.44995e-09
	End 2 Forces (P MZ VY MY VZ T): -27690.2 -107911 -33.5803 3.47961e+07 25906.4 -2.44995e-09

Element: 106 Type: ForceBeamColumn3d 	Connected Nodes: 37 28 
	Number of Sections: 3	Mass density: 0
Lobatto
	End 1 Forces (P MZ VY MY VZ T): 35429.3 -1.73321e+06 -1206.24 1.3024e+08 -27322 1.43488e-08
	End 2 Forces (P MZ VY MY VZ T): -35429.3 -2.48864e+06 1206.24 -3.46131e+07 27322 -1.43488e-08

Element: 107 Type: ForceBeamColumn3d 	Connected Nodes: 38 29 
	Number of Sections: 3	Mass density: 0
Lobatto
	End 1 Forces (P MZ VY MY VZ T): 130717 197395 427.163 1.07788e+08 -22667 2.10663e-08
	End 2 Forces (P MZ VY MY VZ T): -130717 1.29767e+06 -427.163 -2.8454e+07 22667 -2.10663e-08

Element: 108 Type: ForceBeamColumn3d 	Connected Nodes: 39 30 
	Number of Sections: 3	Mass density: 0
Lobatto
	End 1 Forces (P MZ VY MY VZ T): 7834.68 163394 385.417 9.86702e+07 -30526.9 2.31772e-08
	End 2 Forces (P MZ VY MY VZ T): -7834.68 1.18557e+06 -385.417 8.174e+06 30526.9 -2.31772e-08

Element: 109 Type: ForceBeamColumn3d 	Connected Nodes: 40 31 
	Number of Sections: 3	Mass density: 0
Lobatto
	End 1 Forces (P MZ VY MY VZ T): 235972 -1.67609e+06 -1891.56 1.8929e+08 -38435.7 4.68689e-09
	End 2 Forces (P MZ VY MY VZ T): -235972 -4.94439e+06 1891.56 -5.47652e+07 38435.7 -4.68689e-09

Element: 110 Type: ForceBeamColumn3d 	Connected Nodes: 41 32 
	Number of Sections: 3	Mass density: 0
Lobatto
	End 1 Forces (P MZ VY MY VZ T): 401574 2.41775e+06 1555.23 1.80005e+08 -42479.7 3.04458e-08
	End 2 Forces (P MZ VY MY VZ T): -401574 3.02555e+06 -1555.23 -3.13263e+07 42479.7 -3.04458e-08

Element: 111 Type: ForceBeamColumn3d 	Connected Nodes: 42 33 
	Number of Sections: 3	Mass density: 0
Lobatto
	End 1 Forces (P MZ VY MY VZ T): 179224 2.237e+06 1357.54 1.39887e+08 -35776.7 3.91033e-08
	End 2 Forces (P MZ VY MY VZ T): -179224 2.51439e+06 -1357.54 -1.46684e+07 35776.7 -3.91033e-08

Element: 112 Type: ForceBeamColumn3d 	Connected Nodes: 43 34 
	Number of Sections: 3	Mass density: 0
Lobatto
	End 1 Forces (P MZ VY MY VZ T): 225796 -2.79503e+06 -1479.55 2.73796e+08 -53076.2 5.30434e-09
	End 2 Forces (P MZ VY MY VZ T): -225796 -2.3834e+06 1479.55 -8.80296e+07 53076.2 -5.30434e-09

Element: 113 Type: ForceBeamColumn3d 	Connected Nodes: 44 35 
	Number of Sections: 3	Mass density: 0
Lobatto
	End 1 Forces (P MZ VY MY VZ T): 294768 -980089 52.3871 2.5113e+08 -49395.8 4.51728e-08
	End 2 Forces (P MZ VY MY VZ T): -294768 1.16344e+06 -52.3871 -7.82449e+07 49395.8 -4.51728e-08

Element: 114 Type: ForceBeamColumn3d 	Connected Nodes: 45 36 
	Number of Sections: 3	Mass density: 0
Lobatto
	End 1 Forces (P MZ VY MY VZ T): 189669 -926405 82.4049 1.87597e+08 -35891.8 7.09888e-08
	End 2 Forces (P MZ VY MY VZ T): -189669 1.21482e+06 -82.4049 -6.19755e+07 35891.8 -7.09888e-08

Element: 115 Type: ForceBeamColumn3d 	Connected Nodes: 28 29 
	Number of Sections: 3	Mass density: 0
Lobatto
	End 1 Forces (P MZ VY MY VZ T): -1068.34 -37835.6 16.9921 -6.21697e+06 9196.02 -2.87538e-08
	End 2 Forces (P MZ VY MY VZ T): 1068.34 105804 -16.9921 5.43291e+06 8803.98 2.87538e-08

Element: 116 Type: ForceBeamColumn3d 	Connected Nodes: 29 30 
	Number of Sections: 3	Mass density: 0
Lobatto
	End 1 Forces (P MZ VY MY VZ T): -465.966 -210290 -120.151 -2.55922e+06 5083.15 -6.12999e-08
	End 2 Forces (P MZ VY MY VZ T): 465.966 -150163 120.151 2.49728e+06 5041.85 6.12999e-08

Element: 117 Type: ForceBeamColumn3d 	Connected Nodes: 31 32 
	Number of Sections: 3	Mass density: 0
Lobatto
	End 1 Forces (P MZ VY MY VZ T): -2293.66 -45526.2 112.428 -1.15534e+07 17945.7 -3.28875e-08
	End 2 Forces (P MZ VY MY VZ T): 2293.66 495237 -112.428 1.17704e+07 18054.3 3.28875e-08

Element: 118 Type: ForceBeamColumn3d 	Connected Nodes: 32 33 
	Number of Sections: 3	Mass density: 0
Lobatto
	End 1 Forces (P MZ VY MY VZ T): -915.874 -839982 -479.204 -4.2025e+06 9533.26 -7.60805e-08
	End 2 Forces (P MZ VY MY VZ T): 915.874 -597630 479.204 5.97772e+06 10716.7 7.60805e-08

Element: 119 Type: ForceBeamColumn3d 	Connected Nodes: 34 35 
	Number of Sections: 3	Mass density: 0
Lobatto
	End 1 Forces (P MZ VY MY VZ T): -1059.13 -578.715 208.418 -6.62294e+06 9393.35 -3.26131e-08
	End 2 Forces (P MZ VY MY VZ T): 1059.13 834251 -208.418 5.04956e+06 8606.65 3.26131e-08

Element: 120 Type: ForceBeamColumn3d 	Connected Nodes: 35 36 
	Number of Sections: 3	Mass density: 0
Lobatto
	End 1 Forces (P MZ VY MY VZ T): -545.339 -886733 -350.642 -3.23799e+06 5540.6 -1.06936e-07
	End 2 Forces (P MZ VY MY VZ T): 545.339 -165193 350.642 1.80369e+06 4584.4 1.06936e-07

Element: 121 Type: ForceBeamColumn3d 	Connected Nodes: 28 31 
	Number of Sections: 3	Mass density: 0
Lobatto
	End 1 Forces (P MZ VY MY VZ T): -18314 37834.6 16.6006 3.56783e+07 -566.354 -2.00628e-09
	End 2 Forces (P MZ VY MY VZ T): 18314 45168.4 -16.6006 3.46535e+07 27566.4 2.00628e-09

Element: 122 Type: ForceBeamColumn3d 	Connected Nodes: 31 34 
	Number of Sections: 3	Mass density: 0
Lobatto
	End 1 Forces (P MZ VY MY VZ T): -5467.98 357.489 0.234051 4.63913e+07 -11627.8 3.67258e-09
	End 2 Forces (P MZ VY MY VZ T): 5467.98 578.715 -0.234051 3.612e+07 29627.8 -3.67258e-09

Element: 123 Type: ForceBeamColumn3d 	Connected Nodes: 29 32 
	Number of Sections: 3	Mass density: 0
Lobatto
	End 1 Forces (P MZ VY MY VZ T): -11064.3 104485 81.4395 3.20055e+07 11070.6 -3.93194e-10
	End 2 Forces (P MZ VY MY VZ T): 11064.3 302713 -81.4395 3.92042e+07 39554.4 3.93194e-10

Element: 124 Type: ForceBeamColumn3d 	Connected Nodes: 32 35 
	Number of Sections: 3	Mass density: 0
Lobatto
	End 1 Forces (P MZ VY MY VZ T): -6155.84 42046.3 23.6304 4.53561e+07 -1832.4 1.53266e-09
	End 2 Forces (P MZ VY MY VZ T): 6155.84 52475.5 -23.6304 3.17247e+07 36708 -1.53266e-09

Element: 125 Type: ForceBeamColumn3d 	Connected Nodes: 30 33 
	Number of Sections: 3	Mass density: 0
Lobatto
	End 1 Forces (P MZ VY MY VZ T): -25341 150163 115.562 2.44482e+07 2391.01 -5.94638e-10
	End 2 Forces (P MZ VY MY VZ T): 25341 427649 -115.562 2.26592e+07 21234 5.94638e-10

Element: 126 Type: ForceBeamColumn3d 	Connected Nodes: 33 36 
	Number of Sections: 3	Mass density: 0
Lobatto
	End 1 Forces (P MZ VY MY VZ T): -18325.9 169988 83.7944 3.88156e+07 -9073.54 1.86011e-09
	End 2 Forces (P MZ VY MY VZ T): 18325.9 165190 -83.7944 3.12297e+07 25949.1 -1.86011e-09
