
 Node: 1
	Coordinates  : 0 7000 12000 
	Disps: -0.955262 0.00993498 -0.0440044 1.11841e-06 -5.01485e-05 -0.00020031 
	Velocities   : 5.32084 -0.132744 0.260658 1.7741e-05 0.000399949 -0.00201602 
	commitAccels: 239.656 -2.9281 11.4185 -0.000959227 0.0110757 0.102534 
	 unbalanced Load: -717.074 0 0 0 0 0 
	Mass : 
4.006 0 0 0 0 0 
0 4.006 0 0 0 0 
0 0 0 0 0 0 
0 0 0 0 0 0 
0 0 0 0 0 0 
0 0 0 0 0 0 

	 Rayleigh Factor: alphaM: 0.420103
	 Rayleigh Forces: -8.95462 0.223399 0 0 0 0 
	 Eigenvectors: 
-0.000477885 -0.048917 
-0.0341381 0.000794248 
0.00176225 -0.00232188 
1.5036e-06 4.22277e-08 
-9.05613e-08 -2.70878e-06 
-1.09054e-05 -1.00534e-05 

	ID : 264 265 266 267 268 269 


 Node: 2
	Coordinates  : 0 7000 15000 
	Disps: -1.08926 0.0128966 -0.0454791 3.13061e-06 -3.28168e-05 -0.000223568 
	Velocities   : 6.44002 -0.169133 0.271248 2.05612e-05 0.000271862 -0.0018842 
	commitAccels: 269.156 -3.90438 11.8422 -0.00220465 0.00736255 0.117033 
	 unbalanced Load: -641.536 0 0 0 0 0 
	Mass : 
3.584 0 0 0 0 0 
0 3.584 0 0 0 0 
0 0 0 0 0 0 
0 0 0 0 0 0 
0 0 0 0 0 0 
0 0 0 0 0 0 

	 Rayleigh Factor: alphaM: 0.420103
	 Rayleigh Forces: -9.69641 0.254655 0 0 0 0 
	 Eigenvectors: 
-0.000692474 -0.0561884 
-0.0393398 0.000989291 
0.00182342 -0.00240204 
9.15286e-07 1.47629e-07 
-1.61394e-07 -1.77887e-06 
-1.20225e-05 -1.12206e-05 

	ID : 258 259 260 261 262 263 


 Node: 3
	Coordinates  : 4000 7000 12000 
	Disps: -0.955839 -0.00305907 0.00392686 9.61938e-07 -4.53306e-05 -8.58343e-05 
	Velocities   : 5.32794 0.0531195 -0.0282527 -9.54645e-06 0.000358189 -0.000888209 
	commitAccels: 239.822 0.628688 -0.925409 -0.000355548 0.0100618 0.0441701 
	 unbalanced Load: -1242.98 0 0 0 0 0 
	Mass : 
6.944 0 0 0 0 0 
0 6.944 0 0 0 0 
0 0 0 0 0 0 
0 0 0 0 0 0 
0 0 0 0 0 0 
0 0 0 0 0 0 

	 Rayleigh Factor: alphaM: 0.420103
	 Rayleigh Forces: -15.5426 -0.15496 0 0 0 0 
	 Eigenvectors: 
-0.00052897 -0.0489501 
-0.103174 4.62881e-05 
0.00307917 0.000199169 
3.95871e-06 4.14659e-08 
-5.18086e-08 -2.44598e-06 
6.4857e-08 -4.30171e-06 

	ID : 252 253 254 255 256 257 


 Node: 4
	Coordinates  : 4000 7000 15000 
	Disps: -1.08864 -0.00596901 0.00406049 1.08701e-06 -2.74438e-05 -9.56243e-05 
	Velocities   : 6.43888 0.0842585 -0.0298285 -9.41465e-06 0.000220761 -0.000832819 
	commitAccels: 268.969 1.78322 -0.955034 -0.000323353 0.00622965 0.0503284 
	 unbalanced Load: -1167.44 0 0 0 0 0 
	Mass : 
6.522 0 0 0 0 0 
0 6.522 0 0 0 0 
0 0 0 0 0 0 
0 0 0 0 0 0 
0 0 0 0 0 0 
0 0 0 0 0 0 

	 Rayleigh Factor: alphaM: 0.420103
	 Rayleigh Forces: -17.642 -0.230861 0 0 0 0 
	 Eigenvectors: 
-0.000702222 -0.0561563 
-0.115766 -7.79683e-05 
0.00313744 0.000206564 
2.2448e-06 5.2081e-08 
-5.25562e-08 -1.48312e-06 
8.23264e-08 -4.79207e-06 

	ID : 234 235 236 237 238 239 


 Node: 5
	Coordinates  : 8000 7000 12000 
	Disps: -0.956693 0.00867493 0.0398092 -1.79945e-06 -3.95044e-05 -0.000196105 
	Velocities   : 5.33238 -0.142363 -0.217734 9.56535e-06 0.00030778 -0.00207866 
	commitAccels: 240.108 -2.2901 -10.5654 0.000829697 0.00883808 0.101414 
	 unbalanced Load: -717.074 0 0 0 0 0 
	Mass : 
4.006 0 0 0 0 0 
0 4.006 0 0 0 0 
0 0 0 0 0 0 
0 0 0 0 0 0 
0 0 0 0 0 0 
0 0 0 0 0 0 

	 Rayleigh Factor: alphaM: 0.420103
	 Rayleigh Forces: -8.97403 0.239588 0 0 0 0 
	 Eigenvectors: 
-0.000578991 -0.0489965 
-0.0338918 0.000721465 
0.00193936 0.00207406 
1.91983e-06 -1.06776e-07 
6.42131e-08 -2.12866e-06 
1.11285e-05 -9.81206e-06 

	ID : 222 223 224 225 226 227 


 Node: 6
	Coordinates  : 8000 7000 15000 
	Disps: -1.08877 0.0129446 0.0411573 -3.0898e-06 -2.24029e-05 -0.000217645 
	Velocities   : 6.43938 -0.174634 -0.22618 3.21175e-06 0.000173511 -0.00196551 
	commitAccels: 269.026 -4.08247 -10.9723 0.00163631 0.00517159 0.11522 
	 unbalanced Load: -641.536 0 0 0 0 0 
	Mass : 
3.584 0 0 0 0 0 
0 3.584 0 0 0 0 
0 0 0 0 0 0 
0 0 0 0 0 0 
0 0 0 0 0 0 
0 0 0 0 0 0 

	 Rayleigh Factor: alphaM: 0.420103
	 Rayleigh Forces: -9.69544 0.262938 0 0 0 0 
	 Eigenvectors: 
-0.000714634 -0.0561641 
-0.0391383 0.00098106 
0.00200473 0.00214616 
1.31367e-06 -1.6628e-07 
1.8555e-07 -1.2067e-06 
1.2342e-05 -1.08867e-05 

	ID : 180 181 182 183 184 185 


 Node: 7
	Coordinates  : 8000 3500 12000 
	Disps: -1.91104 0.00935063 0.0600047 -1.06966e-06 -7.3884e-05 8.86959e-07 
	Velocities   : -4.5337 -0.137016 -0.173972 1.11702e-05 0.000450111 -1.15807e-05 
	commitAccels: 731.377 -2.65585 -22.1231 0.000384118 0.0305089 -0.000236385 
	 unbalanced Load: -1236.17 0 0 0 0 0 
	Mass : 
6.906 0 0 0 0 0 
0 6.906 0 0 0 0 
0 0 0 0 0 0 
0 0 0 0 0 0 
0 0 0 0 0 0 
0 0 0 0 0 0 

	 Rayleigh Factor: alphaM: 0.420103
	 Rayleigh Forces: 13.1533 0.397516 0 0 0 0 
	 Eigenvectors: 
-5.84113e-05 -0.0968141 
-0.0339103 0.00075548 
-0.000158071 0.00310493 
1.72797e-06 -6.87084e-08 
2.58289e-08 -3.85405e-06 
4.08612e-06 5.10696e-08 

	ID : 168 169 170 171 172 173 


 Node: 8
	Coordinates  : 8000 3500 15000 
	Disps: -2.15286 0.0129375 0.0613 -1.12142e-06 -3.96956e-05 1.03675e-06 
	Velocities   : -2.82262 -0.171447 -0.192312 8.27018e-06 0.000254121 -1.38652e-05 
	commitAccels: 829.256 -4.02366 -22.522 0.000422463 0.0155999 -0.000313283 
	 unbalanced Load: -1160.46 0 0 0 0 0 
	Mass : 
6.483 0 0 0 0 0 
0 6.483 0 0 0 0 
0 0 0 0 0 0 
0 0 0 0 0 0 
0 0 0 0 0 0 
0 0 0 0 0 0 

	 Rayleigh Factor: alphaM: 0.420103
	 Rayleigh Forces: 7.68747 0.46694 0 0 0 0 
	 Eigenvectors: 
1.48919e-05 -0.109477 
-0.0391163 0.000980659 
-0.000162292 0.00317473 
1.10882e-06 -6.6247e-08 
3.46019e-08 -2.0755e-06 
4.50989e-06 5.91966e-08 

	ID : 132 133 134 135 136 137 


 Node: 9
	Coordinates  : 8000 0 12000 
	Disps: -0.955381 0.0100038 0.0440123 1.11464e-06 -5.01553e-05 0.000200269 
	Velocities   : 5.32956 -0.131682 -0.260945 1.77692e-05 0.000400407 0.0020175 
	commitAccels: 239.751 -3.00805 -11.425 -0.000955898 0.0110803 -0.102514 
	 unbalanced Load: -717.074 0 0 0 0 0 
	Mass : 
4.006 0 0 0 0 0 
0 4.006 0 0 0 0 
0 0 0 0 0 0 
0 0 0 0 0 0 
0 0 0 0 0 0 
0 0 0 0 0 0 

	 Rayleigh Factor: alphaM: 0.420103
	 Rayleigh Forces: -8.9693 0.221611 0 0 0 0 
	 Eigenvectors: 
-0.000450525 -0.048918 
-0.0339415 0.000788379 
-0.00175584 0.0023217 
1.49719e-06 4.24371e-08 
-9.03282e-08 -2.7088e-06 
1.09326e-05 1.0051e-05 

	ID : 108 109 110 111 112 113 


 Node: 10
	Coordinates  : 8000 0 15000 
	Disps: -1.0894 0.0129791 0.0454872 3.12819e-06 -3.28215e-05 0.000223555 
	Velocities   : 6.44995 -0.168136 -0.271545 2.06311e-05 0.000272148 0.00188582 
	commitAccels: 269.263 -3.99563 -11.8488 -0.00220245 0.00736577 -0.117027 
	 unbalanced Load: -641.536 0 0 0 0 0 
	Mass : 
3.584 0 0 0 0 0 
0 3.584 0 0 0 0 
0 0 0 0 0 0 
0 0 0 0 0 0 
0 0 0 0 0 0 
0 0 0 0 0 0 

	 Rayleigh Factor: alphaM: 0.420103
	 Rayleigh Forces: -9.71137 0.253154 0 0 0 0 
	 Eigenvectors: 
-0.000665309 -0.0561893 
-0.0391239 0.000982805 
-0.0018169 0.00240186 
9.12077e-07 1.47758e-07 
-1.62032e-07 -1.77886e-06 
1.20521e-05 1.12196e-05 

	ID : 66 67 68 69 70 71 


 Node: 11
	Coordinates  : 4000 0 12000 
	Disps: -0.955959 -0.00305903 -0.00392784 9.61559e-07 -4.53368e-05 8.58373e-05 
	Velocities   : 5.33667 0.0531191 0.0282801 -9.55528e-06 0.0003586 0.000889093 
	commitAccels: 239.917 0.628668 0.925977 -0.000355396 0.0100661 -0.044177 
	 unbalanced Load: -1242.98 0 0 0 0 0 
	Mass : 
6.944 0 0 0 0 0 
0 6.944 0 0 0 0 
0 0 0 0 0 0 
0 0 0 0 0 0 
0 0 0 0 0 0 
0 0 0 0 0 0 

	 Rayleigh Factor: alphaM: 0.420103
	 Rayleigh Forces: -15.5681 -0.154959 0 0 0 0 
	 Eigenvectors: 
-0.000501578 -0.0489511 
-0.103174 4.629e-05 
-0.00307907 -0.000199196 
3.95872e-06 4.1445e-08 
-5.18214e-08 -2.44599e-06 
-2.71049e-08 4.30059e-06 

	ID : 156 157 158 159 160 161 


 Node: 12
	Coordinates  : 4000 0 15000 
	Disps: -1.08878 -0.00596888 -0.00406155 1.08592e-06 -2.74478e-05 9.56284e-05 
	Velocities   : 6.44881 0.0842603 0.0298565 -9.42913e-06 0.000220995 0.000833788 
	commitAccels: 269.076 1.78317 0.955637 -0.000322881 0.00623244 -0.0503364 
	 unbalanced Load: -1167.44 0 0 0 0 0 
	Mass : 
6.522 0 0 0 0 0 
0 6.522 0 0 0 0 
0 0 0 0 0 0 
0 0 0 0 0 0 
0 0 0 0 0 0 
0 0 0 0 0 0 

	 Rayleigh Factor: alphaM: 0.420103
	 Rayleigh Forces: -17.6692 -0.230866 0 0 0 0 
	 Eigenvectors: 
-0.000675095 -0.0561573 
-0.115766 -7.79614e-05 
-0.00313734 -0.000206595 
2.24482e-06 5.20218e-08 
-5.34852e-08 -1.4831e-06 
-4.10974e-08 4.79083e-06 

	ID : 126 127 128 129 130 131 


 Node: 13
	Coordinates  : 0 3500 12000 
	Disps: -1.91118 0.00928195 -0.0600022 -1.06526e-06 -7.38681e-05 -9.09197e-07 
	Velocities   : -4.53351 -0.138081 0.174004 1.11589e-05 0.000450335 1.35724e-05 
	commitAccels: 731.446 -2.57594 22.1219 0.000380329 0.0305005 0.000252865 
	 unbalanced Load: -1264.1 0 0 0 0 0 
	Mass : 
7.062 0 0 0 0 0 
0 7.062 0 0 0 0 
0 0 0 0 0 0 
0 0 0 0 0 0 
0 0 0 0 0 0 
0 0 0 0 0 0 

	 Rayleigh Factor: alphaM: 0.420103
	 Rayleigh Forces: 13.4499 0.409654 0 0 0 0 
	 Eigenvectors: 
-5.84177e-05 -0.0968212 
-0.0341072 0.000761355 
0.000158866 -0.00310485 
1.73539e-06 -6.89397e-08 
2.5885e-08 -3.85325e-06 
-4.06857e-06 -5.15869e-08 

	ID : 246 247 248 249 250 251 


 Node: 14
	Coordinates  : 0 3500 15000 
	Disps: -2.15286 0.012855 -0.0612968 -1.118e-06 -3.96655e-05 -1.0626e-06 
	Velocities   : -2.82259 -0.172445 0.19234 8.21541e-06 0.000254041 1.61232e-05 
	commitAccels: 829.258 -3.93236 22.5203 0.000419675 0.0155851 0.000331928 
	 unbalanced Load: -1160.46 0 0 0 0 0 
	Mass : 
6.483 0 0 0 0 0 
0 6.483 0 0 0 0 
0 0 0 0 0 0 
0 0 0 0 0 0 
0 0 0 0 0 0 
0 0 0 0 0 0 

	 Rayleigh Factor: alphaM: 0.420103
	 Rayleigh Forces: 7.68739 0.46966 0 0 0 0 
	 Eigenvectors: 
1.49068e-05 -0.109477 
-0.0393324 0.000987144 
0.00016308 -0.00317462 
1.11262e-06 -6.63659e-08 
3.47101e-08 -2.07397e-06 
-4.49172e-06 -5.97699e-08 

	ID : 228 229 230 231 232 233 


 Node: 15
	Coordinates  : 0 0 12000 
	Disps: -0.956813 0.00860618 -0.0398164 -1.79465e-06 -3.95098e-05 0.000196126 
	Velocities   : 5.34111 -0.143421 0.217986 9.56626e-06 0.000308134 0.00208006 
	commitAccels: 240.203 -2.21019 10.5716 0.000825577 0.00884189 -0.101425 
	 unbalanced Load: -717.074 0 0 0 0 0 
	Mass : 
4.006 0 0 0 0 0 
0 4.006 0 0 0 0 
0 0 0 0 0 0 
0 0 0 0 0 0 
0 0 0 0 0 0 
0 0 0 0 0 0 

	 Rayleigh Factor: alphaM: 0.420103
	 Rayleigh Forces: -8.98873 0.241367 0 0 0 0 
	 Eigenvectors: 
-0.000551561 -0.0489975 
-0.034088 0.000727321 
-0.00194676 -0.00207382 
1.92818e-06 -1.07034e-07 
6.3886e-08 -2.12865e-06 
-1.11014e-05 9.8128e-06 

	ID : 204 205 206 207 208 209 


 Node: 16
	Coordinates  : 0 0 15000 
	Disps: -1.08891 0.012862 -0.0411646 -3.08573e-06 -2.24061e-05 0.000217636 
	Velocities   : 6.4493 -0.175636 0.22644 3.17148e-06 0.000173698 0.00196712 
	commitAccels: 269.133 -3.99112 10.9786 0.00163309 0.00517396 -0.115215 
	 unbalanced Load: -641.536 0 0 0 0 0 
	Mass : 
3.584 0 0 0 0 0 
0 3.584 0 0 0 0 
0 0 0 0 0 0 
0 0 0 0 0 0 
0 0 0 0 0 0 
0 0 0 0 0 0 

	 Rayleigh Factor: alphaM: 0.420103
	 Rayleigh Forces: -9.71039 0.264446 0 0 0 0 
	 Eigenvectors: 
-0.000687513 -0.0561651 
-0.0393545 0.000987544 
-0.00201224 -0.00214592 
1.31833e-06 -1.66413e-07 
1.84317e-07 -1.20666e-06 
-1.23124e-05 1.08859e-05 

	ID : 174 175 176 177 178 179 


 Node: 17
	Coordinates  : 4000 3500 12000 
	Disps: -1.91067 -0.00306072 -2.22193e-06 1.02038e-06 -8.50149e-05 -5.65179e-09 
	Velocities   : -4.54384 0.0531593 -2.45415e-05 -8.95211e-06 0.000535585 7.42197e-07 
	commitAccels: 731.191 0.629908 0.000969714 -0.00031901 0.0352774 2.90804e-06 
	 unbalanced Load: -2269.72 0 0 0 0 0 
	Mass : 
12.68 0 0 0 0 0 
0 12.68 0 0 0 0 
0 0 0 0 0 0 
0 0 0 0 0 0 
0 0 0 0 0 0 
0 0 0 0 0 0 

	 Rayleigh Factor: alphaM: 0.420103
	 Rayleigh Forces: 24.2046 -0.283175 0 0 0 0 
	 Eigenvectors: 
-5.81601e-05 -0.0967945 
-0.103201 4.62316e-05 
8.89166e-08 -1.08665e-07 
2.81359e-06 4.7173e-08 
2.3298e-08 -4.4367e-06 
1.3017e-08 -4.25881e-10 

	ID : 216 217 218 219 220 221 


 Node: 18
	Coordinates  : 4000 3500 15000 
	Disps: -2.15313 -0.00597257 -2.98779e-06 1.12413e-06 -4.8903e-05 -6.27567e-09 
	Velocities   : -2.8272 0.0843191 -1.97493e-05 -8.95072e-06 0.00033587 8.31385e-07 
	commitAccels: 829.426 1.7847 0.00135476 -0.000296921 0.0193145 3.20888e-06 
	 unbalanced Load: -2192.75 0 0 0 0 0 
	Mass : 
12.25 0 0 0 0 0 
0 12.25 0 0 0 0 
0 0 0 0 0 0 
0 0 0 0 0 0 
0 0 0 0 0 0 
0 0 0 0 0 0 

	 Rayleigh Factor: alphaM: 0.420103
	 Rayleigh Forces: 14.5495 -0.433928 0 0 0 0 
	 Eigenvectors: 
1.51198e-05 -0.10949 
-0.115784 -7.81637e-05 
9.39964e-08 -1.4832e-07 
1.57031e-06 5.55785e-08 
3.23544e-08 -2.56065e-06 
1.41338e-08 -4.60775e-10 

	ID : 198 199 200 201 202 203 


 Node: 19
	Coordinates  : 0 7000 9000 
	Disps: -0.749007 0.00644015 -0.0397768 1.35293e-06 -7.1115e-05 -0.000159276 
	Velocities   : 3.7711 -0.089477 0.230696 2.208e-05 0.000490568 -0.00212424 
	commitAccels: 195.329 -1.64382 10.262 -0.001083 0.014686 0.0763889 
	 unbalanced Load: -717.074 0 0 0 0 0 
	Mass : 
4.006 0 0 0 0 0 
0 4.006 0 0 0 0 
0 0 0 0 0 0 
0 0 0 0 0 0 
0 0 0 0 0 0 
0 0 0 0 0 0 

	 Rayleigh Factor: alphaM: 0.420103
	 Rayleigh Forces: -6.3465 0.150584 0 0 0 0 
	 Eigenvectors: 
-0.000322815 -0.0378584 
-0.026322 0.000550425 
0.00158389 -0.0020927 
1.94961e-06 5.0384e-08 
-9.18981e-08 -3.77023e-06 
-8.83033e-06 -7.98697e-06 

	ID : 240 241 242 243 244 245 


 Node: 20
	Coordinates  : 4000 7000 9000 
	Disps: -0.7491 -0.000783921 0.00365204 7.69479e-07 -6.29763e-05 -6.85258e-05 
	Velocities   : 3.77303 0.0239772 -0.0251732 -7.92484e-06 0.000431896 -0.000928859 
	commitAccels: 195.099 -0.558041 -0.860285 -0.000305268 0.013169 0.0330379 
	 unbalanced Load: -1242.98 0 0 0 0 0 
	Mass : 
6.944 0 0 0 0 0 
0 6.944 0 0 0 0 
0 0 0 0 0 0 
0 0 0 0 0 0 
0 0 0 0 0 0 
0 0 0 0 0 0 

	 Rayleigh Factor: alphaM: 0.420103
	 Rayleigh Forces: -11.0067 -0.069946 0 0 0 0 
	 Eigenvectors: 
-0.000358921 -0.0378636 
-0.0820776 0.000117804 
0.00284019 0.000184375 
5.6614e-06 2.77775e-08 
-5.0672e-08 -3.33656e-06 
4.01517e-08 -3.43205e-06 

	ID : 210 211 212 213 214 215 


 Node: 21
	Coordinates  : 8000 7000 9000 
	Disps: -0.749636 0.00558785 0.0358788 -1.77577e-06 -5.39586e-05 -0.000156974 
	Velocities   : 3.77349 -0.0986223 -0.192402 9.28664e-06 0.000366968 -0.00216191 
	commitAccels: 195.037 -1.24973 -9.46123 0.000805222 0.0114236 0.076138 
	 unbalanced Load: -717.074 0 0 0 0 0 
	Mass : 
4.006 0 0 0 0 0 
0 4.006 0 0 0 0 
0 0 0 0 0 0 
0 0 0 0 0 0 
0 0 0 0 0 0 
0 0 0 0 0 0 

	 Rayleigh Factor: alphaM: 0.420103
	 Rayleigh Forces: -6.35052 0.165975 0 0 0 0 
	 Eigenvectors: 
-0.000394487 -0.0378903 
-0.0261435 0.000500366 
0.00174997 0.00186404 
2.59853e-06 -1.11191e-07 
7.43822e-08 -2.85671e-06 
8.96057e-06 -7.85019e-06 

	ID : 162 163 164 165 166 167 


 Node: 22
	Coordinates  : 8000 3500 9000 
	Disps: -1.51133 0.00604346 0.05522 -9.86933e-07 -0.000104316 4.67177e-07 
	Velocities   : -6.56608 -0.0936095 -0.123093 1.18593e-05 0.000284952 -6.44094e-06 
	commitAccels: 562.707 -1.48122 -20.389 0.000332628 0.0431735 -1.12003e-05 
	 unbalanced Load: -1236.17 0 0 0 0 0 
	Mass : 
6.906 0 0 0 0 0 
0 6.906 0 0 0 0 
0 0 0 0 0 0 
0 0 0 0 0 0 
0 0 0 0 0 0 
0 0 0 0 0 0 

	 Rayleigh Factor: alphaM: 0.420103
	 Rayleigh Forces: 19.0497 0.271583 0 0 0 0 
	 Eigenvectors: 
-9.3125e-05 -0.0760323 
-0.0261452 0.000523206 
-0.000148927 0.00285093 
2.28401e-06 -6.90983e-08 
1.70103e-08 -5.39474e-06 
3.29811e-06 2.76033e-08 

	ID : 102 103 104 105 106 107 


 Node: 23
	Coordinates  : 8000 0 9000 
	Disps: -0.749099 0.0064917 0.0397839 1.34854e-06 -7.11243e-05 0.000159242 
	Velocities   : 3.7779 -0.0885633 -0.230957 2.20679e-05 0.000491228 0.002125 
	commitAccels: 195.405 -1.70786 -10.268 -0.00107865 0.0146929 -0.0763735 
	 unbalanced Load: -717.074 0 0 0 0 0 
	Mass : 
4.006 0 0 0 0 0 
0 4.006 0 0 0 0 
0 0 0 0 0 0 
0 0 0 0 0 0 
0 0 0 0 0 0 
0 0 0 0 0 0 

	 Rayleigh Factor: alphaM: 0.420103
	 Rayleigh Forces: -6.35795 0.149046 0 0 0 0 
	 Eigenvectors: 
-0.000299033 -0.0378593 
-0.0261641 0.000545747 
-0.00157793 0.00209253 
1.93942e-06 5.06978e-08 
-9.04991e-08 -3.77028e-06 
8.85236e-06 7.98495e-06 

	ID : 54 55 56 57 58 59 


 Node: 24
	Coordinates  : 4000 0 9000 
	Disps: -0.749192 -0.000783856 -0.00365288 7.69316e-07 -6.29846e-05 6.85279e-05 
	Velocities   : 3.77983 0.0239783 0.0251995 -7.93459e-06 0.000432476 0.000929564 
	commitAccels: 195.174 -0.558072 0.860785 -0.000305247 0.0131752 -0.0330434 
	 unbalanced Load: -1242.98 0 0 0 0 0 
	Mass : 
6.944 0 0 0 0 0 
0 6.944 0 0 0 0 
0 0 0 0 0 0 
0 0 0 0 0 0 
0 0 0 0 0 0 
0 0 0 0 0 0 

	 Rayleigh Factor: alphaM: 0.420103
	 Rayleigh Forces: -11.0265 -0.0699494 0 0 0 0 
	 Eigenvectors: 
-0.000335133 -0.0378644 
-0.0820776 0.000117807 
-0.00284009 -0.000184397 
5.6614e-06 2.77679e-08 
-4.96804e-08 -3.3366e-06 
-9.64058e-09 3.43114e-06 

	ID : 90 91 92 93 94 95 


 Node: 25
	Coordinates  : 0 3500 9000 
	Disps: -1.51145 0.00599196 -0.0552187 -9.81879e-07 -0.000104326 -4.84384e-07 
	Velocities   : -6.56774 -0.0945244 0.123125 1.18979e-05 0.000285417 7.99736e-06 
	commitAccels: 562.757 -1.41719 20.3883 0.000327666 0.0431887 2.43289e-05 
	 unbalanced Load: -1264.1 0 0 0 0 0 
	Mass : 
7.062 0 0 0 0 0 
0 7.062 0 0 0 0 
0 0 0 0 0 0 
0 0 0 0 0 0 
0 0 0 0 0 0 
0 0 0 0 0 0 

	 Rayleigh Factor: alphaM: 0.420103
	 Rayleigh Forces: 19.485 0.280432 0 0 0 0 
	 Eigenvectors: 
-9.31307e-05 -0.0760382 
-0.0263034 0.000527889 
0.000149716 -0.0028509 
2.29622e-06 -6.9469e-08 
1.70751e-08 -5.39531e-06 
-3.28351e-06 -2.80268e-08 

	ID : 192 193 194 195 196 197 


 Node: 26
	Coordinates  : 0 0 9000 
	Disps: -0.749728 0.00553628 -0.0358853 -1.77013e-06 -5.39657e-05 0.000156993 
	Velocities   : 3.78029 -0.0995362 0.192629 9.34445e-06 0.000367463 0.00216343 
	commitAccels: 195.112 -1.18571 9.46698 0.000799673 0.011429 -0.0761456 
	 unbalanced Load: -717.074 0 0 0 0 0 
	Mass : 
4.006 0 0 0 0 0 
0 4.006 0 0 0 0 
0 0 0 0 0 0 
0 0 0 0 0 0 
0 0 0 0 0 0 
0 0 0 0 0 0 

	 Rayleigh Factor: alphaM: 0.420103
	 Rayleigh Forces: -6.36197 0.167513 0 0 0 0 
	 Eigenvectors: 
-0.000370678 -0.0378912 
-0.0263012 0.000505035 
-0.0017569 -0.00186382 
2.61247e-06 -1.11613e-07 
7.49013e-08 -2.85673e-06 
-8.93856e-06 7.85085e-06 

	ID : 138 139 140 141 142 143 


 Node: 27
	Coordinates  : 4000 3500 9000 
	Disps: -1.51128 -0.000784736 -1.11421e-06 8.74143e-07 -0.000123272 -4.45264e-09 
	Velocities   : -6.56331 0.0239847 -2.48089e-05 -7.62127e-06 0.00035153 5.83142e-07 
	commitAccels: 562.632 -0.557859 0.000387403 -0.0002771 0.0513224 2.29717e-06 
	 unbalanced Load: -2269.72 0 0 0 0 0 
	Mass : 
12.68 0 0 0 0 0 
0 12.68 0 0 0 0 
0 0 0 0 0 0 
0 0 0 0 0 0 
0 0 0 0 0 0 
0 0 0 0 0 0 

	 Rayleigh Factor: alphaM: 0.420103
	 Rayleigh Forces: 34.9622 -0.127764 0 0 0 0 
	 Eigenvectors: 
-9.30195e-05 -0.0760293 
-0.0820928 0.00011776 
7.69693e-08 -5.13525e-08 
3.78889e-06 3.73795e-08 
1.27981e-08 -6.37726e-06 
1.05414e-08 -3.4421e-10 

	ID : 150 151 152 153 154 155 


 Node: 28
	Coordinates  : 0 7000 6000 
	Disps: -0.47902 0.00347935 -0.0314746 1.16296e-06 -8.5395e-05 -0.000104924 
	Velocities   : 2.09328 -0.0471034 0.175688 2.39887e-05 0.000467462 -0.00181173 
	commitAccels: 139.545 -0.712623 8.15255 -0.00090143 0.0191551 0.0437058 
	 unbalanced Load: -717.074 0 0 0 0 0 
	Mass : 
4.006 0 0 0 0 0 
0 4.006 0 0 0 0 
0 0 0 0 0 0 
0 0 0 0 0 0 
0 0 0 0 0 0 
0 0 0 0 0 0 

	 Rayleigh Factor: alphaM: 0.420103
	 Rayleigh Forces: -3.52285 0.0792718 0 0 0 0 
	 Eigenvectors: 
-0.000169263 -0.0237582 
-0.0165533 0.000316953 
0.00124175 -0.00164697 
2.18101e-06 3.9229e-08 
-8.10321e-08 -4.38211e-06 
-5.98537e-06 -5.23674e-06 

	ID : 186 187 188 189 190 191 


 Node: 29
	Coordinates  : 4000 7000 6000 
	Disps: -0.479543 0.000573844 0.00301487 4.74709e-07 -7.47382e-05 -4.52148e-05 
	Velocities   : 2.09365 0.00470911 -0.0194256 -4.78551e-06 0.00040966 -0.000788736 
	commitAccels: 139.587 -1.23848 -0.72517 -0.000106115 0.0166559 0.0190077 
	 unbalanced Load: -1242.98 0 0 0 0 0 
	Mass : 
6.944 0 0 0 0 0 
0 6.944 0 0 0 0 
0 0 0 0 0 0 
0 0 0 0 0 0 
0 0 0 0 0 0 
0 0 0 0 0 0 

	 Rayleigh Factor: alphaM: 0.420103
	 Rayleigh Forces: -6.10758 -0.0137374 0 0 0 0 
	 Eigenvectors: 
-0.000198583 -0.0237813 
-0.0542429 0.000129932 
0.00229692 0.000151018 
6.74179e-06 1.10745e-08 
-4.47167e-08 -3.83682e-06 
2.2196e-08 -2.25448e-06 

	ID : 144 145 146 147 148 149 


 Node: 30
	Coordinates  : 8000 7000 6000 
	Disps: -0.4802 0.00275043 0.0282622 -1.50447e-06 -6.33926e-05 -0.000103892 
	Velocities   : 2.0911 -0.0558792 -0.146075 6.31793e-06 0.000346669 -0.00182871 
	commitAccels: 139.716 -0.384076 -7.46692 0.000619365 0.0140831 0.0438911 
	 unbalanced Load: -717.074 0 0 0 0 0 
	Mass : 
4.006 0 0 0 0 0 
0 4.006 0 0 0 0 
0 0 0 0 0 0 
0 0 0 0 0 0 
0 0 0 0 0 0 
0 0 0 0 0 0 

	 Rayleigh Factor: alphaM: 0.420103
	 Rayleigh Forces: -3.51919 0.094041 0 0 0 0 
	 Eigenvectors: 
-0.000227483 -0.0238096 
-0.0164199 0.000275713 
0.00137961 0.00146073 
2.979e-06 -1.00624e-07 
6.05735e-08 -3.255e-06 
6.04609e-06 -5.17391e-06 

	ID : 96 97 98 99 100 101 


 Node: 31
	Coordinates  : 8000 3500 6000 
	Disps: -0.98254 0.00313474 0.0445553 -8.15522e-07 -0.000124901 2.87465e-07 
	Velocities   : -6.69901 -0.0511914 -0.0494172 1.01818e-05 -0.000316116 -2.54943e-06 
	commitAccels: 350.267 -0.572381 -16.3091 0.000232613 0.0462608 2.26691e-05 
	 unbalanced Load: -1236.17 0 0 0 0 0 
	Mass : 
6.906 0 0 0 0 0 
0 6.906 0 0 0 0 
0 0 0 0 0 0 
0 0 0 0 0 0 
0 0 0 0 0 0 
0 0 0 0 0 0 

	 Rayleigh Factor: alphaM: 0.420103
	 Rayleigh Forces: 19.4354 0.148518 0 0 0 0 
	 Eigenvectors: 
-8.90514e-05 -0.048856 
-0.0164322 0.000295027 
-0.000124414 0.00229136 
2.58504e-06 -6.28196e-08 
6.57207e-09 -6.36025e-06 
2.23028e-06 1.59018e-08 

	ID : 48 49 50 51 52 53 


 Node: 32
	Coordinates  : 8000 0 6000 
	Disps: -0.479078 0.00351117 0.0314801 1.15834e-06 -8.54057e-05 0.0001049 
	Velocities   : 2.09757 -0.04649 -0.175896 2.39467e-05 0.000468243 0.00181178 
	commitAccels: 139.594 -0.755365 -8.15737 -0.000896155 0.0191638 -0.0437063 
	 unbalanced Load: -717.074 0 0 0 0 0 
	Mass : 
4.006 0 0 0 0 0 
0 4.006 0 0 0 0 
0 0 0 0 0 0 
0 0 0 0 0 0 
0 0 0 0 0 0 
0 0 0 0 0 0 

	 Rayleigh Factor: alphaM: 0.420103
	 Rayleigh Forces: -3.53007 0.0782395 0 0 0 0 
	 Eigenvectors: 
-0.000152794 -0.0237587 
-0.0164511 0.000313951 
-0.00123691 0.00164683 
2.16836e-06 3.96057e-08 
-7.86385e-08 -4.38219e-06 
5.99973e-06 5.23545e-06 

	ID : 18 19 20 21 22 23 


 Node: 33
	Coordinates  : 4000 0 6000 
	Disps: -0.479601 0.000573894 -0.0030155 4.74684e-07 -7.47477e-05 4.52161e-05 
	Velocities   : 2.09795 0.0047108 0.0194482 -4.79156e-06 0.000410341 0.000789188 
	commitAccels: 139.636 -1.23847 0.725567 -0.000106078 0.0166636 -0.0190115 
	 unbalanced Load: -1242.98 0 0 0 0 0 
	Mass : 
6.944 0 0 0 0 0 
0 6.944 0 0 0 0 
0 0 0 0 0 0 
0 0 0 0 0 0 
0 0 0 0 0 0 
0 0 0 0 0 0 

	 Rayleigh Factor: alphaM: 0.420103
	 Rayleigh Forces: -6.12012 -0.0137423 0 0 0 0 
	 Eigenvectors: 
-0.000182089 -0.0237818 
-0.0542429 0.000129934 
-0.00229683 -0.000151033 
6.7418e-06 1.10726e-08 
-4.2839e-08 -3.83689e-06 
-2.3178e-09 2.2539e-06 

	ID : 36 37 38 39 40 41 


 Node: 34
	Coordinates  : 0 3500 6000 
	Disps: -0.98262 0.00310295 -0.0445547 -8.10168e-07 -0.000124908 -2.98199e-07 
	Velocities   : -6.70196 -0.0518045 0.0494365 1.02504e-05 -0.000315997 3.53439e-06 
	commitAccels: 350.253 -0.529648 16.3085 0.000226415 0.0462571 -1.4247e-05 
	 unbalanced Load: -1264.1 0 0 0 0 0 
	Mass : 
7.062 0 0 0 0 0 
0 7.062 0 0 0 0 
0 0 0 0 0 0 
0 0 0 0 0 0 
0 0 0 0 0 0 
0 0 0 0 0 0 

	 Rayleigh Factor: alphaM: 0.420103
	 Rayleigh Forces: 19.8832 0.153692 0 0 0 0 
	 Eigenvectors: 
-8.90594e-05 -0.0488597 
-0.0165345 0.000298029 
0.000125108 -0.00229137 
2.60033e-06 -6.32736e-08 
6.63129e-09 -6.36079e-06 
-2.22043e-06 -1.61777e-08 

	ID : 120 121 122 123 124 125 


 Node: 35
	Coordinates  : 0 0 6000 
	Disps: -0.480258 0.00271863 -0.0282674 -1.49842e-06 -6.34007e-05 0.000103905 
	Velocities   : 2.0954 -0.0564936 0.146254 6.40937e-06 0.000347245 0.0018301 
	commitAccels: 139.765 -0.341486 7.4716 0.000612289 0.0140896 -0.0438858 
	 unbalanced Load: -717.074 0 0 0 0 0 
	Mass : 
4.006 0 0 0 0 0 
0 4.006 0 0 0 0 
0 0 0 0 0 0 
0 0 0 0 0 0 
0 0 0 0 0 0 
0 0 0 0 0 0 

	 Rayleigh Factor: alphaM: 0.420103
	 Rayleigh Forces: -3.52642 0.095075 0 0 0 0 
	 Eigenvectors: 
-0.000210963 -0.0238102 
-0.0165218 0.000278707 
-0.00138529 -0.00146056 
2.99669e-06 -1.01149e-07 
6.18812e-08 -3.25505e-06 
-6.03175e-06 5.17431e-06 

	ID : 72 73 74 75 76 77 


 Node: 36
	Coordinates  : 4000 3500 6000 
	Disps: -0.982433 0.000573819 -4.30211e-07 6.22389e-07 -0.000148476 -2.85377e-09 
	Velocities   : -6.6889 0.00471152 -1.25333e-05 -5.09559e-06 -0.000380395 3.70661e-07 
	commitAccels: 350.623 -1.24074 0.000335281 -0.000143038 0.0549306 1.43937e-06 
	 unbalanced Load: -2269.72 0 0 0 0 0 
	Mass : 
12.68 0 0 0 0 0 
0 12.68 0 0 0 0 
0 0 0 0 0 0 
0 0 0 0 0 0 
0 0 0 0 0 0 
0 0 0 0 0 0 

	 Rayleigh Factor: alphaM: 0.420103
	 Rayleigh Forces: 35.6311 -0.0250979 0 0 0 0 
	 Eigenvectors: 
-8.89901e-05 -0.0488511 
-0.0542507 0.000129913 
5.76695e-08 -1.64542e-08 
4.41962e-06 2.33346e-08 
1.50606e-09 -7.56361e-06 
6.79092e-09 -2.25396e-10 

	ID : 84 85 86 87 88 89 


 Node: 37
	Coordinates  : 0 7000 3000 
	Disps: -0.183944 0.00122309 -0.0181478 6.9464e-07 -8.08103e-05 -4.45787e-05 
	Velocities   : 0.685359 -0.0140131 0.0965768 1.88525e-05 0.000334789 -0.000891523 
	commitAccels: 63.6018 -0.209642 4.83545 -0.000531341 0.0246876 0.0173669 
	 unbalanced Load: -717.074 0 0 0 0 0 
	Mass : 
4.006 0 0 0 0 0 
0 4.006 0 0 0 0 
0 0 0 0 0 0 
0 0 0 0 0 0 
0 0 0 0 0 0 
0 0 0 0 0 0 

	 Rayleigh Factor: alphaM: 0.420103
	 Rayleigh Forces: -1.15341 0.023583 0 0 0 0 
	 Eigenvectors: 
-4.63921e-05 -0.00891404 
-0.00638127 0.000115961 
0.000707681 -0.000942662 
1.88862e-06 1.84308e-08 
-5.08402e-08 -3.98003e-06 
-2.66377e-06 -2.19192e-06 

	ID : 114 115 116 117 118 119 


 Node: 38
	Coordinates  : 4000 7000 3000 
	Disps: -0.186488 0.000724227 0.00183085 8.38792e-08 -6.94196e-05 -1.86732e-05 
	Velocities   : 0.691657 -0.00203572 -0.0108725 -1.34994e-06 0.000290205 -0.000382341 
	commitAccels: 65.5656 -0.829562 -0.464996 0.000130502 0.0210292 0.00717945 
	 unbalanced Load: -1242.98 0 0 0 0 0 
	Mass : 
6.944 0 0 0 0 0 
0 6.944 0 0 0 0 
0 0 0 0 0 0 
0 0 0 0 0 0 
0 0 0 0 0 0 
0 0 0 0 0 0 

	 Rayleigh Factor: alphaM: 0.420103
	 Rayleigh Forces: -2.0177 0.0059386 0 0 0 0 
	 Eigenvectors: 
-6.6339e-05 -0.00902782 
-0.0230514 7.8436e-05 
0.00135683 9.07475e-05 
6.80843e-06 -8.27665e-09 
-3.17802e-08 -3.42369e-06 
1.74903e-08 -9.19584e-07 

	ID : 78 79 80 81 82 83 


 Node: 39
	Coordinates  : 8000 7000 3000 
	Disps: -0.188265 0.000674994 0.0162007 -8.94839e-07 -5.75165e-05 -4.37892e-05 
	Velocities   : 0.69356 -0.0205401 -0.079962 4.17773e-06 0.000241818 -0.000897257 
	commitAccels: 67.2695 0.0457604 -4.38791 0.000286818 0.0172651 0.0169963 
	 unbalanced Load: -717.074 0 0 0 0 0 
	Mass : 
4.006 0 0 0 0 0 
0 4.006 0 0 0 0 
0 0 0 0 0 0 
0 0 0 0 0 0 
0 0 0 0 0 0 
0 0 0 0 0 0 

	 Rayleigh Factor: alphaM: 0.420103
	 Rayleigh Forces: -1.16722 0.0345676 0 0 0 0 
	 Eigenvectors: 
-8.63289e-05 -0.00910392 
-0.00621765 8.58809e-05 
0.000791762 0.000831491 
2.711e-06 -6.75537e-08 
3.28204e-08 -2.84056e-06 
2.69158e-06 -2.15324e-06 

	ID : 42 43 44 45 46 47 


 Node: 40
	Coordinates  : 8000 3500 3000 
	Disps: -0.397496 0.000955688 0.0262094 -5.22021e-07 -0.000117468 5.2643e-07 
	Velocities   : -3.60846 -0.0172196 0.0051855 6.885e-06 -0.000848349 -1.68571e-06 
	commitAccels: 147.371 -0.0907304 -9.51094 0.000104323 0.0416612 -0.000391591 
	 unbalanced Load: -1236.17 0 0 0 0 0 
	Mass : 
6.906 0 0 0 0 0 
0 6.906 0 0 0 0 
0 0 0 0 0 0 
0 0 0 0 0 0 
0 0 0 0 0 0 
0 0 0 0 0 0 

	 Rayleigh Factor: alphaM: 0.420103
	 Rayleigh Forces: 10.469 0.0499581 0 0 0 0 
	 Eigenvectors: 
-4.79414e-05 -0.0194007 
-0.00629137 0.00010048 
-7.6382e-05 0.00134023 
2.29839e-06 -4.54494e-08 
-3.85962e-09 -5.82655e-06 
9.97693e-07 2.38964e-08 

	ID : 12 13 14 15 16 17 


 Node: 41
	Coordinates  : 8000 0 3000 
	Disps: -0.183966 0.00123513 0.018151 6.90802e-07 -8.082e-05 4.4566e-05 
	Velocities   : 0.68698 -0.0137604 -0.0966974 1.87985e-05 0.000335508 0.000891268 
	commitAccels: 63.6206 -0.227062 -4.83831 -0.000526305 0.0246959 -0.017353 
	 unbalanced Load: -717.074 0 0 0 0 0 
	Mass : 
4.006 0 0 0 0 0 
0 4.006 0 0 0 0 
0 0 0 0 0 0 
0 0 0 0 0 0 
0 0 0 0 0 0 
0 0 0 0 0 0 

	 Rayleigh Factor: alphaM: 0.420103
	 Rayleigh Forces: -1.15614 0.0231578 0 0 0 0 
	 Eigenvectors: 
-3.96424e-05 -0.00891426 
-0.00634117 0.00011479 
-0.000704836 0.000942582 
1.87709e-06 1.87683e-08 
-4.81149e-08 -3.98012e-06 
2.66938e-06 2.19141e-06 

	ID : 0 1 2 3 4 5 


 Node: 42
	Coordinates  : 4000 0 3000 
	Disps: -0.18651 0.000724264 -0.0018312 8.39249e-08 -6.94279e-05 1.86737e-05 
	Velocities   : 0.693297 -0.00203425 0.0108868 -1.35092e-06 0.000290822 0.000382517 
	commitAccels: 65.5846 -0.829608 0.465229 0.000130519 0.0210364 -0.00718106 
	 unbalanced Load: -1242.98 0 0 0 0 0 
	Mass : 
6.944 0 0 0 0 0 
0 6.944 0 0 0 0 
0 0 0 0 0 0 
0 0 0 0 0 0 
0 0 0 0 0 0 
0 0 0 0 0 0 

	 Rayleigh Factor: alphaM: 0.420103
	 Rayleigh Forces: -2.02248 0.0059343 0 0 0 0 
	 Eigenvectors: 
-5.94804e-05 -0.00902805 
-0.0230514 7.84371e-05 
-0.00135677 -9.07553e-05 
6.80843e-06 -8.27539e-09 
-2.95789e-08 -3.42377e-06 
-9.55371e-09 9.19358e-07 

	ID : 6 7 8 9 10 11 


 Node: 43
	Coordinates  : 0 3500 3000 
	Disps: -0.397543 0.000943724 -0.0262093 -5.17462e-07 -0.00011748 -5.30398e-07 
	Velocities   : -3.61079 -0.01747 -0.0051834 6.96093e-06 -0.000848848 2.06201e-06 
	commitAccels: 147.43 -0.0734017 9.51058 9.81699e-05 0.0416594 0.00039478 
	 unbalanced Load: -1264.1 0 0 0 0 0 
	Mass : 
7.062 0 0 0 0 0 
0 7.062 0 0 0 0 
0 0 0 0 0 0 
0 0 0 0 0 0 
0 0 0 0 0 0 
0 0 0 0 0 0 

	 Rayleigh Factor: alphaM: 0.420103
	 Rayleigh Forces: 10.7124 0.0518296 0 0 0 0 
	 Eigenvectors: 
-4.79493e-05 -0.0194021 
-0.00633126 0.000101643 
7.68244e-05 -0.00134024 
2.31268e-06 -4.58678e-08 
-3.82086e-09 -5.82707e-06 
-9.93436e-07 -2.40018e-08 

	ID : 60 61 62 63 64 65 


 Node: 44
	Coordinates  : 0 0 3000 
	Disps: -0.188287 0.000663148 -0.0162037 -8.89557e-07 -5.75235e-05 4.3798e-05 
	Velocities   : 0.695211 -0.0207884 0.0800642 4.27526e-06 0.000242327 0.000898068 
	commitAccels: 67.2887 0.0628139 4.3907 0.000279604 0.0172711 -0.0170085 
	 unbalanced Load: -717.074 0 0 0 0 0 
	Mass : 
4.006 0 0 0 0 0 
0 4.006 0 0 0 0 
0 0 0 0 0 0 
0 0 0 0 0 0 
0 0 0 0 0 0 
0 0 0 0 0 0 

	 Rayleigh Factor: alphaM: 0.420103
	 Rayleigh Forces: -1.16999 0.0349855 0 0 0 0 
	 Eigenvectors: 
-7.93966e-05 -0.00910415 
-0.00625696 8.70284e-05 
-0.000795137 -0.000831388 
2.72789e-06 -6.8049e-08 
3.44585e-08 -2.84061e-06 
-2.68607e-06 2.15341e-06 

	ID : 24 25 26 27 28 29 


 Node: 45
	Coordinates  : 4000 3500 3000 
	Disps: -0.395733 0.000729606 -2.09754e-08 2.75298e-07 -0.000145232 -1.07101e-09 
	Velocities   : -3.58146 -0.00205914 2.05267e-06 -2.15447e-06 -0.00108568 1.42612e-07 
	commitAccels: 146.302 -0.833885 0.000189509 9.31741e-06 0.0515129 5.02284e-07 
	 unbalanced Load: -2269.72 0 0 0 0 0 
	Mass : 
12.68 0 0 0 0 0 
0 12.68 0 0 0 0 
0 0 0 0 0 0 
0 0 0 0 0 0 
0 0 0 0 0 0 
0 0 0 0 0 0 

	 Rayleigh Factor: alphaM: 0.420103
	 Rayleigh Forces: 19.0781 0.0109688 0 0 0 0 
	 Eigenvectors: 
-4.76173e-05 -0.019322 
-0.0231301 7.88369e-05 
3.12775e-08 1.19286e-10 
4.03212e-06 6.53322e-09 
-9.53496e-09 -7.1927e-06 
2.38736e-09 -8.68873e-11 

	ID : 30 31 32 33 34 35 


 Node: 46
	Coordinates  : 0 7000 0 
	Disps: 0 0 0 0 0 0 
	Velocities   : 0 0 0 0 0 0 
	commitAccels: 0 0 0 0 0 0 
	 unbalanced Load: -75.6633 0 0 0 0 0 
	Mass : 
0.4227 0 0 0 0 0 
0 0.4227 0 0 0 0 
0 0 0 0 0 0 
0 0 0 0 0 0 
0 0 0 0 0 0 
0 0 0 0 0 0 

	 Rayleigh Factor: alphaM: 0.420103
	 Rayleigh Forces: 0 0 0 0 0 0 
	 Eigenvectors: 
0 0 
0 0 
0 0 
0 0 
0 0 
0 0 

	ID : -1 -1 -1 -1 -1 -1 


 Node: 47
	Coordinates  : 4000 7000 0 
	Disps: 0 0 0 0 0 0 
	Velocities   : 0 0 0 0 0 0 
	commitAccels: 0 0 0 0 0 0 
	 unbalanced Load: -75.6633 0 0 0 0 0 
	Mass : 
0.4227 0 0 0 0 0 
0 0.4227 0 0 0 0 
0 0 0 0 0 0 
0 0 0 0 0 0 
0 0 0 0 0 0 
0 0 0 0 0 0 

	 Rayleigh Factor: alphaM: 0.420103
	 Rayleigh Forces: 0 0 0 0 0 0 
	 Eigenvectors: 
0 0 
0 0 
0 0 
0 0 
0 0 
0 0 

	ID : -1 -1 -1 -1 -1 -1 


 Node: 48
	Coordinates  : 8000 7000 0 
	Disps: 0 0 0 0 0 0 
	Velocities   : 0 0 0 0 0 0 
	commitAccels: 0 0 0 0 0 0 
	 unbalanced Load: -75.6633 0 0 0 0 0 
	Mass : 
0.4227 0 0 0 0 0 
0 0.4227 0 0 0 0 
0 0 0 0 0 0 
0 0 0 0 0 0 
0 0 0 0 0 0 
0 0 0 0 0 0 

	 Rayleigh Factor: alphaM: 0.420103
	 Rayleigh Forces: 0 0 0 0 0 0 
	 Eigenvectors: 
0 0 
0 0 
0 0 
0 0 
0 0 
0 0 

	ID : -1 -1 -1 -1 -1 -1 


 Node: 49
	Coordinates  : 8000 3500 0 
	Disps: 0 0 0 0 0 0 
	Velocities   : 0 0 0 0 0 0 
	commitAccels: 0 0 0 0 0 0 
	 unbalanced Load: -75.6633 0 0 0 0 0 
	Mass : 
0.4227 0 0 0 0 0 
0 0.4227 0 0 0 0 
0 0 0 0 0 0 
0 0 0 0 0 0 
0 0 0 0 0 0 
0 0 0 0 0 0 

	 Rayleigh Factor: alphaM: 0.420103
	 Rayleigh Forces: 0 0 0 0 0 0 
	 Eigenvectors: 
0 0 
0 0 
0 0 
0 0 
0 0 
0 0 

	ID : -1 -1 -1 -1 -1 -1 


 Node: 50
	Coordinates  : 8000 0 0 
	Disps: 0 0 0 0 0 0 
	Velocities   : 0 0 0 0 0 0 
	commitAccels: 0 0 0 0 0 0 
	 unbalanced Load: -75.6633 0 0 0 0 0 
	Mass : 
0.4227 0 0 0 0 0 
0 0.4227 0 0 0 0 
0 0 0 0 0 0 
0 0 0 0 0 0 
0 0 0 0 0 0 
0 0 0 0 0 0 

	 Rayleigh Factor: alphaM: 0.420103
	 Rayleigh Forces: 0 0 0 0 0 0 
	 Eigenvectors: 
0 0 
0 0 
0 0 
0 0 
0 0 
0 0 

	ID : -1 -1 -1 -1 -1 -1 


 Node: 51
	Coordinates  : 4000 0 0 
	Disps: 0 0 0 0 0 0 
	Velocities   : 0 0 0 0 0 0 
	commitAccels: 0 0 0 0 0 0 
	 unbalanced Load: -75.6633 0 0 0 0 0 
	Mass : 
0.4227 0 0 0 0 0 
0 0.4227 0 0 0 0 
0 0 0 0 0 0 
0 0 0 0 0 0 
0 0 0 0 0 0 
0 0 0 0 0 0 

	 Rayleigh Factor: alphaM: 0.420103
	 Rayleigh Forces: 0 0 0 0 0 0 
	 Eigenvectors: 
0 0 
0 0 
0 0 
0 0 
0 0 
0 0 

	ID : -1 -1 -1 -1 -1 -1 


 Node: 52
	Coordinates  : 0 3500 0 
	Disps: 0 0 0 0 0 0 
	Velocities   : 0 0 0 0 0 0 
	commitAccels: 0 0 0 0 0 0 
	 unbalanced Load: -103.587 0 0 0 0 0 
	Mass : 
0.5787 0 0 0 0 0 
0 0.5787 0 0 0 0 
0 0 0 0 0 0 
0 0 0 0 0 0 
0 0 0 0 0 0 
0 0 0 0 0 0 

	 Rayleigh Factor: alphaM: 0.420103
	 Rayleigh Forces: 0 0 0 0 0 0 
	 Eigenvectors: 
0 0 
0 0 
0 0 
0 0 
0 0 
0 0 

	ID : -1 -1 -1 -1 -1 -1 


 Node: 53
	Coordinates  : 0 0 0 
	Disps: 0 0 0 0 0 0 
	Velocities   : 0 0 0 0 0 0 
	commitAccels: 0 0 0 0 0 0 
	 unbalanced Load: -75.6633 0 0 0 0 0 
	Mass : 
0.4227 0 0 0 0 0 
0 0.4227 0 0 0 0 
0 0 0 0 0 0 
0 0 0 0 0 0 
0 0 0 0 0 0 
0 0 0 0 0 0 

	 Rayleigh Factor: alphaM: 0.420103
	 Rayleigh Forces: 0 0 0 0 0 0 
	 Eigenvectors: 
0 0 
0 0 
0 0 
0 0 
0 0 
0 0 

	ID : -1 -1 -1 -1 -1 -1 


 Node: 54
	Coordinates  : 4000 3500 0 
	Disps: 0 0 0 0 0 0 
	Velocities   : 0 0 0 0 0 0 
	commitAccels: 0 0 0 0 0 0 
	 unbalanced Load: -75.6633 0 0 0 0 0 
	Mass : 
0.4227 0 0 0 0 0 
0 0.4227 0 0 0 0 
0 0 0 0 0 0 
0 0 0 0 0 0 
0 0 0 0 0 0 
0 0 0 0 0 0 

	 Rayleigh Factor: alphaM: 0.420103
	 Rayleigh Forces: 0 0 0 0 0 0 
	 Eigenvectors: 
0 0 
0 0 
0 0 
0 0 
0 0 
0 0 

	ID : -1 -1 -1 -1 -1 -1 


ElasticBeam3d: 1
	Connected Nodes: 1 2 
	CoordTransf: 1
	mass density:  0, cMass: 0
	End 1 Forces (P Mz Vy My Vz T): 3564.44 824036 615.717 -289525 2079.74 2948.31
	End 2 Forces (P Mz Vy My Vz T): -3564.44 1.02311e+06 -615.717 -5.9497e+06 -2079.74 -2948.31

ElasticBeam3d: 2
	Connected Nodes: 3 4 
	CoordTransf: 2
	mass density:  0, cMass: 0
	End 1 Forces (P Mz Vy My Vz T): -322.998 9987.59 10.7832 -4.79901e+06 5146.5 1241.07
	End 2 Forces (P Mz Vy My Vz T): 322.998 22361.9 -10.7832 -1.06405e+07 -5146.5 -1241.07

ElasticBeam3d: 3
	Connected Nodes: 5 6 
	CoordTransf: 3
	mass density:  0, cMass: 0
	End 1 Forces (P Mz Vy My Vz T): -3258.33 3.03402e+06 2586.66 -790010 667.14 2730.63
	End 2 Forces (P Mz Vy My Vz T): 3258.33 4.72595e+06 -2586.66 -1.21141e+06 -667.14 -2730.63

ElasticBeam3d: 4
	Connected Nodes: 7 8 
	CoordTransf: 4
	mass density:  0, cMass: 0
	End 1 Forces (P Mz Vy My Vz T): -3130.76 5.37746e+06 4712.45 106511 -65.3727 -18.9883
	End 2 Forces (P Mz Vy My Vz T): 3130.76 8.75989e+06 -4712.45 89607.1 65.3727 18.9883

ElasticBeam3d: 5
	Connected Nodes: 9 10 
	CoordTransf: 5
	mass density:  0, cMass: 0
	End 1 Forces (P Mz Vy My Vz T): -3565.1 824405 616.007 -289549 2079.98 -2951.94
	End 2 Forces (P Mz Vy My Vz T): 3565.1 1.02362e+06 -616.007 -5.9504e+06 -2079.98 2951.94

ElasticBeam3d: 6
	Connected Nodes: 11 12 
	CoordTransf: 6
	mass density:  0, cMass: 0
	End 1 Forces (P Mz Vy My Vz T): 323.185 9812.86 10.643 -4.79961e+06 5147.13 -1241.19
	End 2 Forces (P Mz Vy My Vz T): -323.185 22116.3 -10.643 -1.06418e+07 -5147.13 1241.19

ElasticBeam3d: 7
	Connected Nodes: 13 14 
	CoordTransf: 7
	mass density:  0, cMass: 0
	End 1 Forces (P Mz Vy My Vz T): 3128.9 5.3704e+06 4708.21 105979 -64.9121 19.4463
	End 2 Forces (P Mz Vy My Vz T): -3128.9 8.75423e+06 -4708.21 88757.2 64.9121 -19.4463

ElasticBeam3d: 8
	Connected Nodes: 15 16 
	CoordTransf: 8
	mass density:  0, cMass: 0
	End 1 Forces (P Mz Vy My Vz T): 3258.81 3.03441e+06 2586.99 -790076 667.264 -2726.73
	End 2 Forces (P Mz Vy My Vz T): -3258.81 4.72656e+06 -2586.99 -1.21171e+06 -667.264 2726.73

ElasticBeam3d: 9
	Connected Nodes: 17 18 
	CoordTransf: 9
	mass density:  0, cMass: 0
	End 1 Forces (P Mz Vy My Vz T): 1.85112 25034.4 20.1111 -7.68292e+06 9053.08 0.0790875
	End 2 Forces (P Mz Vy My Vz T): -1.85112 35298.8 -20.1111 -1.94763e+07 -9053.08 -0.0790875

ElasticBeam3d: 10
	Connected Nodes: 2 4 
	CoordTransf: 10
	mass density:  0, cMass: 0
	End 1 Forces (P Mz Vy My Vz T): -615.647 -1.47388e+06 -647.755 -5.95011e+06 2832.14 107.957
	End 2 Forces (P Mz Vy My Vz T): 615.647 -1.11714e+06 647.755 -5.37843e+06 -2832.14 -107.957

ElasticBeam3d: 11
	Connected Nodes: 4 6 
	CoordTransf: 11
	mass density:  0, cMass: 0
	End 1 Forces (P Mz Vy My Vz T): 131.112 -1.17963e+06 -674.872 -5.26334e+06 2497.58 220.647
	End 2 Forces (P Mz Vy My Vz T): -131.112 -1.51985e+06 674.872 -4.727e+06 -2497.58 -220.647

ElasticBeam3d: 12
	Connected Nodes: 14 18 
	CoordTransf: 12
	mass density:  0, cMass: 0
	End 1 Forces (P Mz Vy My Vz T): 267.014 33428.4 17.4505 -8.75277e+06 4622.1 -118.444
	End 2 Forces (P Mz Vy My Vz T): -267.014 36373.6 -17.4505 -9.73563e+06 -4622.1 118.444

ElasticBeam3d: 13
	Connected Nodes: 18 8 
	CoordTransf: 13
	mass density:  0, cMass: 0
	End 1 Forces (P Mz Vy My Vz T): -271.265 -36688.3 -17.6171 -9.73809e+06 4624.13 118.625
	End 2 Forces (P Mz Vy My Vz T): 271.265 -33780.1 17.6171 -8.75843e+06 -4624.13 -118.625

ElasticBeam3d: 14
	Connected Nodes: 16 12 
	CoordTransf: 14
	mass density:  0, cMass: 0
	End 1 Forces (P Mz Vy My Vz T): -131.095 1.51964e+06 674.774 -4.7276e+06 2497.91 -220.374
	End 2 Forces (P Mz Vy My Vz T): 131.095 1.17946e+06 -674.774 -5.26403e+06 -2497.91 220.374

ElasticBeam3d: 15
	Connected Nodes: 12 10 
	CoordTransf: 15
	mass density:  0, cMass: 0
	End 1 Forces (P Mz Vy My Vz T): 615.715 1.11696e+06 647.652 -5.37906e+06 2832.47 -107.886
	End 2 Forces (P Mz Vy My Vz T): -615.715 1.47365e+06 -647.652 -5.95082e+06 -2832.47 107.886

ElasticBeam3d: 16
	Connected Nodes: 16 14 
	CoordTransf: 16
	mass density:  0, cMass: 0
	End 1 Forces (P Mz Vy My Vz T): 7.88922 -1.52237e+06 -1069.03 -1.21194e+06 760.898 1042
	End 2 Forces (P Mz Vy My Vz T): -7.88922 -2.21925e+06 1069.03 -1.45121e+06 -760.898 -1042

ElasticBeam3d: 17
	Connected Nodes: 14 2 
	CoordTransf: 17
	mass density:  0, cMass: 0
	End 1 Forces (P Mz Vy My Vz T): -47.0607 2.18584e+06 1046.48 1.53985e+06 -732.306 -413.482
	End 2 Forces (P Mz Vy My Vz T): 47.0607 1.47683e+06 -1046.48 1.02322e+06 732.306 413.482

ElasticBeam3d: 18
	Connected Nodes: 12 18 
	CoordTransf: 18
	mass density:  0, cMass: 0
	End 1 Forces (P Mz Vy My Vz T): 4.16677 -2.29766e+06 -1400.02 22228.8 -11.3746 1295.32
	End 2 Forces (P Mz Vy My Vz T): -4.16677 -2.6024e+06 1400.02 17582.2 11.3746 -1295.32

ElasticBeam3d: 19
	Connected Nodes: 18 4 
	CoordTransf: 19
	mass density:  0, cMass: 0
	End 1 Forces (P Mz Vy My Vz T): -4.0211 2.60271e+06 1400.21 17961.4 -11.5531 -1295.56
	End 2 Forces (P Mz Vy My Vz T): 4.0211 2.29802e+06 -1400.21 22474.6 11.5531 1295.56

ElasticBeam3d: 20
	Connected Nodes: 10 8 
	CoordTransf: 20
	mass density:  0, cMass: 0
	End 1 Forces (P Mz Vy My Vz T): 46.993 -1.4766e+06 -1046.36 1.02372e+06 -732.627 415.009
	End 2 Forces (P Mz Vy My Vz T): -46.993 -2.18566e+06 1046.36 1.54047e+06 732.627 -415.009

ElasticBeam3d: 21
	Connected Nodes: 8 6 
	CoordTransf: 21
	mass density:  0, cMass: 0
	End 1 Forces (P Mz Vy My Vz T): -7.99383 2.21942e+06 1069.14 -1.45098e+06 760.747 -1044.01
	End 2 Forces (P Mz Vy My Vz T): 7.99383 1.52258e+06 -1069.14 -1.21163e+06 -760.747 1044.01

DispBeamColumn3d, element id:  22
	Connected external nodes:  13 18 
	CoordTransf: 22
	mass density:  0, cMass: 0
	End 1 Forces (P Mz Vy My Vz T): 0 0 0 0 0 -9.69134
	End 2 Forces (P Mz Vy My Vz T): 0 0 0 0 0 9.69134
Number of sections: 3
Legendre

ElasticBeam3d: 23
	Connected Nodes: 19 1 
	CoordTransf: 23
	mass density:  0, cMass: 0
	End 1 Forces (P Mz Vy My Vz T): 10218.4 724114 475.008 -4.53159e+06 5303.46 5201.77
	End 2 Forces (P Mz Vy My Vz T): -10218.4 700911 -475.008 -1.13788e+07 -5303.46 -5201.77

ElasticBeam3d: 24
	Connected Nodes: 20 3 
	CoordTransf: 24
	mass density:  0, cMass: 0
	End 1 Forces (P Mz Vy My Vz T): -664.242 22334.2 21.2365 -1.15791e+07 9640.32 2194.16
	End 2 Forces (P Mz Vy My Vz T): 664.242 41375.1 -21.2365 -1.73418e+07 -9640.32 -2194.16

ElasticBeam3d: 25
	Connected Nodes: 21 5 
	CoordTransf: 25
	mass density:  0, cMass: 0
	End 1 Forces (P Mz Vy My Vz T): -9500.19 5.90009e+06 4410.07 -739345 495.475 4960.57
	End 2 Forces (P Mz Vy My Vz T): 9500.19 7.33011e+06 -4410.07 -747080 -495.475 -4960.57

ElasticBeam3d: 26
	Connected Nodes: 22 7 
	CoordTransf: 26
	mass density:  0, cMass: 0
	End 1 Forces (P Mz Vy My Vz T): -11564.9 1.15946e+07 8733.35 86098.7 -48.393 -53.215
	End 2 Forces (P Mz Vy My Vz T): 11564.9 1.46054e+07 -8733.35 59080.4 48.393 53.215

ElasticBeam3d: 27
	Connected Nodes: 23 9 
	CoordTransf: 27
	mass density:  0, cMass: 0
	End 1 Forces (P Mz Vy My Vz T): -10220.3 724578 475.339 -4.53217e+06 5304.12 -5200.93
	End 2 Forces (P Mz Vy My Vz T): 10220.3 701437 -475.339 -1.13802e+07 -5304.12 5200.93

ElasticBeam3d: 28
	Connected Nodes: 24 11 
	CoordTransf: 28
	mass density:  0, cMass: 0
	End 1 Forces (P Mz Vy My Vz T): 664.603 22261.9 21.1811 -1.15806e+07 9641.54 -2194.28
	End 2 Forces (P Mz Vy My Vz T): -664.603 41281.4 -21.1811 -1.7344e+07 -9641.54 2194.28

ElasticBeam3d: 29
	Connected Nodes: 25 13 
	CoordTransf: 29
	mass density:  0, cMass: 0
	End 1 Forces (P Mz Vy My Vz T): 11562.2 1.15963e+07 8735.3 85226.6 -47.7408 53.8527
	End 2 Forces (P Mz Vy My Vz T): -11562.2 1.46096e+07 -8735.3 57995.7 47.7408 -53.8527

ElasticBeam3d: 30
	Connected Nodes: 26 15 
	CoordTransf: 30
	mass density:  0, cMass: 0
	End 1 Forces (P Mz Vy My Vz T): 9501.73 5.90085e+06 4410.63 -739708 495.808 -4960.87
	End 2 Forces (P Mz Vy My Vz T): -9501.73 7.33104e+06 -4410.63 -747715 -495.808 4960.87

ElasticBeam3d: 31
	Connected Nodes: 27 17 
	CoordTransf: 31
	mass density:  0, cMass: 0
	End 1 Forces (P Mz Vy My Vz T): 2.67744 48743.8 37.3185 -2.21539e+07 18934 0.152015
	End 2 Forces (P Mz Vy My Vz T): -2.67744 63211.7 -37.3185 -3.46481e+07 -18934 -0.152015

ElasticBeam3d: 32
	Connected Nodes: 1 3 
	CoordTransf: 32
	mass density:  0, cMass: 0
	End 1 Forces (P Mz Vy My Vz T): 571.314 -1.32917e+06 -584.787 -1.16698e+07 5706.72 8.26562
	End 2 Forces (P Mz Vy My Vz T): -571.314 -1.00998e+06 584.787 -1.11571e+07 -5706.72 -8.26562

ElasticBeam3d: 33
	Connected Nodes: 3 5 
	CoordTransf: 33
	mass density:  0, cMass: 0
	End 1 Forces (P Mz Vy My Vz T): 844.32 -1.04997e+06 -601.848 -1.09861e+07 5338.08 145.875
	End 2 Forces (P Mz Vy My Vz T): -844.32 -1.35743e+06 601.848 -1.03662e+07 -5338.08 -145.875

ElasticBeam3d: 34
	Connected Nodes: 13 17 
	CoordTransf: 34
	mass density:  0, cMass: 0
	End 1 Forces (P Mz Vy My Vz T): -498.737 20724.6 10.9921 -1.99765e+07 10284.8 -110.177
	End 2 Forces (P Mz Vy My Vz T): 498.737 23243.9 -10.9921 -2.11625e+07 -10284.8 110.177

ElasticBeam3d: 35
	Connected Nodes: 17 7 
	CoordTransf: 35
	mass density:  0, cMass: 0
	End 1 Forces (P Mz Vy My Vz T): 362.733 -23512.6 -11.1341 -2.11637e+07 10285.8 110.41
	End 2 Forces (P Mz Vy My Vz T): -362.733 -21023.8 11.1341 -1.99794e+07 -10285.8 -110.41

ElasticBeam3d: 36
	Connected Nodes: 15 11 
	CoordTransf: 36
	mass density:  0, cMass: 0
	End 1 Forces (P Mz Vy My Vz T): -844.545 1.35741e+06 601.827 -1.03675e+07 5338.76 -145.601
	End 2 Forces (P Mz Vy My Vz T): 844.545 1.0499e+06 -601.827 -1.09875e+07 -5338.76 145.601

ElasticBeam3d: 37
	Connected Nodes: 11 9 
	CoordTransf: 37
	mass density:  0, cMass: 0
	End 1 Forces (P Mz Vy My Vz T): -571.533 1.00974e+06 584.636 -1.11585e+07 5707.41 -8.08663
	End 2 Forces (P Mz Vy My Vz T): 571.533 1.3288e+06 -584.636 -1.16712e+07 -5707.41 8.08663

ElasticBeam3d: 38
	Connected Nodes: 15 13 
	CoordTransf: 38
	mass density:  0, cMass: 0
	End 1 Forces (P Mz Vy My Vz T): -763.66 -1.35964e+06 -956.326 -1.53794e+06 904.162 2074.32
	End 2 Forces (P Mz Vy My Vz T): 763.66 -1.9875e+06 956.326 -1.62663e+06 -904.162 -2074.32

ElasticBeam3d: 39
	Connected Nodes: 13 1 
	CoordTransf: 39
	mass density:  0, cMass: 0
	End 1 Forces (P Mz Vy My Vz T): -737.962 1.96682e+06 942.353 1.79049e+06 -947.269 -1432.03
	End 2 Forces (P Mz Vy My Vz T): 737.962 1.33142e+06 -942.353 1.52496e+06 947.269 1432.03

ElasticBeam3d: 40
	Connected Nodes: 11 17 
	CoordTransf: 40
	mass density:  0, cMass: 0
	End 1 Forces (P Mz Vy My Vz T): 1.90611 -2.06059e+06 -1255.64 51231.8 -27.2317 2395.49
	End 2 Forces (P Mz Vy My Vz T): -1.90611 -2.33413e+06 1255.64 44079.2 27.2317 -2395.49

ElasticBeam3d: 41
	Connected Nodes: 17 3 
	CoordTransf: 41
	mass density:  0, cMass: 0
	End 1 Forces (P Mz Vy My Vz T): -1.86097 2.3344e+06 1255.8 44393.9 -27.3983 -2395.87
	End 2 Forces (P Mz Vy My Vz T): 1.86097 2.0609e+06 -1255.8 51500.3 27.3983 2395.87

ElasticBeam3d: 42
	Connected Nodes: 9 7 
	CoordTransf: 42
	mass density:  0, cMass: 0
	End 1 Forces (P Mz Vy My Vz T): 738.089 -1.33105e+06 -942.125 1.52585e+06 -947.803 1432.58
	End 2 Forces (P Mz Vy My Vz T): -738.089 -1.96639e+06 942.125 1.79146e+06 947.803 -1432.58

ElasticBeam3d: 43
	Connected Nodes: 7 5 
	CoordTransf: 43
	mass density:  0, cMass: 0
	End 1 Forces (P Mz Vy My Vz T): 763.572 1.98738e+06 956.295 -1.62598e+06 903.775 -2075.61
	End 2 Forces (P Mz Vy My Vz T): -763.572 1.35966e+06 -956.295 -1.53724e+06 -903.775 2075.61

DispBeamColumn3d, element id:  44
	Connected external nodes:  25 17 
	CoordTransf: 44
	mass density:  0, cMass: 0
	End 1 Forces (P Mz Vy My Vz T): 0 0 0 0 0 -7.98311
	End 2 Forces (P Mz Vy My Vz T): 0 0 0 0 0 7.98311
Number of sections: 3
Legendre

ElasticBeam3d: 45
	Connected Nodes: 28 19 
	CoordTransf: 45
	mass density:  0, cMass: 0
	End 1 Forces (P Mz Vy My Vz T): 20067 656895 444.195 -9.17102e+06 7668.53 6890.19
	End 2 Forces (P Mz Vy My Vz T): -20067 675689 -444.195 -1.38346e+07 -7668.53 -6890.19

ElasticBeam3d: 46
	Connected Nodes: 29 20 
	CoordTransf: 46
	mass density:  0, cMass: 0
	End 1 Forces (P Mz Vy My Vz T): -1540.08 35728.6 33.5401 -1.86489e+07 13713 2955.09
	End 2 Forces (P Mz Vy My Vz T): 1540.08 64891.7 -33.5401 -2.24901e+07 -13713 -2955.09

ElasticBeam3d: 47
	Connected Nodes: 30 21 
	CoordTransf: 47
	mass density:  0, cMass: 0
	End 1 Forces (P Mz Vy My Vz T): -18409.7 8.77473e+06 6160.94 -635940 453.494 6729.14
	End 2 Forces (P Mz Vy My Vz T): 18409.7 9.70809e+06 -6160.94 -724541 -453.494 -6729.14

ElasticBeam3d: 48
	Connected Nodes: 31 22 
	CoordTransf: 48
	mass density:  0, cMass: 0
	End 1 Forces (P Mz Vy My Vz T): -25777.3 1.72814e+07 12199.8 94950.1 -44.6404 -22.7816
	End 2 Forces (P Mz Vy My Vz T): 25777.3 1.9318e+07 -12199.8 38971.2 44.6404 22.7816

ElasticBeam3d: 49
	Connected Nodes: 32 23 
	CoordTransf: 49
	mass density:  0, cMass: 0
	End 1 Forces (P Mz Vy My Vz T): -20070.7 657497 444.604 -9.17221e+06 7669.48 -6888.78
	End 2 Forces (P Mz Vy My Vz T): 20070.7 676315 -444.604 -1.38362e+07 -7669.48 6888.78

ElasticBeam3d: 50
	Connected Nodes: 33 24 
	CoordTransf: 50
	mass density:  0, cMass: 0
	End 1 Forces (P Mz Vy My Vz T): 1540.59 35709 33.5225 -1.86513e+07 13714.7 -2955.19
	End 2 Forces (P Mz Vy My Vz T): -1540.59 64858.4 -33.5225 -2.24929e+07 -13714.7 2955.19

ElasticBeam3d: 51
	Connected Nodes: 34 25 
	CoordTransf: 51
	mass density:  0, cMass: 0
	End 1 Forces (P Mz Vy My Vz T): 25775.6 1.72825e+07 12200.4 93661.1 -43.7483 23.6023
	End 2 Forces (P Mz Vy My Vz T): -25775.6 1.93188e+07 -12200.4 37583.9 43.7483 -23.6023

ElasticBeam3d: 52
	Connected Nodes: 35 26 
	CoordTransf: 52
	mass density:  0, cMass: 0
	End 1 Forces (P Mz Vy My Vz T): 18412.9 8.77584e+06 6161.71 -636610 453.985 -6729.82
	End 2 Forces (P Mz Vy My Vz T): -18412.9 9.70928e+06 -6161.71 -725345 -453.985 6729.82

ElasticBeam3d: 53
	Connected Nodes: 36 27 
	CoordTransf: 53
	mass density:  0, cMass: 0
	End 1 Forces (P Mz Vy My Vz T): 1.65327 75226.8 58.4536 -3.54729e+07 26392.3 0.202686
	End 2 Forces (P Mz Vy My Vz T): -1.65327 100134 -58.4536 -4.37039e+07 -26392.3 -0.202686

ElasticBeam3d: 54
	Connected Nodes: 19 20 
	CoordTransf: 54
	mass density:  0, cMass: 0
	End 1 Forces (P Mz Vy My Vz T): 91.9642 -1.06415e+06 -468.817 -1.83682e+07 8967.59 30.8218
	End 2 Forces (P Mz Vy My Vz T): -91.9642 -811118 468.817 -1.75022e+07 -8967.59 -30.8218

ElasticBeam3d: 55
	Connected Nodes: 20 21 
	CoordTransf: 55
	mass density:  0, cMass: 0
	End 1 Forces (P Mz Vy My Vz T): 529.439 -833130 -478.218 -1.65707e+07 8045.48 134.457
	End 2 Forces (P Mz Vy My Vz T): -529.439 -1.07974e+06 478.218 -1.56112e+07 -8045.48 -134.457

ElasticBeam3d: 56
	Connected Nodes: 25 27 
	CoordTransf: 56
	mass density:  0, cMass: 0
	End 1 Forces (P Mz Vy My Vz T): -167.896 11457.6 6.06333 -3.09101e+07 15959 -98.0474
	End 2 Forces (P Mz Vy My Vz T): 167.896 12795.7 -6.06333 -3.2926e+07 -15959 98.0474

ElasticBeam3d: 57
	Connected Nodes: 27 22 
	CoordTransf: 57
	mass density:  0, cMass: 0
	End 1 Forces (P Mz Vy My Vz T): 52.7592 -13001.1 -6.17179 -3.29246e+07 15958.1 98.3143
	End 2 Forces (P Mz Vy My Vz T): -52.7592 -11686.1 6.17179 -3.09076e+07 -15958.1 -98.3143

ElasticBeam3d: 58
	Connected Nodes: 26 24 
	CoordTransf: 58
	mass density:  0, cMass: 0
	End 1 Forces (P Mz Vy My Vz T): -529.606 1.07974e+06 478.207 -1.56132e+07 8046.49 -134.151
	End 2 Forces (P Mz Vy My Vz T): 529.606 833085 -478.207 -1.65728e+07 -8046.49 134.151

ElasticBeam3d: 59
	Connected Nodes: 24 23 
	CoordTransf: 59
	mass density:  0, cMass: 0
	End 1 Forces (P Mz Vy My Vz T): -92.1046 810926 468.696 -1.75043e+07 8968.68 -30.5985
	End 2 Forces (P Mz Vy My Vz T): 92.1046 1.06386e+06 -468.696 -1.83704e+07 -8968.68 30.5985

ElasticBeam3d: 60
	Connected Nodes: 26 25 
	CoordTransf: 60
	mass density:  0, cMass: 0
	End 1 Forces (P Mz Vy My Vz T): -514.948 -1.08151e+06 -761.38 -1.46519e+06 864.636 3040.4
	End 2 Forces (P Mz Vy My Vz T): 514.948 -1.58332e+06 761.38 -1.56104e+06 -864.636 -3040.4

ElasticBeam3d: 61
	Connected Nodes: 25 19 
	CoordTransf: 61
	mass density:  0, cMass: 0
	End 1 Forces (P Mz Vy My Vz T): -506.483 1.57183e+06 753.621 1.68374e+06 -881.022 -2005.05
	End 2 Forces (P Mz Vy My Vz T): 506.483 1.06584e+06 -753.621 1.39983e+06 881.022 2005.05

ElasticBeam3d: 62
	Connected Nodes: 24 27 
	CoordTransf: 62
	mass density:  0, cMass: 0
	End 1 Forces (P Mz Vy My Vz T): 0.995138 -1.64477e+06 -1002.26 87223.8 -46.2002 3639.77
	End 2 Forces (P Mz Vy My Vz T): -0.995138 -1.86315e+06 1002.26 74476.9 46.2002 -3639.77

ElasticBeam3d: 63
	Connected Nodes: 27 20 
	CoordTransf: 63
	mass density:  0, cMass: 0
	End 1 Forces (P Mz Vy My Vz T): -0.921799 1.86335e+06 1002.39 74602.5 -46.2663 -3640.28
	End 2 Forces (P Mz Vy My Vz T): 0.921799 1.64501e+06 -1002.39 87329.6 46.2663 3640.28

ElasticBeam3d: 64
	Connected Nodes: 23 22 
	CoordTransf: 64
	mass density:  0, cMass: 0
	End 1 Forces (P Mz Vy My Vz T): 506.538 -1.06554e+06 -753.437 1.40092e+06 -881.668 2003.87
	End 2 Forces (P Mz Vy My Vz T): -506.538 -1.57148e+06 753.437 1.68491e+06 881.668 -2003.87

ElasticBeam3d: 65
	Connected Nodes: 22 21 
	CoordTransf: 65
	mass density:  0, cMass: 0
	End 1 Forces (P Mz Vy My Vz T): 514.863 1.5832e+06 761.346 -1.55994e+06 863.99 -3040.22
	End 2 Forces (P Mz Vy My Vz T): -514.863 1.08151e+06 -761.346 -1.46402e+06 -863.99 3040.22

DispBeamColumn3d, element id:  66
	Connected external nodes:  34 27 
	CoordTransf: 66
	mass density:  0, cMass: 0
	End 1 Forces (P Mz Vy My Vz T): 0 0 0 0 0 -6.43914
	End 2 Forces (P Mz Vy My Vz T): 0 0 0 0 0 6.43914
Number of sections: 3
Legendre

ElasticBeam3d: 67
	Connected Nodes: 37 28 
	CoordTransf: 67
	mass density:  0, cMass: 0
	End 1 Forces (P Mz Vy My Vz T): 32211.7 475728 332.597 -1.56956e+07 9964.63 7649.83
	End 2 Forces (P Mz Vy My Vz T): -32211.7 522062 -332.597 -1.41983e+07 -9964.63 -7649.83

ElasticBeam3d: 68
	Connected Nodes: 38 29 
	CoordTransf: 68
	mass density:  0, cMass: 0
	End 1 Forces (P Mz Vy My Vz T): -2861.86 48684.3 45.3451 -2.59558e+07 16724.9 3364.62
	End 2 Forces (P Mz Vy My Vz T): 2861.86 87351.1 -45.3451 -2.42188e+07 -16724.9 -3364.62

ElasticBeam3d: 69
	Connected Nodes: 39 30 
	CoordTransf: 69
	mass density:  0, cMass: 0
	End 1 Forces (P Mz Vy My Vz T): -29153.6 1.12301e+07 7292.94 -398005 331.7 7619.07
	End 2 Forces (P Mz Vy My Vz T): 29153.6 1.06487e+07 -7292.94 -597096 -331.7 -7619.07

ElasticBeam3d: 70
	Connected Nodes: 40 31 
	CoordTransf: 70
	mass density:  0, cMass: 0
	End 1 Forces (P Mz Vy My Vz T): -44343.3 2.22809e+07 14608.8 104339 -37.6087 30.2931
	End 2 Forces (P Mz Vy My Vz T): 44343.3 2.15455e+07 -14608.8 8487.36 37.6087 -30.2931

ElasticBeam3d: 71
	Connected Nodes: 41 32 
	CoordTransf: 71
	mass density:  0, cMass: 0
	End 1 Forces (P Mz Vy My Vz T): -32217.4 476468 333.064 -1.56975e+07 9965.81 -7648.47
	End 2 Forces (P Mz Vy My Vz T): 32217.4 522724 -333.064 -1.41999e+07 -9965.81 7648.47

ElasticBeam3d: 72
	Connected Nodes: 42 33 
	CoordTransf: 72
	mass density:  0, cMass: 0
	End 1 Forces (P Mz Vy My Vz T): 2862.53 48692.2 45.348 -2.59589e+07 16726.8 -3364.72
	End 2 Forces (P Mz Vy My Vz T): -2862.53 87351.9 -45.348 -2.42216e+07 -16726.8 3364.72

ElasticBeam3d: 73
	Connected Nodes: 43 34 
	CoordTransf: 73
	mass density:  0, cMass: 0
	End 1 Forces (P Mz Vy My Vz T): 44342.1 2.22811e+07 14609.1 102589 -36.5288 -29.4355
	End 2 Forces (P Mz Vy My Vz T): -44342.1 2.15461e+07 -14609.1 6997.38 36.5288 29.4355

ElasticBeam3d: 74
	Connected Nodes: 44 35 
	CoordTransf: 74
	mass density:  0, cMass: 0
	End 1 Forces (P Mz Vy My Vz T): 29158.9 1.12314e+07 7293.81 -399098 332.346 -7619.64
	End 2 Forces (P Mz Vy My Vz T): -29158.9 1.065e+07 -7293.81 -597941 -332.346 7619.64

ElasticBeam3d: 75
	Connected Nodes: 45 36 
	CoordTransf: 75
	mass density:  0, cMass: 0
	End 1 Forces (P Mz Vy My Vz T): 0.98915 100636 78.5374 -4.82552e+07 31816.9 0.225997
	End 2 Forces (P Mz Vy My Vz T): -0.98915 134976 -78.5374 -4.71955e+07 -31816.9 -0.225997

ElasticBeam3d: 76
	Connected Nodes: 28 29 
	CoordTransf: 76
	mass density:  0, cMass: 0
	End 1 Forces (P Mz Vy My Vz T): 517.381 -705091 -310.925 -2.33717e+07 11402.4 36.3582
	End 2 Forces (P Mz Vy My Vz T): -517.381 -538610 310.925 -2.22379e+07 -11402.4 -36.3582

ElasticBeam3d: 77
	Connected Nodes: 29 30 
	CoordTransf: 77
	mass density:  0, cMass: 0
	End 1 Forces (P Mz Vy My Vz T): 649.152 -546360 -314.081 -2.06343e+07 10015.4 104.553
	End 2 Forces (P Mz Vy My Vz T): -649.152 -709963 314.081 -1.94272e+07 -10015.4 -104.553

ElasticBeam3d: 78
	Connected Nodes: 34 36 
	CoordTransf: 78
	mass density:  0, cMass: 0
	End 1 Forces (P Mz Vy My Vz T): -184.943 3617.97 2.01486 -3.88225e+07 20038.2 -75.6771
	End 2 Forces (P Mz Vy My Vz T): 184.943 4441.45 -2.01486 -4.13302e+07 -20038.2 75.6771

ElasticBeam3d: 79
	Connected Nodes: 36 31 
	CoordTransf: 79
	mass density:  0, cMass: 0
	End 1 Forces (P Mz Vy My Vz T): 105.5 -4569.69 -2.08248 -4.13293e+07 20037.5 75.96
	End 2 Forces (P Mz Vy My Vz T): -105.5 -3760.22 2.08248 -3.88208e+07 -20037.5 -75.96

ElasticBeam3d: 80
	Connected Nodes: 35 33 
	CoordTransf: 80
	mass density:  0, cMass: 0
	End 1 Forces (P Mz Vy My Vz T): -649.293 709974 314.078 -1.94295e+07 10016.6 -104.233
	End 2 Forces (P Mz Vy My Vz T): 649.293 546338 -314.078 -2.06368e+07 -10016.6 104.233

ElasticBeam3d: 81
	Connected Nodes: 33 32 
	CoordTransf: 81
	mass density:  0, cMass: 0
	End 1 Forces (P Mz Vy My Vz T): -517.523 538486 310.846 -2.22405e+07 11403.8 -36.1151
	End 2 Forces (P Mz Vy My Vz T): 517.523 704898 -310.846 -2.33745e+07 -11403.8 36.1151

ElasticBeam3d: 82
	Connected Nodes: 35 34 
	CoordTransf: 82
	mass density:  0, cMass: 0
	End 1 Forces (P Mz Vy My Vz T): -434.307 -710864 -501.078 -1.23465e+06 729.429 3713.41
	End 2 Forces (P Mz Vy My Vz T): 434.307 -1.04291e+06 501.078 -1.31835e+06 -729.429 -3713.41

ElasticBeam3d: 83
	Connected Nodes: 34 28 
	CoordTransf: 83
	mass density:  0, cMass: 0
	End 1 Forces (P Mz Vy My Vz T): -425.35 1.03924e+06 498.598 1.41892e+06 -742.262 -2385.54
	End 2 Forces (P Mz Vy My Vz T): 425.35 705851 -498.598 1.17899e+06 742.262 2385.54

ElasticBeam3d: 84
	Connected Nodes: 33 36 
	CoordTransf: 84
	mass density:  0, cMass: 0
	End 1 Forces (P Mz Vy My Vz T): 0.0841128 -1.08523e+06 -661.302 123129 -65.2278 4451.24
	End 2 Forces (P Mz Vy My Vz T): -0.0841128 -1.22932e+06 661.302 105168 65.2278 -4451.24

ElasticBeam3d: 85
	Connected Nodes: 36 29 
	CoordTransf: 85
	mass density:  0, cMass: 0
	End 1 Forces (P Mz Vy My Vz T): -0.0281166 1.22945e+06 661.38 105190 -65.2394 -4451.81
	End 2 Forces (P Mz Vy My Vz T): 0.0281166 1.08538e+06 -661.38 123148 65.2394 4451.81

ElasticBeam3d: 86
	Connected Nodes: 32 31 
	CoordTransf: 86
	mass density:  0, cMass: 0
	End 1 Forces (P Mz Vy My Vz T): 425.382 -705658 -498.476 1.18026e+06 -743.009 2384.44
	End 2 Forces (P Mz Vy My Vz T): -425.382 -1.03901e+06 498.476 1.42028e+06 743.009 -2384.44

ElasticBeam3d: 87
	Connected Nodes: 31 30 
	CoordTransf: 87
	mass density:  0, cMass: 0
	End 1 Forces (P Mz Vy My Vz T): 434.295 1.04282e+06 501.05 -1.31691e+06 728.587 -3713.45
	End 2 Forces (P Mz Vy My Vz T): -434.295 710853 -501.05 -1.23314e+06 -728.587 3713.45

DispBeamColumn3d, element id:  88
	Connected external nodes:  43 36 
	CoordTransf: 88
	mass density:  0, cMass: 0
	End 1 Forces (P Mz Vy My Vz T): 0 0 0 0 0 -5.19125
	End 2 Forces (P Mz Vy My Vz T): 0 0 0 0 0 5.19125
Number of sections: 3
Legendre

ElasticBeam3d: 89
	Connected Nodes: 46 37 
	CoordTransf: 89
	mass density:  0, cMass: 0
	End 1 Forces (P Mz Vy My Vz T): 43864.5 189731 149.395 -3.36813e+07 13657.2 5651.15
	End 2 Forces (P Mz Vy My Vz T): -43864.5 258455 -149.395 -7.29038e+06 -13657.2 -5651.15

ElasticBeam3d: 90
	Connected Nodes: 47 38 
	CoordTransf: 90
	mass density:  0, cMass: 0
	End 1 Forces (P Mz Vy My Vz T): -4425.29 79949.9 56.0661 -3.82321e+07 17931.1 2367.17
	End 2 Forces (P Mz Vy My Vz T): 4425.29 88248.5 -56.0661 -1.55612e+07 -17931.1 -2367.17

ElasticBeam3d: 91
	Connected Nodes: 48 39 
	CoordTransf: 91
	mass density:  0, cMass: 0
	End 1 Forces (P Mz Vy My Vz T): -39158.1 1.29356e+07 6726.91 -71796.8 145.276 5551.07
	End 2 Forces (P Mz Vy My Vz T): 39158.1 7.24517e+06 -6726.91 -364032 -145.276 -5551.07

ElasticBeam3d: 92
	Connected Nodes: 49 40 
	CoordTransf: 92
	mass density:  0, cMass: 0
	End 1 Forces (P Mz Vy My Vz T): -63349.9 2.77045e+07 14595.8 141626 -37.5905 -66.7345
	End 2 Forces (P Mz Vy My Vz T): 63349.9 1.60828e+07 -14595.8 -28854.7 37.5905 66.7345

ElasticBeam3d: 93
	Connected Nodes: 50 41 
	CoordTransf: 93
	mass density:  0, cMass: 0
	End 1 Forces (P Mz Vy My Vz T): -43872.2 190542 149.81 -3.36852e+07 13658.7 -5649.54
	End 2 Forces (P Mz Vy My Vz T): 43872.2 258886 -149.81 -7.29108e+06 -13658.7 5649.54

ElasticBeam3d: 94
	Connected Nodes: 51 42 
	CoordTransf: 94
	mass density:  0, cMass: 0
	End 1 Forces (P Mz Vy My Vz T): 4426.12 79958.1 56.0731 -3.82365e+07 17933.1 -2367.23
	End 2 Forces (P Mz Vy My Vz T): -4426.12 88261.2 -56.0731 -1.55629e+07 -17933.1 2367.23

ElasticBeam3d: 95
	Connected Nodes: 52 43 
	CoordTransf: 95
	mass density:  0, cMass: 0
	End 1 Forces (P Mz Vy My Vz T): 63349.6 2.77081e+07 14597.8 139208 -36.4748 67.2375
	End 2 Forces (P Mz Vy My Vz T): -63349.6 1.60852e+07 -14597.8 -29783.9 36.4748 -67.2375

ElasticBeam3d: 96
	Connected Nodes: 53 44 
	CoordTransf: 96
	mass density:  0, cMass: 0
	End 1 Forces (P Mz Vy My Vz T): 39165.3 1.2937e+07 6727.67 -73940.2 146.13 -5552.18
	End 2 Forces (P Mz Vy My Vz T): -39165.3 7.24596e+06 -6727.67 -364450 -146.13 5552.18

ElasticBeam3d: 97
	Connected Nodes: 54 45 
	CoordTransf: 97
	mass density:  0, cMass: 0
	End 1 Forces (P Mz Vy My Vz T): 0.0506989 99420.2 75.359 -8.18086e+07 38729.2 0.13577
	End 2 Forces (P Mz Vy My Vz T): -0.0506989 126657 -75.359 -3.43791e+07 -38729.2 -0.13577

ElasticBeam3d: 98
	Connected Nodes: 37 38 
	CoordTransf: 98
	mass density:  0, cMass: 0
	End 1 Forces (P Mz Vy My Vz T): 2515.69 -299611 -131.748 -2.29882e+07 11191.1 32.2644
	End 2 Forces (P Mz Vy My Vz T): -2515.69 -227381 131.748 -2.17762e+07 -11191.1 -32.2644

ElasticBeam3d: 99
	Connected Nodes: 38 39 
	CoordTransf: 99
	mass density:  0, cMass: 0
	End 1 Forces (P Mz Vy My Vz T): 1756.45 -226120 -130.567 -1.97453e+07 9556.05 51.7024
	End 2 Forces (P Mz Vy My Vz T): -1756.45 -296149 130.567 -1.84789e+07 -9556.05 -51.7024

ElasticBeam3d: 100
	Connected Nodes: 43 45 
	CoordTransf: 100
	mass density:  0, cMass: 0
	End 1 Forces (P Mz Vy My Vz T): -1789.3 -2512.96 -0.887509 -3.83604e+07 19918.4 -41.8788
	End 2 Forces (P Mz Vy My Vz T): 1789.3 -1037.08 0.887509 -4.13132e+07 -19918.4 41.8788

ElasticBeam3d: 101
	Connected Nodes: 45 40 
	CoordTransf: 101
	mass density:  0, cMass: 0
	End 1 Forces (P Mz Vy My Vz T): 1742.3 989.053 0.862223 -4.13119e+07 19917.5 42.1197
	End 2 Forces (P Mz Vy My Vz T): -1742.3 2459.84 -0.862223 -3.83579e+07 -19917.5 -42.1197

ElasticBeam3d: 102
	Connected Nodes: 44 42 
	CoordTransf: 102
	mass density:  0, cMass: 0
	End 1 Forces (P Mz Vy My Vz T): -1756.67 296174 130.574 -1.8481e+07 9557.17 -51.4257
	End 2 Forces (P Mz Vy My Vz T): 1756.67 226123 -130.574 -1.97476e+07 -9557.17 51.4257

ElasticBeam3d: 103
	Connected Nodes: 42 41 
	CoordTransf: 103
	mass density:  0, cMass: 0
	End 1 Forces (P Mz Vy My Vz T): -2516 227323 131.71 -2.17787e+07 11192.4 -32.0592
	End 2 Forces (P Mz Vy My Vz T): 2516 299516 -131.71 -2.29908e+07 -11192.4 32.0592

ElasticBeam3d: 104
	Connected Nodes: 44 43 
	CoordTransf: 104
	mass density:  0, cMass: 0
	End 1 Forces (P Mz Vy My Vz T): -317.067 -294107 -208.419 -763600 449.27 3619.75
	End 2 Forces (P Mz Vy My Vz T): 317.067 -435361 208.419 -808846 -449.27 -3619.75

ElasticBeam3d: 105
	Connected Nodes: 43 37 
	CoordTransf: 105
	mass density:  0, cMass: 0
	End 1 Forces (P Mz Vy My Vz T): -315.703 437973 210.167 881606 -461.663 -2213.85
	End 2 Forces (P Mz Vy My Vz T): 315.703 297612 -210.167 734215 461.663 2213.85

ElasticBeam3d: 106
	Connected Nodes: 42 45 
	CoordTransf: 106
	mass density:  0, cMass: 0
	End 1 Forces (P Mz Vy My Vz T): -6.03769 -452448 -275.544 136973 -71.6214 4576.51
	End 2 Forces (P Mz Vy My Vz T): 6.03769 -511956 275.544 113702 71.6214 -4576.51

ElasticBeam3d: 107
	Connected Nodes: 45 38 
	CoordTransf: 107
	mass density:  0, cMass: 0
	End 1 Forces (P Mz Vy My Vz T): 6.07899 512004 275.574 113676 -71.6081 -4577.02
	End 2 Forces (P Mz Vy My Vz T): -6.07899 452504 -275.574 136952 71.6081 4577.02

ElasticBeam3d: 108
	Connected Nodes: 41 40 
	CoordTransf: 108
	mass density:  0, cMass: 0
	End 1 Forces (P Mz Vy My Vz T): 315.788 -297517 -210.105 735387 -462.358 2212.55
	End 2 Forces (P Mz Vy My Vz T): -315.788 -437851 210.105 882865 462.358 -2212.55

ElasticBeam3d: 109
	Connected Nodes: 40 39 
	CoordTransf: 109
	mass density:  0, cMass: 0
	End 1 Forces (P Mz Vy My Vz T): 317.2 435294 208.393 -807423 448.432 -3619.46
	End 2 Forces (P Mz Vy My Vz T): -317.2 294081 -208.393 -762089 -448.432 3619.46

DispBeamColumn3d, element id:  110
	Connected external nodes:  52 45 
	CoordTransf: 110
	mass density:  0, cMass: 0
	End 1 Forces (P Mz Vy My Vz T): 0 0 0 0 0 -0.928012
	End 2 Forces (P Mz Vy My Vz T): 0 0 0 0 0 0.928012
Number of sections: 3
Legendre
