
 Node: 1
	Coordinates  : 0 0 0 
	Disps: 0 0 0 0 0 0 
	Velocities   : 0 0 0 0 0 0 
	commitAccels: 0 0 0 0 0 0 
	 unbalanced Load: 0 0 0 0 0 0 
	 Eigenvectors: 
0 0 0 
0 0 0 
0 0 0 
0 0 0 
0 0 0 
0 0 0 

	ID : -1 -1 -1 -1 -1 -1 


 Node: 2
	Coordinates  : 0 4 0 
	Disps: 1.64186e-06 0 0 0 0 -7.64324e-07 
	Velocities   : -7.7062e-05 0 0 0 0 3.58769e-05 
	commitAccels: 0.00138396 0 0 0 0 -0.000643809 
	 unbalanced Load: 2.2546e+09 0 0 0 0 0 
	Mass : 
2.7e+08 0 0 0 0 0 
0 2.7e+08 0 0 0 0 
0 0 2.7e+08 0 0 0 
0 0 0 0 0 0 
0 0 0 0 0 0 
0 0 0 0 0 0 

	 Rayleigh Factor: alphaM: 23.5015
	 Rayleigh Forces: 488990 0 0 0 0 0 
	 Eigenvectors: 
5.43168e-27 -4.35406e-25 7.4305e-23 
9.28127e-06 -2.26918e-05 2.98429e-05 
-6.25592e-25 -8.1954e-24 8.51512e-23 
1.46367e-25 -2.41216e-24 2.32131e-23 
0 0 0 
-2.07768e-26 2.44718e-25 -2.53676e-23 

	ID : 0 1 2 3 4 5 


 Node: 3
	Coordinates  : 0 7 0 
	Disps: 4.59172e-06 0 0 0 0 -1.17351e-06 
	Velocities   : -0.00021554 0 0 0 0 5.50928e-05 
	commitAccels: 0.00386639 0 0 0 0 -0.000986767 
	 unbalanced Load: 2.1711e+09 0 0 0 0 0 
	Mass : 
2.6e+08 0 0 0 0 0 
0 2.6e+08 0 0 0 0 
0 0 2.6e+08 0 0 0 
0 0 0 0 0 0 
0 0 0 0 0 0 
0 0 0 0 0 0 

	 Rayleigh Factor: alphaM: 23.5015
	 Rayleigh Forces: 1.31703e+06 0 0 0 0 0 
	 Eigenvectors: 
7.08175e-26 -1.17874e-24 1.29038e-22 
1.6463e-05 -3.21207e-05 2.30424e-05 
1.7979e-24 -2.5878e-23 2.31996e-22 
-1.95233e-26 -7.95993e-24 4.90012e-23 
0 0 0 
-3.10058e-27 8.04353e-25 -7.8043e-24 

	ID : 6 7 8 9 10 11 


 Node: 4
	Coordinates  : 0 10 0 
	Disps: 8.58173e-06 0 0 0 0 -1.46134e-06 
	Velocities   : -0.000402875 0 0 0 0 6.86162e-05 
	commitAccels: 0.00721842 0 0 0 0 -0.00122672 
	 unbalanced Load: 2.08759e+09 0 0 0 0 0 
	Mass : 
2.5e+08 0 0 0 0 0 
0 2.5e+08 0 0 0 0 
0 0 2.5e+08 0 0 0 
0 0 0 0 0 0 
0 0 0 0 0 0 
0 0 0 0 0 0 

	 Rayleigh Factor: alphaM: 23.5015
	 Rayleigh Forces: 2.36704e+06 0 0 0 0 0 
	 Eigenvectors: 
1.03271e-25 -5.09767e-24 1.11436e-22 
2.34804e-05 -2.81894e-05 -1.10987e-05 
-2.42512e-24 -4.75281e-23 3.20906e-22 
3.14329e-25 -1.24636e-23 6.0052e-23 
0 0 0 
-3.92366e-26 9.92154e-25 6.43587e-24 

	ID : 12 13 14 15 16 17 


 Node: 5
	Coordinates  : 0 13 0 
	Disps: 1.32672e-05 0 0 0 0 -1.64147e-06 
	Velocities   : -0.000622894 0 0 0 0 7.70835e-05 
	commitAccels: 0.0111486 0 0 0 0 -0.00137595 
	 unbalanced Load: 2.00409e+09 0 0 0 0 0 
	Mass : 
2.4e+08 0 0 0 0 0 
0 2.4e+08 0 0 0 0 
0 0 2.4e+08 0 0 0 
0 0 0 0 0 0 
0 0 0 0 0 0 
0 0 0 0 0 0 

	 Rayleigh Factor: alphaM: 23.5015
	 Rayleigh Forces: 3.51334e+06 0 0 0 0 0 
	 Eigenvectors: 
5.3423e-25 -7.77209e-24 1.05622e-22 
2.98357e-05 -9.67525e-06 -3.60956e-05 
5.97809e-24 -7.72232e-23 5.15904e-22 
-5.98537e-26 -1.03959e-23 1.05103e-22 
0 0 0 
-4.72119e-26 1.06445e-24 1.0431e-23 

	ID : 18 19 20 21 22 23 


 Node: 6
	Coordinates  : 0 16 0 
	Disps: 1.83509e-05 0 0 0 0 -1.73218e-06 
	Velocities   : -0.000861635 0 0 0 0 8.13492e-05 
	commitAccels: 0.0154076 0 0 0 0 -0.00145059 
	 unbalanced Load: 1.83708e+09 0 0 0 0 0 
	Mass : 
2.2e+08 0 0 0 0 0 
0 2.2e+08 0 0 0 0 
0 0 2.2e+08 0 0 0 
0 0 0 0 0 0 
0 0 0 0 0 0 
0 0 0 0 0 0 

	 Rayleigh Factor: alphaM: 23.5015
	 Rayleigh Forces: 4.45493e+06 0 0 0 0 0 
	 Eigenvectors: 
-7.56813e-25 -1.3535e-23 4.69498e-23 
3.48814e-05 1.73145e-05 -1.41853e-05 
8.60744e-24 -1.41354e-22 9.63771e-22 
5.95978e-25 -9.8651e-24 1.02018e-22 
0 0 0 
-6.17718e-26 1.11904e-24 1.62763e-23 

	ID : 24 25 26 27 28 29 


 Node: 7
	Coordinates  : 0 19 0 
	Disps: 2.36006e-05 0 0 0 0 -1.75873e-06 
	Velocities   : -0.00110818 0 0 0 0 8.25983e-05 
	commitAccels: 0.0198028 0 0 0 0 -0.00147231 
	 unbalanced Load: 1.67008e+09 0 0 0 0 0 
	Mass : 
2e+08 0 0 0 0 0 
0 2e+08 0 0 0 0 
0 0 2e+08 0 0 0 
0 0 0 0 0 0 
0 0 0 0 0 0 
0 0 0 0 0 0 

	 Rayleigh Factor: alphaM: 23.5015
	 Rayleigh Forces: 5.20878e+06 0 0 0 0 0 
	 Eigenvectors: 
-1.15522e-25 -1.39289e-23 1.73065e-23 
3.78897e-05 3.90921e-05 3.41857e-05 
1.19168e-23 -1.35181e-22 1.32422e-21 
6.15506e-25 -1.26128e-23 1.17696e-22 
0 0 0 
-5.1737e-27 1.17105e-24 8.3533e-24 

	ID : 30 31 32 33 34 35 


ElasticBeam3d: 1
	Connected Nodes: 1 2 
	CoordTransf: 1
	mass density:  0, cMass: 0
	End 1 Forces (P Mz Vy My Vz T): 0 8.80577e+10 8.00388e+09 8.80577e+10 -8.00388e+09 -0
	End 2 Forces (P Mz Vy My Vz T): 0 -5.60421e+10 -8.00388e+09 -5.60421e+10 8.00388e+09 0

ElasticBeam3d: 2
	Connected Nodes: 2 3 
	CoordTransf: 1
	mass density:  0, cMass: 0
	End 1 Forces (P Mz Vy My Vz T): 0 5.60421e+10 6.50384e+09 5.60421e+10 -6.50384e+09 -0
	End 2 Forces (P Mz Vy My Vz T): 0 -3.65306e+10 -6.50384e+09 -3.65306e+10 6.50384e+09 0

ElasticBeam3d: 3
	Connected Nodes: 3 4 
	CoordTransf: 1
	mass density:  0, cMass: 0
	End 1 Forces (P Mz Vy My Vz T): 0 3.65306e+10 5.05915e+09 3.65306e+10 -5.05915e+09 -0
	End 2 Forces (P Mz Vy My Vz T): 0 -2.13532e+10 -5.05915e+09 -2.13532e+10 5.05915e+09 0

ElasticBeam3d: 4
	Connected Nodes: 4 5 
	CoordTransf: 1
	mass density:  0, cMass: 0
	End 1 Forces (P Mz Vy My Vz T): 0 2.13532e+10 3.66975e+09 2.13532e+10 -3.66975e+09 -0
	End 2 Forces (P Mz Vy My Vz T): 0 -1.03439e+10 -3.66975e+09 -1.03439e+10 3.66975e+09 0

ElasticBeam3d: 5
	Connected Nodes: 5 6 
	CoordTransf: 1
	mass density:  0, cMass: 0
	End 1 Forces (P Mz Vy My Vz T): 0 1.03439e+10 2.33562e+09 1.03439e+10 -2.33562e+09 -0
	End 2 Forces (P Mz Vy My Vz T): 0 -3.33707e+09 -2.33562e+09 -3.33707e+09 2.33562e+09 0

ElasticBeam3d: 6
	Connected Nodes: 6 7 
	CoordTransf: 1
	mass density:  0, cMass: 0
	End 1 Forces (P Mz Vy My Vz T): 0 3.33707e+09 1.11236e+09 3.33707e+09 -1.11236e+09 -0
	End 2 Forces (P Mz Vy My Vz T): 0 -0.000413895 -1.11236e+09 -0.000413895 1.11236e+09 0
